
*** Running vivado
    with args -log design_1_wrapper.vds -m64 -product Vivado -mode batch -messageDb vivado.pb -notrace -source design_1_wrapper.tcl



****** Vivado v2025.2 (64-bit)
  **** SW Build 6299465 on Fri Nov 14 19:35:11 GMT 2025
  **** IP Build 6300035 on Fri Nov 14 10:48:45 MST 2025
  **** SharedData Build 6298862 on Thu Nov 13 04:50:51 MST 2025
  **** Start of session at: Mon Apr  6 20:40:35 2026
    ** Copyright 1986-2022 Xilinx, Inc. All Rights Reserved.
    ** Copyright 2022-2025 Advanced Micro Devices, Inc. All Rights Reserved.

source design_1_wrapper.tcl -notrace
create_project: Time (s): cpu = 00:00:09 ; elapsed = 00:00:07 . Memory (MB): peak = 530.191 ; gain = 219.855
INFO: [IP_Flow 19-234] Refreshing IP repositories
INFO: [IP_Flow 19-1700] Loaded user IP repository 'c:/Users/eswar/OneDrive/Desktop/confidenceworkplease/street_fighter_cnn'.
INFO: [IP_Flow 19-2313] Loaded Vivado IP repository 'C:/Users/eswar/OneDrive/Desktop/2025.2/Vivado/data/ip'.
Command: synth_design -top design_1_wrapper -part xczu3eg-sbva484-1-i
Starting synth_design
Attempting to get a license for feature 'Synthesis' and/or device 'xczu3eg'
INFO: [Common 17-349] Got license for feature 'Synthesis' and/or device 'xczu3eg'
INFO: [Device 21-403] Loading part xczu3eg-sbva484-1-i
INFO: [Synth 8-7079] Multithreading enabled for synth_design using a maximum of 2 processes.
INFO: [Synth 8-7078] Launching helper process for spawning children vivado processes
INFO: [Synth 8-7075] Helper process launched with PID 19252
---------------------------------------------------------------------------------
Starting RTL Elaboration : Time (s): cpu = 00:00:07 ; elapsed = 00:00:07 . Memory (MB): peak = 1795.277 ; gain = 204.582
---------------------------------------------------------------------------------
INFO: [Synth 8-6157] synthesizing module 'design_1_wrapper' [c:/Users/eswar/OneDrive/Desktop/project_13/project_13.gen/sources_1/bd/design_1/hdl/design_1_wrapper.v:13]
INFO: [Synth 8-6157] synthesizing module 'design_1' [c:/Users/eswar/OneDrive/Desktop/project_13/project_13.gen/sources_1/bd/design_1/synth/design_1.v:13]
INFO: [Synth 8-6157] synthesizing module 'design_1_axi_smc_0' [C:/Users/eswar/OneDrive/Desktop/project_13/project_13.runs/synth_1/.Xil/Vivado-11488-Travissssss/realtime/design_1_axi_smc_0_stub.v:6]
INFO: [Synth 8-6155] done synthesizing module 'design_1_axi_smc_0' (0#1) [C:/Users/eswar/OneDrive/Desktop/project_13/project_13.runs/synth_1/.Xil/Vivado-11488-Travissssss/realtime/design_1_axi_smc_0_stub.v:6]
WARNING: [Synth 8-7071] port 'M00_AXI_awprot' of module 'design_1_axi_smc_0' is unconnected for instance 'axi_smc' [c:/Users/eswar/OneDrive/Desktop/project_13/project_13.gen/sources_1/bd/design_1/synth/design_1.v:109]
WARNING: [Synth 8-7071] port 'M00_AXI_arprot' of module 'design_1_axi_smc_0' is unconnected for instance 'axi_smc' [c:/Users/eswar/OneDrive/Desktop/project_13/project_13.gen/sources_1/bd/design_1/synth/design_1.v:109]
WARNING: [Synth 8-7023] instance 'axi_smc' of module 'design_1_axi_smc_0' has 60 connections declared, but only 58 given [c:/Users/eswar/OneDrive/Desktop/project_13/project_13.gen/sources_1/bd/design_1/synth/design_1.v:109]
INFO: [Synth 8-6157] synthesizing module 'design_1_axi_smc_1_0' [C:/Users/eswar/OneDrive/Desktop/project_13/project_13.runs/synth_1/.Xil/Vivado-11488-Travissssss/realtime/design_1_axi_smc_1_0_stub.v:6]
INFO: [Synth 8-6155] done synthesizing module 'design_1_axi_smc_1_0' (0#1) [C:/Users/eswar/OneDrive/Desktop/project_13/project_13.runs/synth_1/.Xil/Vivado-11488-Travissssss/realtime/design_1_axi_smc_1_0_stub.v:6]
INFO: [Synth 8-6157] synthesizing module 'design_1_rst_ps8_0_99M_0' [C:/Users/eswar/OneDrive/Desktop/project_13/project_13.runs/synth_1/.Xil/Vivado-11488-Travissssss/realtime/design_1_rst_ps8_0_99M_0_stub.v:6]
INFO: [Synth 8-6155] done synthesizing module 'design_1_rst_ps8_0_99M_0' (0#1) [C:/Users/eswar/OneDrive/Desktop/project_13/project_13.runs/synth_1/.Xil/Vivado-11488-Travissssss/realtime/design_1_rst_ps8_0_99M_0_stub.v:6]
WARNING: [Synth 8-7071] port 'mb_reset' of module 'design_1_rst_ps8_0_99M_0' is unconnected for instance 'rst_ps8_0_99M' [c:/Users/eswar/OneDrive/Desktop/project_13/project_13.gen/sources_1/bd/design_1/synth/design_1.v:203]
WARNING: [Synth 8-7071] port 'bus_struct_reset' of module 'design_1_rst_ps8_0_99M_0' is unconnected for instance 'rst_ps8_0_99M' [c:/Users/eswar/OneDrive/Desktop/project_13/project_13.gen/sources_1/bd/design_1/synth/design_1.v:203]
WARNING: [Synth 8-7071] port 'peripheral_reset' of module 'design_1_rst_ps8_0_99M_0' is unconnected for instance 'rst_ps8_0_99M' [c:/Users/eswar/OneDrive/Desktop/project_13/project_13.gen/sources_1/bd/design_1/synth/design_1.v:203]
WARNING: [Synth 8-7071] port 'interconnect_aresetn' of module 'design_1_rst_ps8_0_99M_0' is unconnected for instance 'rst_ps8_0_99M' [c:/Users/eswar/OneDrive/Desktop/project_13/project_13.gen/sources_1/bd/design_1/synth/design_1.v:203]
WARNING: [Synth 8-7023] instance 'rst_ps8_0_99M' of module 'design_1_rst_ps8_0_99M_0' has 10 connections declared, but only 6 given [c:/Users/eswar/OneDrive/Desktop/project_13/project_13.gen/sources_1/bd/design_1/synth/design_1.v:203]
INFO: [Synth 8-6157] synthesizing module 'design_1_street_fighter_cnn_0_0' [C:/Users/eswar/OneDrive/Desktop/project_13/project_13.runs/synth_1/.Xil/Vivado-11488-Travissssss/realtime/design_1_street_fighter_cnn_0_0_stub.v:6]
INFO: [Synth 8-6155] done synthesizing module 'design_1_street_fighter_cnn_0_0' (0#1) [C:/Users/eswar/OneDrive/Desktop/project_13/project_13.runs/synth_1/.Xil/Vivado-11488-Travissssss/realtime/design_1_street_fighter_cnn_0_0_stub.v:6]
WARNING: [Synth 8-7071] port 'interrupt' of module 'design_1_street_fighter_cnn_0_0' is unconnected for instance 'street_fighter_cnn_0' [c:/Users/eswar/OneDrive/Desktop/project_13/project_13.gen/sources_1/bd/design_1/synth/design_1.v:210]
WARNING: [Synth 8-7071] port 'm_axi_gmem0_ARREGION' of module 'design_1_street_fighter_cnn_0_0' is unconnected for instance 'street_fighter_cnn_0' [c:/Users/eswar/OneDrive/Desktop/project_13/project_13.gen/sources_1/bd/design_1/synth/design_1.v:210]
WARNING: [Synth 8-7071] port 'm_axi_gmem0_AWADDR' of module 'design_1_street_fighter_cnn_0_0' is unconnected for instance 'street_fighter_cnn_0' [c:/Users/eswar/OneDrive/Desktop/project_13/project_13.gen/sources_1/bd/design_1/synth/design_1.v:210]
WARNING: [Synth 8-7071] port 'm_axi_gmem0_AWBURST' of module 'design_1_street_fighter_cnn_0_0' is unconnected for instance 'street_fighter_cnn_0' [c:/Users/eswar/OneDrive/Desktop/project_13/project_13.gen/sources_1/bd/design_1/synth/design_1.v:210]
WARNING: [Synth 8-7071] port 'm_axi_gmem0_AWCACHE' of module 'design_1_street_fighter_cnn_0_0' is unconnected for instance 'street_fighter_cnn_0' [c:/Users/eswar/OneDrive/Desktop/project_13/project_13.gen/sources_1/bd/design_1/synth/design_1.v:210]
WARNING: [Synth 8-7071] port 'm_axi_gmem0_AWID' of module 'design_1_street_fighter_cnn_0_0' is unconnected for instance 'street_fighter_cnn_0' [c:/Users/eswar/OneDrive/Desktop/project_13/project_13.gen/sources_1/bd/design_1/synth/design_1.v:210]
WARNING: [Synth 8-7071] port 'm_axi_gmem0_AWLEN' of module 'design_1_street_fighter_cnn_0_0' is unconnected for instance 'street_fighter_cnn_0' [c:/Users/eswar/OneDrive/Desktop/project_13/project_13.gen/sources_1/bd/design_1/synth/design_1.v:210]
WARNING: [Synth 8-7071] port 'm_axi_gmem0_AWLOCK' of module 'design_1_street_fighter_cnn_0_0' is unconnected for instance 'street_fighter_cnn_0' [c:/Users/eswar/OneDrive/Desktop/project_13/project_13.gen/sources_1/bd/design_1/synth/design_1.v:210]
WARNING: [Synth 8-7071] port 'm_axi_gmem0_AWPROT' of module 'design_1_street_fighter_cnn_0_0' is unconnected for instance 'street_fighter_cnn_0' [c:/Users/eswar/OneDrive/Desktop/project_13/project_13.gen/sources_1/bd/design_1/synth/design_1.v:210]
WARNING: [Synth 8-7071] port 'm_axi_gmem0_AWQOS' of module 'design_1_street_fighter_cnn_0_0' is unconnected for instance 'street_fighter_cnn_0' [c:/Users/eswar/OneDrive/Desktop/project_13/project_13.gen/sources_1/bd/design_1/synth/design_1.v:210]
WARNING: [Synth 8-7071] port 'm_axi_gmem0_AWREGION' of module 'design_1_street_fighter_cnn_0_0' is unconnected for instance 'street_fighter_cnn_0' [c:/Users/eswar/OneDrive/Desktop/project_13/project_13.gen/sources_1/bd/design_1/synth/design_1.v:210]
WARNING: [Synth 8-7071] port 'm_axi_gmem0_AWSIZE' of module 'design_1_street_fighter_cnn_0_0' is unconnected for instance 'street_fighter_cnn_0' [c:/Users/eswar/OneDrive/Desktop/project_13/project_13.gen/sources_1/bd/design_1/synth/design_1.v:210]
WARNING: [Synth 8-7071] port 'm_axi_gmem0_AWVALID' of module 'design_1_street_fighter_cnn_0_0' is unconnected for instance 'street_fighter_cnn_0' [c:/Users/eswar/OneDrive/Desktop/project_13/project_13.gen/sources_1/bd/design_1/synth/design_1.v:210]
WARNING: [Synth 8-7071] port 'm_axi_gmem0_BREADY' of module 'design_1_street_fighter_cnn_0_0' is unconnected for instance 'street_fighter_cnn_0' [c:/Users/eswar/OneDrive/Desktop/project_13/project_13.gen/sources_1/bd/design_1/synth/design_1.v:210]
WARNING: [Synth 8-7071] port 'm_axi_gmem0_WDATA' of module 'design_1_street_fighter_cnn_0_0' is unconnected for instance 'street_fighter_cnn_0' [c:/Users/eswar/OneDrive/Desktop/project_13/project_13.gen/sources_1/bd/design_1/synth/design_1.v:210]
WARNING: [Synth 8-7071] port 'm_axi_gmem0_WID' of module 'design_1_street_fighter_cnn_0_0' is unconnected for instance 'street_fighter_cnn_0' [c:/Users/eswar/OneDrive/Desktop/project_13/project_13.gen/sources_1/bd/design_1/synth/design_1.v:210]
WARNING: [Synth 8-7071] port 'm_axi_gmem0_WLAST' of module 'design_1_street_fighter_cnn_0_0' is unconnected for instance 'street_fighter_cnn_0' [c:/Users/eswar/OneDrive/Desktop/project_13/project_13.gen/sources_1/bd/design_1/synth/design_1.v:210]
WARNING: [Synth 8-7071] port 'm_axi_gmem0_WSTRB' of module 'design_1_street_fighter_cnn_0_0' is unconnected for instance 'street_fighter_cnn_0' [c:/Users/eswar/OneDrive/Desktop/project_13/project_13.gen/sources_1/bd/design_1/synth/design_1.v:210]
WARNING: [Synth 8-7071] port 'm_axi_gmem0_WVALID' of module 'design_1_street_fighter_cnn_0_0' is unconnected for instance 'street_fighter_cnn_0' [c:/Users/eswar/OneDrive/Desktop/project_13/project_13.gen/sources_1/bd/design_1/synth/design_1.v:210]
WARNING: [Synth 8-7023] instance 'street_fighter_cnn_0' of module 'design_1_street_fighter_cnn_0_0' has 60 connections declared, but only 41 given [c:/Users/eswar/OneDrive/Desktop/project_13/project_13.gen/sources_1/bd/design_1/synth/design_1.v:210]
INFO: [Synth 8-6157] synthesizing module 'design_1_zynq_ultra_ps_e_0_0' [C:/Users/eswar/OneDrive/Desktop/project_13/project_13.runs/synth_1/.Xil/Vivado-11488-Travissssss/realtime/design_1_zynq_ultra_ps_e_0_0_stub.v:6]
INFO: [Synth 8-6155] done synthesizing module 'design_1_zynq_ultra_ps_e_0_0' (0#1) [C:/Users/eswar/OneDrive/Desktop/project_13/project_13.runs/synth_1/.Xil/Vivado-11488-Travissssss/realtime/design_1_zynq_ultra_ps_e_0_0_stub.v:6]
WARNING: [Synth 8-7071] port 'saxigp2_awready' of module 'design_1_zynq_ultra_ps_e_0_0' is unconnected for instance 'zynq_ultra_ps_e_0' [c:/Users/eswar/OneDrive/Desktop/project_13/project_13.gen/sources_1/bd/design_1/synth/design_1.v:252]
WARNING: [Synth 8-7071] port 'saxigp2_wready' of module 'design_1_zynq_ultra_ps_e_0_0' is unconnected for instance 'zynq_ultra_ps_e_0' [c:/Users/eswar/OneDrive/Desktop/project_13/project_13.gen/sources_1/bd/design_1/synth/design_1.v:252]
WARNING: [Synth 8-7071] port 'saxigp2_bid' of module 'design_1_zynq_ultra_ps_e_0_0' is unconnected for instance 'zynq_ultra_ps_e_0' [c:/Users/eswar/OneDrive/Desktop/project_13/project_13.gen/sources_1/bd/design_1/synth/design_1.v:252]
WARNING: [Synth 8-7071] port 'saxigp2_bresp' of module 'design_1_zynq_ultra_ps_e_0_0' is unconnected for instance 'zynq_ultra_ps_e_0' [c:/Users/eswar/OneDrive/Desktop/project_13/project_13.gen/sources_1/bd/design_1/synth/design_1.v:252]
WARNING: [Synth 8-7071] port 'saxigp2_bvalid' of module 'design_1_zynq_ultra_ps_e_0_0' is unconnected for instance 'zynq_ultra_ps_e_0' [c:/Users/eswar/OneDrive/Desktop/project_13/project_13.gen/sources_1/bd/design_1/synth/design_1.v:252]
WARNING: [Synth 8-7071] port 'saxigp2_rid' of module 'design_1_zynq_ultra_ps_e_0_0' is unconnected for instance 'zynq_ultra_ps_e_0' [c:/Users/eswar/OneDrive/Desktop/project_13/project_13.gen/sources_1/bd/design_1/synth/design_1.v:252]
WARNING: [Synth 8-7023] instance 'zynq_ultra_ps_e_0' of module 'design_1_zynq_ultra_ps_e_0_0' has 82 connections declared, but only 76 given [c:/Users/eswar/OneDrive/Desktop/project_13/project_13.gen/sources_1/bd/design_1/synth/design_1.v:252]
INFO: [Synth 8-6155] done synthesizing module 'design_1' (0#1) [c:/Users/eswar/OneDrive/Desktop/project_13/project_13.gen/sources_1/bd/design_1/synth/design_1.v:13]
INFO: [Synth 8-6155] done synthesizing module 'design_1_wrapper' (0#1) [c:/Users/eswar/OneDrive/Desktop/project_13/project_13.gen/sources_1/bd/design_1/hdl/design_1_wrapper.v:13]
---------------------------------------------------------------------------------
Finished RTL Elaboration : Time (s): cpu = 00:00:09 ; elapsed = 00:00:09 . Memory (MB): peak = 1922.547 ; gain = 331.852
---------------------------------------------------------------------------------
---------------------------------------------------------------------------------
Start Handling Custom Attributes
---------------------------------------------------------------------------------
---------------------------------------------------------------------------------
Finished Handling Custom Attributes : Time (s): cpu = 00:00:09 ; elapsed = 00:00:10 . Memory (MB): peak = 1922.547 ; gain = 331.852
---------------------------------------------------------------------------------
---------------------------------------------------------------------------------
Finished RTL Optimization Phase 1 : Time (s): cpu = 00:00:09 ; elapsed = 00:00:10 . Memory (MB): peak = 1922.547 ; gain = 331.852
---------------------------------------------------------------------------------
Netlist sorting complete. Time (s): cpu = 00:00:00 ; elapsed = 00:00:00.009 . Memory (MB): peak = 1922.547 ; gain = 0.000
INFO: [Project 1-570] Preparing netlist for logic optimization

Processing XDC Constraints
Initializing timing engine
Parsing XDC File [c:/Users/eswar/OneDrive/Desktop/project_13/project_13.gen/sources_1/bd/design_1/ip/design_1_street_fighter_cnn_0_0/design_1_street_fighter_cnn_0_0/design_1_street_fighter_cnn_0_0_in_context.xdc] for cell 'design_1_i/street_fighter_cnn_0'
Finished Parsing XDC File [c:/Users/eswar/OneDrive/Desktop/project_13/project_13.gen/sources_1/bd/design_1/ip/design_1_street_fighter_cnn_0_0/design_1_street_fighter_cnn_0_0/design_1_street_fighter_cnn_0_0_in_context.xdc] for cell 'design_1_i/street_fighter_cnn_0'
Parsing XDC File [c:/Users/eswar/OneDrive/Desktop/project_13/project_13.gen/sources_1/bd/design_1/ip/design_1_zynq_ultra_ps_e_0_0/design_1_zynq_ultra_ps_e_0_0/design_1_zynq_ultra_ps_e_0_0_in_context.xdc] for cell 'design_1_i/zynq_ultra_ps_e_0'
create_clock: Time (s): cpu = 00:00:05 ; elapsed = 00:00:05 . Memory (MB): peak = 1922.547 ; gain = 0.000
Finished Parsing XDC File [c:/Users/eswar/OneDrive/Desktop/project_13/project_13.gen/sources_1/bd/design_1/ip/design_1_zynq_ultra_ps_e_0_0/design_1_zynq_ultra_ps_e_0_0/design_1_zynq_ultra_ps_e_0_0_in_context.xdc] for cell 'design_1_i/zynq_ultra_ps_e_0'
Parsing XDC File [c:/Users/eswar/OneDrive/Desktop/project_13/project_13.gen/sources_1/bd/design_1/ip/design_1_axi_smc_0/design_1_axi_smc_0/design_1_axi_smc_0_in_context.xdc] for cell 'design_1_i/axi_smc'
Finished Parsing XDC File [c:/Users/eswar/OneDrive/Desktop/project_13/project_13.gen/sources_1/bd/design_1/ip/design_1_axi_smc_0/design_1_axi_smc_0/design_1_axi_smc_0_in_context.xdc] for cell 'design_1_i/axi_smc'
Parsing XDC File [c:/Users/eswar/OneDrive/Desktop/project_13/project_13.gen/sources_1/bd/design_1/ip/design_1_rst_ps8_0_99M_0/design_1_rst_ps8_0_99M_0/design_1_rst_ps8_0_99M_0_in_context.xdc] for cell 'design_1_i/rst_ps8_0_99M'
Finished Parsing XDC File [c:/Users/eswar/OneDrive/Desktop/project_13/project_13.gen/sources_1/bd/design_1/ip/design_1_rst_ps8_0_99M_0/design_1_rst_ps8_0_99M_0/design_1_rst_ps8_0_99M_0_in_context.xdc] for cell 'design_1_i/rst_ps8_0_99M'
Parsing XDC File [c:/Users/eswar/OneDrive/Desktop/project_13/project_13.gen/sources_1/bd/design_1/ip/design_1_axi_smc_1_0/design_1_axi_smc_1_0/design_1_axi_smc_1_0_in_context.xdc] for cell 'design_1_i/axi_smc_1'
Finished Parsing XDC File [c:/Users/eswar/OneDrive/Desktop/project_13/project_13.gen/sources_1/bd/design_1/ip/design_1_axi_smc_1_0/design_1_axi_smc_1_0/design_1_axi_smc_1_0_in_context.xdc] for cell 'design_1_i/axi_smc_1'
Parsing XDC File [C:/Users/eswar/OneDrive/Desktop/project_13/project_13.runs/synth_1/dont_touch.xdc]
Finished Parsing XDC File [C:/Users/eswar/OneDrive/Desktop/project_13/project_13.runs/synth_1/dont_touch.xdc]
Completed Processing XDC Constraints

Netlist sorting complete. Time (s): cpu = 00:00:00 ; elapsed = 00:00:00 . Memory (MB): peak = 1922.547 ; gain = 0.000
INFO: [Project 1-111] Unisim Transformation Summary:
No Unisim elements were transformed.

Constraint Validation Runtime : Time (s): cpu = 00:00:00 ; elapsed = 00:00:00.013 . Memory (MB): peak = 1922.547 ; gain = 0.000
---------------------------------------------------------------------------------
Finished Constraint Validation : Time (s): cpu = 00:00:23 ; elapsed = 00:00:24 . Memory (MB): peak = 1922.547 ; gain = 331.852
---------------------------------------------------------------------------------
---------------------------------------------------------------------------------
Start Loading Part and Timing Information
---------------------------------------------------------------------------------
Loading part: xczu3eg-sbva484-1-i
INFO: [Synth 8-6742] Reading net delay rules and data
---------------------------------------------------------------------------------
Finished Loading Part and Timing Information : Time (s): cpu = 00:00:23 ; elapsed = 00:00:24 . Memory (MB): peak = 1922.547 ; gain = 331.852
---------------------------------------------------------------------------------
---------------------------------------------------------------------------------
Start Applying 'set_property' XDC Constraints
---------------------------------------------------------------------------------
---------------------------------------------------------------------------------
Finished applying 'set_property' XDC Constraints : Time (s): cpu = 00:00:23 ; elapsed = 00:00:24 . Memory (MB): peak = 1922.547 ; gain = 331.852
---------------------------------------------------------------------------------
---------------------------------------------------------------------------------
Finished RTL Optimization Phase 2 : Time (s): cpu = 00:00:24 ; elapsed = 00:00:25 . Memory (MB): peak = 1922.547 ; gain = 331.852
---------------------------------------------------------------------------------
---------------------------------------------------------------------------------
Start RTL Component Statistics 
---------------------------------------------------------------------------------
Detailed RTL Component Info : 
---------------------------------------------------------------------------------
Finished RTL Component Statistics 
---------------------------------------------------------------------------------
---------------------------------------------------------------------------------
Start Part Resource Summary
---------------------------------------------------------------------------------
Part Resources:
DSPs: 360 (col length:72)
BRAMs: 432 (col length: RAMB18 72 RAMB36 36)
---------------------------------------------------------------------------------
Finished Part Resource Summary
---------------------------------------------------------------------------------
---------------------------------------------------------------------------------
Start Cross Boundary and Area Optimization
---------------------------------------------------------------------------------
---------------------------------------------------------------------------------
Finished Cross Boundary and Area Optimization : Time (s): cpu = 00:00:26 ; elapsed = 00:00:27 . Memory (MB): peak = 1925.703 ; gain = 335.008
---------------------------------------------------------------------------------
---------------------------------------------------------------------------------
Start Applying XDC Timing Constraints
---------------------------------------------------------------------------------
---------------------------------------------------------------------------------
Finished Applying XDC Timing Constraints : Time (s): cpu = 00:00:36 ; elapsed = 00:00:38 . Memory (MB): peak = 2622.957 ; gain = 1032.262
---------------------------------------------------------------------------------
---------------------------------------------------------------------------------
Start Timing Optimization
---------------------------------------------------------------------------------
---------------------------------------------------------------------------------
Finished Timing Optimization : Time (s): cpu = 00:00:36 ; elapsed = 00:00:38 . Memory (MB): peak = 2622.957 ; gain = 1032.262
---------------------------------------------------------------------------------
---------------------------------------------------------------------------------
Start Technology Mapping
---------------------------------------------------------------------------------
---------------------------------------------------------------------------------
Finished Technology Mapping : Time (s): cpu = 00:00:36 ; elapsed = 00:00:38 . Memory (MB): peak = 2633.152 ; gain = 1042.457
---------------------------------------------------------------------------------
---------------------------------------------------------------------------------
Start IO Insertion
---------------------------------------------------------------------------------
---------------------------------------------------------------------------------
Start Flattening Before IO Insertion
---------------------------------------------------------------------------------
---------------------------------------------------------------------------------
Finished Flattening Before IO Insertion
---------------------------------------------------------------------------------
---------------------------------------------------------------------------------
Start Final Netlist Cleanup
---------------------------------------------------------------------------------
---------------------------------------------------------------------------------
Finished Final Netlist Cleanup
---------------------------------------------------------------------------------
---------------------------------------------------------------------------------
Finished IO Insertion : Time (s): cpu = 00:00:41 ; elapsed = 00:00:43 . Memory (MB): peak = 2883.559 ; gain = 1292.863
---------------------------------------------------------------------------------
---------------------------------------------------------------------------------
Start Renaming Generated Instances
---------------------------------------------------------------------------------
---------------------------------------------------------------------------------
Finished Renaming Generated Instances : Time (s): cpu = 00:00:41 ; elapsed = 00:00:43 . Memory (MB): peak = 2883.559 ; gain = 1292.863
---------------------------------------------------------------------------------
---------------------------------------------------------------------------------
Start Rebuilding User Hierarchy
---------------------------------------------------------------------------------
---------------------------------------------------------------------------------
Finished Rebuilding User Hierarchy : Time (s): cpu = 00:00:41 ; elapsed = 00:00:43 . Memory (MB): peak = 2883.559 ; gain = 1292.863
---------------------------------------------------------------------------------
---------------------------------------------------------------------------------
Start Renaming Generated Ports
---------------------------------------------------------------------------------
---------------------------------------------------------------------------------
Finished Renaming Generated Ports : Time (s): cpu = 00:00:41 ; elapsed = 00:00:43 . Memory (MB): peak = 2883.559 ; gain = 1292.863
---------------------------------------------------------------------------------
---------------------------------------------------------------------------------
Start Handling Custom Attributes
---------------------------------------------------------------------------------
---------------------------------------------------------------------------------
Finished Handling Custom Attributes : Time (s): cpu = 00:00:41 ; elapsed = 00:00:43 . Memory (MB): peak = 2883.559 ; gain = 1292.863
---------------------------------------------------------------------------------
---------------------------------------------------------------------------------
Start Renaming Generated Nets
---------------------------------------------------------------------------------
---------------------------------------------------------------------------------
Finished Renaming Generated Nets : Time (s): cpu = 00:00:41 ; elapsed = 00:00:43 . Memory (MB): peak = 2883.559 ; gain = 1292.863
---------------------------------------------------------------------------------
---------------------------------------------------------------------------------
Start Writing Synthesis Report
---------------------------------------------------------------------------------

Report BlackBoxes: 
+------+--------------------------------+----------+
|      |BlackBox name                   |Instances |
+------+--------------------------------+----------+
|1     |design_1_axi_smc_0              |         1|
|2     |design_1_axi_smc_1_0            |         1|
|3     |design_1_rst_ps8_0_99M_0        |         1|
|4     |design_1_street_fighter_cnn_0_0 |         1|
|5     |design_1_zynq_ultra_ps_e_0_0    |         1|
+------+--------------------------------+----------+

Report Cell Usage: 
+------+------------------------------+------+
|      |Cell                          |Count |
+------+------------------------------+------+
|1     |design_1_axi_smc              |     1|
|2     |design_1_axi_smc_1            |     1|
|3     |design_1_rst_ps8_0_99M        |     1|
|4     |design_1_street_fighter_cnn_0 |     1|
|5     |design_1_zynq_ultra_ps_e_0    |     1|
+------+------------------------------+------+
---------------------------------------------------------------------------------
Finished Writing Synthesis Report : Time (s): cpu = 00:00:41 ; elapsed = 00:00:43 . Memory (MB): peak = 2883.559 ; gain = 1292.863
---------------------------------------------------------------------------------
Synthesis finished with 0 errors, 0 critical warnings and 0 warnings.
Synthesis Optimization Runtime : Time (s): cpu = 00:00:26 ; elapsed = 00:00:37 . Memory (MB): peak = 2883.559 ; gain = 1292.863
Synthesis Optimization Complete : Time (s): cpu = 00:00:42 ; elapsed = 00:00:44 . Memory (MB): peak = 2883.559 ; gain = 1292.863
INFO: [Project 1-571] Translating synthesized netlist
Netlist sorting complete. Time (s): cpu = 00:00:00 ; elapsed = 00:00:00.008 . Memory (MB): peak = 2883.559 ; gain = 0.000
INFO: [Project 1-570] Preparing netlist for logic optimization
INFO: [Opt 31-138] Pushed 0 inverter(s) to 0 load pin(s).
Netlist sorting complete. Time (s): cpu = 00:00:00 ; elapsed = 00:00:00 . Memory (MB): peak = 2883.559 ; gain = 0.000
INFO: [Project 1-111] Unisim Transformation Summary:
No Unisim elements were transformed.

Synth Design complete | Checksum: 7a224c18
INFO: [Common 17-83] Releasing license: Synthesis
30 Infos, 35 Warnings, 0 Critical Warnings and 0 Errors encountered.
synth_design completed successfully
synth_design: Time (s): cpu = 00:00:49 ; elapsed = 00:00:56 . Memory (MB): peak = 2883.559 ; gain = 2296.980
INFO: [Common 17-1381] The checkpoint 'C:/Users/eswar/OneDrive/Desktop/project_13/project_13.runs/synth_1/design_1_wrapper.dcp' has been generated.
INFO: [Vivado 12-24828] Executing command : report_utilization -file design_1_wrapper_utilization_synth.rpt -pb design_1_wrapper_utilization_synth.pb
INFO: [Common 17-206] Exiting Vivado at Mon Apr  6 20:41:48 2026...
