
*** Running vivado
    with args -log design_1_axi_smc_1_0.vds -m64 -product Vivado -mode batch -messageDb vivado.pb -notrace -source design_1_axi_smc_1_0.tcl



****** Vivado v2025.2 (64-bit)
  **** SW Build 6299465 on Fri Nov 14 19:35:11 GMT 2025
  **** IP Build 6300035 on Fri Nov 14 10:48:45 MST 2025
  **** SharedData Build 6298862 on Thu Nov 13 04:50:51 MST 2025
  **** Start of session at: Mon Apr  6 20:31:21 2026
    ** Copyright 1986-2022 Xilinx, Inc. All Rights Reserved.
    ** Copyright 2022-2025 Advanced Micro Devices, Inc. All Rights Reserved.

ERROR: [Common 17-1257] Failed to create directory 'C'.
source design_1_axi_smc_1_0.tcl -notrace
create_project: Time (s): cpu = 00:00:17 ; elapsed = 00:00:13 . Memory (MB): peak = 530.012 ; gain = 219.133
INFO: [IP_Flow 19-234] Refreshing IP repositories
INFO: [IP_Flow 19-1700] Loaded user IP repository 'c:/Users/eswar/OneDrive/Desktop/confidenceworkplease/street_fighter_cnn'.
INFO: [IP_Flow 19-2313] Loaded Vivado IP repository 'C:/Users/eswar/OneDrive/Desktop/2025.2/Vivado/data/ip'.
Command: synth_design -top design_1_axi_smc_1_0 -part xczu3eg-sbva484-1-i -incremental_mode off -mode out_of_context
Starting synth_design
Attempting to get a license for feature 'Synthesis' and/or device 'xczu3eg'
INFO: [Common 17-349] Got license for feature 'Synthesis' and/or device 'xczu3eg'
INFO: [Device 21-403] Loading part xczu3eg-sbva484-1-i
INFO: [Synth 8-7079] Multithreading enabled for synth_design using a maximum of 2 processes.
INFO: [Synth 8-7078] Launching helper process for spawning children vivado processes
INFO: [Synth 8-7075] Helper process launched with PID 12096
---------------------------------------------------------------------------------
Starting RTL Elaboration : Time (s): cpu = 00:00:13 ; elapsed = 00:00:15 . Memory (MB): peak = 1778.406 ; gain = 205.344
---------------------------------------------------------------------------------
INFO: [Synth 8-6157] synthesizing module 'design_1_axi_smc_1_0' [c:/Users/eswar/OneDrive/Desktop/project_13/project_13.gen/sources_1/bd/design_1/ip/design_1_axi_smc_1_0/synth/design_1_axi_smc_1_0.v:53]
INFO: [Synth 8-6157] synthesizing module 'bd_a878' [c:/Users/eswar/OneDrive/Desktop/project_13/project_13.gen/sources_1/bd/design_1/ip/design_1_axi_smc_1_0/bd_0/synth/bd_a878.v:10]
INFO: [Synth 8-6157] synthesizing module 'clk_map_imp_G6MO4E' [c:/Users/eswar/OneDrive/Desktop/project_13/project_13.gen/sources_1/bd/design_1/ip/design_1_axi_smc_1_0/bd_0/synth/bd_a878.v:344]
INFO: [Synth 8-638] synthesizing module 'bd_a878_psr_aclk_0' [c:/Users/eswar/OneDrive/Desktop/project_13/project_13.gen/sources_1/bd/design_1/ip/design_1_axi_smc_1_0/bd_0/ip/ip_1/synth/bd_a878_psr_aclk_0.vhd:74]
	Parameter C_FAMILY bound to: zynquplus - type: string 
	Parameter C_EXT_RST_WIDTH bound to: 4 - type: integer 
	Parameter C_AUX_RST_WIDTH bound to: 1 - type: integer 
	Parameter C_EXT_RESET_HIGH bound to: 1'b0 
	Parameter C_AUX_RESET_HIGH bound to: 1'b0 
	Parameter C_NUM_BUS_RST bound to: 1 - type: integer 
	Parameter C_NUM_PERP_RST bound to: 1 - type: integer 
	Parameter C_NUM_INTERCONNECT_ARESETN bound to: 1 - type: integer 
	Parameter C_NUM_PERP_ARESETN bound to: 1 - type: integer 
INFO: [Synth 8-3491] module 'proc_sys_reset' declared at 'c:/Users/eswar/OneDrive/Desktop/project_13/project_13.gen/sources_1/bd/design_1/ipshared/9438/hdl/proc_sys_reset_v5_0_vh_rfs.vhd:1243' bound to instance 'U0' of component 'proc_sys_reset' [c:/Users/eswar/OneDrive/Desktop/project_13/project_13.gen/sources_1/bd/design_1/ip/design_1_axi_smc_1_0/bd_0/ip/ip_1/synth/bd_a878_psr_aclk_0.vhd:139]
INFO: [Synth 8-638] synthesizing module 'proc_sys_reset' [c:/Users/eswar/OneDrive/Desktop/project_13/project_13.gen/sources_1/bd/design_1/ipshared/9438/hdl/proc_sys_reset_v5_0_vh_rfs.vhd:1302]
	Parameter INIT bound to: 1'b1 
INFO: [Synth 8-113] binding component instance 'FDRE_inst' to cell 'FDRE' [c:/Users/eswar/OneDrive/Desktop/project_13/project_13.gen/sources_1/bd/design_1/ipshared/9438/hdl/proc_sys_reset_v5_0_vh_rfs.vhd:1371]
	Parameter INIT bound to: 1'b1 
INFO: [Synth 8-113] binding component instance 'FDRE_BSR' to cell 'FDRE' [c:/Users/eswar/OneDrive/Desktop/project_13/project_13.gen/sources_1/bd/design_1/ipshared/9438/hdl/proc_sys_reset_v5_0_vh_rfs.vhd:1387]
	Parameter INIT bound to: 1'b0 
INFO: [Synth 8-113] binding component instance 'FDRE_BSR_N' to cell 'FDRE' [c:/Users/eswar/OneDrive/Desktop/project_13/project_13.gen/sources_1/bd/design_1/ipshared/9438/hdl/proc_sys_reset_v5_0_vh_rfs.vhd:1413]
	Parameter INIT bound to: 1'b1 
INFO: [Synth 8-113] binding component instance 'FDRE_PER' to cell 'FDRE' [c:/Users/eswar/OneDrive/Desktop/project_13/project_13.gen/sources_1/bd/design_1/ipshared/9438/hdl/proc_sys_reset_v5_0_vh_rfs.vhd:1436]
	Parameter INIT bound to: 1'b0 
INFO: [Synth 8-113] binding component instance 'FDRE_PER_N' to cell 'FDRE' [c:/Users/eswar/OneDrive/Desktop/project_13/project_13.gen/sources_1/bd/design_1/ipshared/9438/hdl/proc_sys_reset_v5_0_vh_rfs.vhd:1460]
INFO: [Synth 8-638] synthesizing module 'lpf' [c:/Users/eswar/OneDrive/Desktop/project_13/project_13.gen/sources_1/bd/design_1/ipshared/9438/hdl/proc_sys_reset_v5_0_vh_rfs.vhd:821]
INFO: [Synth 8-3491] module 'SRL16' declared at 'C:/Users/eswar/OneDrive/Desktop/2025.2/Vivado/scripts/rt/data/unisim_comp.v:165318' bound to instance 'POR_SRL_I' of component 'SRL16' [c:/Users/eswar/OneDrive/Desktop/project_13/project_13.gen/sources_1/bd/design_1/ipshared/9438/hdl/proc_sys_reset_v5_0_vh_rfs.vhd:873]
INFO: [Synth 8-6157] synthesizing module 'SRL16' [C:/Users/eswar/OneDrive/Desktop/2025.2/Vivado/scripts/rt/data/unisim_comp.v:165318]
INFO: [Synth 8-6155] done synthesizing module 'SRL16' (0#1) [C:/Users/eswar/OneDrive/Desktop/2025.2/Vivado/scripts/rt/data/unisim_comp.v:165318]
	Parameter DEST_SYNC_FF bound to: 4 - type: integer 
	Parameter INIT_SYNC_FF bound to: 0 - type: integer 
	Parameter SIM_ASSERT_CHK bound to: 0 - type: integer 
	Parameter SRC_INPUT_REG bound to: 0 - type: integer 
INFO: [Synth 8-3491] module 'xpm_cdc_single' declared at 'C:/Users/eswar/OneDrive/Desktop/2025.2/Vivado/data/ip/xpm/xpm_cdc/hdl/xpm_cdc.sv:152' bound to instance 'ACT_LO_EXT' of component 'xpm_cdc_single' [c:/Users/eswar/OneDrive/Desktop/project_13/project_13.gen/sources_1/bd/design_1/ipshared/9438/hdl/proc_sys_reset_v5_0_vh_rfs.vhd:968]
INFO: [Synth 8-6157] synthesizing module 'xpm_cdc_single' [C:/Users/eswar/OneDrive/Desktop/2025.2/Vivado/data/ip/xpm/xpm_cdc/hdl/xpm_cdc.sv:152]
INFO: [Synth 8-6155] done synthesizing module 'xpm_cdc_single' (0#1) [C:/Users/eswar/OneDrive/Desktop/2025.2/Vivado/data/ip/xpm/xpm_cdc/hdl/xpm_cdc.sv:152]
	Parameter DEST_SYNC_FF bound to: 4 - type: integer 
	Parameter INIT_SYNC_FF bound to: 0 - type: integer 
	Parameter SIM_ASSERT_CHK bound to: 0 - type: integer 
	Parameter SRC_INPUT_REG bound to: 0 - type: integer 
INFO: [Synth 8-3491] module 'xpm_cdc_single' declared at 'C:/Users/eswar/OneDrive/Desktop/2025.2/Vivado/data/ip/xpm/xpm_cdc/hdl/xpm_cdc.sv:152' bound to instance 'ACT_LO_AUX' of component 'xpm_cdc_single' [c:/Users/eswar/OneDrive/Desktop/project_13/project_13.gen/sources_1/bd/design_1/ipshared/9438/hdl/proc_sys_reset_v5_0_vh_rfs.vhd:1015]
INFO: [Synth 8-256] done synthesizing module 'lpf' (0#1) [c:/Users/eswar/OneDrive/Desktop/project_13/project_13.gen/sources_1/bd/design_1/ipshared/9438/hdl/proc_sys_reset_v5_0_vh_rfs.vhd:821]
INFO: [Synth 8-638] synthesizing module 'sequence_psr' [c:/Users/eswar/OneDrive/Desktop/project_13/project_13.gen/sources_1/bd/design_1/ipshared/9438/hdl/proc_sys_reset_v5_0_vh_rfs.vhd:304]
INFO: [Synth 8-638] synthesizing module 'upcnt_n' [c:/Users/eswar/OneDrive/Desktop/project_13/project_13.gen/sources_1/bd/design_1/ipshared/9438/hdl/proc_sys_reset_v5_0_vh_rfs.vhd:126]
INFO: [Synth 8-256] done synthesizing module 'upcnt_n' (0#1) [c:/Users/eswar/OneDrive/Desktop/project_13/project_13.gen/sources_1/bd/design_1/ipshared/9438/hdl/proc_sys_reset_v5_0_vh_rfs.vhd:126]
INFO: [Synth 8-256] done synthesizing module 'sequence_psr' (0#1) [c:/Users/eswar/OneDrive/Desktop/project_13/project_13.gen/sources_1/bd/design_1/ipshared/9438/hdl/proc_sys_reset_v5_0_vh_rfs.vhd:304]
INFO: [Synth 8-256] done synthesizing module 'proc_sys_reset' (0#1) [c:/Users/eswar/OneDrive/Desktop/project_13/project_13.gen/sources_1/bd/design_1/ipshared/9438/hdl/proc_sys_reset_v5_0_vh_rfs.vhd:1302]
INFO: [Synth 8-256] done synthesizing module 'bd_a878_psr_aclk_0' (0#1) [c:/Users/eswar/OneDrive/Desktop/project_13/project_13.gen/sources_1/bd/design_1/ip/design_1_axi_smc_1_0/bd_0/ip/ip_1/synth/bd_a878_psr_aclk_0.vhd:74]
WARNING: [Synth 8-7071] port 'mb_reset' of module 'bd_a878_psr_aclk_0' is unconnected for instance 'psr_aclk' [c:/Users/eswar/OneDrive/Desktop/project_13/project_13.gen/sources_1/bd/design_1/ip/design_1_axi_smc_1_0/bd_0/synth/bd_a878.v:375]
WARNING: [Synth 8-7071] port 'bus_struct_reset' of module 'bd_a878_psr_aclk_0' is unconnected for instance 'psr_aclk' [c:/Users/eswar/OneDrive/Desktop/project_13/project_13.gen/sources_1/bd/design_1/ip/design_1_axi_smc_1_0/bd_0/synth/bd_a878.v:375]
WARNING: [Synth 8-7071] port 'peripheral_reset' of module 'bd_a878_psr_aclk_0' is unconnected for instance 'psr_aclk' [c:/Users/eswar/OneDrive/Desktop/project_13/project_13.gen/sources_1/bd/design_1/ip/design_1_axi_smc_1_0/bd_0/synth/bd_a878.v:375]
WARNING: [Synth 8-7071] port 'peripheral_aresetn' of module 'bd_a878_psr_aclk_0' is unconnected for instance 'psr_aclk' [c:/Users/eswar/OneDrive/Desktop/project_13/project_13.gen/sources_1/bd/design_1/ip/design_1_axi_smc_1_0/bd_0/synth/bd_a878.v:375]
WARNING: [Synth 8-7023] instance 'psr_aclk' of module 'bd_a878_psr_aclk_0' has 10 connections declared, but only 6 given [c:/Users/eswar/OneDrive/Desktop/project_13/project_13.gen/sources_1/bd/design_1/ip/design_1_axi_smc_1_0/bd_0/synth/bd_a878.v:375]
INFO: [Synth 8-6155] done synthesizing module 'clk_map_imp_G6MO4E' (0#1) [c:/Users/eswar/OneDrive/Desktop/project_13/project_13.gen/sources_1/bd/design_1/ip/design_1_axi_smc_1_0/bd_0/synth/bd_a878.v:344]
INFO: [Synth 8-6157] synthesizing module 'm00_exit_pipeline_imp_1I3LT8L' [c:/Users/eswar/OneDrive/Desktop/project_13/project_13.gen/sources_1/bd/design_1/ip/design_1_axi_smc_1_0/bd_0/synth/bd_a878.v:384]
INFO: [Synth 8-6157] synthesizing module 'bd_a878_m00e_0' [c:/Users/eswar/OneDrive/Desktop/project_13/project_13.gen/sources_1/bd/design_1/ip/design_1_axi_smc_1_0/bd_0/ip/ip_9/synth/bd_a878_m00e_0.sv:53]
INFO: [Synth 8-6157] synthesizing module 'xpm_cdc_async_rst' [C:/Users/eswar/OneDrive/Desktop/2025.2/Vivado/data/ip/xpm/xpm_cdc/hdl/xpm_cdc.sv:1175]
INFO: [Synth 8-6155] done synthesizing module 'xpm_cdc_async_rst' (0#1) [C:/Users/eswar/OneDrive/Desktop/2025.2/Vivado/data/ip/xpm/xpm_cdc/hdl/xpm_cdc.sv:1175]
INFO: [Synth 8-6155] done synthesizing module 'bd_a878_m00e_0' (0#1) [c:/Users/eswar/OneDrive/Desktop/project_13/project_13.gen/sources_1/bd/design_1/ip/design_1_axi_smc_1_0/bd_0/ip/ip_9/synth/bd_a878_m00e_0.sv:53]
INFO: [Synth 8-6155] done synthesizing module 'm00_exit_pipeline_imp_1I3LT8L' (0#1) [c:/Users/eswar/OneDrive/Desktop/project_13/project_13.gen/sources_1/bd/design_1/ip/design_1_axi_smc_1_0/bd_0/synth/bd_a878.v:384]
INFO: [Synth 8-6157] synthesizing module 'bd_a878_m00s2a_0' [c:/Users/eswar/OneDrive/Desktop/project_13/project_13.gen/sources_1/bd/design_1/ip/design_1_axi_smc_1_0/bd_0/ip/ip_8/synth/bd_a878_m00s2a_0.sv:53]
INFO: [Synth 8-6155] done synthesizing module 'bd_a878_m00s2a_0' (0#1) [c:/Users/eswar/OneDrive/Desktop/project_13/project_13.gen/sources_1/bd/design_1/ip/design_1_axi_smc_1_0/bd_0/ip/ip_8/synth/bd_a878_m00s2a_0.sv:53]
INFO: [Synth 8-6157] synthesizing module 'bd_a878_s00a2s_0' [c:/Users/eswar/OneDrive/Desktop/project_13/project_13.gen/sources_1/bd/design_1/ip/design_1_axi_smc_1_0/bd_0/ip/ip_5/synth/bd_a878_s00a2s_0.sv:53]
INFO: [Synth 8-6155] done synthesizing module 'bd_a878_s00a2s_0' (0#1) [c:/Users/eswar/OneDrive/Desktop/project_13/project_13.gen/sources_1/bd/design_1/ip/design_1_axi_smc_1_0/bd_0/ip/ip_5/synth/bd_a878_s00a2s_0.sv:53]
INFO: [Synth 8-6157] synthesizing module 's00_entry_pipeline_imp_I9HTTY' [c:/Users/eswar/OneDrive/Desktop/project_13/project_13.gen/sources_1/bd/design_1/ip/design_1_axi_smc_1_0/bd_0/synth/bd_a878.v:526]
INFO: [Synth 8-6157] synthesizing module 'bd_a878_s00mmu_0' [c:/Users/eswar/OneDrive/Desktop/project_13/project_13.gen/sources_1/bd/design_1/ip/design_1_axi_smc_1_0/bd_0/ip/ip_2/synth/bd_a878_s00mmu_0.sv:53]
INFO: [Synth 8-6155] done synthesizing module 'bd_a878_s00mmu_0' (0#1) [c:/Users/eswar/OneDrive/Desktop/project_13/project_13.gen/sources_1/bd/design_1/ip/design_1_axi_smc_1_0/bd_0/ip/ip_2/synth/bd_a878_s00mmu_0.sv:53]
INFO: [Synth 8-6157] synthesizing module 'bd_a878_s00sic_0' [c:/Users/eswar/OneDrive/Desktop/project_13/project_13.gen/sources_1/bd/design_1/ip/design_1_axi_smc_1_0/bd_0/ip/ip_4/synth/bd_a878_s00sic_0.sv:53]
INFO: [Synth 8-6155] done synthesizing module 'bd_a878_s00sic_0' (0#1) [c:/Users/eswar/OneDrive/Desktop/project_13/project_13.gen/sources_1/bd/design_1/ip/design_1_axi_smc_1_0/bd_0/ip/ip_4/synth/bd_a878_s00sic_0.sv:53]
INFO: [Synth 8-6157] synthesizing module 'bd_a878_s00tr_0' [c:/Users/eswar/OneDrive/Desktop/project_13/project_13.gen/sources_1/bd/design_1/ip/design_1_axi_smc_1_0/bd_0/ip/ip_3/synth/bd_a878_s00tr_0.sv:53]
INFO: [Synth 8-6155] done synthesizing module 'bd_a878_s00tr_0' (0#1) [c:/Users/eswar/OneDrive/Desktop/project_13/project_13.gen/sources_1/bd/design_1/ip/design_1_axi_smc_1_0/bd_0/ip/ip_3/synth/bd_a878_s00tr_0.sv:53]
WARNING: [Synth 8-7071] port 'm_axi_arburst' of module 'bd_a878_s00tr_0' is unconnected for instance 's00_transaction_regulator' [c:/Users/eswar/OneDrive/Desktop/project_13/project_13.gen/sources_1/bd/design_1/ip/design_1_axi_smc_1_0/bd_0/synth/bd_a878.v:751]
WARNING: [Synth 8-7023] instance 's00_transaction_regulator' of module 'bd_a878_s00tr_0' has 40 connections declared, but only 39 given [c:/Users/eswar/OneDrive/Desktop/project_13/project_13.gen/sources_1/bd/design_1/ip/design_1_axi_smc_1_0/bd_0/synth/bd_a878.v:751]
INFO: [Synth 8-6155] done synthesizing module 's00_entry_pipeline_imp_I9HTTY' (0#1) [c:/Users/eswar/OneDrive/Desktop/project_13/project_13.gen/sources_1/bd/design_1/ip/design_1_axi_smc_1_0/bd_0/synth/bd_a878.v:526]
INFO: [Synth 8-6157] synthesizing module 's00_nodes_imp_NF95JW' [c:/Users/eswar/OneDrive/Desktop/project_13/project_13.gen/sources_1/bd/design_1/ip/design_1_axi_smc_1_0/bd_0/synth/bd_a878.v:793]
INFO: [Synth 8-6157] synthesizing module 'bd_a878_sarn_0' [c:/Users/eswar/OneDrive/Desktop/project_13/project_13.gen/sources_1/bd/design_1/ip/design_1_axi_smc_1_0/bd_0/ip/ip_6/synth/bd_a878_sarn_0.sv:53]
INFO: [Synth 8-6157] synthesizing module 'xpm_memory_sdpram' [C:/Users/eswar/OneDrive/Desktop/2025.2/Vivado/data/ip/xpm/xpm_memory/hdl/xpm_memory.sv:8996]
INFO: [Synth 8-6157] synthesizing module 'xpm_memory_base' [C:/Users/eswar/OneDrive/Desktop/2025.2/Vivado/data/ip/xpm/xpm_memory/hdl/xpm_memory.sv:54]
INFO: [Synth 8-6155] done synthesizing module 'xpm_memory_base' (0#1) [C:/Users/eswar/OneDrive/Desktop/2025.2/Vivado/data/ip/xpm/xpm_memory/hdl/xpm_memory.sv:54]
INFO: [Synth 8-6155] done synthesizing module 'xpm_memory_sdpram' (0#1) [C:/Users/eswar/OneDrive/Desktop/2025.2/Vivado/data/ip/xpm/xpm_memory/hdl/xpm_memory.sv:8996]
INFO: [Synth 8-6155] done synthesizing module 'bd_a878_sarn_0' (0#1) [c:/Users/eswar/OneDrive/Desktop/project_13/project_13.gen/sources_1/bd/design_1/ip/design_1_axi_smc_1_0/bd_0/ip/ip_6/synth/bd_a878_sarn_0.sv:53]
INFO: [Synth 8-6157] synthesizing module 'bd_a878_srn_0' [c:/Users/eswar/OneDrive/Desktop/project_13/project_13.gen/sources_1/bd/design_1/ip/design_1_axi_smc_1_0/bd_0/ip/ip_7/synth/bd_a878_srn_0.sv:53]
INFO: [Synth 8-6157] synthesizing module 'xpm_memory_sdpram__parameterized0' [C:/Users/eswar/OneDrive/Desktop/2025.2/Vivado/data/ip/xpm/xpm_memory/hdl/xpm_memory.sv:8996]
INFO: [Synth 8-6157] synthesizing module 'xpm_memory_base__parameterized0' [C:/Users/eswar/OneDrive/Desktop/2025.2/Vivado/data/ip/xpm/xpm_memory/hdl/xpm_memory.sv:54]
INFO: [Synth 8-6155] done synthesizing module 'xpm_memory_base__parameterized0' (0#1) [C:/Users/eswar/OneDrive/Desktop/2025.2/Vivado/data/ip/xpm/xpm_memory/hdl/xpm_memory.sv:54]
INFO: [Synth 8-6155] done synthesizing module 'xpm_memory_sdpram__parameterized0' (0#1) [C:/Users/eswar/OneDrive/Desktop/2025.2/Vivado/data/ip/xpm/xpm_memory/hdl/xpm_memory.sv:8996]
INFO: [Synth 8-6155] done synthesizing module 'bd_a878_srn_0' (0#1) [c:/Users/eswar/OneDrive/Desktop/project_13/project_13.gen/sources_1/bd/design_1/ip/design_1_axi_smc_1_0/bd_0/ip/ip_7/synth/bd_a878_srn_0.sv:53]
INFO: [Synth 8-6155] done synthesizing module 's00_nodes_imp_NF95JW' (0#1) [c:/Users/eswar/OneDrive/Desktop/project_13/project_13.gen/sources_1/bd/design_1/ip/design_1_axi_smc_1_0/bd_0/synth/bd_a878.v:793]
INFO: [Synth 8-6155] done synthesizing module 'bd_a878' (0#1) [c:/Users/eswar/OneDrive/Desktop/project_13/project_13.gen/sources_1/bd/design_1/ip/design_1_axi_smc_1_0/bd_0/synth/bd_a878.v:10]
INFO: [Synth 8-6155] done synthesizing module 'design_1_axi_smc_1_0' (0#1) [c:/Users/eswar/OneDrive/Desktop/project_13/project_13.gen/sources_1/bd/design_1/ip/design_1_axi_smc_1_0/synth/design_1_axi_smc_1_0.v:53]
WARNING: [Synth 8-3848] Net aresetn_out in module/entity clk_map_imp_G6MO4E does not have driver. [c:/Users/eswar/OneDrive/Desktop/project_13/project_13.gen/sources_1/bd/design_1/ip/design_1_axi_smc_1_0/bd_0/synth/bd_a878.v:360]
INFO: [Synth 8-4490] FSM extraction disabled for register 'gen_pipelined.state_reg' through user attribute
INFO: [Synth 8-4490] FSM extraction disabled for register 'gen_pipelined.state_reg' through user attribute
INFO: [Synth 8-4490] FSM extraction disabled for register 'gen_pipelined.state_reg' through user attribute
INFO: [Synth 8-4490] FSM extraction disabled for register 'gen_pipelined.state_reg' through user attribute
INFO: [Synth 8-7129] Port din[0] in module sc_util_v1_0_4_onehot_to_binary is either unconnected or has no load
INFO: [Synth 8-7129] Port aclk in module sc_util_v1_0_4_pipeline__parameterized0 is either unconnected or has no load
INFO: [Synth 8-7129] Port aclken in module sc_util_v1_0_4_pipeline__parameterized0 is either unconnected or has no load
INFO: [Synth 8-7129] Port areset in module sc_util_v1_0_4_pipeline__parameterized0 is either unconnected or has no load
INFO: [Synth 8-7129] Port sleep in module xpm_memory_base__parameterized0 is either unconnected or has no load
INFO: [Synth 8-7129] Port rsta in module xpm_memory_base__parameterized0 is either unconnected or has no load
INFO: [Synth 8-7129] Port regcea in module xpm_memory_base__parameterized0 is either unconnected or has no load
INFO: [Synth 8-7129] Port injectsbiterra in module xpm_memory_base__parameterized0 is either unconnected or has no load
INFO: [Synth 8-7129] Port injectdbiterra in module xpm_memory_base__parameterized0 is either unconnected or has no load
INFO: [Synth 8-7129] Port clkb in module xpm_memory_base__parameterized0 is either unconnected or has no load
INFO: [Synth 8-7129] Port regceb in module xpm_memory_base__parameterized0 is either unconnected or has no load
INFO: [Synth 8-7129] Port web[0] in module xpm_memory_base__parameterized0 is either unconnected or has no load
INFO: [Synth 8-7129] Port dinb[164] in module xpm_memory_base__parameterized0 is either unconnected or has no load
INFO: [Synth 8-7129] Port dinb[163] in module xpm_memory_base__parameterized0 is either unconnected or has no load
INFO: [Synth 8-7129] Port dinb[162] in module xpm_memory_base__parameterized0 is either unconnected or has no load
INFO: [Synth 8-7129] Port dinb[161] in module xpm_memory_base__parameterized0 is either unconnected or has no load
INFO: [Synth 8-7129] Port dinb[160] in module xpm_memory_base__parameterized0 is either unconnected or has no load
INFO: [Synth 8-7129] Port dinb[159] in module xpm_memory_base__parameterized0 is either unconnected or has no load
INFO: [Synth 8-7129] Port dinb[158] in module xpm_memory_base__parameterized0 is either unconnected or has no load
INFO: [Synth 8-7129] Port dinb[157] in module xpm_memory_base__parameterized0 is either unconnected or has no load
INFO: [Synth 8-7129] Port dinb[156] in module xpm_memory_base__parameterized0 is either unconnected or has no load
INFO: [Synth 8-7129] Port dinb[155] in module xpm_memory_base__parameterized0 is either unconnected or has no load
INFO: [Synth 8-7129] Port dinb[154] in module xpm_memory_base__parameterized0 is either unconnected or has no load
INFO: [Synth 8-7129] Port dinb[153] in module xpm_memory_base__parameterized0 is either unconnected or has no load
INFO: [Synth 8-7129] Port dinb[152] in module xpm_memory_base__parameterized0 is either unconnected or has no load
INFO: [Synth 8-7129] Port dinb[151] in module xpm_memory_base__parameterized0 is either unconnected or has no load
INFO: [Synth 8-7129] Port dinb[150] in module xpm_memory_base__parameterized0 is either unconnected or has no load
INFO: [Synth 8-7129] Port dinb[149] in module xpm_memory_base__parameterized0 is either unconnected or has no load
INFO: [Synth 8-7129] Port dinb[148] in module xpm_memory_base__parameterized0 is either unconnected or has no load
INFO: [Synth 8-7129] Port dinb[147] in module xpm_memory_base__parameterized0 is either unconnected or has no load
INFO: [Synth 8-7129] Port dinb[146] in module xpm_memory_base__parameterized0 is either unconnected or has no load
INFO: [Synth 8-7129] Port dinb[145] in module xpm_memory_base__parameterized0 is either unconnected or has no load
INFO: [Synth 8-7129] Port dinb[144] in module xpm_memory_base__parameterized0 is either unconnected or has no load
INFO: [Synth 8-7129] Port dinb[143] in module xpm_memory_base__parameterized0 is either unconnected or has no load
INFO: [Synth 8-7129] Port dinb[142] in module xpm_memory_base__parameterized0 is either unconnected or has no load
INFO: [Synth 8-7129] Port dinb[141] in module xpm_memory_base__parameterized0 is either unconnected or has no load
INFO: [Synth 8-7129] Port dinb[140] in module xpm_memory_base__parameterized0 is either unconnected or has no load
INFO: [Synth 8-7129] Port dinb[139] in module xpm_memory_base__parameterized0 is either unconnected or has no load
INFO: [Synth 8-7129] Port dinb[138] in module xpm_memory_base__parameterized0 is either unconnected or has no load
INFO: [Synth 8-7129] Port dinb[137] in module xpm_memory_base__parameterized0 is either unconnected or has no load
INFO: [Synth 8-7129] Port dinb[136] in module xpm_memory_base__parameterized0 is either unconnected or has no load
INFO: [Synth 8-7129] Port dinb[135] in module xpm_memory_base__parameterized0 is either unconnected or has no load
INFO: [Synth 8-7129] Port dinb[134] in module xpm_memory_base__parameterized0 is either unconnected or has no load
INFO: [Synth 8-7129] Port dinb[133] in module xpm_memory_base__parameterized0 is either unconnected or has no load
INFO: [Synth 8-7129] Port dinb[132] in module xpm_memory_base__parameterized0 is either unconnected or has no load
INFO: [Synth 8-7129] Port dinb[131] in module xpm_memory_base__parameterized0 is either unconnected or has no load
INFO: [Synth 8-7129] Port dinb[130] in module xpm_memory_base__parameterized0 is either unconnected or has no load
INFO: [Synth 8-7129] Port dinb[129] in module xpm_memory_base__parameterized0 is either unconnected or has no load
INFO: [Synth 8-7129] Port dinb[128] in module xpm_memory_base__parameterized0 is either unconnected or has no load
INFO: [Synth 8-7129] Port dinb[127] in module xpm_memory_base__parameterized0 is either unconnected or has no load
INFO: [Synth 8-7129] Port dinb[126] in module xpm_memory_base__parameterized0 is either unconnected or has no load
INFO: [Synth 8-7129] Port dinb[125] in module xpm_memory_base__parameterized0 is either unconnected or has no load
INFO: [Synth 8-7129] Port dinb[124] in module xpm_memory_base__parameterized0 is either unconnected or has no load
INFO: [Synth 8-7129] Port dinb[123] in module xpm_memory_base__parameterized0 is either unconnected or has no load
INFO: [Synth 8-7129] Port dinb[122] in module xpm_memory_base__parameterized0 is either unconnected or has no load
INFO: [Synth 8-7129] Port dinb[121] in module xpm_memory_base__parameterized0 is either unconnected or has no load
INFO: [Synth 8-7129] Port dinb[120] in module xpm_memory_base__parameterized0 is either unconnected or has no load
INFO: [Synth 8-7129] Port dinb[119] in module xpm_memory_base__parameterized0 is either unconnected or has no load
INFO: [Synth 8-7129] Port dinb[118] in module xpm_memory_base__parameterized0 is either unconnected or has no load
INFO: [Synth 8-7129] Port dinb[117] in module xpm_memory_base__parameterized0 is either unconnected or has no load
INFO: [Synth 8-7129] Port dinb[116] in module xpm_memory_base__parameterized0 is either unconnected or has no load
INFO: [Synth 8-7129] Port dinb[115] in module xpm_memory_base__parameterized0 is either unconnected or has no load
INFO: [Synth 8-7129] Port dinb[114] in module xpm_memory_base__parameterized0 is either unconnected or has no load
INFO: [Synth 8-7129] Port dinb[113] in module xpm_memory_base__parameterized0 is either unconnected or has no load
INFO: [Synth 8-7129] Port dinb[112] in module xpm_memory_base__parameterized0 is either unconnected or has no load
INFO: [Synth 8-7129] Port dinb[111] in module xpm_memory_base__parameterized0 is either unconnected or has no load
INFO: [Synth 8-7129] Port dinb[110] in module xpm_memory_base__parameterized0 is either unconnected or has no load
INFO: [Synth 8-7129] Port dinb[109] in module xpm_memory_base__parameterized0 is either unconnected or has no load
INFO: [Synth 8-7129] Port dinb[108] in module xpm_memory_base__parameterized0 is either unconnected or has no load
INFO: [Synth 8-7129] Port dinb[107] in module xpm_memory_base__parameterized0 is either unconnected or has no load
INFO: [Synth 8-7129] Port dinb[106] in module xpm_memory_base__parameterized0 is either unconnected or has no load
INFO: [Synth 8-7129] Port dinb[105] in module xpm_memory_base__parameterized0 is either unconnected or has no load
INFO: [Synth 8-7129] Port dinb[104] in module xpm_memory_base__parameterized0 is either unconnected or has no load
INFO: [Synth 8-7129] Port dinb[103] in module xpm_memory_base__parameterized0 is either unconnected or has no load
INFO: [Synth 8-7129] Port dinb[102] in module xpm_memory_base__parameterized0 is either unconnected or has no load
INFO: [Synth 8-7129] Port dinb[101] in module xpm_memory_base__parameterized0 is either unconnected or has no load
INFO: [Synth 8-7129] Port dinb[100] in module xpm_memory_base__parameterized0 is either unconnected or has no load
INFO: [Synth 8-7129] Port dinb[99] in module xpm_memory_base__parameterized0 is either unconnected or has no load
INFO: [Synth 8-7129] Port dinb[98] in module xpm_memory_base__parameterized0 is either unconnected or has no load
INFO: [Synth 8-7129] Port dinb[97] in module xpm_memory_base__parameterized0 is either unconnected or has no load
INFO: [Synth 8-7129] Port dinb[96] in module xpm_memory_base__parameterized0 is either unconnected or has no load
INFO: [Synth 8-7129] Port dinb[95] in module xpm_memory_base__parameterized0 is either unconnected or has no load
INFO: [Synth 8-7129] Port dinb[94] in module xpm_memory_base__parameterized0 is either unconnected or has no load
INFO: [Synth 8-7129] Port dinb[93] in module xpm_memory_base__parameterized0 is either unconnected or has no load
INFO: [Synth 8-7129] Port dinb[92] in module xpm_memory_base__parameterized0 is either unconnected or has no load
INFO: [Synth 8-7129] Port dinb[91] in module xpm_memory_base__parameterized0 is either unconnected or has no load
INFO: [Synth 8-7129] Port dinb[90] in module xpm_memory_base__parameterized0 is either unconnected or has no load
INFO: [Synth 8-7129] Port dinb[89] in module xpm_memory_base__parameterized0 is either unconnected or has no load
INFO: [Synth 8-7129] Port dinb[88] in module xpm_memory_base__parameterized0 is either unconnected or has no load
INFO: [Synth 8-7129] Port dinb[87] in module xpm_memory_base__parameterized0 is either unconnected or has no load
INFO: [Synth 8-7129] Port dinb[86] in module xpm_memory_base__parameterized0 is either unconnected or has no load
INFO: [Synth 8-7129] Port dinb[85] in module xpm_memory_base__parameterized0 is either unconnected or has no load
INFO: [Synth 8-7129] Port dinb[84] in module xpm_memory_base__parameterized0 is either unconnected or has no load
INFO: [Synth 8-7129] Port dinb[83] in module xpm_memory_base__parameterized0 is either unconnected or has no load
INFO: [Synth 8-7129] Port dinb[82] in module xpm_memory_base__parameterized0 is either unconnected or has no load
INFO: [Synth 8-7129] Port dinb[81] in module xpm_memory_base__parameterized0 is either unconnected or has no load
INFO: [Synth 8-7129] Port dinb[80] in module xpm_memory_base__parameterized0 is either unconnected or has no load
INFO: [Synth 8-7129] Port dinb[79] in module xpm_memory_base__parameterized0 is either unconnected or has no load
INFO: [Synth 8-7129] Port dinb[78] in module xpm_memory_base__parameterized0 is either unconnected or has no load
INFO: [Synth 8-7129] Port dinb[77] in module xpm_memory_base__parameterized0 is either unconnected or has no load
INFO: [Common 17-14] Message 'Synth 8-7129' appears 100 times and further instances of the messages will be disabled. Use the Tcl command set_msg_config to change the current settings.
---------------------------------------------------------------------------------
Finished RTL Elaboration : Time (s): cpu = 00:00:23 ; elapsed = 00:00:26 . Memory (MB): peak = 2002.023 ; gain = 428.961
---------------------------------------------------------------------------------
---------------------------------------------------------------------------------
Start Handling Custom Attributes
---------------------------------------------------------------------------------
---------------------------------------------------------------------------------
Finished Handling Custom Attributes : Time (s): cpu = 00:00:23 ; elapsed = 00:00:26 . Memory (MB): peak = 2002.023 ; gain = 428.961
---------------------------------------------------------------------------------
---------------------------------------------------------------------------------
Finished RTL Optimization Phase 1 : Time (s): cpu = 00:00:23 ; elapsed = 00:00:26 . Memory (MB): peak = 2002.023 ; gain = 428.961
---------------------------------------------------------------------------------
Netlist sorting complete. Time (s): cpu = 00:00:02 ; elapsed = 00:00:02 . Memory (MB): peak = 2002.023 ; gain = 0.000
INFO: [Netlist 29-17] Analyzing 1 Unisim elements for replacement
INFO: [Netlist 29-28] Unisim Transformation completed in 0 CPU seconds
INFO: [Project 1-570] Preparing netlist for logic optimization

Processing XDC Constraints
Initializing timing engine
Parsing XDC File [c:/Users/eswar/OneDrive/Desktop/project_13/project_13.gen/sources_1/bd/design_1/ip/design_1_axi_smc_1_0/ooc.xdc] for cell 'inst'
create_clock: Time (s): cpu = 00:00:08 ; elapsed = 00:00:08 . Memory (MB): peak = 2127.902 ; gain = 16.941
Finished Parsing XDC File [c:/Users/eswar/OneDrive/Desktop/project_13/project_13.gen/sources_1/bd/design_1/ip/design_1_axi_smc_1_0/ooc.xdc] for cell 'inst'
Parsing XDC File [c:/Users/eswar/OneDrive/Desktop/project_13/project_13.gen/sources_1/bd/design_1/ip/design_1_axi_smc_1_0/bd_0/ip/ip_1/bd_a878_psr_aclk_0_board.xdc] for cell 'inst/clk_map/psr_aclk/U0'
Finished Parsing XDC File [c:/Users/eswar/OneDrive/Desktop/project_13/project_13.gen/sources_1/bd/design_1/ip/design_1_axi_smc_1_0/bd_0/ip/ip_1/bd_a878_psr_aclk_0_board.xdc] for cell 'inst/clk_map/psr_aclk/U0'
Parsing XDC File [c:/Users/eswar/OneDrive/Desktop/project_13/project_13.gen/sources_1/bd/design_1/ip/design_1_axi_smc_1_0/smartconnect.xdc] for cell 'inst'
Finished Parsing XDC File [c:/Users/eswar/OneDrive/Desktop/project_13/project_13.gen/sources_1/bd/design_1/ip/design_1_axi_smc_1_0/smartconnect.xdc] for cell 'inst'
Parsing XDC File [C:/Users/eswar/OneDrive/Desktop/project_13/project_13.runs/design_1_axi_smc_1_0_synth_1/dont_touch.xdc]
Finished Parsing XDC File [C:/Users/eswar/OneDrive/Desktop/project_13/project_13.runs/design_1_axi_smc_1_0_synth_1/dont_touch.xdc]
INFO: [Project 1-236] Implementation specific constraints were found while reading constraint file [C:/Users/eswar/OneDrive/Desktop/2025.2/Vivado/data/ip/xpm/xpm_cdc/tcl/xpm_cdc_single.tcl]. These constraints will be ignored for synthesis but will be used in implementation. Impacted constraints are listed in the file [.Xil/design_1_axi_smc_1_0_propImpl.xdc].
Resolution: To avoid this warning, move constraints listed in [.Xil/design_1_axi_smc_1_0_propImpl.xdc] to another XDC file and exclude this new file from synthesis with the used_in_synthesis property (File Properties dialog in GUI) and re-run elaboration/synthesis.
INFO: [Project 1-236] Implementation specific constraints were found while reading constraint file [C:/Users/eswar/OneDrive/Desktop/2025.2/Vivado/data/ip/xpm/xpm_memory/tcl/xpm_memory_xdc.tcl]. These constraints will be ignored for synthesis but will be used in implementation. Impacted constraints are listed in the file [.Xil/design_1_axi_smc_1_0_propImpl.xdc].
Resolution: To avoid this warning, move constraints listed in [.Xil/design_1_axi_smc_1_0_propImpl.xdc] to another XDC file and exclude this new file from synthesis with the used_in_synthesis property (File Properties dialog in GUI) and re-run elaboration/synthesis.
INFO: [Project 1-1714] 12 XPM XDC files have been applied to the design.
Completed Processing XDC Constraints

Netlist sorting complete. Time (s): cpu = 00:00:00 ; elapsed = 00:00:00.009 . Memory (MB): peak = 2127.902 ; gain = 0.000
INFO: [Project 1-111] Unisim Transformation Summary:
  A total of 1 instances were transformed.
  SRL16 => SRL16E: 1 instance 

Constraint Validation Runtime : Time (s): cpu = 00:00:01 ; elapsed = 00:00:00.258 . Memory (MB): peak = 2127.902 ; gain = 0.000
INFO: [Designutils 20-5008] Incremental synthesis strategy off
---------------------------------------------------------------------------------
Finished Constraint Validation : Time (s): cpu = 00:01:00 ; elapsed = 00:01:05 . Memory (MB): peak = 2127.902 ; gain = 554.840
---------------------------------------------------------------------------------
---------------------------------------------------------------------------------
Start Loading Part and Timing Information
---------------------------------------------------------------------------------
Loading part: xczu3eg-sbva484-1-i
INFO: [Synth 8-6742] Reading net delay rules and data
---------------------------------------------------------------------------------
Finished Loading Part and Timing Information : Time (s): cpu = 00:01:00 ; elapsed = 00:01:05 . Memory (MB): peak = 2127.902 ; gain = 554.840
---------------------------------------------------------------------------------
---------------------------------------------------------------------------------
Start Applying 'set_property' XDC Constraints
---------------------------------------------------------------------------------
---------------------------------------------------------------------------------
Finished applying 'set_property' XDC Constraints : Time (s): cpu = 00:01:00 ; elapsed = 00:01:05 . Memory (MB): peak = 2127.902 ; gain = 554.840
---------------------------------------------------------------------------------
INFO: [Synth 8-4490] FSM extraction disabled for register 'gen_pipelined.state_reg' through user attribute
INFO: [Synth 8-4490] FSM extraction disabled for register 'gen_pipelined.state_reg' through user attribute
INFO: [Synth 8-4490] FSM extraction disabled for register 'gen_pipelined.state_reg' through user attribute
INFO: [Synth 8-4490] FSM extraction disabled for register 'gen_pipelined.state_reg' through user attribute
INFO: [Synth 8-802] inferred FSM for state register 'gen_axi.gen_write.write_cs_reg' in module 'sc_mmu_v1_0_16_decerr_slave'
INFO: [Synth 8-802] inferred FSM for state register 'gen_endpoint.w_state_reg' in module 'sc_mmu_v1_0_16_top'
INFO: [Synth 8-4490] FSM extraction disabled for register 'gen_pipelined.state_reg' through user attribute
INFO: [Synth 8-4490] FSM extraction disabled for register 'gen_pipelined.state_reg' through user attribute
INFO: [Synth 8-4490] FSM extraction disabled for register 'gen_pipelined.state_reg' through user attribute
INFO: [Synth 8-4490] FSM extraction disabled for register 'gen_pipelined.state_reg' through user attribute
---------------------------------------------------------------------------------------------------
                   State |                     New Encoding |                Previous Encoding 
---------------------------------------------------------------------------------------------------
            P_WRITE_IDLE |                              001 |                               00
            P_WRITE_DATA |                              010 |                               01
            P_WRITE_RESP |                              100 |                               10
---------------------------------------------------------------------------------------------------
INFO: [Synth 8-3354] encoded FSM with state register 'gen_axi.gen_write.write_cs_reg' using encoding 'one-hot' in module 'sc_mmu_v1_0_16_decerr_slave'
---------------------------------------------------------------------------------------------------
                   State |                     New Encoding |                Previous Encoding 
---------------------------------------------------------------------------------------------------
                  iSTATE |                               00 | 00000000000000000000000000000000
*
                 W_STALL |                               01 | 00000000000000000000000000000001
               W_PENDING |                               10 | 00000000000000000000000000000010
                W_DECERR |                               11 | 00000000000000000000000000000011
---------------------------------------------------------------------------------------------------
INFO: [Synth 8-3354] encoded FSM with state register 'gen_endpoint.w_state_reg' using encoding 'sequential' in module 'sc_mmu_v1_0_16_top'
---------------------------------------------------------------------------------
Finished RTL Optimization Phase 2 : Time (s): cpu = 00:01:03 ; elapsed = 00:01:08 . Memory (MB): peak = 2127.902 ; gain = 554.840
---------------------------------------------------------------------------------
---------------------------------------------------------------------------------
Start RTL Component Statistics 
---------------------------------------------------------------------------------
---------------------------------------------------------------------------------
Finished RTL Component Statistics 
---------------------------------------------------------------------------------
---------------------------------------------------------------------------------
Start Part Resource Summary
---------------------------------------------------------------------------------
Part Resources:
DSPs: 360 (col length:72)
BRAMs: 432 (col length: RAMB18 72 RAMB36 36)
---------------------------------------------------------------------------------
Finished Part Resource Summary
---------------------------------------------------------------------------------
---------------------------------------------------------------------------------
Start Cross Boundary and Area Optimization
---------------------------------------------------------------------------------
WARNING: [Synth 8-3332] Sequential element (clk_map/psr_aclk/U0/FDRE_inst) is unused and will be removed from module bd_a878.
WARNING: [Synth 8-3332] Sequential element (clk_map/psr_aclk/U0/BSR_OUT_DFF[0].FDRE_BSR) is unused and will be removed from module bd_a878.
WARNING: [Synth 8-3332] Sequential element (clk_map/psr_aclk/U0/PR_OUT_DFF[0].FDRE_PER) is unused and will be removed from module bd_a878.
WARNING: [Synth 8-3332] Sequential element (clk_map/psr_aclk/U0/ACTIVE_LOW_PR_OUT_DFF[0].FDRE_PER_N) is unused and will be removed from module bd_a878.
INFO: [Synth 8-3332] Sequential element (gen_endpoint.decerr_slave_inst/FSM_onehot_gen_axi.gen_write.write_cs_reg[2]) is unused and will be removed from module sc_mmu_v1_0_16_top.
INFO: [Synth 8-3332] Sequential element (gen_endpoint.decerr_slave_inst/FSM_onehot_gen_axi.gen_write.write_cs_reg[1]) is unused and will be removed from module sc_mmu_v1_0_16_top.
INFO: [Synth 8-3332] Sequential element (gen_endpoint.decerr_slave_inst/FSM_onehot_gen_axi.gen_write.write_cs_reg[0]) is unused and will be removed from module sc_mmu_v1_0_16_top.
INFO: [Synth 8-3332] Sequential element (FSM_sequential_gen_endpoint.w_state_reg[1]) is unused and will be removed from module sc_mmu_v1_0_16_top.
INFO: [Synth 8-3332] Sequential element (FSM_sequential_gen_endpoint.w_state_reg[0]) is unused and will be removed from module sc_mmu_v1_0_16_top.
---------------------------------------------------------------------------------
Finished Cross Boundary and Area Optimization : Time (s): cpu = 00:01:15 ; elapsed = 00:01:22 . Memory (MB): peak = 2127.902 ; gain = 554.840
---------------------------------------------------------------------------------
---------------------------------------------------------------------------------
Start Applying XDC Timing Constraints
---------------------------------------------------------------------------------
---------------------------------------------------------------------------------
Finished Applying XDC Timing Constraints : Time (s): cpu = 00:01:34 ; elapsed = 00:01:43 . Memory (MB): peak = 2721.062 ; gain = 1148.000
---------------------------------------------------------------------------------
---------------------------------------------------------------------------------
Start Timing Optimization
---------------------------------------------------------------------------------
---------------------------------------------------------------------------------
Finished Timing Optimization : Time (s): cpu = 00:01:34 ; elapsed = 00:01:44 . Memory (MB): peak = 2753.758 ; gain = 1180.695
---------------------------------------------------------------------------------
---------------------------------------------------------------------------------
Start Technology Mapping
---------------------------------------------------------------------------------
---------------------------------------------------------------------------------
Finished Technology Mapping : Time (s): cpu = 00:01:35 ; elapsed = 00:01:45 . Memory (MB): peak = 2757.141 ; gain = 1184.078
---------------------------------------------------------------------------------
---------------------------------------------------------------------------------
Start IO Insertion
---------------------------------------------------------------------------------
---------------------------------------------------------------------------------
Start Flattening Before IO Insertion
---------------------------------------------------------------------------------
---------------------------------------------------------------------------------
Finished Flattening Before IO Insertion
---------------------------------------------------------------------------------
---------------------------------------------------------------------------------
Start Final Netlist Cleanup
---------------------------------------------------------------------------------
---------------------------------------------------------------------------------
Finished Final Netlist Cleanup
---------------------------------------------------------------------------------
---------------------------------------------------------------------------------
Finished IO Insertion : Time (s): cpu = 00:01:43 ; elapsed = 00:01:53 . Memory (MB): peak = 2986.996 ; gain = 1413.934
---------------------------------------------------------------------------------
---------------------------------------------------------------------------------
Start Renaming Generated Instances
---------------------------------------------------------------------------------
---------------------------------------------------------------------------------
Finished Renaming Generated Instances : Time (s): cpu = 00:01:43 ; elapsed = 00:01:53 . Memory (MB): peak = 2986.996 ; gain = 1413.934
---------------------------------------------------------------------------------
---------------------------------------------------------------------------------
Start Rebuilding User Hierarchy
---------------------------------------------------------------------------------
---------------------------------------------------------------------------------
Finished Rebuilding User Hierarchy : Time (s): cpu = 00:01:43 ; elapsed = 00:01:53 . Memory (MB): peak = 2986.996 ; gain = 1413.934
---------------------------------------------------------------------------------
---------------------------------------------------------------------------------
Start Renaming Generated Ports
---------------------------------------------------------------------------------
---------------------------------------------------------------------------------
Finished Renaming Generated Ports : Time (s): cpu = 00:01:43 ; elapsed = 00:01:53 . Memory (MB): peak = 2986.996 ; gain = 1413.934
---------------------------------------------------------------------------------
---------------------------------------------------------------------------------
Start Handling Custom Attributes
---------------------------------------------------------------------------------
---------------------------------------------------------------------------------
Finished Handling Custom Attributes : Time (s): cpu = 00:01:43 ; elapsed = 00:01:53 . Memory (MB): peak = 2986.996 ; gain = 1413.934
---------------------------------------------------------------------------------
---------------------------------------------------------------------------------
Start Renaming Generated Nets
---------------------------------------------------------------------------------
---------------------------------------------------------------------------------
Finished Renaming Generated Nets : Time (s): cpu = 00:01:43 ; elapsed = 00:01:53 . Memory (MB): peak = 2986.996 ; gain = 1413.934
---------------------------------------------------------------------------------
---------------------------------------------------------------------------------
Start Writing Synthesis Report
---------------------------------------------------------------------------------

Report BlackBoxes: 
+-+--------------+----------+
| |BlackBox name |Instances |
+-+--------------+----------+
+-+--------------+----------+

Report Cell Usage: 
+------+---------+------+
|      |Cell     |Count |
+------+---------+------+
|1     |LUT1     |    35|
|2     |LUT2     |    23|
|3     |LUT3     |    24|
|4     |LUT4     |    43|
|5     |LUT5     |    44|
|6     |LUT6     |    61|
|7     |RAM32M16 |    17|
|8     |SRL16    |     1|
|9     |SRL16E   |     5|
|10    |FDCE     |    24|
|11    |FDRE     |   305|
|12    |FDSE     |    23|
+------+---------+------+
---------------------------------------------------------------------------------
Finished Writing Synthesis Report : Time (s): cpu = 00:01:43 ; elapsed = 00:01:53 . Memory (MB): peak = 2986.996 ; gain = 1413.934
---------------------------------------------------------------------------------
Synthesis finished with 0 errors, 0 critical warnings and 4 warnings.
Synthesis Optimization Runtime : Time (s): cpu = 00:00:58 ; elapsed = 00:01:30 . Memory (MB): peak = 2986.996 ; gain = 1288.055
Synthesis Optimization Complete : Time (s): cpu = 00:01:45 ; elapsed = 00:01:55 . Memory (MB): peak = 2986.996 ; gain = 1413.934
INFO: [Project 1-571] Translating synthesized netlist
Netlist sorting complete. Time (s): cpu = 00:00:01 ; elapsed = 00:00:00.288 . Memory (MB): peak = 2986.996 ; gain = 0.000
INFO: [Netlist 29-17] Analyzing 18 Unisim elements for replacement
INFO: [Netlist 29-28] Unisim Transformation completed in 0 CPU seconds
INFO: [Project 1-570] Preparing netlist for logic optimization
INFO: [Opt 31-138] Pushed 0 inverter(s) to 0 load pin(s).
Netlist sorting complete. Time (s): cpu = 00:00:00 ; elapsed = 00:00:00.002 . Memory (MB): peak = 2986.996 ; gain = 0.000
INFO: [Project 1-111] Unisim Transformation Summary:
  A total of 18 instances were transformed.
  RAM32M16 => RAM32M16 (RAMD32(x14), RAMS32(x2)): 17 instances
  SRL16 => SRL16E: 1 instance 

Synth Design complete | Checksum: 81e40700
INFO: [Common 17-83] Releasing license: Synthesis
207 Infos, 12 Warnings, 0 Critical Warnings and 0 Errors encountered.
synth_design completed successfully
synth_design: Time (s): cpu = 00:01:59 ; elapsed = 00:02:12 . Memory (MB): peak = 2986.996 ; gain = 2394.891
Write ShapeDB Complete: Time (s): cpu = 00:00:00 ; elapsed = 00:00:00.005 . Memory (MB): peak = 2986.996 ; gain = 0.000
INFO: [Common 17-1381] The checkpoint 'C:/Users/eswar/OneDrive/Desktop/project_13/project_13.runs/design_1_axi_smc_1_0_synth_1/design_1_axi_smc_1_0.dcp' has been generated.
INFO: [Coretcl 2-1648] Added synthesis output to IP cache for IP design_1_axi_smc_1_0, cache-ID = 617e6c2ddfe76584
INFO: [Coretcl 2-1174] Renamed 63 cell refs.
Write ShapeDB Complete: Time (s): cpu = 00:00:00 ; elapsed = 00:00:00.004 . Memory (MB): peak = 2986.996 ; gain = 0.000
INFO: [Common 17-1381] The checkpoint 'C:/Users/eswar/OneDrive/Desktop/project_13/project_13.runs/design_1_axi_smc_1_0_synth_1/design_1_axi_smc_1_0.dcp' has been generated.
INFO: [Vivado 12-24828] Executing command : report_utilization -file design_1_axi_smc_1_0_utilization_synth.rpt -pb design_1_axi_smc_1_0_utilization_synth.pb
INFO: [Common 17-206] Exiting Vivado at Mon Apr  6 20:34:03 2026...
