================================================================
== Design Size Report
================================================================

* Total Instructions per Compilation Phase
+---------------+----------------------------+--------------+----------------------------------------------------------------------------------------+
| Phase         | Step                       | Instructions | Description                                                                            |
+---------------+----------------------------+--------------+----------------------------------------------------------------------------------------+
| Compile/Link  |                            |  3,853       | After all functions are compiled and linked into a single design                       |
|               |                            |              |                                                                                        |
| Unroll/Inline |                            |              | After user unroll and inline pragmas are applied                                       |
|               | (1) unroll                 | 17,284       | user unroll pragmas are applied                                                        |
|               | (2) simplification         |  5,820       | simplification of applied user unroll pragmas                                          |
|               | (3) inline                 |  5,551       | user inline pragmas are applied                                                        |
|               | (4) simplification         |  5,525       | simplification of applied user inline pragmas                                          |
|               |                            |              |                                                                                        |
| Array/Struct  |                            |              | After user array partition and struct aggregate/disaggregate pragmas are applied       |
|               | (1) array partition        |  6,011       | user array partition pragmas are applied                                               |
|               | (2) simplification         |  5,581       | simplification of applied user array partition & struct aggregate/disaggregate pragmas |
|               | (3) aggregate/disaggregate |  5,581       | user struct aggregate/disaggregate pragmas are applied                                 |
|               | (4) array reshape          |  5,581       | apply array reshape pragmas                                                            |
|               | (5) access patterns        |  5,603       | array access pattern optmizations                                                      |
|               |                            |              |                                                                                        |
| Performance   |                            |              | After transformations are applied to meet performance pragma targets                   |
|               | (1) loop simplification    |  5,604       | loop and instruction simplification                                                    |
|               | (2) parallelization        |  5,592       | loops are unrolled or pipelined to meet performance targets                            |
|               | (3) array partition        | 46,158       | arrays are partitioned to meet performance targets                                     |
|               | (4) simplification         |  7,538       | simplification of design after performance transformations                             |
|               |                            |              |                                                                                        |
| HW Transforms |                            |              | After hardware transfomations                                                          |
|               | (1) lowering               |  7,547       | initial conversion to HW specific instructions                                         |
|               | (2) optimizations          |  7,584       | high level synthesis optimizations                                                     |
+---------------+----------------------------+--------------+----------------------------------------------------------------------------------------+

* Instructions per Function for each Compilation Phase
+----------------------+----------------+----------------+---------------+--------------+-------------+---------------+
| Function             | Location       | Compile/Link   | Unroll/Inline | Array/Struct | Performance | HW Transforms |
+----------------------+----------------+----------------+---------------+--------------+-------------+---------------+
| + street_fighter_cnn | cnn_top.cpp:10 | 3,853          | 5,525         | 5,603        | 7,538       | 7,584         |
|    relu              | cnn_top.cpp:5  |  252 (2 calls) |               |              |             |               |
+----------------------+----------------+----------------+---------------+--------------+-------------+---------------+

* Design Size Message Settings
+---------------------------------------------+--------+------------------------------------------------------------------+
| Message Setting                             | Value  | Description                                                      |
+---------------------------------------------+--------+------------------------------------------------------------------+
| config_compile -design_size_maximum_warning | 100000 | Show a warning when total design instructions exceeds this value |
+---------------------------------------------+--------+------------------------------------------------------------------+


