

================================================================
== Vitis HLS Report for 'street_fighter_cnn'
================================================================
* Date:           Mon Apr  6 15:58:55 2026

* Version:        2025.2 (Build 6295257 on Nov 14 2025)
* Project:        streetfighter
* Solution:       hls (Vitis Kernel Flow Target)
* Product family: zynquplus
* Target device:  xczu3eg-sbva484-1-i


================================================================
== Performance Estimates
================================================================
+ Timing: 
    * Summary: 
    +--------+----------+----------+------------+
    |  Clock |  Target  | Estimated| Uncertainty|
    +--------+----------+----------+------------+
    |ap_clk  |  10.00 ns|  7.300 ns|     2.70 ns|
    +--------+----------+----------+------------+

+ Latency: 
    * Summary: 
    +---------+---------+-----------+-----------+------+------+---------+
    |  Latency (cycles) |   Latency (absolute)  |   Interval  | Pipeline|
    |   min   |   max   |    min    |    max    |  min |  max |   Type  |
    +---------+---------+-----------+-----------+------+------+---------+
    |     3628|     3628|  36.280 us|  36.280 us|  3629|  3629|       no|
    +---------+---------+-----------+-----------+------+------+---------+

    + Detail: 
        * Instance: 
        +--------------------------------------------------------------------+--------------------------------------------------------+---------+---------+-----------+-----------+-----+-----+-------------------+
        |                                                                    |                                                        |  Latency (cycles) |   Latency (absolute)  |  Interval |      Pipeline     |
        |                              Instance                              |                         Module                         |   min   |   max   |    min    |    max    | min | max |        Type       |
        +--------------------------------------------------------------------+--------------------------------------------------------+---------+---------+-----------+-----------+-----+-----+-------------------+
        |grp_street_fighter_cnn_Pipeline_LOAD_INPUT_fu_1007                  |street_fighter_cnn_Pipeline_LOAD_INPUT                  |      123|      123|   1.230 us|   1.230 us|    0|    0|  loop pipeline stp|
        |grp_street_fighter_cnn_Pipeline_CONV1_OUT_VITIS_LOOP_72_1_fu_1046   |street_fighter_cnn_Pipeline_CONV1_OUT_VITIS_LOOP_72_1   |     1294|     1294|  12.940 us|  12.940 us|    0|    0|  loop pipeline stp|
        |grp_street_fighter_cnn_Pipeline_POOL1_VITIS_LOOP_91_3_fu_1144       |street_fighter_cnn_Pipeline_POOL1_VITIS_LOOP_91_3       |      648|      648|   6.480 us|   6.480 us|    0|    0|  loop pipeline stp|
        |grp_street_fighter_cnn_Pipeline_CONV2_OUT_VITIS_LOOP_114_4_fu_1156  |street_fighter_cnn_Pipeline_CONV2_OUT_VITIS_LOOP_114_4  |      988|      988|   9.880 us|   9.880 us|    0|    0|  loop pipeline stp|
        |grp_street_fighter_cnn_Pipeline_ARGMAX_fu_1562                      |street_fighter_cnn_Pipeline_ARGMAX                      |       11|       11|   0.110 us|   0.110 us|    0|    0|  loop pipeline stp|
        |grp_street_fighter_cnn_Pipeline_VITIS_LOOP_136_6_fu_1577            |street_fighter_cnn_Pipeline_VITIS_LOOP_136_6            |       36|       36|   0.360 us|   0.360 us|    0|    0|  loop pipeline stp|
        +--------------------------------------------------------------------+--------------------------------------------------------+---------+---------+-----------+-----------+-----+-----+-------------------+

        * Loop: 
        +------------+---------+---------+----------+-----------+-----------+------+----------+
        |            |  Latency (cycles) | Iteration|  Initiation Interval  | Trip |          |
        |  Loop Name |   min   |   max   |  Latency |  achieved |   target  | Count| Pipelined|
        +------------+---------+---------+----------+-----------+-----------+------+----------+
        |- FC_LAYER  |      400|      400|        40|          -|          -|    10|        no|
        +------------+---------+---------+----------+-----------+-----------+------+----------+



================================================================
== Utilization Estimates
================================================================
* Summary: 
+-----------------+---------+-----+--------+-------+-----+
|       Name      | BRAM_18K| DSP |   FF   |  LUT  | URAM|
+-----------------+---------+-----+--------+-------+-----+
|DSP              |        -|    -|       -|      -|    -|
|Expression       |        -|    -|       0|   3813|    -|
|FIFO             |        -|    -|       -|      -|    -|
|Instance         |        9|  333|   44651|  46810|    0|
|Memory           |       98|    -|     722|    112|    0|
|Multiplexer      |        -|    -|       0|   3883|    -|
|Register         |        -|    -|    1506|      -|    -|
+-----------------+---------+-----+--------+-------+-----+
|Total            |      107|  333|   46879|  54618|    0|
+-----------------+---------+-----+--------+-------+-----+
|Available        |      432|  360|  141120|  70560|    0|
+-----------------+---------+-----+--------+-------+-----+
|Utilization (%)  |       24|   92|      33|     77|    0|
+-----------------+---------+-----+--------+-------+-----+

+ Detail: 
    * Instance: 
    +--------------------------------------------------------------------+--------------------------------------------------------+---------+-----+-------+-------+-----+
    |                              Instance                              |                         Module                         | BRAM_18K| DSP |   FF  |  LUT  | URAM|
    +--------------------------------------------------------------------+--------------------------------------------------------+---------+-----+-------+-------+-----+
    |control_s_axi_U                                                     |control_s_axi                                           |        0|    0|    254|    392|    0|
    |ctlz_16_16_1_1_U649                                                 |ctlz_16_16_1_1                                          |        0|    0|      0|     19|    0|
    |ctlz_16_16_1_1_U650                                                 |ctlz_16_16_1_1                                          |        0|    0|      0|     19|    0|
    |ctlz_16_16_1_1_U651                                                 |ctlz_16_16_1_1                                          |        0|    0|      0|     19|    0|
    |ctlz_16_16_1_1_U652                                                 |ctlz_16_16_1_1                                          |        0|    0|      0|     19|    0|
    |ctlz_16_16_1_1_U653                                                 |ctlz_16_16_1_1                                          |        0|    0|      0|     19|    0|
    |ctlz_16_16_1_1_U654                                                 |ctlz_16_16_1_1                                          |        0|    0|      0|     19|    0|
    |ctlz_16_16_1_1_U655                                                 |ctlz_16_16_1_1                                          |        0|    0|      0|     19|    0|
    |ctlz_16_16_1_1_U656                                                 |ctlz_16_16_1_1                                          |        0|    0|      0|     19|    0|
    |ctlz_16_16_1_1_U657                                                 |ctlz_16_16_1_1                                          |        0|    0|      0|     19|    0|
    |ctlz_16_16_1_1_U658                                                 |ctlz_16_16_1_1                                          |        0|    0|      0|     19|    0|
    |faddfsub_32ns_32ns_32_5_full_dsp_1_U634                             |faddfsub_32ns_32ns_32_5_full_dsp_1                      |        0|    2|    205|    206|    0|
    |fcmp_32ns_32ns_1_2_no_dsp_1_U647                                    |fcmp_32ns_32ns_1_2_no_dsp_1                             |        0|    0|      0|      0|    0|
    |fdiv_32ns_32ns_32_10_no_dsp_1_U645                                  |fdiv_32ns_32ns_32_10_no_dsp_1                           |        0|    0|      0|      0|    0|
    |fexp_32ns_32ns_32_8_full_dsp_1_U648                                 |fexp_32ns_32ns_32_8_full_dsp_1                          |        0|    7|    324|    905|    0|
    |fmul_32ns_32ns_32_4_max_dsp_1_U644                                  |fmul_32ns_32ns_32_4_max_dsp_1                           |        0|    3|    143|    140|    0|
    |fpext_32ns_64_2_no_dsp_1_U646                                       |fpext_32ns_64_2_no_dsp_1                                |        0|    0|      0|      0|    0|
    |fsub_32ns_32ns_32_5_full_dsp_1_U635                                 |fsub_32ns_32ns_32_5_full_dsp_1                          |        0|    2|    205|    206|    0|
    |fsub_32ns_32ns_32_5_full_dsp_1_U636                                 |fsub_32ns_32ns_32_5_full_dsp_1                          |        0|    2|    205|    206|    0|
    |fsub_32ns_32ns_32_5_full_dsp_1_U637                                 |fsub_32ns_32ns_32_5_full_dsp_1                          |        0|    2|    205|    206|    0|
    |fsub_32ns_32ns_32_5_full_dsp_1_U638                                 |fsub_32ns_32ns_32_5_full_dsp_1                          |        0|    2|    205|    206|    0|
    |fsub_32ns_32ns_32_5_full_dsp_1_U639                                 |fsub_32ns_32ns_32_5_full_dsp_1                          |        0|    2|    205|    206|    0|
    |fsub_32ns_32ns_32_5_full_dsp_1_U640                                 |fsub_32ns_32ns_32_5_full_dsp_1                          |        0|    2|    205|    206|    0|
    |fsub_32ns_32ns_32_5_full_dsp_1_U641                                 |fsub_32ns_32ns_32_5_full_dsp_1                          |        0|    2|    205|    206|    0|
    |fsub_32ns_32ns_32_5_full_dsp_1_U642                                 |fsub_32ns_32ns_32_5_full_dsp_1                          |        0|    2|    205|    206|    0|
    |fsub_32ns_32ns_32_5_full_dsp_1_U643                                 |fsub_32ns_32ns_32_5_full_dsp_1                          |        0|    2|    205|    206|    0|
    |gmem0_m_axi_U                                                       |gmem0_m_axi                                             |        8|    0|    772|    844|    0|
    |sparsemux_21_4_32_1_1_U659                                          |sparsemux_21_4_32_1_1                                   |        0|    0|      0|     54|    0|
    |sparsemux_9_3_16_1_1_U660                                           |sparsemux_9_3_16_1_1                                    |        0|    0|      0|     14|    0|
    |grp_street_fighter_cnn_Pipeline_ARGMAX_fu_1562                      |street_fighter_cnn_Pipeline_ARGMAX                      |        0|    0|     55|    191|    0|
    |grp_street_fighter_cnn_Pipeline_CONV1_OUT_VITIS_LOOP_72_1_fu_1046   |street_fighter_cnn_Pipeline_CONV1_OUT_VITIS_LOOP_72_1   |        0|   92|   2513|   5813|    0|
    |grp_street_fighter_cnn_Pipeline_CONV2_OUT_VITIS_LOOP_114_4_fu_1156  |street_fighter_cnn_Pipeline_CONV2_OUT_VITIS_LOOP_114_4  |        0|  204|  37861|  35004|    0|
    |grp_street_fighter_cnn_Pipeline_LOAD_INPUT_fu_1007                  |street_fighter_cnn_Pipeline_LOAD_INPUT                  |        0|    0|    323|    355|    0|
    |grp_street_fighter_cnn_Pipeline_POOL1_VITIS_LOOP_91_3_fu_1144       |street_fighter_cnn_Pipeline_POOL1_VITIS_LOOP_91_3       |        0|    0|    245|    398|    0|
    |grp_street_fighter_cnn_Pipeline_VITIS_LOOP_136_6_fu_1577            |street_fighter_cnn_Pipeline_VITIS_LOOP_136_6            |        1|    7|    111|    450|    0|
    +--------------------------------------------------------------------+--------------------------------------------------------+---------+-----+-------+-------+-----+
    |Total                                                               |                                                        |        9|  333|  44651|  46810|    0|
    +--------------------------------------------------------------------+--------------------------------------------------------+---------+-----+-------+-------+-----+

    * DSP: 
    N/A

    * Memory: 
    +------------------+------------------------------+---------+----+----+-----+------+-----+------+-------------+
    |      Memory      |            Module            | BRAM_18K| FF | LUT| URAM| Words| Bits| Banks| W*Bits*Banks|
    +------------------+------------------------------+---------+----+----+-----+------+-----+------+-------------+
    |FC_B_U            |FC_B_ROM_AUTO_1R              |        0|  12|   2|    0|    10|   12|     1|          120|
    |conv1_out_U       |conv1_out_RAM_AUTO_1R1W       |        1|   0|   0|    0|   640|   15|     1|         9600|
    |conv1_out_1_U     |conv1_out_RAM_AUTO_1R1W       |        1|   0|   0|    0|   640|   15|     1|         9600|
    |conv2_out_U       |conv2_out_RAM_AUTO_1R1W       |        0|  15|   8|    0|    32|   15|     1|          480|
    |conv2_out_1_U     |conv2_out_RAM_AUTO_1R1W       |        0|  15|   8|    0|    32|   15|     1|          480|
    |conv2_out_2_U     |conv2_out_RAM_AUTO_1R1W       |        0|  15|   8|    0|    32|   15|     1|          480|
    |conv2_out_3_U     |conv2_out_RAM_AUTO_1R1W       |        0|  15|   8|    0|    32|   15|     1|          480|
    |conv2_out_4_U     |conv2_out_RAM_AUTO_1R1W       |        0|  15|   8|    0|    32|   15|     1|          480|
    |conv2_out_5_U     |conv2_out_RAM_AUTO_1R1W       |        0|  15|   8|    0|    32|   15|     1|          480|
    |conv2_out_6_U     |conv2_out_RAM_AUTO_1R1W       |        0|  15|   8|    0|    32|   15|     1|          480|
    |conv2_out_7_U     |conv2_out_RAM_AUTO_1R1W       |        0|  15|   8|    0|    32|   15|     1|          480|
    |conv2_out_8_U     |conv2_out_RAM_AUTO_1R1W       |        0|  15|   8|    0|    32|   15|     1|          480|
    |conv2_out_9_U     |conv2_out_RAM_AUTO_1R1W       |        0|  15|   8|    0|    32|   15|     1|          480|
    |local_input_5_U   |local_input_5_RAM_AUTO_1R1W   |        0|  32|   1|    0|     4|   16|     1|           64|
    |local_input_6_U   |local_input_5_RAM_AUTO_1R1W   |        0|  32|   1|    0|     4|   16|     1|           64|
    |local_input_7_U   |local_input_5_RAM_AUTO_1R1W   |        0|  32|   1|    0|     4|   16|     1|           64|
    |local_input_8_U   |local_input_5_RAM_AUTO_1R1W   |        0|  32|   1|    0|     4|   16|     1|           64|
    |local_input_9_U   |local_input_5_RAM_AUTO_1R1W   |        0|  32|   1|    0|     4|   16|     1|           64|
    |local_input_U     |local_input_RAM_AUTO_1R1W     |        0|  16|   1|    0|     4|   16|     1|           64|
    |local_input_1_U   |local_input_RAM_AUTO_1R1W     |        0|  16|   1|    0|     4|   16|     1|           64|
    |local_input_2_U   |local_input_RAM_AUTO_1R1W     |        0|  16|   1|    0|     4|   16|     1|           64|
    |local_input_3_U   |local_input_RAM_AUTO_1R1W     |        0|  16|   1|    0|     4|   16|     1|           64|
    |local_input_4_U   |local_input_RAM_AUTO_1R1W     |        0|  16|   1|    0|     4|   16|     1|           64|
    |local_input_10_U  |local_input_RAM_AUTO_1R1W     |        0|  16|   1|    0|     4|   16|     1|           64|
    |local_input_11_U  |local_input_RAM_AUTO_1R1W     |        0|  16|   1|    0|     4|   16|     1|           64|
    |local_input_12_U  |local_input_RAM_AUTO_1R1W     |        0|  16|   1|    0|     4|   16|     1|           64|
    |local_input_13_U  |local_input_RAM_AUTO_1R1W     |        0|  16|   1|    0|     4|   16|     1|           64|
    |local_input_14_U  |local_input_RAM_AUTO_1R1W     |        0|  16|   1|    0|     4|   16|     1|           64|
    |local_input_15_U  |local_input_RAM_AUTO_1R1W     |        0|  16|   1|    0|     4|   16|     1|           64|
    |local_input_16_U  |local_input_RAM_AUTO_1R1W     |        0|  16|   1|    0|     4|   16|     1|           64|
    |local_input_17_U  |local_input_RAM_AUTO_1R1W     |        0|  16|   1|    0|     4|   16|     1|           64|
    |local_input_18_U  |local_input_RAM_AUTO_1R1W     |        0|  16|   1|    0|     4|   16|     1|           64|
    |local_input_19_U  |local_input_RAM_AUTO_1R1W     |        0|  16|   1|    0|     4|   16|     1|           64|
    |local_input_20_U  |local_input_RAM_AUTO_1R1W     |        0|  16|   1|    0|     4|   16|     1|           64|
    |local_input_21_U  |local_input_RAM_AUTO_1R1W     |        0|  16|   1|    0|     4|   16|     1|           64|
    |local_input_22_U  |local_input_RAM_AUTO_1R1W     |        0|  16|   1|    0|     4|   16|     1|           64|
    |local_input_23_U  |local_input_RAM_AUTO_1R1W     |        0|  16|   1|    0|     4|   16|     1|           64|
    |local_input_24_U  |local_input_RAM_AUTO_1R1W     |        0|  16|   1|    0|     4|   16|     1|           64|
    |local_input_25_U  |local_input_RAM_AUTO_1R1W     |        0|  16|   1|    0|     4|   16|     1|           64|
    |local_input_26_U  |local_input_RAM_AUTO_1R1W     |        0|  16|   1|    0|     4|   16|     1|           64|
    |local_input_27_U  |local_input_RAM_AUTO_1R1W     |        0|  16|   1|    0|     4|   16|     1|           64|
    |local_input_28_U  |local_input_RAM_AUTO_1R1W     |        0|  16|   1|    0|     4|   16|     1|           64|
    |local_input_29_U  |local_input_RAM_AUTO_1R1W     |        0|  16|   1|    0|     4|   16|     1|           64|
    |pool1_out_U       |pool1_out_RAM_1WNR_AUTO_1R1W  |       16|   0|   0|    0|   128|   15|     1|         1920|
    |pool1_out_1_U     |pool1_out_RAM_1WNR_AUTO_1R1W  |       16|   0|   0|    0|   128|   15|     1|         1920|
    |pool1_out_2_U     |pool1_out_RAM_1WNR_AUTO_1R1W  |       16|   0|   0|    0|   128|   15|     1|         1920|
    |pool1_out_3_U     |pool1_out_RAM_1WNR_AUTO_1R1W  |       16|   0|   0|    0|   128|   15|     1|         1920|
    |pool1_out_4_U     |pool1_out_RAM_1WNR_AUTO_1R1W  |       16|   0|   0|    0|   128|   15|     1|         1920|
    |pool1_out_5_U     |pool1_out_RAM_1WNR_AUTO_1R1W  |       16|   0|   0|    0|   128|   15|     1|         1920|
    +------------------+------------------------------+---------+----+----+-----+------+-----+------+-------------+
    |Total             |                              |       98| 722| 112|    0|  2498|  762|    49|        37560|
    +------------------+------------------------------+---------+----+----+-----+------+-----+------+-------------+

    * FIFO: 
    N/A

    * Expression: 
    +----------------------------+----------+----+---+-----+------------+------------+
    |        Variable Name       | Operation| DSP| FF| LUT | Bitwidth P0| Bitwidth P1|
    +----------------------------+----------+----+---+-----+------------+------------+
    |add_ln134_fu_1756_p2        |         +|   0|  0|   12|           4|           1|
    |add_ln185_10_fu_2772_p2     |         +|   0|  0|   12|           5|           4|
    |add_ln185_11_fu_2828_p2     |         +|   0|  0|   15|           8|           8|
    |add_ln185_12_fu_2901_p2     |         +|   0|  0|   12|           5|           4|
    |add_ln185_13_fu_2957_p2     |         +|   0|  0|   15|           8|           8|
    |add_ln185_14_fu_3030_p2     |         +|   0|  0|   12|           5|           4|
    |add_ln185_15_fu_3086_p2     |         +|   0|  0|   15|           8|           8|
    |add_ln185_16_fu_3159_p2     |         +|   0|  0|   12|           5|           4|
    |add_ln185_17_fu_3215_p2     |         +|   0|  0|   15|           8|           8|
    |add_ln185_18_fu_3288_p2     |         +|   0|  0|   12|           5|           4|
    |add_ln185_19_fu_3344_p2     |         +|   0|  0|   15|           8|           8|
    |add_ln185_1_fu_2183_p2      |         +|   0|  0|   15|           8|           8|
    |add_ln185_2_fu_2256_p2      |         +|   0|  0|   12|           5|           4|
    |add_ln185_3_fu_2312_p2      |         +|   0|  0|   15|           8|           8|
    |add_ln185_4_fu_2385_p2      |         +|   0|  0|   12|           5|           4|
    |add_ln185_5_fu_2441_p2      |         +|   0|  0|   15|           8|           8|
    |add_ln185_6_fu_2514_p2      |         +|   0|  0|   12|           5|           4|
    |add_ln185_7_fu_2570_p2      |         +|   0|  0|   15|           8|           8|
    |add_ln185_8_fu_2643_p2      |         +|   0|  0|   12|           5|           4|
    |add_ln185_9_fu_2699_p2      |         +|   0|  0|   15|           8|           8|
    |add_ln185_fu_2127_p2        |         +|   0|  0|   12|           5|           4|
    |add_ln200_fu_3616_p2        |         +|   0|  0|   18|          11|           5|
    |sub_ln185_10_fu_2745_p2     |         -|   0|  0|   23|           1|          16|
    |sub_ln185_11_fu_2818_p2     |         -|   0|  0|   12|           3|           5|
    |sub_ln185_12_fu_2874_p2     |         -|   0|  0|   23|           1|          16|
    |sub_ln185_13_fu_2947_p2     |         -|   0|  0|   12|           3|           5|
    |sub_ln185_14_fu_3003_p2     |         -|   0|  0|   23|           1|          16|
    |sub_ln185_15_fu_3076_p2     |         -|   0|  0|   12|           3|           5|
    |sub_ln185_16_fu_3132_p2     |         -|   0|  0|   23|           1|          16|
    |sub_ln185_17_fu_3205_p2     |         -|   0|  0|   12|           3|           5|
    |sub_ln185_18_fu_3261_p2     |         -|   0|  0|   23|           1|          16|
    |sub_ln185_19_fu_3334_p2     |         -|   0|  0|   12|           3|           5|
    |sub_ln185_1_fu_2173_p2      |         -|   0|  0|   12|           3|           5|
    |sub_ln185_2_fu_2229_p2      |         -|   0|  0|   23|           1|          16|
    |sub_ln185_3_fu_2302_p2      |         -|   0|  0|   12|           3|           5|
    |sub_ln185_4_fu_2358_p2      |         -|   0|  0|   23|           1|          16|
    |sub_ln185_5_fu_2431_p2      |         -|   0|  0|   12|           3|           5|
    |sub_ln185_6_fu_2487_p2      |         -|   0|  0|   23|           1|          16|
    |sub_ln185_7_fu_2560_p2      |         -|   0|  0|   12|           3|           5|
    |sub_ln185_8_fu_2616_p2      |         -|   0|  0|   23|           1|          16|
    |sub_ln185_9_fu_2689_p2      |         -|   0|  0|   12|           3|           5|
    |sub_ln185_fu_2100_p2        |         -|   0|  0|   23|           1|          16|
    |sub_ln200_1_fu_3600_p2      |         -|   0|  0|   19|          11|          12|
    |sub_ln200_2_fu_3622_p2      |         -|   0|  0|   18|           4|          11|
    |sub_ln200_fu_3587_p2        |         -|   0|  0|   61|           1|          54|
    |pi_assign_1_fu_2325_p5      |      1003|   0|  0|    2|          64|           9|
    |pi_assign_2_fu_2454_p5      |      1003|   0|  0|    2|          64|           9|
    |pi_assign_3_fu_2583_p5      |      1003|   0|  0|    2|          64|           9|
    |pi_assign_4_fu_2712_p5      |      1003|   0|  0|    2|          64|           9|
    |pi_assign_5_fu_2841_p5      |      1003|   0|  0|    2|          64|           9|
    |pi_assign_6_fu_2970_p5      |      1003|   0|  0|    2|          64|           9|
    |pi_assign_7_fu_3099_p5      |      1003|   0|  0|    2|          64|           9|
    |pi_assign_8_fu_3228_p5      |      1003|   0|  0|    2|          64|           9|
    |pi_assign_9_fu_3357_p5      |      1003|   0|  0|    2|          64|           9|
    |pi_assign_fu_2196_p5        |      1003|   0|  0|    2|          64|           9|
    |and_ln197_fu_3476_p2        |       and|   0|  0|    2|           1|           1|
    |and_ln198_fu_3525_p2        |       and|   0|  0|    2|           1|           1|
    |and_ln200_1_fu_3737_p2      |       and|   0|  0|    2|           1|           1|
    |and_ln200_fu_3720_p2        |       and|   0|  0|    2|           1|           1|
    |ashr_ln200_fu_3663_p2       |      ashr|   0|  0|  159|          54|          54|
    |icmp_ln134_fu_1750_p2       |      icmp|   0|  0|   12|           4|           4|
    |icmp_ln145_fu_1868_p2       |      icmp|   0|  0|   12|           4|           1|
    |icmp_ln147_1_fu_1878_p2     |      icmp|   0|  0|   12|           4|           2|
    |icmp_ln147_2_fu_1883_p2     |      icmp|   0|  0|   12|           4|           2|
    |icmp_ln147_3_fu_1888_p2     |      icmp|   0|  0|   12|           4|           3|
    |icmp_ln147_4_fu_1893_p2     |      icmp|   0|  0|   12|           4|           3|
    |icmp_ln147_5_fu_1898_p2     |      icmp|   0|  0|   12|           4|           3|
    |icmp_ln147_6_fu_1903_p2     |      icmp|   0|  0|   12|           4|           3|
    |icmp_ln147_7_fu_1908_p2     |      icmp|   0|  0|   12|           4|           5|
    |icmp_ln147_fu_1873_p2       |      icmp|   0|  0|   12|           4|           1|
    |icmp_ln185_1_fu_2224_p2     |      icmp|   0|  0|   23|          16|           1|
    |icmp_ln185_2_fu_2353_p2     |      icmp|   0|  0|   23|          16|           1|
    |icmp_ln185_3_fu_2482_p2     |      icmp|   0|  0|   23|          16|           1|
    |icmp_ln185_4_fu_2611_p2     |      icmp|   0|  0|   23|          16|           1|
    |icmp_ln185_5_fu_2740_p2     |      icmp|   0|  0|   23|          16|           1|
    |icmp_ln185_6_fu_2869_p2     |      icmp|   0|  0|   23|          16|           1|
    |icmp_ln185_7_fu_2998_p2     |      icmp|   0|  0|   23|          16|           1|
    |icmp_ln185_8_fu_3127_p2     |      icmp|   0|  0|   23|          16|           1|
    |icmp_ln185_9_fu_3256_p2     |      icmp|   0|  0|   23|          16|           1|
    |icmp_ln185_fu_2095_p2       |      icmp|   0|  0|   23|          16|           1|
    |icmp_ln197_1_fu_3464_p2     |      icmp|   0|  0|   30|          23|           1|
    |icmp_ln197_fu_3458_p2       |      icmp|   0|  0|   15|           8|           2|
    |icmp_ln198_1_fu_3515_p2     |      icmp|   0|  0|   30|          23|           1|
    |icmp_ln198_fu_3509_p2       |      icmp|   0|  0|   15|           8|           2|
    |icmp_ln200_1_fu_3610_p2     |      icmp|   0|  0|   19|          12|           4|
    |icmp_ln200_2_fu_3636_p2     |      icmp|   0|  0|   19|          12|           4|
    |icmp_ln200_3_fu_3646_p2     |      icmp|   0|  0|   18|          11|           6|
    |icmp_ln200_4_fu_3691_p2     |      icmp|   0|  0|   14|           7|           1|
    |icmp_ln200_fu_3567_p2       |      icmp|   0|  0|   70|          63|           1|
    |ap_block_state1             |        or|   0|  0|    2|           1|           1|
    |or_ln147_1_fu_1919_p2       |        or|   0|  0|    2|           1|           1|
    |or_ln147_2_fu_1925_p2       |        or|   0|  0|    2|           1|           1|
    |or_ln147_3_fu_1931_p2       |        or|   0|  0|    2|           1|           1|
    |or_ln147_4_fu_1937_p2       |        or|   0|  0|    2|           1|           1|
    |or_ln147_5_fu_1943_p2       |        or|   0|  0|    2|           1|           1|
    |or_ln147_6_fu_1949_p2       |        or|   0|  0|    2|           1|           1|
    |or_ln147_7_fu_1955_p2       |        or|   0|  0|    2|           1|           1|
    |or_ln147_fu_1913_p2         |        or|   0|  0|    2|           1|           1|
    |or_ln197_fu_3470_p2         |        or|   0|  0|    2|           1|           1|
    |or_ln198_fu_3521_p2         |        or|   0|  0|    2|           1|           1|
    |or_ln200_fu_3726_p2         |        or|   0|  0|    2|           1|           1|
    |f_conf_1_fu_3482_p3         |    select|   0|  0|   32|           1|          31|
    |f_scores_1_fu_2345_p3       |    select|   0|  0|   32|           1|           1|
    |f_scores_2_fu_2474_p3       |    select|   0|  0|   32|           1|           1|
    |f_scores_3_fu_2603_p3       |    select|   0|  0|   32|           1|           1|
    |f_scores_4_fu_2732_p3       |    select|   0|  0|   32|           1|           1|
    |f_scores_5_fu_2861_p3       |    select|   0|  0|   32|           1|           1|
    |f_scores_6_fu_2990_p3       |    select|   0|  0|   32|           1|           1|
    |f_scores_7_fu_3119_p3       |    select|   0|  0|   32|           1|           1|
    |f_scores_8_fu_3248_p3       |    select|   0|  0|   32|           1|           1|
    |f_scores_9_fu_3377_p3       |    select|   0|  0|   32|           1|           1|
    |f_scores_fu_2216_p3         |    select|   0|  0|   32|           1|           1|
    |final_scores_10_fu_2025_p3  |    select|   0|  0|   16|           1|          16|
    |final_scores_11_fu_2017_p3  |    select|   0|  0|   16|           1|          16|
    |final_scores_12_fu_2009_p3  |    select|   0|  0|   16|           1|          16|
    |final_scores_13_fu_2001_p3  |    select|   0|  0|   16|           1|          16|
    |final_scores_14_fu_1993_p3  |    select|   0|  0|   16|           1|          16|
    |final_scores_15_fu_1985_p3  |    select|   0|  0|   16|           1|          16|
    |final_scores_16_fu_1977_p3  |    select|   0|  0|   16|           1|          16|
    |final_scores_17_fu_1969_p3  |    select|   0|  0|   16|           1|          16|
    |final_scores_19_fu_2033_p3  |    select|   0|  0|   16|           1|          16|
    |final_scores_9_fu_1961_p3   |    select|   0|  0|   16|           1|          16|
    |select_ln185_10_fu_2750_p3  |    select|   0|  0|   16|           1|          16|
    |select_ln185_11_fu_2810_p3  |    select|   0|  0|    7|           1|           7|
    |select_ln185_12_fu_2879_p3  |    select|   0|  0|   16|           1|          16|
    |select_ln185_13_fu_2939_p3  |    select|   0|  0|    7|           1|           7|
    |select_ln185_14_fu_3008_p3  |    select|   0|  0|   16|           1|          16|
    |select_ln185_15_fu_3068_p3  |    select|   0|  0|    7|           1|           7|
    |select_ln185_16_fu_3137_p3  |    select|   0|  0|   16|           1|          16|
    |select_ln185_17_fu_3197_p3  |    select|   0|  0|    7|           1|           7|
    |select_ln185_18_fu_3266_p3  |    select|   0|  0|   16|           1|          16|
    |select_ln185_19_fu_3326_p3  |    select|   0|  0|    7|           1|           7|
    |select_ln185_1_fu_2165_p3   |    select|   0|  0|    7|           1|           7|
    |select_ln185_2_fu_2234_p3   |    select|   0|  0|   16|           1|          16|
    |select_ln185_3_fu_2294_p3   |    select|   0|  0|    7|           1|           7|
    |select_ln185_4_fu_2363_p3   |    select|   0|  0|   16|           1|          16|
    |select_ln185_5_fu_2423_p3   |    select|   0|  0|    7|           1|           7|
    |select_ln185_6_fu_2492_p3   |    select|   0|  0|   16|           1|          16|
    |select_ln185_7_fu_2552_p3   |    select|   0|  0|    7|           1|           7|
    |select_ln185_8_fu_2621_p3   |    select|   0|  0|   16|           1|          16|
    |select_ln185_9_fu_2681_p3   |    select|   0|  0|    7|           1|           7|
    |select_ln185_fu_2105_p3     |    select|   0|  0|   16|           1|          16|
    |select_ln200_1_fu_3628_p3   |    select|   0|  0|   10|           1|          11|
    |select_ln200_4_fu_3652_p3   |    select|   0|  0|    2|           1|           2|
    |select_ln200_fu_3593_p3     |    select|   0|  0|   53|           1|          54|
    |select_ln726_fu_3535_p3     |    select|   0|  0|   56|           1|           1|
    |storemerge4_i_fu_3752_p6    |    select|   0|  0|   16|           1|          16|
    |storemerge4_i_fu_3752_p8    |    select|   0|  0|   16|           1|          16|
    |shl_ln185_1_fu_2266_p2      |       shl|   0|  0|  134|          41|          41|
    |shl_ln185_2_fu_2395_p2      |       shl|   0|  0|  134|          41|          41|
    |shl_ln185_3_fu_2524_p2      |       shl|   0|  0|  134|          41|          41|
    |shl_ln185_4_fu_2653_p2      |       shl|   0|  0|  134|          41|          41|
    |shl_ln185_5_fu_2782_p2      |       shl|   0|  0|  134|          41|          41|
    |shl_ln185_6_fu_2911_p2      |       shl|   0|  0|  134|          41|          41|
    |shl_ln185_7_fu_3040_p2      |       shl|   0|  0|  134|          41|          41|
    |shl_ln185_8_fu_3169_p2      |       shl|   0|  0|  134|          41|          41|
    |shl_ln185_9_fu_3298_p2      |       shl|   0|  0|  134|          41|          41|
    |shl_ln185_fu_2137_p2        |       shl|   0|  0|  134|          41|          41|
    |shl_ln200_fu_3701_p2        |       shl|   0|  0|   35|          16|          16|
    |xor_ln200_1_fu_3731_p2      |       xor|   0|  0|    2|           1|           2|
    |xor_ln200_fu_3715_p2        |       xor|   0|  0|    2|           1|           2|
    +----------------------------+----------+----+---+-----+------------+------------+
    |Total                       |          |   0|  0| 3813|        1753|        1593|
    +----------------------------+----------+----+---+-----+------------+------------+

    * Multiplexer: 
    +-------------------------+-----+-----------+-----+-----------+
    |           Name          | LUT | Input Size| Bits| Total Bits|
    +-------------------------+-----+-----------+-----+-----------+
    |ap_NS_fsm                |  893|        169|    1|        169|
    |ap_done                  |    9|          2|    1|          2|
    |confidence               |    9|          2|   16|         32|
    |conv1_out_1_address0     |   14|          3|   10|         30|
    |conv1_out_1_ce0          |   14|          3|    1|          3|
    |conv1_out_1_ce1          |    9|          2|    1|          2|
    |conv1_out_1_we0          |    9|          2|    1|          2|
    |conv1_out_address0       |   14|          3|   10|         30|
    |conv1_out_ce0            |   14|          3|    1|          3|
    |conv1_out_ce1            |    9|          2|    1|          2|
    |conv1_out_we0            |    9|          2|    1|          2|
    |conv2_out_1_address0     |   14|          3|    5|         15|
    |conv2_out_1_ce0          |   14|          3|    1|          3|
    |conv2_out_1_we0          |    9|          2|    1|          2|
    |conv2_out_2_address0     |   14|          3|    5|         15|
    |conv2_out_2_ce0          |   14|          3|    1|          3|
    |conv2_out_2_we0          |    9|          2|    1|          2|
    |conv2_out_3_address0     |   14|          3|    5|         15|
    |conv2_out_3_ce0          |   14|          3|    1|          3|
    |conv2_out_3_we0          |    9|          2|    1|          2|
    |conv2_out_4_address0     |   14|          3|    5|         15|
    |conv2_out_4_ce0          |   14|          3|    1|          3|
    |conv2_out_4_we0          |    9|          2|    1|          2|
    |conv2_out_5_address0     |   14|          3|    5|         15|
    |conv2_out_5_ce0          |   14|          3|    1|          3|
    |conv2_out_5_we0          |    9|          2|    1|          2|
    |conv2_out_6_address0     |   14|          3|    5|         15|
    |conv2_out_6_ce0          |   14|          3|    1|          3|
    |conv2_out_6_we0          |    9|          2|    1|          2|
    |conv2_out_7_address0     |   14|          3|    5|         15|
    |conv2_out_7_ce0          |   14|          3|    1|          3|
    |conv2_out_7_we0          |    9|          2|    1|          2|
    |conv2_out_8_address0     |   14|          3|    5|         15|
    |conv2_out_8_ce0          |   14|          3|    1|          3|
    |conv2_out_8_we0          |    9|          2|    1|          2|
    |conv2_out_9_address0     |   14|          3|    5|         15|
    |conv2_out_9_ce0          |   14|          3|    1|          3|
    |conv2_out_9_we0          |    9|          2|    1|          2|
    |conv2_out_address0       |   14|          3|    5|         15|
    |conv2_out_ce0            |   14|          3|    1|          3|
    |conv2_out_we0            |    9|          2|    1|          2|
    |dbg_gap0                 |    9|          2|   16|         32|
    |dbg_in0                  |    9|          2|   16|         32|
    |dbg_l1_0                 |    9|          2|   15|         30|
    |dbg_score0               |    9|          2|   16|         32|
    |gmem0_0_ARADDR           |   14|          3|   64|        192|
    |gmem0_0_ARLEN            |   14|          3|   32|         96|
    |gmem0_0_ARVALID          |   14|          3|    1|          3|
    |gmem0_0_RREADY           |    9|          2|    1|          2|
    |gmem0_blk_n_AR           |    9|          2|    1|          2|
    |grp_fu_1599_opcode       |   14|          3|    2|          6|
    |grp_fu_1599_p0           |   20|          4|   32|        128|
    |grp_fu_1599_p1           |   20|          4|   32|        128|
    |grp_fu_1653_opcode       |   14|          3|    5|         15|
    |grp_fu_1653_p0           |   14|          3|   32|         96|
    |grp_fu_1653_p1           |   14|          3|   32|         96|
    |grp_fu_1659_p1           |   59|         11|   32|        352|
    |i_1_fu_696               |    9|          2|    4|          8|
    |local_input_10_address0  |   14|          3|    2|          6|
    |local_input_10_ce0       |   14|          3|    1|          3|
    |local_input_10_we0       |    9|          2|    1|          2|
    |local_input_11_address0  |   14|          3|    2|          6|
    |local_input_11_ce0       |   14|          3|    1|          3|
    |local_input_11_we0       |    9|          2|    1|          2|
    |local_input_12_address0  |   14|          3|    2|          6|
    |local_input_12_ce0       |   14|          3|    1|          3|
    |local_input_12_we0       |    9|          2|    1|          2|
    |local_input_13_address0  |   14|          3|    2|          6|
    |local_input_13_ce0       |   14|          3|    1|          3|
    |local_input_13_we0       |    9|          2|    1|          2|
    |local_input_14_address0  |   14|          3|    2|          6|
    |local_input_14_ce0       |   14|          3|    1|          3|
    |local_input_14_we0       |    9|          2|    1|          2|
    |local_input_15_address0  |   14|          3|    2|          6|
    |local_input_15_ce0       |   14|          3|    1|          3|
    |local_input_15_we0       |    9|          2|    1|          2|
    |local_input_16_address0  |   14|          3|    2|          6|
    |local_input_16_ce0       |   14|          3|    1|          3|
    |local_input_16_we0       |    9|          2|    1|          2|
    |local_input_17_address0  |   14|          3|    2|          6|
    |local_input_17_ce0       |   14|          3|    1|          3|
    |local_input_17_we0       |    9|          2|    1|          2|
    |local_input_18_address0  |   14|          3|    2|          6|
    |local_input_18_ce0       |   14|          3|    1|          3|
    |local_input_18_we0       |    9|          2|    1|          2|
    |local_input_19_address0  |   14|          3|    2|          6|
    |local_input_19_ce0       |   14|          3|    1|          3|
    |local_input_19_we0       |    9|          2|    1|          2|
    |local_input_1_address0   |   14|          3|    2|          6|
    |local_input_1_ce0        |   14|          3|    1|          3|
    |local_input_1_we0        |    9|          2|    1|          2|
    |local_input_20_address0  |   14|          3|    2|          6|
    |local_input_20_ce0       |   14|          3|    1|          3|
    |local_input_20_we0       |    9|          2|    1|          2|
    |local_input_21_address0  |   14|          3|    2|          6|
    |local_input_21_ce0       |   14|          3|    1|          3|
    |local_input_21_we0       |    9|          2|    1|          2|
    |local_input_22_address0  |   14|          3|    2|          6|
    |local_input_22_ce0       |   14|          3|    1|          3|
    |local_input_22_we0       |    9|          2|    1|          2|
    |local_input_23_address0  |   14|          3|    2|          6|
    |local_input_23_ce0       |   14|          3|    1|          3|
    |local_input_23_we0       |    9|          2|    1|          2|
    |local_input_24_address0  |   14|          3|    2|          6|
    |local_input_24_ce0       |   14|          3|    1|          3|
    |local_input_24_we0       |    9|          2|    1|          2|
    |local_input_25_address0  |   14|          3|    2|          6|
    |local_input_25_ce0       |   14|          3|    1|          3|
    |local_input_25_we0       |    9|          2|    1|          2|
    |local_input_26_address0  |   14|          3|    2|          6|
    |local_input_26_ce0       |   14|          3|    1|          3|
    |local_input_26_we0       |    9|          2|    1|          2|
    |local_input_27_address0  |   14|          3|    2|          6|
    |local_input_27_ce0       |   14|          3|    1|          3|
    |local_input_27_we0       |    9|          2|    1|          2|
    |local_input_28_address0  |   14|          3|    2|          6|
    |local_input_28_ce0       |   14|          3|    1|          3|
    |local_input_28_we0       |    9|          2|    1|          2|
    |local_input_29_address0  |   14|          3|    2|          6|
    |local_input_29_ce0       |   14|          3|    1|          3|
    |local_input_29_we0       |    9|          2|    1|          2|
    |local_input_2_address0   |   14|          3|    2|          6|
    |local_input_2_ce0        |   14|          3|    1|          3|
    |local_input_2_we0        |    9|          2|    1|          2|
    |local_input_3_address0   |   14|          3|    2|          6|
    |local_input_3_ce0        |   14|          3|    1|          3|
    |local_input_3_we0        |    9|          2|    1|          2|
    |local_input_4_address0   |   14|          3|    2|          6|
    |local_input_4_ce0        |   14|          3|    1|          3|
    |local_input_4_we0        |    9|          2|    1|          2|
    |local_input_5_address0   |   14|          3|    2|          6|
    |local_input_5_ce0        |   14|          3|    1|          3|
    |local_input_5_ce1        |    9|          2|    1|          2|
    |local_input_5_we0        |    9|          2|    1|          2|
    |local_input_6_address0   |   14|          3|    2|          6|
    |local_input_6_ce0        |   14|          3|    1|          3|
    |local_input_6_ce1        |    9|          2|    1|          2|
    |local_input_6_we0        |    9|          2|    1|          2|
    |local_input_7_address0   |   14|          3|    2|          6|
    |local_input_7_ce0        |   14|          3|    1|          3|
    |local_input_7_ce1        |    9|          2|    1|          2|
    |local_input_7_we0        |    9|          2|    1|          2|
    |local_input_8_address0   |   14|          3|    2|          6|
    |local_input_8_ce0        |   14|          3|    1|          3|
    |local_input_8_ce1        |    9|          2|    1|          2|
    |local_input_8_we0        |    9|          2|    1|          2|
    |local_input_9_address0   |   14|          3|    2|          6|
    |local_input_9_ce0        |   14|          3|    1|          3|
    |local_input_9_ce1        |    9|          2|    1|          2|
    |local_input_9_we0        |    9|          2|    1|          2|
    |local_input_address0     |   14|          3|    2|          6|
    |local_input_ce0          |   14|          3|    1|          3|
    |local_input_we0          |    9|          2|    1|          2|
    |pool1_out_1_address0     |   14|          3|    7|         21|
    |pool1_out_1_ce0          |   14|          3|    1|          3|
    |pool1_out_1_ce1          |    9|          2|    1|          2|
    |pool1_out_1_ce10         |    9|          2|    1|          2|
    |pool1_out_1_ce11         |    9|          2|    1|          2|
    |pool1_out_1_ce12         |    9|          2|    1|          2|
    |pool1_out_1_ce13         |    9|          2|    1|          2|
    |pool1_out_1_ce14         |    9|          2|    1|          2|
    |pool1_out_1_ce15         |    9|          2|    1|          2|
    |pool1_out_1_ce16         |    9|          2|    1|          2|
    |pool1_out_1_ce2          |    9|          2|    1|          2|
    |pool1_out_1_ce3          |    9|          2|    1|          2|
    |pool1_out_1_ce4          |    9|          2|    1|          2|
    |pool1_out_1_ce5          |    9|          2|    1|          2|
    |pool1_out_1_ce6          |    9|          2|    1|          2|
    |pool1_out_1_ce7          |    9|          2|    1|          2|
    |pool1_out_1_ce8          |    9|          2|    1|          2|
    |pool1_out_1_ce9          |    9|          2|    1|          2|
    |pool1_out_1_we0          |    9|          2|    1|          2|
    |pool1_out_2_address0     |   14|          3|    7|         21|
    |pool1_out_2_ce0          |   14|          3|    1|          3|
    |pool1_out_2_ce1          |    9|          2|    1|          2|
    |pool1_out_2_ce10         |    9|          2|    1|          2|
    |pool1_out_2_ce11         |    9|          2|    1|          2|
    |pool1_out_2_ce12         |    9|          2|    1|          2|
    |pool1_out_2_ce13         |    9|          2|    1|          2|
    |pool1_out_2_ce14         |    9|          2|    1|          2|
    |pool1_out_2_ce15         |    9|          2|    1|          2|
    |pool1_out_2_ce16         |    9|          2|    1|          2|
    |pool1_out_2_ce2          |    9|          2|    1|          2|
    |pool1_out_2_ce3          |    9|          2|    1|          2|
    |pool1_out_2_ce4          |    9|          2|    1|          2|
    |pool1_out_2_ce5          |    9|          2|    1|          2|
    |pool1_out_2_ce6          |    9|          2|    1|          2|
    |pool1_out_2_ce7          |    9|          2|    1|          2|
    |pool1_out_2_ce8          |    9|          2|    1|          2|
    |pool1_out_2_ce9          |    9|          2|    1|          2|
    |pool1_out_2_we0          |    9|          2|    1|          2|
    |pool1_out_3_address0     |   14|          3|    7|         21|
    |pool1_out_3_ce0          |   14|          3|    1|          3|
    |pool1_out_3_ce1          |    9|          2|    1|          2|
    |pool1_out_3_ce10         |    9|          2|    1|          2|
    |pool1_out_3_ce11         |    9|          2|    1|          2|
    |pool1_out_3_ce12         |    9|          2|    1|          2|
    |pool1_out_3_ce13         |    9|          2|    1|          2|
    |pool1_out_3_ce14         |    9|          2|    1|          2|
    |pool1_out_3_ce15         |    9|          2|    1|          2|
    |pool1_out_3_ce16         |    9|          2|    1|          2|
    |pool1_out_3_ce2          |    9|          2|    1|          2|
    |pool1_out_3_ce3          |    9|          2|    1|          2|
    |pool1_out_3_ce4          |    9|          2|    1|          2|
    |pool1_out_3_ce5          |    9|          2|    1|          2|
    |pool1_out_3_ce6          |    9|          2|    1|          2|
    |pool1_out_3_ce7          |    9|          2|    1|          2|
    |pool1_out_3_ce8          |    9|          2|    1|          2|
    |pool1_out_3_ce9          |    9|          2|    1|          2|
    |pool1_out_3_we0          |    9|          2|    1|          2|
    |pool1_out_4_address0     |   14|          3|    7|         21|
    |pool1_out_4_ce0          |   14|          3|    1|          3|
    |pool1_out_4_ce1          |    9|          2|    1|          2|
    |pool1_out_4_ce10         |    9|          2|    1|          2|
    |pool1_out_4_ce11         |    9|          2|    1|          2|
    |pool1_out_4_ce12         |    9|          2|    1|          2|
    |pool1_out_4_ce13         |    9|          2|    1|          2|
    |pool1_out_4_ce14         |    9|          2|    1|          2|
    |pool1_out_4_ce15         |    9|          2|    1|          2|
    |pool1_out_4_ce16         |    9|          2|    1|          2|
    |pool1_out_4_ce2          |    9|          2|    1|          2|
    |pool1_out_4_ce3          |    9|          2|    1|          2|
    |pool1_out_4_ce4          |    9|          2|    1|          2|
    |pool1_out_4_ce5          |    9|          2|    1|          2|
    |pool1_out_4_ce6          |    9|          2|    1|          2|
    |pool1_out_4_ce7          |    9|          2|    1|          2|
    |pool1_out_4_ce8          |    9|          2|    1|          2|
    |pool1_out_4_ce9          |    9|          2|    1|          2|
    |pool1_out_4_we0          |    9|          2|    1|          2|
    |pool1_out_5_address0     |   14|          3|    7|         21|
    |pool1_out_5_ce0          |   14|          3|    1|          3|
    |pool1_out_5_ce1          |    9|          2|    1|          2|
    |pool1_out_5_ce10         |    9|          2|    1|          2|
    |pool1_out_5_ce11         |    9|          2|    1|          2|
    |pool1_out_5_ce12         |    9|          2|    1|          2|
    |pool1_out_5_ce13         |    9|          2|    1|          2|
    |pool1_out_5_ce14         |    9|          2|    1|          2|
    |pool1_out_5_ce15         |    9|          2|    1|          2|
    |pool1_out_5_ce16         |    9|          2|    1|          2|
    |pool1_out_5_ce2          |    9|          2|    1|          2|
    |pool1_out_5_ce3          |    9|          2|    1|          2|
    |pool1_out_5_ce4          |    9|          2|    1|          2|
    |pool1_out_5_ce5          |    9|          2|    1|          2|
    |pool1_out_5_ce6          |    9|          2|    1|          2|
    |pool1_out_5_ce7          |    9|          2|    1|          2|
    |pool1_out_5_ce8          |    9|          2|    1|          2|
    |pool1_out_5_ce9          |    9|          2|    1|          2|
    |pool1_out_5_we0          |    9|          2|    1|          2|
    |pool1_out_address0       |   14|          3|    7|         21|
    |pool1_out_ce0            |   14|          3|    1|          3|
    |pool1_out_ce1            |    9|          2|    1|          2|
    |pool1_out_ce10           |    9|          2|    1|          2|
    |pool1_out_ce11           |    9|          2|    1|          2|
    |pool1_out_ce12           |    9|          2|    1|          2|
    |pool1_out_ce13           |    9|          2|    1|          2|
    |pool1_out_ce14           |    9|          2|    1|          2|
    |pool1_out_ce15           |    9|          2|    1|          2|
    |pool1_out_ce16           |    9|          2|    1|          2|
    |pool1_out_ce2            |    9|          2|    1|          2|
    |pool1_out_ce3            |    9|          2|    1|          2|
    |pool1_out_ce4            |    9|          2|    1|          2|
    |pool1_out_ce5            |    9|          2|    1|          2|
    |pool1_out_ce6            |    9|          2|    1|          2|
    |pool1_out_ce7            |    9|          2|    1|          2|
    |pool1_out_ce8            |    9|          2|    1|          2|
    |pool1_out_ce9            |    9|          2|    1|          2|
    |pool1_out_we0            |    9|          2|    1|          2|
    |prediction               |    9|          2|   32|         64|
    +-------------------------+-----+-----------+-----+-----------+
    |Total                    | 3883|        819|  754|       2479|
    +-------------------------+-----+-----------+-----+-----------+

    * Register: 
    +---------------------------------------------------------------------------------+-----+----+-----+-----------+
    |                                       Name                                      |  FF | LUT| Bits| Const Bits|
    +---------------------------------------------------------------------------------+-----+----+-----+-----------+
    |add_ln134_reg_3878                                                               |    4|   0|    4|          0|
    |ap_CS_fsm                                                                        |  168|   0|  168|          0|
    |ap_done_reg                                                                      |    1|   0|    1|          0|
    |ap_rst_n_inv                                                                     |    1|   0|    1|          0|
    |ap_rst_reg_1                                                                     |    1|   0|    1|          0|
    |ap_rst_reg_2                                                                     |    1|   0|    1|          0|
    |confidence_preg                                                                  |   16|   0|   16|          0|
    |dbg_gap0_reg                                                                     |   16|   0|   16|          0|
    |dbg_in0_reg                                                                      |   16|   0|   16|          0|
    |dbg_l1_0_preg                                                                    |   15|   0|   16|          1|
    |dbg_score0_preg                                                                  |   16|   0|   16|          0|
    |div_reg_4160                                                                     |   32|   0|   32|          0|
    |f_conf_reg_4165                                                                  |   32|   0|   32|          0|
    |f_scores_1_reg_4047                                                              |   32|   0|   32|          0|
    |f_scores_2_reg_4053                                                              |   32|   0|   32|          0|
    |f_scores_3_reg_4059                                                              |   32|   0|   32|          0|
    |f_scores_4_reg_4065                                                              |   32|   0|   32|          0|
    |f_scores_5_reg_4071                                                              |   32|   0|   32|          0|
    |f_scores_6_reg_4077                                                              |   32|   0|   32|          0|
    |f_scores_7_reg_4083                                                              |   32|   0|   32|          0|
    |f_scores_8_reg_4089                                                              |   32|   0|   32|          0|
    |f_scores_9_reg_4095                                                              |   32|   0|   32|          0|
    |f_scores_reg_4041                                                                |   32|   0|   32|          0|
    |final_scores_1_fu_708                                                            |   16|   0|   16|          0|
    |final_scores_1_load_reg_3904                                                     |   16|   0|   16|          0|
    |final_scores_2_fu_712                                                            |   16|   0|   16|          0|
    |final_scores_2_load_reg_3912                                                     |   16|   0|   16|          0|
    |final_scores_3_fu_716                                                            |   16|   0|   16|          0|
    |final_scores_3_load_reg_3920                                                     |   16|   0|   16|          0|
    |final_scores_4_fu_720                                                            |   16|   0|   16|          0|
    |final_scores_4_load_reg_3928                                                     |   16|   0|   16|          0|
    |final_scores_5_fu_724                                                            |   16|   0|   16|          0|
    |final_scores_5_load_reg_3936                                                     |   16|   0|   16|          0|
    |final_scores_6_fu_728                                                            |   16|   0|   16|          0|
    |final_scores_6_load_reg_3944                                                     |   16|   0|   16|          0|
    |final_scores_7_fu_732                                                            |   16|   0|   16|          0|
    |final_scores_7_load_reg_3952                                                     |   16|   0|   16|          0|
    |final_scores_8_fu_736                                                            |   16|   0|   16|          0|
    |final_scores_8_load_reg_3960                                                     |   16|   0|   16|          0|
    |final_scores_fu_704                                                              |   16|   0|   16|          0|
    |final_scores_load_reg_3896                                                       |   16|   0|   16|          0|
    |grp_street_fighter_cnn_Pipeline_ARGMAX_fu_1562_ap_start_reg                      |    1|   0|    1|          0|
    |grp_street_fighter_cnn_Pipeline_CONV1_OUT_VITIS_LOOP_72_1_fu_1046_ap_start_reg   |    1|   0|    1|          0|
    |grp_street_fighter_cnn_Pipeline_CONV2_OUT_VITIS_LOOP_114_4_fu_1156_ap_start_reg  |    1|   0|    1|          0|
    |grp_street_fighter_cnn_Pipeline_LOAD_INPUT_fu_1007_ap_start_reg                  |    1|   0|    1|          0|
    |grp_street_fighter_cnn_Pipeline_POOL1_VITIS_LOOP_91_3_fu_1144_ap_start_reg       |    1|   0|    1|          0|
    |grp_street_fighter_cnn_Pipeline_VITIS_LOOP_136_6_fu_1577_ap_start_reg            |    1|   0|    1|          0|
    |i_1_fu_696                                                                       |    4|   0|    4|          0|
    |icmp_ln198_1_reg_4183                                                            |    1|   0|    1|          0|
    |icmp_ln198_reg_4178                                                              |    1|   0|    1|          0|
    |icmp_ln200_reg_4204                                                              |    1|   0|    1|          0|
    |p_0_0_080134_fu_700                                                              |   16|   0|   16|          0|
    |p_0_0_080134_load_reg_3888                                                       |   16|   0|   16|          0|
    |p_x_assign_1_reg_4115                                                            |   32|   0|   32|          0|
    |p_x_assign_2_reg_4120                                                            |   32|   0|   32|          0|
    |p_x_assign_3_reg_4125                                                            |   32|   0|   32|          0|
    |p_x_assign_4_reg_4130                                                            |   32|   0|   32|          0|
    |p_x_assign_5_reg_4135                                                            |   32|   0|   32|          0|
    |p_x_assign_6_reg_4140                                                            |   32|   0|   32|          0|
    |p_x_assign_7_reg_4145                                                            |   32|   0|   32|          0|
    |p_x_assign_8_reg_4150                                                            |   32|   0|   32|          0|
    |p_x_assign_9_reg_4155                                                            |   32|   0|   32|          0|
    |prediction_preg                                                                  |   32|   0|   32|          0|
    |reg_1704                                                                         |   32|   0|   32|          0|
    |reg_1711                                                                         |   32|   0|   32|          0|
    |score_reg_4033                                                                   |   12|   0|   24|         12|
    |tmp_13_reg_3968                                                                  |    1|   0|    1|          0|
    |tmp_17_reg_3974                                                                  |    1|   0|    1|          0|
    |tmp_21_reg_3980                                                                  |    1|   0|    1|          0|
    |tmp_25_reg_3986                                                                  |    1|   0|    1|          0|
    |tmp_29_reg_3992                                                                  |    1|   0|    1|          0|
    |tmp_33_reg_3998                                                                  |    1|   0|    1|          0|
    |tmp_37_reg_4004                                                                  |    1|   0|    1|          0|
    |tmp_51_reg_4194                                                                  |   11|   0|   11|          0|
    |tmp_52_reg_4010                                                                  |    1|   0|    1|          0|
    |tmp_58_reg_4016                                                                  |    1|   0|    1|          0|
    |tmp_60_reg_4022                                                                  |    1|   0|    1|          0|
    |tmp_62_reg_4188                                                                  |    1|   0|    1|          0|
    |tmp_s_reg_4028                                                                   |    4|   0|    9|          5|
    |trunc_ln200_1_reg_4199                                                           |   52|   0|   52|          0|
    |trunc_ln_reg_3856                                                                |   60|   0|   60|          0|
    +---------------------------------------------------------------------------------+-----+----+-----+-----------+
    |Total                                                                            | 1506|   0| 1524|         18|
    +---------------------------------------------------------------------------------+-----+----+-----+-----------+



================================================================
== Interface
================================================================
* Summary: 
+-----------------------+-----+-----+---------------+--------------------+--------------+
|       RTL Ports       | Dir | Bits|    Protocol   |    Source Object   |    C Type    |
+-----------------------+-----+-----+---------------+--------------------+--------------+
|s_axi_control_AWVALID  |   in|    1|          s_axi|             control|       pointer|
|s_axi_control_AWREADY  |  out|    1|          s_axi|             control|       pointer|
|s_axi_control_AWADDR   |   in|    7|          s_axi|             control|       pointer|
|s_axi_control_WVALID   |   in|    1|          s_axi|             control|       pointer|
|s_axi_control_WREADY   |  out|    1|          s_axi|             control|       pointer|
|s_axi_control_WDATA    |   in|   32|          s_axi|             control|       pointer|
|s_axi_control_WSTRB    |   in|    4|          s_axi|             control|       pointer|
|s_axi_control_ARVALID  |   in|    1|          s_axi|             control|       pointer|
|s_axi_control_ARREADY  |  out|    1|          s_axi|             control|       pointer|
|s_axi_control_ARADDR   |   in|    7|          s_axi|             control|       pointer|
|s_axi_control_RVALID   |  out|    1|          s_axi|             control|       pointer|
|s_axi_control_RREADY   |   in|    1|          s_axi|             control|       pointer|
|s_axi_control_RDATA    |  out|   32|          s_axi|             control|       pointer|
|s_axi_control_RRESP    |  out|    2|          s_axi|             control|       pointer|
|s_axi_control_BVALID   |  out|    1|          s_axi|             control|       pointer|
|s_axi_control_BREADY   |   in|    1|          s_axi|             control|       pointer|
|s_axi_control_BRESP    |  out|    2|          s_axi|             control|       pointer|
|ap_clk                 |   in|    1|  ap_ctrl_chain|  street_fighter_cnn|  return value|
|ap_rst_n               |   in|    1|  ap_ctrl_chain|  street_fighter_cnn|  return value|
|interrupt              |  out|    1|  ap_ctrl_chain|  street_fighter_cnn|  return value|
|m_axi_gmem0_AWVALID    |  out|    1|          m_axi|               gmem0|       pointer|
|m_axi_gmem0_AWREADY    |   in|    1|          m_axi|               gmem0|       pointer|
|m_axi_gmem0_AWADDR     |  out|   64|          m_axi|               gmem0|       pointer|
|m_axi_gmem0_AWID       |  out|    1|          m_axi|               gmem0|       pointer|
|m_axi_gmem0_AWLEN      |  out|    8|          m_axi|               gmem0|       pointer|
|m_axi_gmem0_AWSIZE     |  out|    3|          m_axi|               gmem0|       pointer|
|m_axi_gmem0_AWBURST    |  out|    2|          m_axi|               gmem0|       pointer|
|m_axi_gmem0_AWLOCK     |  out|    2|          m_axi|               gmem0|       pointer|
|m_axi_gmem0_AWCACHE    |  out|    4|          m_axi|               gmem0|       pointer|
|m_axi_gmem0_AWPROT     |  out|    3|          m_axi|               gmem0|       pointer|
|m_axi_gmem0_AWQOS      |  out|    4|          m_axi|               gmem0|       pointer|
|m_axi_gmem0_AWREGION   |  out|    4|          m_axi|               gmem0|       pointer|
|m_axi_gmem0_AWUSER     |  out|    1|          m_axi|               gmem0|       pointer|
|m_axi_gmem0_WVALID     |  out|    1|          m_axi|               gmem0|       pointer|
|m_axi_gmem0_WREADY     |   in|    1|          m_axi|               gmem0|       pointer|
|m_axi_gmem0_WDATA      |  out|  128|          m_axi|               gmem0|       pointer|
|m_axi_gmem0_WSTRB      |  out|   16|          m_axi|               gmem0|       pointer|
|m_axi_gmem0_WLAST      |  out|    1|          m_axi|               gmem0|       pointer|
|m_axi_gmem0_WID        |  out|    1|          m_axi|               gmem0|       pointer|
|m_axi_gmem0_WUSER      |  out|    1|          m_axi|               gmem0|       pointer|
|m_axi_gmem0_ARVALID    |  out|    1|          m_axi|               gmem0|       pointer|
|m_axi_gmem0_ARREADY    |   in|    1|          m_axi|               gmem0|       pointer|
|m_axi_gmem0_ARADDR     |  out|   64|          m_axi|               gmem0|       pointer|
|m_axi_gmem0_ARID       |  out|    1|          m_axi|               gmem0|       pointer|
|m_axi_gmem0_ARLEN      |  out|    8|          m_axi|               gmem0|       pointer|
|m_axi_gmem0_ARSIZE     |  out|    3|          m_axi|               gmem0|       pointer|
|m_axi_gmem0_ARBURST    |  out|    2|          m_axi|               gmem0|       pointer|
|m_axi_gmem0_ARLOCK     |  out|    2|          m_axi|               gmem0|       pointer|
|m_axi_gmem0_ARCACHE    |  out|    4|          m_axi|               gmem0|       pointer|
|m_axi_gmem0_ARPROT     |  out|    3|          m_axi|               gmem0|       pointer|
|m_axi_gmem0_ARQOS      |  out|    4|          m_axi|               gmem0|       pointer|
|m_axi_gmem0_ARREGION   |  out|    4|          m_axi|               gmem0|       pointer|
|m_axi_gmem0_ARUSER     |  out|    1|          m_axi|               gmem0|       pointer|
|m_axi_gmem0_RVALID     |   in|    1|          m_axi|               gmem0|       pointer|
|m_axi_gmem0_RREADY     |  out|    1|          m_axi|               gmem0|       pointer|
|m_axi_gmem0_RDATA      |   in|  128|          m_axi|               gmem0|       pointer|
|m_axi_gmem0_RLAST      |   in|    1|          m_axi|               gmem0|       pointer|
|m_axi_gmem0_RID        |   in|    1|          m_axi|               gmem0|       pointer|
|m_axi_gmem0_RUSER      |   in|    1|          m_axi|               gmem0|       pointer|
|m_axi_gmem0_RRESP      |   in|    2|          m_axi|               gmem0|       pointer|
|m_axi_gmem0_BVALID     |   in|    1|          m_axi|               gmem0|       pointer|
|m_axi_gmem0_BREADY     |  out|    1|          m_axi|               gmem0|       pointer|
|m_axi_gmem0_BRESP      |   in|    2|          m_axi|               gmem0|       pointer|
|m_axi_gmem0_BID        |   in|    1|          m_axi|               gmem0|       pointer|
|m_axi_gmem0_BUSER      |   in|    1|          m_axi|               gmem0|       pointer|
+-----------------------+-----+-----+---------------+--------------------+--------------+

