

================================================================
== Vitis HLS Report for 'street_fighter_cnn_Pipeline_POOL1_VITIS_LOOP_91_3'
================================================================
* Date:           Mon Apr  6 15:58:10 2026

* Version:        2025.2 (Build 6295257 on Nov 14 2025)
* Project:        streetfighter
* Solution:       hls (Vitis Kernel Flow Target)
* Product family: zynquplus
* Target device:  xczu3eg-sbva484-1-i


================================================================
== Performance Estimates
================================================================
+ Timing: 
    * Summary: 
    +--------+----------+----------+------------+
    |  Clock |  Target  | Estimated| Uncertainty|
    +--------+----------+----------+------------+
    |ap_clk  |  10.00 ns|  4.674 ns|     2.70 ns|
    +--------+----------+----------+------------+

+ Latency: 
    * Summary: 
    +---------+---------+----------+----------+-----+-----+-------------------+
    |  Latency (cycles) |  Latency (absolute) |  Interval |      Pipeline     |
    |   min   |   max   |    min   |    max   | min | max |        Type       |
    +---------+---------+----------+----------+-----+-----+-------------------+
    |      648|      648|  6.480 us|  6.480 us|    0|    0|  loop pipeline stp|
    +---------+---------+----------+----------+-----+-----+-------------------+

    + Detail: 
        * Instance: 
        N/A

        * Loop: 
        +-------------------------+---------+---------+----------+-----------+-----------+------+----------+
        |                         |  Latency (cycles) | Iteration|  Initiation Interval  | Trip |          |
        |        Loop Name        |   min   |   max   |  Latency |  achieved |   target  | Count| Pipelined|
        +-------------------------+---------+---------+----------+-----------+-----------+------+----------+
        |- POOL1_VITIS_LOOP_91_3  |      646|      646|         8|          1|          1|   640|       yes|
        +-------------------------+---------+---------+----------+-----------+-----------+------+----------+



================================================================
== Utilization Estimates
================================================================
* Summary: 
+-----------------+---------+-----+--------+-------+-----+
|       Name      | BRAM_18K| DSP |   FF   |  LUT  | URAM|
+-----------------+---------+-----+--------+-------+-----+
|DSP              |        -|    -|       -|      -|    -|
|Expression       |        -|    -|       0|    217|    -|
|FIFO             |        -|    -|       -|      -|    -|
|Instance         |        -|    0|      68|     54|    -|
|Memory           |        -|    -|       -|      -|    -|
|Multiplexer      |        -|    -|       0|     63|    -|
|Register         |        -|    -|     177|     64|    -|
+-----------------+---------+-----+--------+-------+-----+
|Total            |        0|    0|     245|    398|    0|
+-----------------+---------+-----+--------+-------+-----+
|Available        |      432|  360|  141120|  70560|    0|
+-----------------+---------+-----+--------+-------+-----+
|Utilization (%)  |        0|    0|      ~0|     ~0|    0|
+-----------------+---------+-----+--------+-------+-----+

+ Detail: 
    * Instance: 
    +-------------------------+--------------------+---------+----+----+----+-----+
    |         Instance        |       Module       | BRAM_18K| DSP| FF | LUT| URAM|
    +-------------------------+--------------------+---------+----+----+----+-----+
    |mul_4ns_6ns_9_1_1_U176   |mul_4ns_6ns_9_1_1   |        0|   0|   0|  23|    0|
    |urem_4ns_3ns_2_8_1_U175  |urem_4ns_3ns_2_8_1  |        0|   0|  68|  31|    0|
    +-------------------------+--------------------+---------+----+----+----+-----+
    |Total                    |                    |        0|   0|  68|  54|    0|
    +-------------------------+--------------------+---------+----+----+----+-----+

    * DSP: 
    N/A

    * Memory: 
    N/A

    * FIFO: 
    N/A

    * Expression: 
    +-------------------------+----------+----+---+----+------------+------------+
    |      Variable Name      | Operation| DSP| FF| LUT| Bitwidth P0| Bitwidth P1|
    +-------------------------+----------+----+---+----+------------+------------+
    |add_ln90_1_fu_251_p2     |         +|   0|  0|  17|          10|           1|
    |add_ln90_fu_299_p2       |         +|   0|  0|  14|           7|           1|
    |add_ln91_fu_280_p2       |         +|   0|  0|  12|           4|           1|
    |add_ln93_1_fu_350_p2     |         +|   0|  0|  17|          10|          10|
    |add_ln93_fu_396_p2       |         +|   0|  0|  17|          10|          10|
    |add_ln94_fu_419_p2       |         +|   0|  0|  17|          10|          10|
    |add_ln95_fu_379_p2       |         +|   0|  0|  14|           7|           7|
    |icmp_ln90_fu_245_p2      |      icmp|   0|  0|  17|          10|          10|
    |icmp_ln91_fu_260_p2      |      icmp|   0|  0|  12|           4|           4|
    |icmp_ln95_fu_464_p2      |      icmp|   0|  0|  22|          15|          15|
    |a_fu_450_p3              |    select|   0|  0|  15|           1|          15|
    |b_fu_457_p3              |    select|   0|  0|  15|           1|          15|
    |select_ln90_1_fu_305_p3  |    select|   0|  0|   7|           1|           7|
    |select_ln90_fu_266_p3    |    select|   0|  0|   4|           1|           1|
    |select_ln95_fu_470_p3    |    select|   0|  0|  15|           1|          15|
    |ap_enable_pp0            |       xor|   0|  0|   2|           1|           2|
    +-------------------------+----------+----+---+----+------------+------------+
    |Total                    |          |   0|  0| 217|          93|         124|
    +-------------------------+----------+----+---+----+------------+------------+

    * Multiplexer: 
    +---------------------------------------+----+-----------+-----+-----------+
    |                  Name                 | LUT| Input Size| Bits| Total Bits|
    +---------------------------------------+----+-----------+-----+-----------+
    |ap_done_int                            |   9|          2|    1|          2|
    |ap_enable_reg_pp0_iter1                |   9|          2|    1|          2|
    |ap_sig_allocacmp_indvar_flatten6_load  |   9|          2|   10|         20|
    |ap_sig_allocacmp_t_load                |   9|          2|    4|          8|
    |c_fu_84                                |   9|          2|    7|         14|
    |indvar_flatten6_fu_88                  |   9|          2|   10|         20|
    |t_fu_80                                |   9|          2|    4|          8|
    +---------------------------------------+----+-----------+-----+-----------+
    |Total                                  |  63|         14|   37|         74|
    +---------------------------------------+----+-----------+-----+-----------+

    * Register: 
    +----------------------------------+----+----+-----+-----------+
    |               Name               | FF | LUT| Bits| Const Bits|
    +----------------------------------+----+----+-----+-----------+
    |add_ln95_reg_528                  |   7|   0|    7|          0|
    |ap_CS_fsm                         |   1|   0|    1|          0|
    |ap_done_reg                       |   1|   0|    1|          0|
    |ap_enable_reg_pp0_iter1           |   1|   0|    1|          0|
    |ap_enable_reg_pp0_iter2           |   1|   0|    1|          0|
    |ap_enable_reg_pp0_iter3           |   1|   0|    1|          0|
    |ap_enable_reg_pp0_iter4           |   1|   0|    1|          0|
    |ap_enable_reg_pp0_iter5           |   1|   0|    1|          0|
    |ap_enable_reg_pp0_iter6           |   1|   0|    1|          0|
    |ap_enable_reg_pp0_iter7           |   1|   0|    1|          0|
    |ap_loop_exit_ready_pp0_iter1_reg  |   1|   0|    1|          0|
    |ap_loop_exit_ready_pp0_iter2_reg  |   1|   0|    1|          0|
    |ap_loop_exit_ready_pp0_iter3_reg  |   1|   0|    1|          0|
    |ap_loop_exit_ready_pp0_iter4_reg  |   1|   0|    1|          0|
    |ap_loop_exit_ready_pp0_iter5_reg  |   1|   0|    1|          0|
    |ap_loop_exit_ready_pp0_iter6_reg  |   1|   0|    1|          0|
    |c_fu_84                           |   7|   0|    7|          0|
    |icmp_ln91_reg_509                 |   1|   0|    1|          0|
    |indvar_flatten6_fu_88             |  10|   0|   10|          0|
    |select_ln90_reg_514               |   4|   0|    4|          0|
    |t_fu_80                           |   4|   0|    4|          0|
    |trunc_ln90_reg_522                |   1|   0|    1|          0|
    |icmp_ln91_reg_509                 |  64|  32|    1|          0|
    |select_ln90_reg_514               |  64|  32|    4|          0|
    +----------------------------------+----+----+-----+-----------+
    |Total                             | 177|  64|   54|          0|
    +----------------------------------+----+----+-----+-----------+



================================================================
== Interface
================================================================
* Summary: 
+----------------------+-----+-----+------------+---------------------------------------------------+--------------+
|       RTL Ports      | Dir | Bits|  Protocol  |                   Source Object                   |    C Type    |
+----------------------+-----+-----+------------+---------------------------------------------------+--------------+
|ap_clk                |   in|    1|  ap_ctrl_hs|  street_fighter_cnn_Pipeline_POOL1_VITIS_LOOP_91_3|  return value|
|ap_rst                |   in|    1|  ap_ctrl_hs|  street_fighter_cnn_Pipeline_POOL1_VITIS_LOOP_91_3|  return value|
|ap_start              |   in|    1|  ap_ctrl_hs|  street_fighter_cnn_Pipeline_POOL1_VITIS_LOOP_91_3|  return value|
|ap_done               |  out|    1|  ap_ctrl_hs|  street_fighter_cnn_Pipeline_POOL1_VITIS_LOOP_91_3|  return value|
|ap_idle               |  out|    1|  ap_ctrl_hs|  street_fighter_cnn_Pipeline_POOL1_VITIS_LOOP_91_3|  return value|
|ap_ready              |  out|    1|  ap_ctrl_hs|  street_fighter_cnn_Pipeline_POOL1_VITIS_LOOP_91_3|  return value|
|pool1_out_address0    |  out|    7|   ap_memory|                                          pool1_out|         array|
|pool1_out_ce0         |  out|    1|   ap_memory|                                          pool1_out|         array|
|pool1_out_we0         |  out|    1|   ap_memory|                                          pool1_out|         array|
|pool1_out_d0          |  out|   15|   ap_memory|                                          pool1_out|         array|
|pool1_out_1_address0  |  out|    7|   ap_memory|                                        pool1_out_1|         array|
|pool1_out_1_ce0       |  out|    1|   ap_memory|                                        pool1_out_1|         array|
|pool1_out_1_we0       |  out|    1|   ap_memory|                                        pool1_out_1|         array|
|pool1_out_1_d0        |  out|   15|   ap_memory|                                        pool1_out_1|         array|
|pool1_out_2_address0  |  out|    7|   ap_memory|                                        pool1_out_2|         array|
|pool1_out_2_ce0       |  out|    1|   ap_memory|                                        pool1_out_2|         array|
|pool1_out_2_we0       |  out|    1|   ap_memory|                                        pool1_out_2|         array|
|pool1_out_2_d0        |  out|   15|   ap_memory|                                        pool1_out_2|         array|
|pool1_out_3_address0  |  out|    7|   ap_memory|                                        pool1_out_3|         array|
|pool1_out_3_ce0       |  out|    1|   ap_memory|                                        pool1_out_3|         array|
|pool1_out_3_we0       |  out|    1|   ap_memory|                                        pool1_out_3|         array|
|pool1_out_3_d0        |  out|   15|   ap_memory|                                        pool1_out_3|         array|
|pool1_out_4_address0  |  out|    7|   ap_memory|                                        pool1_out_4|         array|
|pool1_out_4_ce0       |  out|    1|   ap_memory|                                        pool1_out_4|         array|
|pool1_out_4_we0       |  out|    1|   ap_memory|                                        pool1_out_4|         array|
|pool1_out_4_d0        |  out|   15|   ap_memory|                                        pool1_out_4|         array|
|pool1_out_5_address0  |  out|    7|   ap_memory|                                        pool1_out_5|         array|
|pool1_out_5_ce0       |  out|    1|   ap_memory|                                        pool1_out_5|         array|
|pool1_out_5_we0       |  out|    1|   ap_memory|                                        pool1_out_5|         array|
|pool1_out_5_d0        |  out|   15|   ap_memory|                                        pool1_out_5|         array|
|conv1_out_address0    |  out|   10|   ap_memory|                                          conv1_out|         array|
|conv1_out_ce0         |  out|    1|   ap_memory|                                          conv1_out|         array|
|conv1_out_q0          |   in|   15|   ap_memory|                                          conv1_out|         array|
|conv1_out_address1    |  out|   10|   ap_memory|                                          conv1_out|         array|
|conv1_out_ce1         |  out|    1|   ap_memory|                                          conv1_out|         array|
|conv1_out_q1          |   in|   15|   ap_memory|                                          conv1_out|         array|
|conv1_out_1_address0  |  out|   10|   ap_memory|                                        conv1_out_1|         array|
|conv1_out_1_ce0       |  out|    1|   ap_memory|                                        conv1_out_1|         array|
|conv1_out_1_q0        |   in|   15|   ap_memory|                                        conv1_out_1|         array|
|conv1_out_1_address1  |  out|   10|   ap_memory|                                        conv1_out_1|         array|
|conv1_out_1_ce1       |  out|    1|   ap_memory|                                        conv1_out_1|         array|
|conv1_out_1_q1        |   in|   15|   ap_memory|                                        conv1_out_1|         array|
+----------------------+-----+-----+------------+---------------------------------------------------+--------------+

