

================================================================
== Vitis HLS Report for 'street_fighter_cnn_Pipeline_CONV1_OUT_VITIS_LOOP_72_1'
================================================================
* Date:           Mon Apr  6 15:58:09 2026

* Version:        2025.2 (Build 6295257 on Nov 14 2025)
* Project:        streetfighter
* Solution:       hls (Vitis Kernel Flow Target)
* Product family: zynquplus
* Target device:  xczu3eg-sbva484-1-i


================================================================
== Performance Estimates
================================================================
+ Timing: 
    * Summary: 
    +--------+----------+----------+------------+
    |  Clock |  Target  | Estimated| Uncertainty|
    +--------+----------+----------+------------+
    |ap_clk  |  10.00 ns|  7.277 ns|     2.70 ns|
    +--------+----------+----------+------------+

+ Latency: 
    * Summary: 
    +---------+---------+-----------+-----------+-----+-----+-------------------+
    |  Latency (cycles) |   Latency (absolute)  |  Interval |      Pipeline     |
    |   min   |   max   |    min    |    max    | min | max |        Type       |
    +---------+---------+-----------+-----------+-----+-----+-------------------+
    |     1294|     1294|  12.940 us|  12.940 us|    0|    0|  loop pipeline stp|
    +---------+---------+-----------+-----------+-----+-----+-------------------+

    + Detail: 
        * Instance: 
        N/A

        * Loop: 
        +-----------------------------+---------+---------+----------+-----------+-----------+------+----------+
        |                             |  Latency (cycles) | Iteration|  Initiation Interval  | Trip |          |
        |          Loop Name          |   min   |   max   |  Latency |  achieved |   target  | Count| Pipelined|
        +-----------------------------+---------+---------+----------+-----------+-----------+------+----------+
        |- CONV1_OUT_VITIS_LOOP_72_1  |     1292|     1292|        14|          1|          1|  1280|       yes|
        +-----------------------------+---------+---------+----------+-----------+-----------+------+----------+



================================================================
== Utilization Estimates
================================================================
* Summary: 
+-----------------+---------+-----+--------+-------+-----+
|       Name      | BRAM_18K| DSP |   FF   |  LUT  | URAM|
+-----------------+---------+-----+--------+-------+-----+
|DSP              |        -|    -|       -|      -|    -|
|Expression       |        -|    -|       0|   2134|    -|
|FIFO             |        -|    -|       -|      -|    -|
|Instance         |        -|   92|      98|   2039|    -|
|Memory           |        0|    -|     352|    352|    -|
|Multiplexer      |        -|    -|       0|    968|    -|
|Register         |        -|    -|    2063|    320|    -|
+-----------------+---------+-----+--------+-------+-----+
|Total            |        0|   92|    2513|   5813|    0|
+-----------------+---------+-----+--------+-------+-----+
|Available        |      432|  360|  141120|  70560|    0|
+-----------------+---------+-----+--------+-------+-----+
|Utilization (%)  |        0|   25|       1|      8|    0|
+-----------------+---------+-----+--------+-------+-----+

+ Detail: 
    * Instance: 
    +----------------------------+-----------------------+---------+----+----+----+-----+
    |          Instance          |         Module        | BRAM_18K| DSP| FF | LUT| URAM|
    +----------------------------+-----------------------+---------+----+----+----+-----+
    |mul_28s_22s_50_1_1_U36      |mul_28s_22s_50_1_1     |        0|   2|   0|  34|    0|
    |mul_28s_22s_50_1_1_U37      |mul_28s_22s_50_1_1     |        0|   2|   0|  34|    0|
    |mul_28s_23s_50_1_1_U38      |mul_28s_23s_50_1_1     |        0|   2|   0|  34|    0|
    |mul_28s_23s_50_1_1_U39      |mul_28s_23s_50_1_1     |        0|   2|   0|  34|    0|
    |mul_28s_23s_50_1_1_U40      |mul_28s_23s_50_1_1     |        0|   2|   0|  34|    0|
    |mul_28s_23s_50_1_1_U41      |mul_28s_23s_50_1_1     |        0|   2|   0|  34|    0|
    |mul_28s_23s_50_1_1_U42      |mul_28s_23s_50_1_1     |        0|   2|   0|  34|    0|
    |mul_28s_23s_50_1_1_U43      |mul_28s_23s_50_1_1     |        0|   2|   0|  34|    0|
    |mul_28s_23s_50_1_1_U44      |mul_28s_23s_50_1_1     |        0|   2|   0|  34|    0|
    |mul_28s_23s_50_1_1_U45      |mul_28s_23s_50_1_1     |        0|   2|   0|  34|    0|
    |mul_28s_23s_50_1_1_U46      |mul_28s_23s_50_1_1     |        0|   2|   0|  34|    0|
    |mul_28s_23s_50_1_1_U47      |mul_28s_23s_50_1_1     |        0|   2|   0|  34|    0|
    |mul_28s_23s_50_1_1_U48      |mul_28s_23s_50_1_1     |        0|   2|   0|  34|    0|
    |mul_28s_23s_50_1_1_U49      |mul_28s_23s_50_1_1     |        0|   2|   0|  34|    0|
    |mul_28s_23s_50_1_1_U50      |mul_28s_23s_50_1_1     |        0|   2|   0|  34|    0|
    |mul_28s_23s_50_1_1_U51      |mul_28s_23s_50_1_1     |        0|   2|   0|  34|    0|
    |mul_28s_23s_50_1_1_U52      |mul_28s_23s_50_1_1     |        0|   2|   0|  34|    0|
    |mul_28s_23s_50_1_1_U53      |mul_28s_23s_50_1_1     |        0|   2|   0|  34|    0|
    |mul_28s_24s_50_1_1_U54      |mul_28s_24s_50_1_1     |        0|   2|   0|  34|    0|
    |mul_28s_24s_50_1_1_U55      |mul_28s_24s_50_1_1     |        0|   2|   0|  34|    0|
    |mul_28s_24s_50_1_1_U56      |mul_28s_24s_50_1_1     |        0|   2|   0|  34|    0|
    |mul_28s_24s_50_1_1_U57      |mul_28s_24s_50_1_1     |        0|   2|   0|  34|    0|
    |mul_28s_24s_50_1_1_U58      |mul_28s_24s_50_1_1     |        0|   2|   0|  34|    0|
    |mul_28s_24s_50_1_1_U59      |mul_28s_24s_50_1_1     |        0|   2|   0|  34|    0|
    |mul_28s_24s_50_1_1_U60      |mul_28s_24s_50_1_1     |        0|   2|   0|  34|    0|
    |mul_28s_24s_50_1_1_U61      |mul_28s_24s_50_1_1     |        0|   2|   0|  34|    0|
    |mul_28s_24s_50_1_1_U62      |mul_28s_24s_50_1_1     |        0|   2|   0|  34|    0|
    |mul_28s_24s_50_1_1_U63      |mul_28s_24s_50_1_1     |        0|   2|   0|  34|    0|
    |mul_28s_24s_50_1_1_U64      |mul_28s_24s_50_1_1     |        0|   2|   0|  34|    0|
    |mul_28s_24s_50_1_1_U65      |mul_28s_24s_50_1_1     |        0|   2|   0|  34|    0|
    |mul_5ns_7ns_11_1_1_U69      |mul_5ns_7ns_11_1_1     |        0|   0|   0|  30|    0|
    |mul_5ns_7ns_11_1_1_U70      |mul_5ns_7ns_11_1_1     |        0|   0|   0|  30|    0|
    |mul_5ns_7ns_11_1_1_U71      |mul_5ns_7ns_11_1_1     |        0|   0|   0|  30|    0|
    |mul_64ns_66ns_129_1_1_U66   |mul_64ns_66ns_129_1_1  |        0|  16|   0|  50|    0|
    |mul_64ns_66ns_129_1_1_U67   |mul_64ns_66ns_129_1_1  |        0|  16|   0|  50|    0|
    |sparsemux_11_3_16_1_1_U72   |sparsemux_11_3_16_1_1  |        0|   0|   0|  26|    0|
    |sparsemux_11_3_16_1_1_U73   |sparsemux_11_3_16_1_1  |        0|   0|   0|  26|    0|
    |sparsemux_11_3_16_1_1_U74   |sparsemux_11_3_16_1_1  |        0|   0|   0|  26|    0|
    |sparsemux_11_3_16_1_1_U75   |sparsemux_11_3_16_1_1  |        0|   0|   0|  26|    0|
    |sparsemux_11_3_16_1_1_U76   |sparsemux_11_3_16_1_1  |        0|   0|   0|  26|    0|
    |sparsemux_11_3_16_1_1_U77   |sparsemux_11_3_16_1_1  |        0|   0|   0|  26|    0|
    |sparsemux_11_3_16_1_1_U78   |sparsemux_11_3_16_1_1  |        0|   0|   0|  26|    0|
    |sparsemux_11_3_16_1_1_U79   |sparsemux_11_3_16_1_1  |        0|   0|   0|  26|    0|
    |sparsemux_11_3_16_1_1_U80   |sparsemux_11_3_16_1_1  |        0|   0|   0|  26|    0|
    |sparsemux_11_3_16_1_1_U81   |sparsemux_11_3_16_1_1  |        0|   0|   0|  26|    0|
    |sparsemux_11_3_16_1_1_U82   |sparsemux_11_3_16_1_1  |        0|   0|   0|  26|    0|
    |sparsemux_11_3_16_1_1_U83   |sparsemux_11_3_16_1_1  |        0|   0|   0|  26|    0|
    |sparsemux_11_3_16_1_1_U84   |sparsemux_11_3_16_1_1  |        0|   0|   0|  26|    0|
    |sparsemux_11_3_16_1_1_U85   |sparsemux_11_3_16_1_1  |        0|   0|   0|  26|    0|
    |sparsemux_11_3_16_1_1_U86   |sparsemux_11_3_16_1_1  |        0|   0|   0|  26|    0|
    |sparsemux_11_3_16_1_1_U87   |sparsemux_11_3_16_1_1  |        0|   0|   0|  26|    0|
    |sparsemux_11_3_16_1_1_U88   |sparsemux_11_3_16_1_1  |        0|   0|   0|  26|    0|
    |sparsemux_11_3_16_1_1_U89   |sparsemux_11_3_16_1_1  |        0|   0|   0|  26|    0|
    |sparsemux_11_3_16_1_1_U90   |sparsemux_11_3_16_1_1  |        0|   0|   0|  26|    0|
    |sparsemux_11_3_16_1_1_U91   |sparsemux_11_3_16_1_1  |        0|   0|   0|  26|    0|
    |sparsemux_11_3_16_1_1_U92   |sparsemux_11_3_16_1_1  |        0|   0|   0|  26|    0|
    |sparsemux_11_3_16_1_1_U93   |sparsemux_11_3_16_1_1  |        0|   0|   0|  26|    0|
    |sparsemux_11_3_16_1_1_U94   |sparsemux_11_3_16_1_1  |        0|   0|   0|  26|    0|
    |sparsemux_11_3_16_1_1_U95   |sparsemux_11_3_16_1_1  |        0|   0|   0|  26|    0|
    |sparsemux_11_3_16_1_1_U96   |sparsemux_11_3_16_1_1  |        0|   0|   0|  26|    0|
    |sparsemux_11_3_16_1_1_U97   |sparsemux_11_3_16_1_1  |        0|   0|   0|  26|    0|
    |sparsemux_11_3_16_1_1_U98   |sparsemux_11_3_16_1_1  |        0|   0|   0|  26|    0|
    |sparsemux_11_3_16_1_1_U99   |sparsemux_11_3_16_1_1  |        0|   0|   0|  26|    0|
    |sparsemux_11_3_16_1_1_U100  |sparsemux_11_3_16_1_1  |        0|   0|   0|  26|    0|
    |sparsemux_11_3_16_1_1_U101  |sparsemux_11_3_16_1_1  |        0|   0|   0|  26|    0|
    |urem_5ns_4ns_3_9_1_U68      |urem_5ns_4ns_3_9_1     |        0|   0|  98|  49|    0|
    +----------------------------+-----------------------+---------+----+----+----+-----+
    |Total                       |                       |        0|  92|  98|2039|    0|
    +----------------------------+-----------------------+---------+----+----+----+-----+

    * DSP: 
    N/A

    * Memory: 
    +--------------------+----------------------------------------------------------------------------------+---------+----+----+-----+------+-----+------+-------------+
    |       Memory       |                                      Module                                      | BRAM_18K| FF | LUT| URAM| Words| Bits| Banks| W*Bits*Banks|
    +--------------------+----------------------------------------------------------------------------------+---------+----+----+-----+------+-----+------+-------------+
    |CONV1_B_U           |street_fighter_cnn_Pipeline_CONV1_OUT_VITIS_LOOP_72_1_CONV1_B_ROM_AUTO_1R         |        0|  12|  12|    0|    64|   12|     1|          768|
    |p_ZL7CONV1_W_0_0_U  |street_fighter_cnn_Pipeline_CONV1_OUT_VITIS_LOOP_72_1_p_ZL7CONV1_W_0_0_ROM_AUbkb  |        0|  11|  11|    0|    64|   11|     1|          704|
    |p_ZL7CONV1_W_0_1_U  |street_fighter_cnn_Pipeline_CONV1_OUT_VITIS_LOOP_72_1_p_ZL7CONV1_W_0_1_ROM_AUcud  |        0|  10|  10|    0|    64|   10|     1|          640|
    |p_ZL7CONV1_W_0_2_U  |street_fighter_cnn_Pipeline_CONV1_OUT_VITIS_LOOP_72_1_p_ZL7CONV1_W_0_2_ROM_AUdEe  |        0|  10|  10|    0|    64|   10|     1|          640|
    |p_ZL7CONV1_W_0_3_U  |street_fighter_cnn_Pipeline_CONV1_OUT_VITIS_LOOP_72_1_p_ZL7CONV1_W_0_3_ROM_AUeOg  |        0|  11|  11|    0|    64|   11|     1|          704|
    |p_ZL7CONV1_W_0_4_U  |street_fighter_cnn_Pipeline_CONV1_OUT_VITIS_LOOP_72_1_p_ZL7CONV1_W_0_4_ROM_AUfYi  |        0|  12|  12|    0|    64|   12|     1|          768|
    |p_ZL7CONV1_W_1_0_U  |street_fighter_cnn_Pipeline_CONV1_OUT_VITIS_LOOP_72_1_p_ZL7CONV1_W_1_0_ROM_AUg8j  |        0|  12|  12|    0|    64|   12|     1|          768|
    |p_ZL7CONV1_W_1_1_U  |street_fighter_cnn_Pipeline_CONV1_OUT_VITIS_LOOP_72_1_p_ZL7CONV1_W_1_1_ROM_AUhbi  |        0|  11|  11|    0|    64|   11|     1|          704|
    |p_ZL7CONV1_W_1_2_U  |street_fighter_cnn_Pipeline_CONV1_OUT_VITIS_LOOP_72_1_p_ZL7CONV1_W_1_2_ROM_AUibs  |        0|  11|  11|    0|    64|   11|     1|          704|
    |p_ZL7CONV1_W_1_3_U  |street_fighter_cnn_Pipeline_CONV1_OUT_VITIS_LOOP_72_1_p_ZL7CONV1_W_1_3_ROM_AUjbC  |        0|  12|  12|    0|    64|   12|     1|          768|
    |p_ZL7CONV1_W_1_4_U  |street_fighter_cnn_Pipeline_CONV1_OUT_VITIS_LOOP_72_1_p_ZL7CONV1_W_1_4_ROM_AUkbM  |        0|  11|  11|    0|    64|   11|     1|          704|
    |p_ZL7CONV1_W_2_0_U  |street_fighter_cnn_Pipeline_CONV1_OUT_VITIS_LOOP_72_1_p_ZL7CONV1_W_2_0_ROM_AUlbW  |        0|  11|  11|    0|    64|   11|     1|          704|
    |p_ZL7CONV1_W_2_1_U  |street_fighter_cnn_Pipeline_CONV1_OUT_VITIS_LOOP_72_1_p_ZL7CONV1_W_2_1_ROM_AUmb6  |        0|  11|  11|    0|    64|   11|     1|          704|
    |p_ZL7CONV1_W_2_2_U  |street_fighter_cnn_Pipeline_CONV1_OUT_VITIS_LOOP_72_1_p_ZL7CONV1_W_2_2_ROM_AUncg  |        0|  12|  12|    0|    64|   12|     1|          768|
    |p_ZL7CONV1_W_2_3_U  |street_fighter_cnn_Pipeline_CONV1_OUT_VITIS_LOOP_72_1_p_ZL7CONV1_W_2_3_ROM_AUocq  |        0|  12|  12|    0|    64|   12|     1|          768|
    |p_ZL7CONV1_W_2_4_U  |street_fighter_cnn_Pipeline_CONV1_OUT_VITIS_LOOP_72_1_p_ZL7CONV1_W_2_4_ROM_AUpcA  |        0|  11|  11|    0|    64|   11|     1|          704|
    |p_ZL7CONV1_W_3_0_U  |street_fighter_cnn_Pipeline_CONV1_OUT_VITIS_LOOP_72_1_p_ZL7CONV1_W_3_0_ROM_AUqcK  |        0|  12|  12|    0|    64|   12|     1|          768|
    |p_ZL7CONV1_W_3_1_U  |street_fighter_cnn_Pipeline_CONV1_OUT_VITIS_LOOP_72_1_p_ZL7CONV1_W_3_1_ROM_AUrcU  |        0|  12|  12|    0|    64|   12|     1|          768|
    |p_ZL7CONV1_W_3_2_U  |street_fighter_cnn_Pipeline_CONV1_OUT_VITIS_LOOP_72_1_p_ZL7CONV1_W_3_2_ROM_AUsc4  |        0|  12|  12|    0|    64|   12|     1|          768|
    |p_ZL7CONV1_W_3_3_U  |street_fighter_cnn_Pipeline_CONV1_OUT_VITIS_LOOP_72_1_p_ZL7CONV1_W_3_3_ROM_AUtde  |        0|  12|  12|    0|    64|   12|     1|          768|
    |p_ZL7CONV1_W_3_4_U  |street_fighter_cnn_Pipeline_CONV1_OUT_VITIS_LOOP_72_1_p_ZL7CONV1_W_3_4_ROM_AUudo  |        0|  11|  11|    0|    64|   11|     1|          704|
    |p_ZL7CONV1_W_4_0_U  |street_fighter_cnn_Pipeline_CONV1_OUT_VITIS_LOOP_72_1_p_ZL7CONV1_W_4_0_ROM_AUvdy  |        0|  11|  11|    0|    64|   11|     1|          704|
    |p_ZL7CONV1_W_4_1_U  |street_fighter_cnn_Pipeline_CONV1_OUT_VITIS_LOOP_72_1_p_ZL7CONV1_W_4_1_ROM_AUwdI  |        0|  11|  11|    0|    64|   11|     1|          704|
    |p_ZL7CONV1_W_4_2_U  |street_fighter_cnn_Pipeline_CONV1_OUT_VITIS_LOOP_72_1_p_ZL7CONV1_W_4_2_ROM_AUxdS  |        0|  11|  11|    0|    64|   11|     1|          704|
    |p_ZL7CONV1_W_4_3_U  |street_fighter_cnn_Pipeline_CONV1_OUT_VITIS_LOOP_72_1_p_ZL7CONV1_W_4_3_ROM_AUyd2  |        0|  12|  12|    0|    64|   12|     1|          768|
    |p_ZL7CONV1_W_4_4_U  |street_fighter_cnn_Pipeline_CONV1_OUT_VITIS_LOOP_72_1_p_ZL7CONV1_W_4_4_ROM_AUzec  |        0|  12|  12|    0|    64|   12|     1|          768|
    |p_ZL7CONV1_W_5_0_U  |street_fighter_cnn_Pipeline_CONV1_OUT_VITIS_LOOP_72_1_p_ZL7CONV1_W_5_0_ROM_AUAem  |        0|  12|  12|    0|    64|   12|     1|          768|
    |p_ZL7CONV1_W_5_1_U  |street_fighter_cnn_Pipeline_CONV1_OUT_VITIS_LOOP_72_1_p_ZL7CONV1_W_5_1_ROM_AUBew  |        0|  11|  11|    0|    64|   11|     1|          704|
    |p_ZL7CONV1_W_5_2_U  |street_fighter_cnn_Pipeline_CONV1_OUT_VITIS_LOOP_72_1_p_ZL7CONV1_W_5_2_ROM_AUCeG  |        0|  11|  11|    0|    64|   11|     1|          704|
    |p_ZL7CONV1_W_5_3_U  |street_fighter_cnn_Pipeline_CONV1_OUT_VITIS_LOOP_72_1_p_ZL7CONV1_W_5_3_ROM_AUDeQ  |        0|  11|  11|    0|    64|   11|     1|          704|
    |p_ZL7CONV1_W_5_4_U  |street_fighter_cnn_Pipeline_CONV1_OUT_VITIS_LOOP_72_1_p_ZL7CONV1_W_5_4_ROM_AUEe0  |        0|  11|  11|    0|    64|   11|     1|          704|
    +--------------------+----------------------------------------------------------------------------------+---------+----+----+-----+------+-----+------+-------------+
    |Total               |                                                                                  |        0| 352| 352|    0|  1984|  352|    31|        22528|
    +--------------------+----------------------------------------------------------------------------------+---------+----+----+-----+------+-----+------+-------------+

    * FIFO: 
    N/A

    * Expression: 
    +--------------------------+----------+----+---+----+------------+------------+
    |       Variable Name      | Operation| DSP| FF| LUT| Bitwidth P0| Bitwidth P1|
    +--------------------------+----------+----+---+----+------------+------------+
    |add_ln71_1_fu_2215_p2     |         +|   0|  0|  18|          11|           1|
    |add_ln71_fu_2351_p2       |         +|   0|  0|  14|           7|           1|
    |add_ln78_1_fu_2244_p2     |         +|   0|  0|  12|           5|           1|
    |add_ln78_2_fu_2305_p2     |         +|   0|  0|  13|           6|           2|
    |add_ln78_3_fu_2317_p2     |         +|   0|  0|  12|           5|           2|
    |add_ln78_fu_2293_p2       |         +|   0|  0|  13|           6|           3|
    |add_ln80_10_fu_3822_p2    |         +|   0|  0|  50|          50|          50|
    |add_ln80_11_fu_3827_p2    |         +|   0|  0|  50|          50|          50|
    |add_ln80_12_fu_3850_p2    |         +|   0|  0|  50|          50|          50|
    |add_ln80_13_fu_3855_p2    |         +|   0|  0|  50|          50|          50|
    |add_ln80_14_fu_3860_p2    |         +|   0|  0|  50|          50|          50|
    |add_ln80_15_fu_3865_p2    |         +|   0|  0|  50|          50|          50|
    |add_ln80_16_fu_3907_p2    |         +|   0|  0|  50|          50|          50|
    |add_ln80_17_fu_3925_p2    |         +|   0|  0|  50|          50|          50|
    |add_ln80_18_fu_3950_p2    |         +|   0|  0|  50|          50|          50|
    |add_ln80_19_fu_3975_p2    |         +|   0|  0|  50|          50|          50|
    |add_ln80_1_fu_2631_p2     |         +|   0|  0|  50|          50|          50|
    |add_ln80_20_fu_4046_p2    |         +|   0|  0|  50|          50|          50|
    |add_ln80_21_fu_4099_p2    |         +|   0|  0|  50|          50|          50|
    |add_ln80_22_fu_4510_p2    |         +|   0|  0|  50|          50|          50|
    |add_ln80_23_fu_4514_p2    |         +|   0|  0|  50|          50|          50|
    |add_ln80_24_fu_4537_p2    |         +|   0|  0|  50|          50|          50|
    |add_ln80_25_fu_4542_p2    |         +|   0|  0|  50|          50|          50|
    |add_ln80_26_fu_4547_p2    |         +|   0|  0|  50|          50|          50|
    |add_ln80_27_fu_4552_p2    |         +|   0|  0|  50|          50|          50|
    |add_ln80_28_fu_4575_p2    |         +|   0|  0|  50|          50|          50|
    |add_ln80_29_fu_4580_p2    |         +|   0|  0|  50|          50|          50|
    |add_ln80_2_fu_2939_p2     |         +|   0|  0|  50|          50|          50|
    |add_ln80_3_fu_2963_p2     |         +|   0|  0|  50|          50|          50|
    |add_ln80_4_fu_3006_p2     |         +|   0|  0|  50|          50|          50|
    |add_ln80_5_fu_3031_p2     |         +|   0|  0|  50|          50|          50|
    |add_ln80_6_fu_3084_p2     |         +|   0|  0|  50|          50|          50|
    |add_ln80_7_fu_3130_p2     |         +|   0|  0|  50|          50|          50|
    |add_ln80_8_fu_3812_p2     |         +|   0|  0|  50|          50|          50|
    |add_ln80_9_fu_3817_p2     |         +|   0|  0|  50|          50|          50|
    |add_ln80_fu_2578_p2       |         +|   0|  0|  50|          50|          50|
    |add_ln83_1_fu_4489_p2     |         +|   0|  0|  18|          10|          10|
    |add_ln83_fu_4498_p2       |         +|   0|  0|  18|          10|          10|
    |icmp_ln6_fu_4605_p2       |      icmp|   0|  0|  23|          16|           1|
    |icmp_ln71_fu_2209_p2      |      icmp|   0|  0|  18|          11|          11|
    |icmp_ln72_fu_2224_p2      |      icmp|   0|  0|  12|           5|           5|
    |icmp_ln79_1_fu_2311_p2    |      icmp|   0|  0|  13|           6|           5|
    |icmp_ln79_2_fu_2270_p2    |      icmp|   0|  0|  12|           5|           5|
    |icmp_ln79_3_fu_2342_p2    |      icmp|   0|  0|  12|           5|           5|
    |icmp_ln79_fu_2299_p2      |      icmp|   0|  0|  13|           6|           5|
    |empty_55_fu_2611_p3       |    select|   0|  0|  16|           1|          16|
    |empty_56_fu_2944_p3       |    select|   0|  0|  16|           1|          16|
    |empty_57_fu_2987_p3       |    select|   0|  0|  16|           1|          16|
    |empty_58_fu_3012_p3       |    select|   0|  0|  16|           1|          16|
    |empty_59_fu_3064_p3       |    select|   0|  0|  16|           1|          16|
    |empty_60_fu_3173_p3       |    select|   0|  0|  16|           1|          16|
    |empty_61_fu_3220_p3       |    select|   0|  0|  16|           1|          16|
    |empty_62_fu_3267_p3       |    select|   0|  0|  16|           1|          16|
    |empty_63_fu_3314_p3       |    select|   0|  0|  16|           1|          16|
    |empty_64_fu_3401_p3       |    select|   0|  0|  16|           1|          16|
    |empty_65_fu_3448_p3       |    select|   0|  0|  16|           1|          16|
    |empty_66_fu_3495_p3       |    select|   0|  0|  16|           1|          16|
    |empty_67_fu_3888_p3       |    select|   0|  0|  16|           1|          16|
    |empty_68_fu_3931_p3       |    select|   0|  0|  16|           1|          16|
    |empty_69_fu_3956_p3       |    select|   0|  0|  16|           1|          16|
    |empty_70_fu_4026_p3       |    select|   0|  0|  16|           1|          16|
    |empty_71_fu_4079_p3       |    select|   0|  0|  16|           1|          16|
    |empty_72_fu_4172_p3       |    select|   0|  0|  16|           1|          16|
    |empty_73_fu_4219_p3       |    select|   0|  0|  16|           1|          16|
    |empty_74_fu_4266_p3       |    select|   0|  0|  16|           1|          16|
    |empty_75_fu_4313_p3       |    select|   0|  0|  16|           1|          16|
    |empty_76_fu_4400_p3       |    select|   0|  0|  16|           1|          16|
    |empty_77_fu_4447_p3       |    select|   0|  0|  16|           1|          16|
    |empty_fu_2558_p3          |    select|   0|  0|  16|           1|          16|
    |select_ln6_fu_4611_p3     |    select|   0|  0|  15|           1|          15|
    |select_ln71_1_fu_2357_p3  |    select|   0|  0|   7|           1|           7|
    |select_ln71_fu_2230_p3    |    select|   0|  0|   5|           1|           1|
    |ap_enable_pp0             |       xor|   0|  0|   2|           1|           2|
    +--------------------------+----------+----+---+----+------------+------------+
    |Total                     |          |   0|  0|2134|        1642|        1976|
    +--------------------------+----------+----+---+----+------------+------------+

    * Multiplexer: 
    +--------------------------------------+----+-----------+-----+-----------+
    |                 Name                 | LUT| Input Size| Bits| Total Bits|
    +--------------------------------------+----+-----------+-----+-----------+
    |ap_done_int                           |   9|          2|    1|          2|
    |ap_enable_reg_pp0_iter1               |   9|          2|    1|          2|
    |ap_sig_allocacmp_idx_load             |   9|          2|    5|         10|
    |ap_sig_allocacmp_indvar_flatten_load  |   9|          2|   11|         22|
    |idx_fu_250                            |   9|          2|    5|         10|
    |indvar_flatten_fu_258                 |   9|          2|   11|         22|
    |local_input_10_address0_local         |  31|          6|    2|         12|
    |local_input_11_address0_local         |  31|          6|    2|         12|
    |local_input_12_address0_local         |  31|          6|    2|         12|
    |local_input_13_address0_local         |  31|          6|    2|         12|
    |local_input_14_address0_local         |  31|          6|    2|         12|
    |local_input_15_address0_local         |  31|          6|    2|         12|
    |local_input_16_address0_local         |  31|          6|    2|         12|
    |local_input_17_address0_local         |  31|          6|    2|         12|
    |local_input_18_address0_local         |  31|          6|    2|         12|
    |local_input_19_address0_local         |  31|          6|    2|         12|
    |local_input_1_address0_local          |  31|          6|    2|         12|
    |local_input_20_address0_local         |  31|          6|    2|         12|
    |local_input_21_address0_local         |  31|          6|    2|         12|
    |local_input_22_address0_local         |  31|          6|    2|         12|
    |local_input_23_address0_local         |  31|          6|    2|         12|
    |local_input_24_address0_local         |  31|          6|    2|         12|
    |local_input_25_address0_local         |  31|          6|    2|         12|
    |local_input_26_address0_local         |  31|          6|    2|         12|
    |local_input_27_address0_local         |  31|          6|    2|         12|
    |local_input_28_address0_local         |  31|          6|    2|         12|
    |local_input_29_address0_local         |  31|          6|    2|         12|
    |local_input_2_address0_local          |  31|          6|    2|         12|
    |local_input_3_address0_local          |  31|          6|    2|         12|
    |local_input_4_address0_local          |  31|          6|    2|         12|
    |local_input_5_address0_local          |  26|          5|    2|         10|
    |local_input_6_address0_local          |  26|          5|    2|         10|
    |local_input_7_address0_local          |  26|          5|    2|         10|
    |local_input_8_address0_local          |  26|          5|    2|         10|
    |local_input_9_address0_local          |  26|          5|    2|         10|
    |local_input_address0_local            |  31|          6|    2|         12|
    |out_c_fu_254                          |   9|          2|    7|         14|
    +--------------------------------------+----+-----------+-----+-----------+
    |Total                                 | 968|        189|  101|        432|
    +--------------------------------------+----+-----------+-----+-----------+

    * Register: 
    +-------------------------------------+----+----+-----+-----------+
    |                 Name                | FF | LUT| Bits| Const Bits|
    +-------------------------------------+----+----+-----+-----------+
    |add_ln78_2_reg_4724                  |   6|   0|    6|          0|
    |add_ln78_reg_4709                    |   6|   0|    6|          0|
    |add_ln80_1_reg_5171                  |  50|   0|   50|          0|
    |add_ln80_21_reg_5931                 |  50|   0|   50|          0|
    |ap_CS_fsm                            |   1|   0|    1|          0|
    |ap_done_reg                          |   1|   0|    1|          0|
    |ap_enable_reg_pp0_iter1              |   1|   0|    1|          0|
    |ap_enable_reg_pp0_iter10             |   1|   0|    1|          0|
    |ap_enable_reg_pp0_iter11             |   1|   0|    1|          0|
    |ap_enable_reg_pp0_iter12             |   1|   0|    1|          0|
    |ap_enable_reg_pp0_iter13             |   1|   0|    1|          0|
    |ap_enable_reg_pp0_iter2              |   1|   0|    1|          0|
    |ap_enable_reg_pp0_iter3              |   1|   0|    1|          0|
    |ap_enable_reg_pp0_iter4              |   1|   0|    1|          0|
    |ap_enable_reg_pp0_iter5              |   1|   0|    1|          0|
    |ap_enable_reg_pp0_iter6              |   1|   0|    1|          0|
    |ap_enable_reg_pp0_iter7              |   1|   0|    1|          0|
    |ap_enable_reg_pp0_iter8              |   1|   0|    1|          0|
    |ap_enable_reg_pp0_iter9              |   1|   0|    1|          0|
    |ap_loop_exit_ready_pp0_iter10_reg    |   1|   0|    1|          0|
    |ap_loop_exit_ready_pp0_iter11_reg    |   1|   0|    1|          0|
    |ap_loop_exit_ready_pp0_iter12_reg    |   1|   0|    1|          0|
    |ap_loop_exit_ready_pp0_iter1_reg     |   1|   0|    1|          0|
    |ap_loop_exit_ready_pp0_iter2_reg     |   1|   0|    1|          0|
    |ap_loop_exit_ready_pp0_iter3_reg     |   1|   0|    1|          0|
    |ap_loop_exit_ready_pp0_iter4_reg     |   1|   0|    1|          0|
    |ap_loop_exit_ready_pp0_iter5_reg     |   1|   0|    1|          0|
    |ap_loop_exit_ready_pp0_iter6_reg     |   1|   0|    1|          0|
    |ap_loop_exit_ready_pp0_iter7_reg     |   1|   0|    1|          0|
    |ap_loop_exit_ready_pp0_iter8_reg     |   1|   0|    1|          0|
    |ap_loop_exit_ready_pp0_iter9_reg     |   1|   0|    1|          0|
    |icmp_ln72_reg_4646                   |   1|   0|    1|          0|
    |icmp_ln79_1_reg_4729                 |   1|   0|    1|          0|
    |icmp_ln79_2_reg_4665                 |   1|   0|    1|          0|
    |icmp_ln79_3_reg_4744                 |   1|   0|    1|          0|
    |icmp_ln79_reg_4714                   |   1|   0|    1|          0|
    |idx_fu_250                           |   5|   0|    5|          0|
    |indvar_flatten_fu_258                |  11|   0|   11|          0|
    |mul_ln80_10_reg_5631                 |  50|   0|   50|          0|
    |mul_ln80_11_reg_5636                 |  50|   0|   50|          0|
    |mul_ln80_12_reg_5641                 |  50|   0|   50|          0|
    |mul_ln80_13_reg_5646                 |  50|   0|   50|          0|
    |mul_ln80_14_reg_5651                 |  50|   0|   50|          0|
    |mul_ln80_15_reg_5656                 |  50|   0|   50|          0|
    |mul_ln80_22_reg_5936                 |  50|   0|   50|          0|
    |mul_ln80_23_reg_5941                 |  50|   0|   50|          0|
    |mul_ln80_24_reg_5946                 |  50|   0|   50|          0|
    |mul_ln80_25_reg_5951                 |  50|   0|   50|          0|
    |mul_ln80_26_reg_5956                 |  50|   0|   50|          0|
    |mul_ln80_27_reg_5961                 |  50|   0|   50|          0|
    |mul_ln80_28_reg_5966                 |  50|   0|   50|          0|
    |mul_ln80_29_reg_5971                 |  50|   0|   50|          0|
    |mul_ln80_8_reg_5621                  |  50|   0|   50|          0|
    |mul_ln80_9_reg_5626                  |  50|   0|   50|          0|
    |out_c_fu_254                         |   7|   0|    7|          0|
    |select_ln71_reg_4651                 |   5|   0|    5|          0|
    |tmp_10_reg_4660                      |   3|   0|    3|          0|
    |tmp_12_reg_4739                      |   3|   0|    3|          0|
    |tmp_59_reg_5616                      |  28|   0|   28|          0|
    |tmp_reg_4790                         |   5|   0|    5|          0|
    |trunc_ln71_reg_4786                  |   1|   0|    1|          0|
    |trunc_ln72_reg_4675                  |   3|   0|    3|          0|
    |val_198_reg_5661                     |  16|   0|   16|          0|
    |val_199_reg_5666                     |  16|   0|   16|          0|
    |val_200_reg_5671                     |  16|   0|   16|          0|
    |val_201_reg_5676                     |  16|   0|   16|          0|
    |val_3_reg_5176                       |  16|   0|   16|          0|
    |val_4_reg_5181                       |  16|   0|   16|          0|
    |val_5_reg_5186                       |  16|   0|   16|          0|
    |val_6_reg_5191                       |  16|   0|   16|          0|
    |zext_ln71_reg_4754                   |   7|   0|   64|         57|
    |zext_ln71_reg_4754_pp0_iter10_reg    |   7|   0|   64|         57|
    |zext_ln72_2_reg_4811                 |   3|   0|   64|         61|
    |zext_ln72_2_reg_4811_pp0_iter10_reg  |   3|   0|   64|         61|
    |zext_ln78_reg_4889                   |   3|   0|   64|         61|
    |zext_ln78_reg_4889_pp0_iter10_reg    |   3|   0|   64|         61|
    |zext_ln79_2_reg_4840                 |  62|   0|   64|          2|
    |zext_ln79_2_reg_4840_pp0_iter10_reg  |  62|   0|   64|          2|
    |zext_ln79_4_reg_4918                 |  62|   0|   64|          2|
    |zext_ln79_4_reg_4918_pp0_iter10_reg  |  62|   0|   64|          2|
    |zext_ln79_reg_5022                   |   3|   0|   64|         61|
    |zext_ln79_reg_5022_pp0_iter10_reg    |   3|   0|   64|         61|
    |icmp_ln72_reg_4646                   |  64|  32|    1|          0|
    |icmp_ln79_1_reg_4729                 |  64|  32|    1|          0|
    |icmp_ln79_2_reg_4665                 |  64|  32|    1|          0|
    |icmp_ln79_3_reg_4744                 |  64|  32|    1|          0|
    |icmp_ln79_reg_4714                   |  64|  32|    1|          0|
    |select_ln71_reg_4651                 |  64|  32|    5|          0|
    |tmp_10_reg_4660                      |  64|  32|    3|          0|
    |tmp_reg_4790                         |  64|  32|    5|          0|
    |trunc_ln71_reg_4786                  |  64|  32|    1|          0|
    |trunc_ln72_reg_4675                  |  64|  32|    3|          0|
    +-------------------------------------+----+----+-----+-----------+
    |Total                                |2063| 320| 1933|        488|
    +-------------------------------------+----+----+-----+-----------+



================================================================
== Interface
================================================================
* Summary: 
+-------------------------+-----+-----+------------+-------------------------------------------------------+--------------+
|        RTL Ports        | Dir | Bits|  Protocol  |                     Source Object                     |    C Type    |
+-------------------------+-----+-----+------------+-------------------------------------------------------+--------------+
|ap_clk                   |   in|    1|  ap_ctrl_hs|  street_fighter_cnn_Pipeline_CONV1_OUT_VITIS_LOOP_72_1|  return value|
|ap_rst                   |   in|    1|  ap_ctrl_hs|  street_fighter_cnn_Pipeline_CONV1_OUT_VITIS_LOOP_72_1|  return value|
|ap_start                 |   in|    1|  ap_ctrl_hs|  street_fighter_cnn_Pipeline_CONV1_OUT_VITIS_LOOP_72_1|  return value|
|ap_done                  |  out|    1|  ap_ctrl_hs|  street_fighter_cnn_Pipeline_CONV1_OUT_VITIS_LOOP_72_1|  return value|
|ap_idle                  |  out|    1|  ap_ctrl_hs|  street_fighter_cnn_Pipeline_CONV1_OUT_VITIS_LOOP_72_1|  return value|
|ap_ready                 |  out|    1|  ap_ctrl_hs|  street_fighter_cnn_Pipeline_CONV1_OUT_VITIS_LOOP_72_1|  return value|
|conv1_out_address0       |  out|   10|   ap_memory|                                              conv1_out|         array|
|conv1_out_ce0            |  out|    1|   ap_memory|                                              conv1_out|         array|
|conv1_out_we0            |  out|    1|   ap_memory|                                              conv1_out|         array|
|conv1_out_d0             |  out|   15|   ap_memory|                                              conv1_out|         array|
|conv1_out_1_address0     |  out|   10|   ap_memory|                                            conv1_out_1|         array|
|conv1_out_1_ce0          |  out|    1|   ap_memory|                                            conv1_out_1|         array|
|conv1_out_1_we0          |  out|    1|   ap_memory|                                            conv1_out_1|         array|
|conv1_out_1_d0           |  out|   15|   ap_memory|                                            conv1_out_1|         array|
|local_input_address0     |  out|    2|   ap_memory|                                            local_input|         array|
|local_input_ce0          |  out|    1|   ap_memory|                                            local_input|         array|
|local_input_q0           |   in|   16|   ap_memory|                                            local_input|         array|
|local_input_1_address0   |  out|    2|   ap_memory|                                          local_input_1|         array|
|local_input_1_ce0        |  out|    1|   ap_memory|                                          local_input_1|         array|
|local_input_1_q0         |   in|   16|   ap_memory|                                          local_input_1|         array|
|local_input_2_address0   |  out|    2|   ap_memory|                                          local_input_2|         array|
|local_input_2_ce0        |  out|    1|   ap_memory|                                          local_input_2|         array|
|local_input_2_q0         |   in|   16|   ap_memory|                                          local_input_2|         array|
|local_input_3_address0   |  out|    2|   ap_memory|                                          local_input_3|         array|
|local_input_3_ce0        |  out|    1|   ap_memory|                                          local_input_3|         array|
|local_input_3_q0         |   in|   16|   ap_memory|                                          local_input_3|         array|
|local_input_4_address0   |  out|    2|   ap_memory|                                          local_input_4|         array|
|local_input_4_ce0        |  out|    1|   ap_memory|                                          local_input_4|         array|
|local_input_4_q0         |   in|   16|   ap_memory|                                          local_input_4|         array|
|local_input_5_address0   |  out|    2|   ap_memory|                                          local_input_5|         array|
|local_input_5_ce0        |  out|    1|   ap_memory|                                          local_input_5|         array|
|local_input_5_q0         |   in|   16|   ap_memory|                                          local_input_5|         array|
|local_input_5_address1   |  out|    2|   ap_memory|                                          local_input_5|         array|
|local_input_5_ce1        |  out|    1|   ap_memory|                                          local_input_5|         array|
|local_input_5_q1         |   in|   16|   ap_memory|                                          local_input_5|         array|
|local_input_6_address0   |  out|    2|   ap_memory|                                          local_input_6|         array|
|local_input_6_ce0        |  out|    1|   ap_memory|                                          local_input_6|         array|
|local_input_6_q0         |   in|   16|   ap_memory|                                          local_input_6|         array|
|local_input_6_address1   |  out|    2|   ap_memory|                                          local_input_6|         array|
|local_input_6_ce1        |  out|    1|   ap_memory|                                          local_input_6|         array|
|local_input_6_q1         |   in|   16|   ap_memory|                                          local_input_6|         array|
|local_input_7_address0   |  out|    2|   ap_memory|                                          local_input_7|         array|
|local_input_7_ce0        |  out|    1|   ap_memory|                                          local_input_7|         array|
|local_input_7_q0         |   in|   16|   ap_memory|                                          local_input_7|         array|
|local_input_7_address1   |  out|    2|   ap_memory|                                          local_input_7|         array|
|local_input_7_ce1        |  out|    1|   ap_memory|                                          local_input_7|         array|
|local_input_7_q1         |   in|   16|   ap_memory|                                          local_input_7|         array|
|local_input_8_address0   |  out|    2|   ap_memory|                                          local_input_8|         array|
|local_input_8_ce0        |  out|    1|   ap_memory|                                          local_input_8|         array|
|local_input_8_q0         |   in|   16|   ap_memory|                                          local_input_8|         array|
|local_input_8_address1   |  out|    2|   ap_memory|                                          local_input_8|         array|
|local_input_8_ce1        |  out|    1|   ap_memory|                                          local_input_8|         array|
|local_input_8_q1         |   in|   16|   ap_memory|                                          local_input_8|         array|
|local_input_9_address0   |  out|    2|   ap_memory|                                          local_input_9|         array|
|local_input_9_ce0        |  out|    1|   ap_memory|                                          local_input_9|         array|
|local_input_9_q0         |   in|   16|   ap_memory|                                          local_input_9|         array|
|local_input_9_address1   |  out|    2|   ap_memory|                                          local_input_9|         array|
|local_input_9_ce1        |  out|    1|   ap_memory|                                          local_input_9|         array|
|local_input_9_q1         |   in|   16|   ap_memory|                                          local_input_9|         array|
|local_input_10_address0  |  out|    2|   ap_memory|                                         local_input_10|         array|
|local_input_10_ce0       |  out|    1|   ap_memory|                                         local_input_10|         array|
|local_input_10_q0        |   in|   16|   ap_memory|                                         local_input_10|         array|
|local_input_11_address0  |  out|    2|   ap_memory|                                         local_input_11|         array|
|local_input_11_ce0       |  out|    1|   ap_memory|                                         local_input_11|         array|
|local_input_11_q0        |   in|   16|   ap_memory|                                         local_input_11|         array|
|local_input_12_address0  |  out|    2|   ap_memory|                                         local_input_12|         array|
|local_input_12_ce0       |  out|    1|   ap_memory|                                         local_input_12|         array|
|local_input_12_q0        |   in|   16|   ap_memory|                                         local_input_12|         array|
|local_input_13_address0  |  out|    2|   ap_memory|                                         local_input_13|         array|
|local_input_13_ce0       |  out|    1|   ap_memory|                                         local_input_13|         array|
|local_input_13_q0        |   in|   16|   ap_memory|                                         local_input_13|         array|
|local_input_14_address0  |  out|    2|   ap_memory|                                         local_input_14|         array|
|local_input_14_ce0       |  out|    1|   ap_memory|                                         local_input_14|         array|
|local_input_14_q0        |   in|   16|   ap_memory|                                         local_input_14|         array|
|local_input_15_address0  |  out|    2|   ap_memory|                                         local_input_15|         array|
|local_input_15_ce0       |  out|    1|   ap_memory|                                         local_input_15|         array|
|local_input_15_q0        |   in|   16|   ap_memory|                                         local_input_15|         array|
|local_input_16_address0  |  out|    2|   ap_memory|                                         local_input_16|         array|
|local_input_16_ce0       |  out|    1|   ap_memory|                                         local_input_16|         array|
|local_input_16_q0        |   in|   16|   ap_memory|                                         local_input_16|         array|
|local_input_17_address0  |  out|    2|   ap_memory|                                         local_input_17|         array|
|local_input_17_ce0       |  out|    1|   ap_memory|                                         local_input_17|         array|
|local_input_17_q0        |   in|   16|   ap_memory|                                         local_input_17|         array|
|local_input_18_address0  |  out|    2|   ap_memory|                                         local_input_18|         array|
|local_input_18_ce0       |  out|    1|   ap_memory|                                         local_input_18|         array|
|local_input_18_q0        |   in|   16|   ap_memory|                                         local_input_18|         array|
|local_input_19_address0  |  out|    2|   ap_memory|                                         local_input_19|         array|
|local_input_19_ce0       |  out|    1|   ap_memory|                                         local_input_19|         array|
|local_input_19_q0        |   in|   16|   ap_memory|                                         local_input_19|         array|
|local_input_20_address0  |  out|    2|   ap_memory|                                         local_input_20|         array|
|local_input_20_ce0       |  out|    1|   ap_memory|                                         local_input_20|         array|
|local_input_20_q0        |   in|   16|   ap_memory|                                         local_input_20|         array|
|local_input_21_address0  |  out|    2|   ap_memory|                                         local_input_21|         array|
|local_input_21_ce0       |  out|    1|   ap_memory|                                         local_input_21|         array|
|local_input_21_q0        |   in|   16|   ap_memory|                                         local_input_21|         array|
|local_input_22_address0  |  out|    2|   ap_memory|                                         local_input_22|         array|
|local_input_22_ce0       |  out|    1|   ap_memory|                                         local_input_22|         array|
|local_input_22_q0        |   in|   16|   ap_memory|                                         local_input_22|         array|
|local_input_23_address0  |  out|    2|   ap_memory|                                         local_input_23|         array|
|local_input_23_ce0       |  out|    1|   ap_memory|                                         local_input_23|         array|
|local_input_23_q0        |   in|   16|   ap_memory|                                         local_input_23|         array|
|local_input_24_address0  |  out|    2|   ap_memory|                                         local_input_24|         array|
|local_input_24_ce0       |  out|    1|   ap_memory|                                         local_input_24|         array|
|local_input_24_q0        |   in|   16|   ap_memory|                                         local_input_24|         array|
|local_input_25_address0  |  out|    2|   ap_memory|                                         local_input_25|         array|
|local_input_25_ce0       |  out|    1|   ap_memory|                                         local_input_25|         array|
|local_input_25_q0        |   in|   16|   ap_memory|                                         local_input_25|         array|
|local_input_26_address0  |  out|    2|   ap_memory|                                         local_input_26|         array|
|local_input_26_ce0       |  out|    1|   ap_memory|                                         local_input_26|         array|
|local_input_26_q0        |   in|   16|   ap_memory|                                         local_input_26|         array|
|local_input_27_address0  |  out|    2|   ap_memory|                                         local_input_27|         array|
|local_input_27_ce0       |  out|    1|   ap_memory|                                         local_input_27|         array|
|local_input_27_q0        |   in|   16|   ap_memory|                                         local_input_27|         array|
|local_input_28_address0  |  out|    2|   ap_memory|                                         local_input_28|         array|
|local_input_28_ce0       |  out|    1|   ap_memory|                                         local_input_28|         array|
|local_input_28_q0        |   in|   16|   ap_memory|                                         local_input_28|         array|
|local_input_29_address0  |  out|    2|   ap_memory|                                         local_input_29|         array|
|local_input_29_ce0       |  out|    1|   ap_memory|                                         local_input_29|         array|
|local_input_29_q0        |   in|   16|   ap_memory|                                         local_input_29|         array|
+-------------------------+-----+-----+------------+-------------------------------------------------------+--------------+

