

================================================================
== Vitis HLS Report for 'street_fighter_cnn_Pipeline_VITIS_LOOP_136_6'
================================================================
* Date:           Mon Apr  6 15:58:52 2026

* Version:        2025.2 (Build 6295257 on Nov 14 2025)
* Project:        streetfighter
* Solution:       hls (Vitis Kernel Flow Target)
* Product family: zynquplus
* Target device:  xczu3eg-sbva484-1-i


================================================================
== Performance Estimates
================================================================
+ Timing: 
    * Summary: 
    +--------+----------+----------+------------+
    |  Clock |  Target  | Estimated| Uncertainty|
    +--------+----------+----------+------------+
    |ap_clk  |  10.00 ns|  6.755 ns|     2.70 ns|
    +--------+----------+----------+------------+

+ Latency: 
    * Summary: 
    +---------+---------+----------+----------+-----+-----+-------------------+
    |  Latency (cycles) |  Latency (absolute) |  Interval |      Pipeline     |
    |   min   |   max   |    min   |    max   | min | max |        Type       |
    +---------+---------+----------+----------+-----+-----+-------------------+
    |       36|       36|  0.360 us|  0.360 us|    0|    0|  loop pipeline stp|
    +---------+---------+----------+----------+-----+-----+-------------------+

    + Detail: 
        * Instance: 
        N/A

        * Loop: 
        +--------------------+---------+---------+----------+-----------+-----------+------+----------+
        |                    |  Latency (cycles) | Iteration|  Initiation Interval  | Trip |          |
        |      Loop Name     |   min   |   max   |  Latency |  achieved |   target  | Count| Pipelined|
        +--------------------+---------+---------+----------+-----------+-----------+------+----------+
        |- VITIS_LOOP_136_6  |       34|       34|         4|          1|          1|    32|       yes|
        +--------------------+---------+---------+----------+-----------+-----------+------+----------+



================================================================
== Utilization Estimates
================================================================
* Summary: 
+-----------------+---------+-----+--------+-------+-----+
|       Name      | BRAM_18K| DSP |   FF   |  LUT  | URAM|
+-----------------+---------+-----+--------+-------+-----+
|DSP              |        -|    -|       -|      -|    -|
|Expression       |        -|    -|       0|    338|    -|
|FIFO             |        -|    -|       -|      -|    -|
|Instance         |        -|    7|       0|     58|    -|
|Memory           |        1|    -|       0|      0|    -|
|Multiplexer      |        -|    -|       0|     54|    -|
|Register         |        -|    -|     111|      -|    -|
+-----------------+---------+-----+--------+-------+-----+
|Total            |        1|    7|     111|    450|    0|
+-----------------+---------+-----+--------+-------+-----+
|Available        |      432|  360|  141120|  70560|    0|
+-----------------+---------+-----+--------+-------+-----+
|Utilization (%)  |       ~0|    1|      ~0|     ~0|    0|
+-----------------+---------+-----+--------+-------+-----+

+ Detail: 
    * Instance: 
    +---------------------------+----------------------+---------+----+---+----+-----+
    |          Instance         |        Module        | BRAM_18K| DSP| FF| LUT| URAM|
    +---------------------------+----------------------+---------+----+---+----+-----+
    |mul_27ns_25s_52_1_1_U601   |mul_27ns_25s_52_1_1   |        0|   2|  0|  39|    0|
    |mul_41ns_43ns_82_1_1_U602  |mul_41ns_43ns_82_1_1  |        0|   5|  0|  19|    0|
    +---------------------------+----------------------+---------+----+---+----+-----+
    |Total                      |                      |        0|   7|  0|  58|    0|
    +---------------------------+----------------------+---------+----+---+----+-----+

    * DSP: 
    N/A

    * Memory: 
    +--------+---------------------------------------------------------------+---------+---+----+-----+------+-----+------+-------------+
    | Memory |                             Module                            | BRAM_18K| FF| LUT| URAM| Words| Bits| Banks| W*Bits*Banks|
    +--------+---------------------------------------------------------------+---------+---+----+-----+------+-----+------+-------------+
    |FC_W_U  |street_fighter_cnn_Pipeline_VITIS_LOOP_136_6_FC_W_ROM_AUTO_1R  |        1|  0|   0|    0|   320|   13|     1|         4160|
    +--------+---------------------------------------------------------------+---------+---+----+-----+------+-----+------+-------------+
    |Total   |                                                               |        1|  0|   0|    0|   320|   13|     1|         4160|
    +--------+---------------------------------------------------------------+---------+---+----+-----+------+-----+------+-------------+

    * FIFO: 
    N/A

    * Expression: 
    +-----------------------+----------+----+---+----+------------+------------+
    |     Variable Name     | Operation| DSP| FF| LUT| Bitwidth P0| Bitwidth P1|
    +-----------------------+----------+----+---+----+------------+------------+
    |add_ln136_fu_332_p2    |         +|   0|  0|  13|           6|           1|
    |add_ln141_1_fu_429_p2  |         +|   0|  0|  23|          16|          16|
    |add_ln141_2_fu_439_p2  |         +|   0|  0|  23|          16|          16|
    |add_ln141_3_fu_449_p2  |         +|   0|  0|  24|          17|          17|
    |add_ln141_4_fu_459_p2  |         +|   0|  0|  25|          18|          18|
    |add_ln141_5_fu_469_p2  |         +|   0|  0|  23|          16|          16|
    |add_ln141_6_fu_479_p2  |         +|   0|  0|  23|          16|          16|
    |add_ln141_7_fu_489_p2  |         +|   0|  0|  24|          17|          17|
    |add_ln141_8_fu_499_p2  |         +|   0|  0|  25|          18|          18|
    |add_ln141_fu_509_p2    |         +|   0|  0|  26|          19|          19|
    |add_ln144_1_fu_518_p2  |         +|   0|  0|  16|           9|           9|
    |add_ln144_fu_595_p2    |         +|   0|  0|  61|          54|          54|
    |icmp_ln136_fu_326_p2   |      icmp|   0|  0|  14|           6|           7|
    |icmp_ln145_fu_378_p2   |      icmp|   0|  0|  12|           5|           1|
    |or_ln145_fu_356_p2     |        or|   0|  0|   4|           4|           4|
    |ap_enable_pp0          |       xor|   0|  0|   2|           1|           2|
    +-----------------------+----------+----+---+----+------------+------------+
    |Total                  |          |   0|  0| 338|         238|         231|
    +-----------------------+----------+----+---+----+------------+------------+

    * Multiplexer: 
    +-------------------------+----+-----------+-----+-----------+
    |           Name          | LUT| Input Size| Bits| Total Bits|
    +-------------------------+----+-----------+-----+-----------+
    |ap_done_int              |   9|          2|    1|          2|
    |ap_enable_reg_pp0_iter1  |   9|          2|    1|          2|
    |ap_sig_allocacmp_j_1     |   9|          2|    6|         12|
    |final_scores_9_fu_108    |   9|          2|   16|         32|
    |j_fu_116                 |   9|          2|    6|         12|
    |score_fu_112             |   9|          2|   32|         64|
    +-------------------------+----+-----------+-----+-----------+
    |Total                    |  54|         12|   62|        124|
    +-------------------------+----+-----------+-----+-----------+

    * Register: 
    +----------------------------------+----+----+-----+-----------+
    |               Name               | FF | LUT| Bits| Const Bits|
    +----------------------------------+----+----+-----+-----------+
    |add_ln141_reg_724                 |  19|   0|   19|          0|
    |ap_CS_fsm                         |   1|   0|    1|          0|
    |ap_done_reg                       |   1|   0|    1|          0|
    |ap_enable_reg_pp0_iter1           |   1|   0|    1|          0|
    |ap_enable_reg_pp0_iter2           |   1|   0|    1|          0|
    |ap_enable_reg_pp0_iter3           |   1|   0|    1|          0|
    |ap_loop_exit_ready_pp0_iter1_reg  |   1|   0|    1|          0|
    |ap_loop_exit_ready_pp0_iter2_reg  |   1|   0|    1|          0|
    |final_scores_9_fu_108             |  16|   0|   16|          0|
    |icmp_ln136_reg_666                |   1|   0|    1|          0|
    |icmp_ln136_reg_666_pp0_iter1_reg  |   1|   0|    1|          0|
    |icmp_ln145_reg_720                |   1|   0|    1|          0|
    |icmp_ln145_reg_720_pp0_iter1_reg  |   1|   0|    1|          0|
    |j_1_reg_661                       |   6|   0|    6|          0|
    |j_1_reg_661_pp0_iter1_reg         |   6|   0|    6|          0|
    |j_fu_116                          |   6|   0|    6|          0|
    |score_fu_112                      |  32|   0|   32|          0|
    |tmp_reg_734                       |  15|   0|   15|          0|
    +----------------------------------+----+----+-----+-----------+
    |Total                             | 111|   0|  111|          0|
    +----------------------------------+----+----+-----+-----------+



================================================================
== Interface
================================================================
* Summary: 
+---------------------------+-----+-----+------------+----------------------------------------------+--------------+
|         RTL Ports         | Dir | Bits|  Protocol  |                 Source Object                |    C Type    |
+---------------------------+-----+-----+------------+----------------------------------------------+--------------+
|ap_clk                     |   in|    1|  ap_ctrl_hs|  street_fighter_cnn_Pipeline_VITIS_LOOP_136_6|  return value|
|ap_rst                     |   in|    1|  ap_ctrl_hs|  street_fighter_cnn_Pipeline_VITIS_LOOP_136_6|  return value|
|ap_start                   |   in|    1|  ap_ctrl_hs|  street_fighter_cnn_Pipeline_VITIS_LOOP_136_6|  return value|
|ap_done                    |  out|    1|  ap_ctrl_hs|  street_fighter_cnn_Pipeline_VITIS_LOOP_136_6|  return value|
|ap_idle                    |  out|    1|  ap_ctrl_hs|  street_fighter_cnn_Pipeline_VITIS_LOOP_136_6|  return value|
|ap_ready                   |  out|    1|  ap_ctrl_hs|  street_fighter_cnn_Pipeline_VITIS_LOOP_136_6|  return value|
|sext_ln135                 |   in|   24|     ap_none|                                    sext_ln135|        scalar|
|zext_ln144                 |   in|    9|     ap_none|                                    zext_ln144|        scalar|
|conv2_out_address0         |  out|    5|   ap_memory|                                     conv2_out|         array|
|conv2_out_ce0              |  out|    1|   ap_memory|                                     conv2_out|         array|
|conv2_out_q0               |   in|   15|   ap_memory|                                     conv2_out|         array|
|conv2_out_1_address0       |  out|    5|   ap_memory|                                   conv2_out_1|         array|
|conv2_out_1_ce0            |  out|    1|   ap_memory|                                   conv2_out_1|         array|
|conv2_out_1_q0             |   in|   15|   ap_memory|                                   conv2_out_1|         array|
|conv2_out_2_address0       |  out|    5|   ap_memory|                                   conv2_out_2|         array|
|conv2_out_2_ce0            |  out|    1|   ap_memory|                                   conv2_out_2|         array|
|conv2_out_2_q0             |   in|   15|   ap_memory|                                   conv2_out_2|         array|
|conv2_out_3_address0       |  out|    5|   ap_memory|                                   conv2_out_3|         array|
|conv2_out_3_ce0            |  out|    1|   ap_memory|                                   conv2_out_3|         array|
|conv2_out_3_q0             |   in|   15|   ap_memory|                                   conv2_out_3|         array|
|conv2_out_4_address0       |  out|    5|   ap_memory|                                   conv2_out_4|         array|
|conv2_out_4_ce0            |  out|    1|   ap_memory|                                   conv2_out_4|         array|
|conv2_out_4_q0             |   in|   15|   ap_memory|                                   conv2_out_4|         array|
|conv2_out_5_address0       |  out|    5|   ap_memory|                                   conv2_out_5|         array|
|conv2_out_5_ce0            |  out|    1|   ap_memory|                                   conv2_out_5|         array|
|conv2_out_5_q0             |   in|   15|   ap_memory|                                   conv2_out_5|         array|
|conv2_out_6_address0       |  out|    5|   ap_memory|                                   conv2_out_6|         array|
|conv2_out_6_ce0            |  out|    1|   ap_memory|                                   conv2_out_6|         array|
|conv2_out_6_q0             |   in|   15|   ap_memory|                                   conv2_out_6|         array|
|conv2_out_7_address0       |  out|    5|   ap_memory|                                   conv2_out_7|         array|
|conv2_out_7_ce0            |  out|    1|   ap_memory|                                   conv2_out_7|         array|
|conv2_out_7_q0             |   in|   15|   ap_memory|                                   conv2_out_7|         array|
|conv2_out_8_address0       |  out|    5|   ap_memory|                                   conv2_out_8|         array|
|conv2_out_8_ce0            |  out|    1|   ap_memory|                                   conv2_out_8|         array|
|conv2_out_8_q0             |   in|   15|   ap_memory|                                   conv2_out_8|         array|
|conv2_out_9_address0       |  out|    5|   ap_memory|                                   conv2_out_9|         array|
|conv2_out_9_ce0            |  out|    1|   ap_memory|                                   conv2_out_9|         array|
|conv2_out_9_q0             |   in|   15|   ap_memory|                                   conv2_out_9|         array|
|i_1                        |   in|    4|     ap_none|                                           i_1|        scalar|
|dbg_gap0                   |  out|   16|      ap_vld|                                      dbg_gap0|       pointer|
|dbg_gap0_ap_vld            |  out|    1|      ap_vld|                                      dbg_gap0|       pointer|
|final_scores_9_out         |  out|   16|      ap_vld|                            final_scores_9_out|       pointer|
|final_scores_9_out_ap_vld  |  out|    1|      ap_vld|                            final_scores_9_out|       pointer|
+---------------------------+-----+-----+------------+----------------------------------------------+--------------+

