#-----------------------------------------------------------
# Vivado v2025.2 (64-bit)
# SW Build 6299465 on Fri Nov 14 19:35:11 GMT 2025
# IP Build 6300035 on Fri Nov 14 10:48:45 MST 2025
# SharedData Build 6298862 on Thu Nov 13 04:50:51 MST 2025
# Start of session at: Mon Apr  6 16:33:13 2026
# Process ID         : 9156
# Current directory  : C:/Users/eswar/OneDrive/Desktop/streetfighter/streetfighter/hls/impl/ip
# Command line       : vivado.exe -notrace -mode batch -source run_ippack.tcl
# Log file           : C:/Users/eswar/OneDrive/Desktop/streetfighter/streetfighter/hls/impl/ip/vivado.log
# Journal file       : C:/Users/eswar/OneDrive/Desktop/streetfighter/streetfighter/hls/impl/ip\vivado.jou
# Running On         : Travissssss
# Platform           : Windows Server 2016 or Windows 10
# Operating System   : 26200
# Processor Detail   : AMD Ryzen 9 5900HX with Radeon Graphics        
# CPU Frequency      : 3294 MHz
# CPU Physical cores : 8
# CPU Logical cores  : 16
# Host memory        : 16539 MB
# Swap memory        : 20401 MB
# Total Virtual      : 36940 MB
# Available Virtual  : 25350 MB
#-----------------------------------------------------------
source run_ippack.tcl -notrace
INFO: calling package_hls_ip ip_types=vitis sysgen json_file=C:/Users/eswar/OneDrive/Desktop/streetfighter/streetfighter/hls/hls_data.json outdir=C:/Users/eswar/OneDrive/Desktop/streetfighter/streetfighter/hls/impl/ip srcdir=C:/Users/eswar/OneDrive/Desktop/streetfighter/streetfighter/hls ippack_options_dict= ippack_options_dict=
INFO: Copied 1 ipmisc file(s) to C:/Users/eswar/OneDrive/Desktop/streetfighter/streetfighter/hls/impl/ip/misc
INFO: Copied 494 verilog file(s) to C:/Users/eswar/OneDrive/Desktop/streetfighter/streetfighter/hls/impl/ip/hdl/verilog
INFO: Copied 267 vhdl file(s) to C:/Users/eswar/OneDrive/Desktop/streetfighter/streetfighter/hls/impl/ip/hdl/vhdl
INFO: Copied 10 swdriver file(s) to C:/Users/eswar/OneDrive/Desktop/streetfighter/streetfighter/hls/impl/ip/drivers
Generating 7 subcores in C:/Users/eswar/OneDrive/Desktop/streetfighter/streetfighter/hls/impl/ip/subcore_prj:
impl/misc/street_fighter_cnn_faddfsub_32ns_32ns_32_5_full_dsp_1_ip.tcl
impl/misc/street_fighter_cnn_fcmp_32ns_32ns_1_2_no_dsp_1_ip.tcl
impl/misc/street_fighter_cnn_fdiv_32ns_32ns_32_10_no_dsp_1_ip.tcl
impl/misc/street_fighter_cnn_fexp_32ns_32ns_32_8_full_dsp_1_ip.tcl
impl/misc/street_fighter_cnn_fmul_32ns_32ns_32_4_max_dsp_1_ip.tcl
impl/misc/street_fighter_cnn_fpext_32ns_64_2_no_dsp_1_ip.tcl
impl/misc/street_fighter_cnn_fsub_32ns_32ns_32_5_full_dsp_1_ip.tcl
INFO: [ProjectBase 1-489] The host OS only allows 260 characters in a normal path. The project is stored in a path with more than 80 characters. If you experience issues with IP, Block Designs, or files not being found, please consider moving the project to a location with a shorter path. Alternately consider using the OS subst command to map part of the path to a drive letter.
Current project path is 'C:/Users/eswar/OneDrive/Desktop/streetfighter/streetfighter/hls/impl/ip/subcore_prj'
create_project: Time (s): cpu = 00:00:08 ; elapsed = 00:00:06 . Memory (MB): peak = 535.238 ; gain = 222.703
INFO: Using COE_DIR=C:/Users/eswar/OneDrive/Desktop/streetfighter/streetfighter/hls/impl/ip/hdl/verilog
INFO: Generating street_fighter_cnn_faddfsub_32ns_32ns_32_5_full_dsp_1_ip via file impl/misc/street_fighter_cnn_faddfsub_32ns_32ns_32_5_full_dsp_1_ip.tcl
INFO: [IP_Flow 19-234] Refreshing IP repositories
INFO: [IP_Flow 19-1704] No user IP repositories specified
INFO: [IP_Flow 19-2313] Loaded Vivado IP repository 'C:/Users/eswar/OneDrive/Desktop/2025.2/Vivado/data/ip'.
WARNING: [IP_Flow 19-4832] The IP name 'street_fighter_cnn_faddfsub_32ns_32ns_32_5_full_dsp_1_ip' you have specified is long. The Windows operating system has path length limitations. It is recommended you use shorter names to reduce the likelihood of issues.
INFO: [IP_Flow 19-1686] Generating 'Synthesis' target for IP 'street_fighter_cnn_faddfsub_32ns_32ns_32_5_full_dsp_1_ip'...
INFO: [IP_Flow 19-1686] Generating 'Simulation' target for IP 'street_fighter_cnn_faddfsub_32ns_32ns_32_5_full_dsp_1_ip'...
INFO: Done generating street_fighter_cnn_faddfsub_32ns_32ns_32_5_full_dsp_1_ip via file impl/misc/street_fighter_cnn_faddfsub_32ns_32ns_32_5_full_dsp_1_ip.tcl
INFO: Generating street_fighter_cnn_fcmp_32ns_32ns_1_2_no_dsp_1_ip via file impl/misc/street_fighter_cnn_fcmp_32ns_32ns_1_2_no_dsp_1_ip.tcl
WARNING: [IP_Flow 19-4832] The IP name 'street_fighter_cnn_fcmp_32ns_32ns_1_2_no_dsp_1_ip' you have specified is long. The Windows operating system has path length limitations. It is recommended you use shorter names to reduce the likelihood of issues.
INFO: [IP_Flow 19-1686] Generating 'Synthesis' target for IP 'street_fighter_cnn_fcmp_32ns_32ns_1_2_no_dsp_1_ip'...
INFO: [IP_Flow 19-1686] Generating 'Simulation' target for IP 'street_fighter_cnn_fcmp_32ns_32ns_1_2_no_dsp_1_ip'...
INFO: Done generating street_fighter_cnn_fcmp_32ns_32ns_1_2_no_dsp_1_ip via file impl/misc/street_fighter_cnn_fcmp_32ns_32ns_1_2_no_dsp_1_ip.tcl
INFO: Generating street_fighter_cnn_fdiv_32ns_32ns_32_10_no_dsp_1_ip via file impl/misc/street_fighter_cnn_fdiv_32ns_32ns_32_10_no_dsp_1_ip.tcl
WARNING: [IP_Flow 19-4832] The IP name 'street_fighter_cnn_fdiv_32ns_32ns_32_10_no_dsp_1_ip' you have specified is long. The Windows operating system has path length limitations. It is recommended you use shorter names to reduce the likelihood of issues.
INFO: [IP_Flow 19-1686] Generating 'Synthesis' target for IP 'street_fighter_cnn_fdiv_32ns_32ns_32_10_no_dsp_1_ip'...
INFO: [IP_Flow 19-1686] Generating 'Simulation' target for IP 'street_fighter_cnn_fdiv_32ns_32ns_32_10_no_dsp_1_ip'...
INFO: Done generating street_fighter_cnn_fdiv_32ns_32ns_32_10_no_dsp_1_ip via file impl/misc/street_fighter_cnn_fdiv_32ns_32ns_32_10_no_dsp_1_ip.tcl
INFO: Generating street_fighter_cnn_fexp_32ns_32ns_32_8_full_dsp_1_ip via file impl/misc/street_fighter_cnn_fexp_32ns_32ns_32_8_full_dsp_1_ip.tcl
WARNING: [IP_Flow 19-4832] The IP name 'street_fighter_cnn_fexp_32ns_32ns_32_8_full_dsp_1_ip' you have specified is long. The Windows operating system has path length limitations. It is recommended you use shorter names to reduce the likelihood of issues.
INFO: [IP_Flow 19-1686] Generating 'Synthesis' target for IP 'street_fighter_cnn_fexp_32ns_32ns_32_8_full_dsp_1_ip'...
INFO: [IP_Flow 19-1686] Generating 'Simulation' target for IP 'street_fighter_cnn_fexp_32ns_32ns_32_8_full_dsp_1_ip'...
INFO: Done generating street_fighter_cnn_fexp_32ns_32ns_32_8_full_dsp_1_ip via file impl/misc/street_fighter_cnn_fexp_32ns_32ns_32_8_full_dsp_1_ip.tcl
INFO: Generating street_fighter_cnn_fmul_32ns_32ns_32_4_max_dsp_1_ip via file impl/misc/street_fighter_cnn_fmul_32ns_32ns_32_4_max_dsp_1_ip.tcl
WARNING: [IP_Flow 19-4832] The IP name 'street_fighter_cnn_fmul_32ns_32ns_32_4_max_dsp_1_ip' you have specified is long. The Windows operating system has path length limitations. It is recommended you use shorter names to reduce the likelihood of issues.
INFO: [IP_Flow 19-1686] Generating 'Synthesis' target for IP 'street_fighter_cnn_fmul_32ns_32ns_32_4_max_dsp_1_ip'...
INFO: [IP_Flow 19-1686] Generating 'Simulation' target for IP 'street_fighter_cnn_fmul_32ns_32ns_32_4_max_dsp_1_ip'...
INFO: Done generating street_fighter_cnn_fmul_32ns_32ns_32_4_max_dsp_1_ip via file impl/misc/street_fighter_cnn_fmul_32ns_32ns_32_4_max_dsp_1_ip.tcl
INFO: Generating street_fighter_cnn_fpext_32ns_64_2_no_dsp_1_ip via file impl/misc/street_fighter_cnn_fpext_32ns_64_2_no_dsp_1_ip.tcl
WARNING: [IP_Flow 19-4832] The IP name 'street_fighter_cnn_fpext_32ns_64_2_no_dsp_1_ip' you have specified is long. The Windows operating system has path length limitations. It is recommended you use shorter names to reduce the likelihood of issues.
INFO: [IP_Flow 19-1686] Generating 'Synthesis' target for IP 'street_fighter_cnn_fpext_32ns_64_2_no_dsp_1_ip'...
INFO: [IP_Flow 19-1686] Generating 'Simulation' target for IP 'street_fighter_cnn_fpext_32ns_64_2_no_dsp_1_ip'...
INFO: Done generating street_fighter_cnn_fpext_32ns_64_2_no_dsp_1_ip via file impl/misc/street_fighter_cnn_fpext_32ns_64_2_no_dsp_1_ip.tcl
INFO: Generating street_fighter_cnn_fsub_32ns_32ns_32_5_full_dsp_1_ip via file impl/misc/street_fighter_cnn_fsub_32ns_32ns_32_5_full_dsp_1_ip.tcl
WARNING: [IP_Flow 19-4832] The IP name 'street_fighter_cnn_fsub_32ns_32ns_32_5_full_dsp_1_ip' you have specified is long. The Windows operating system has path length limitations. It is recommended you use shorter names to reduce the likelihood of issues.
INFO: [IP_Flow 19-1686] Generating 'Synthesis' target for IP 'street_fighter_cnn_fsub_32ns_32ns_32_5_full_dsp_1_ip'...
INFO: [IP_Flow 19-1686] Generating 'Simulation' target for IP 'street_fighter_cnn_fsub_32ns_32ns_32_5_full_dsp_1_ip'...
INFO: Done generating street_fighter_cnn_fsub_32ns_32ns_32_5_full_dsp_1_ip via file impl/misc/street_fighter_cnn_fsub_32ns_32ns_32_5_full_dsp_1_ip.tcl
INFO: Found 1 unique subcore IP: xilinx.com:ip:floating_point:7.1
INFO: Copied 7 subcore files: C:/Users/eswar/OneDrive/Desktop/streetfighter/streetfighter/hls/impl/ip/hdl/ip/street_fighter_cnn_faddfsub_32ns_32ns_32_5_full_dsp_1_ip/street_fighter_cnn_faddfsub_32ns_32ns_32_5_full_dsp_1_ip.xci C:/Users/eswar/OneDrive/Desktop/streetfighter/streetfighter/hls/impl/ip/hdl/ip/street_fighter_cnn_fcmp_32ns_32ns_1_2_no_dsp_1_ip/street_fighter_cnn_fcmp_32ns_32ns_1_2_no_dsp_1_ip.xci C:/Users/eswar/OneDrive/Desktop/streetfighter/streetfighter/hls/impl/ip/hdl/ip/street_fighter_cnn_fdiv_32ns_32ns_32_10_no_dsp_1_ip/street_fighter_cnn_fdiv_32ns_32ns_32_10_no_dsp_1_ip.xci C:/Users/eswar/OneDrive/Desktop/streetfighter/streetfighter/hls/impl/ip/hdl/ip/street_fighter_cnn_fexp_32ns_32ns_32_8_full_dsp_1_ip/street_fighter_cnn_fexp_32ns_32ns_32_8_full_dsp_1_ip.xci C:/Users/eswar/OneDrive/Desktop/streetfighter/streetfighter/hls/impl/ip/hdl/ip/street_fighter_cnn_fmul_32ns_32ns_32_4_max_dsp_1_ip/street_fighter_cnn_fmul_32ns_32ns_32_4_max_dsp_1_ip.xci C:/Users/eswar/OneDrive/Desktop/streetfighter/streetfighter/hls/impl/ip/hdl/ip/street_fighter_cnn_fpext_32ns_64_2_no_dsp_1_ip/street_fighter_cnn_fpext_32ns_64_2_no_dsp_1_ip.xci C:/Users/eswar/OneDrive/Desktop/streetfighter/streetfighter/hls/impl/ip/hdl/ip/street_fighter_cnn_fsub_32ns_32ns_32_5_full_dsp_1_ip/street_fighter_cnn_fsub_32ns_32ns_32_5_full_dsp_1_ip.xci
INFO: Import ports from HDL: C:/Users/eswar/OneDrive/Desktop/streetfighter/streetfighter/hls/impl/ip/hdl/vhdl/street_fighter_cnn.vhd (street_fighter_cnn)
INFO: Add axi4lite interface s_axi_control
INFO: Add clock interface ap_clk
INFO: Add reset interface ap_rst_n
INFO: Add interrupt interface interrupt
INFO: [IP_Flow 19-234] Refreshing IP repositories
INFO: [IP_Flow 19-1704] No user IP repositories specified
INFO: [IP_Flow 19-2313] Loaded Vivado IP repository 'C:/Users/eswar/OneDrive/Desktop/2025.2/Vivado/data/ip'.
INFO: Add axi4full interface m_axi_gmem0
INFO: Calling post_process_vitis to specialize IP
INFO: Calling post_process_sysgen to specialize IP
Generating sysgen info xml from json file
INFO: Created IP C:/Users/eswar/OneDrive/Desktop/streetfighter/streetfighter/hls/impl/ip/component.xml
ipx::archive_core: Time (s): cpu = 00:00:01 ; elapsed = 00:00:15 . Memory (MB): peak = 597.375 ; gain = 0.000
INFO: Created IP archive C:/Users/eswar/OneDrive/Desktop/streetfighter/streetfighter/hls/impl/ip/xilinx_com_hls_street_fighter_cnn_1_0.zip
INFO: [Common 17-206] Exiting Vivado at Mon Apr  6 16:33:56 2026...
