

================================================================
== Vitis HLS Report for 'street_fighter_cnn_Pipeline_POOL1_VITIS_LOOP_91_3'
================================================================
* Date:           Mon Apr  6 15:57:45 2026

* Version:        2025.2 (Build 6295257 on Nov 14 2025)
* Project:        streetfighter
* Solution:       hls (Vitis Kernel Flow Target)
* Product family: zynquplus
* Target device:  xczu3eg-sbva484-1-i


================================================================
== Performance Estimates
================================================================
+ Timing: 
    * Summary: 
    +--------+----------+----------+------------+
    |  Clock |  Target  | Estimated| Uncertainty|
    +--------+----------+----------+------------+
    |ap_clk  |  10.00 ns|  4.674 ns|     2.70 ns|
    +--------+----------+----------+------------+

+ Latency: 
    * Summary: 
    +---------+---------+----------+----------+-----+-----+-------------------+
    |  Latency (cycles) |  Latency (absolute) |  Interval |      Pipeline     |
    |   min   |   max   |    min   |    max   | min | max |        Type       |
    +---------+---------+----------+----------+-----+-----+-------------------+
    |      648|      648|  6.480 us|  6.480 us|    0|    0|  loop pipeline stp|
    +---------+---------+----------+----------+-----+-----+-------------------+

    + Detail: 
        * Instance: 
        N/A

        * Loop: 
        +-------------------------+---------+---------+----------+-----------+-----------+------+----------+
        |                         |  Latency (cycles) | Iteration|  Initiation Interval  | Trip |          |
        |        Loop Name        |   min   |   max   |  Latency |  achieved |   target  | Count| Pipelined|
        +-------------------------+---------+---------+----------+-----------+-----------+------+----------+
        |- POOL1_VITIS_LOOP_91_3  |      646|      646|         8|          1|          1|   640|       yes|
        +-------------------------+---------+---------+----------+-----------+-----------+------+----------+

============================================================
+ Verbose Summary: Synthesis Manager
============================================================
InlineROM: 1
ExposeGlobal: 0
============================================================
+ Verbose Summary: CDFG Model
============================================================
IsTopModel: 0
ResetActiveHigh: 1
IsCombinational: 0
IsDatapathOnly: 0
HasWiredReturn: 1
HasMFsm: 2
HasVarLatency: 1
IsPipeline: 0
IsRtlPipelined: 0
IsInstanceOverlapped: 0
IsDontTouch: 0
HasImplIP: 0
IsGatedGlobalClock: 0

+ Individual pipeline summary: 
  * Pipeline-0: initiation interval (II) = 1, depth = 8


============================================================
+ Verbose Summary: Schedule
============================================================
* Number of FSM states : 8
* Pipeline : 1
  Pipeline-0 : II = 1, D = 8, States = { 1 2 3 4 5 6 7 8 }
* Dataflow Pipeline: 0

* FSM state transitions: 
1 --> 2 
2 --> 3 
3 --> 4 
4 --> 5 
5 --> 6 
6 --> 7 
7 --> 8 
8 --> 

* FSM state operations: 

State 1 <SV = 0> <Delay = 3.16>
ST_1 : Operation 11 [1/1] (0.00ns)   --->   "%t = alloca i32 1" [src/cnn_top.cpp:91]   --->   Operation 11 'alloca' 't' <Predicate = true> <Delay = 0.00>
ST_1 : Operation 12 [1/1] (0.00ns)   --->   "%c = alloca i32 1" [src/cnn_top.cpp:90]   --->   Operation 12 'alloca' 'c' <Predicate = true> <Delay = 0.00>
ST_1 : Operation 13 [1/1] (0.00ns)   --->   "%indvar_flatten6 = alloca i32 1"   --->   Operation 13 'alloca' 'indvar_flatten6' <Predicate = true> <Delay = 0.00>
ST_1 : Operation 14 [1/1] (0.48ns)   --->   "%store_ln0 = store i10 0, i10 %indvar_flatten6"   --->   Operation 14 'store' 'store_ln0' <Predicate = true> <Delay = 0.48>
ST_1 : Operation 15 [1/1] (0.48ns)   --->   "%store_ln90 = store i7 0, i7 %c" [src/cnn_top.cpp:90]   --->   Operation 15 'store' 'store_ln90' <Predicate = true> <Delay = 0.48>
ST_1 : Operation 16 [1/1] (0.48ns)   --->   "%store_ln91 = store i4 0, i4 %t" [src/cnn_top.cpp:91]   --->   Operation 16 'store' 'store_ln91' <Predicate = true> <Delay = 0.48>
ST_1 : Operation 17 [1/1] (0.00ns)   --->   "%br_ln0 = br void %for.body64"   --->   Operation 17 'br' 'br_ln0' <Predicate = true> <Delay = 0.00>
ST_1 : Operation 18 [1/1] (0.00ns)   --->   "%indvar_flatten6_load = load i10 %indvar_flatten6" [src/cnn_top.cpp:90]   --->   Operation 18 'load' 'indvar_flatten6_load' <Predicate = true> <Delay = 0.00>
ST_1 : Operation 19 [1/1] (0.93ns)   --->   "%icmp_ln90 = icmp_eq  i10 %indvar_flatten6_load, i10 640" [src/cnn_top.cpp:90]   --->   Operation 19 'icmp' 'icmp_ln90' <Predicate = true> <Delay = 0.93> <CoreInst = "Cmp">   --->   Core 9 'Cmp' <Latency = 0> <II = 1> <Delay = 0.93> <FuncUnit> <Opcode : 'seteq' 'setne' 'setle' 'setge' 'setlt' 'setgt'> <InPorts = 2> <OutPorts = 1>
ST_1 : Operation 20 [1/1] (0.93ns)   --->   "%add_ln90_1 = add i10 %indvar_flatten6_load, i10 1" [src/cnn_top.cpp:90]   --->   Operation 20 'add' 'add_ln90_1' <Predicate = true> <Delay = 0.93> <CoreInst = "Adder">   --->   Core 1 'Adder' <Latency = 0> <II = 1> <Delay = 0.93> <FuncUnit> <Opcode : 'add' 'sub'> <InPorts = 2> <OutPorts = 1>
ST_1 : Operation 21 [1/1] (0.00ns)   --->   "%br_ln90 = br i1 %icmp_ln90, void %for.inc86, void %for.end88.exitStub" [src/cnn_top.cpp:90]   --->   Operation 21 'br' 'br_ln90' <Predicate = true> <Delay = 0.00>
ST_1 : Operation 22 [1/1] (0.00ns)   --->   "%t_load = load i4 %t" [src/cnn_top.cpp:91]   --->   Operation 22 'load' 't_load' <Predicate = (!icmp_ln90)> <Delay = 0.00>
ST_1 : Operation 23 [1/1] (0.86ns)   --->   "%icmp_ln91 = icmp_eq  i4 %t_load, i4 10" [src/cnn_top.cpp:91]   --->   Operation 23 'icmp' 'icmp_ln91' <Predicate = (!icmp_ln90)> <Delay = 0.86> <CoreInst = "Cmp">   --->   Core 9 'Cmp' <Latency = 0> <II = 1> <Delay = 0.86> <FuncUnit> <Opcode : 'seteq' 'setne' 'setle' 'setge' 'setlt' 'setgt'> <InPorts = 2> <OutPorts = 1>
ST_1 : Operation 24 [1/1] (0.45ns)   --->   "%select_ln90 = select i1 %icmp_ln91, i4 0, i4 %t_load" [src/cnn_top.cpp:90]   --->   Operation 24 'select' 'select_ln90' <Predicate = (!icmp_ln90)> <Delay = 0.45> <CoreInst = "Sel">   --->   Core 73 'Sel' <Latency = 0> <II = 1> <Delay = 0.45> <FuncUnit> <Opcode : 'select'> <InPorts = 3> <OutPorts = 1>
ST_1 : Operation 25 [8/8] (0.90ns)   --->   "%urem_ln91 = urem i4 %select_ln90, i4 3" [src/cnn_top.cpp:91]   --->   Operation 25 'urem' 'urem_ln91' <Predicate = (!icmp_ln90)> <Delay = 0.90> <CoreInst = "Divider">   --->   Core 6 'Divider' <Latency = 7> <II = 1> <Delay = 0.90> <FuncUnit> <Opcode : 'udiv' 'sdiv' 'urem' 'srem'> <InPorts = 2> <OutPorts = 1>
ST_1 : Operation 26 [1/1] (0.86ns)   --->   "%add_ln91 = add i4 %select_ln90, i4 1" [src/cnn_top.cpp:91]   --->   Operation 26 'add' 'add_ln91' <Predicate = (!icmp_ln90)> <Delay = 0.86> <CoreInst = "Adder">   --->   Core 1 'Adder' <Latency = 0> <II = 1> <Delay = 0.86> <FuncUnit> <Opcode : 'add' 'sub'> <InPorts = 2> <OutPorts = 1>
ST_1 : Operation 27 [1/1] (0.48ns)   --->   "%store_ln90 = store i10 %add_ln90_1, i10 %indvar_flatten6" [src/cnn_top.cpp:90]   --->   Operation 27 'store' 'store_ln90' <Predicate = (!icmp_ln90)> <Delay = 0.48>
ST_1 : Operation 28 [1/1] (0.48ns)   --->   "%store_ln91 = store i4 %add_ln91, i4 %t" [src/cnn_top.cpp:91]   --->   Operation 28 'store' 'store_ln91' <Predicate = (!icmp_ln90)> <Delay = 0.48>

State 2 <SV = 1> <Delay = 0.90>
ST_2 : Operation 29 [7/8] (0.90ns)   --->   "%urem_ln91 = urem i4 %select_ln90, i4 3" [src/cnn_top.cpp:91]   --->   Operation 29 'urem' 'urem_ln91' <Predicate = true> <Delay = 0.90> <CoreInst = "Divider">   --->   Core 6 'Divider' <Latency = 7> <II = 1> <Delay = 0.90> <FuncUnit> <Opcode : 'udiv' 'sdiv' 'urem' 'srem'> <InPorts = 2> <OutPorts = 1>

State 3 <SV = 2> <Delay = 0.90>
ST_3 : Operation 30 [6/8] (0.90ns)   --->   "%urem_ln91 = urem i4 %select_ln90, i4 3" [src/cnn_top.cpp:91]   --->   Operation 30 'urem' 'urem_ln91' <Predicate = true> <Delay = 0.90> <CoreInst = "Divider">   --->   Core 6 'Divider' <Latency = 7> <II = 1> <Delay = 0.90> <FuncUnit> <Opcode : 'udiv' 'sdiv' 'urem' 'srem'> <InPorts = 2> <OutPorts = 1>

State 4 <SV = 3> <Delay = 0.90>
ST_4 : Operation 31 [5/8] (0.90ns)   --->   "%urem_ln91 = urem i4 %select_ln90, i4 3" [src/cnn_top.cpp:91]   --->   Operation 31 'urem' 'urem_ln91' <Predicate = true> <Delay = 0.90> <CoreInst = "Divider">   --->   Core 6 'Divider' <Latency = 7> <II = 1> <Delay = 0.90> <FuncUnit> <Opcode : 'udiv' 'sdiv' 'urem' 'srem'> <InPorts = 2> <OutPorts = 1>

State 5 <SV = 4> <Delay = 0.90>
ST_5 : Operation 32 [4/8] (0.90ns)   --->   "%urem_ln91 = urem i4 %select_ln90, i4 3" [src/cnn_top.cpp:91]   --->   Operation 32 'urem' 'urem_ln91' <Predicate = true> <Delay = 0.90> <CoreInst = "Divider">   --->   Core 6 'Divider' <Latency = 7> <II = 1> <Delay = 0.90> <FuncUnit> <Opcode : 'udiv' 'sdiv' 'urem' 'srem'> <InPorts = 2> <OutPorts = 1>

State 6 <SV = 5> <Delay = 0.90>
ST_6 : Operation 33 [3/8] (0.90ns)   --->   "%urem_ln91 = urem i4 %select_ln90, i4 3" [src/cnn_top.cpp:91]   --->   Operation 33 'urem' 'urem_ln91' <Predicate = true> <Delay = 0.90> <CoreInst = "Divider">   --->   Core 6 'Divider' <Latency = 7> <II = 1> <Delay = 0.90> <FuncUnit> <Opcode : 'udiv' 'sdiv' 'urem' 'srem'> <InPorts = 2> <OutPorts = 1>

State 7 <SV = 6> <Delay = 4.52>
ST_7 : Operation 34 [1/1] (0.00ns)   --->   "%c_load = load i7 %c" [src/cnn_top.cpp:90]   --->   Operation 34 'load' 'c_load' <Predicate = true> <Delay = 0.00>
ST_7 : Operation 35 [1/1] (0.89ns)   --->   "%add_ln90 = add i7 %c_load, i7 1" [src/cnn_top.cpp:90]   --->   Operation 35 'add' 'add_ln90' <Predicate = (icmp_ln91)> <Delay = 0.89> <CoreInst = "Adder">   --->   Core 1 'Adder' <Latency = 0> <II = 1> <Delay = 0.89> <FuncUnit> <Opcode : 'add' 'sub'> <InPorts = 2> <OutPorts = 1>
ST_7 : Operation 36 [1/1] (0.42ns)   --->   "%select_ln90_1 = select i1 %icmp_ln91, i7 %add_ln90, i7 %c_load" [src/cnn_top.cpp:90]   --->   Operation 36 'select' 'select_ln90_1' <Predicate = true> <Delay = 0.42> <CoreInst = "Sel">   --->   Core 73 'Sel' <Latency = 0> <II = 1> <Delay = 0.42> <FuncUnit> <Opcode : 'select'> <InPorts = 3> <OutPorts = 1>
ST_7 : Operation 37 [1/1] (0.00ns)   --->   "%trunc_ln90 = trunc i7 %select_ln90_1" [src/cnn_top.cpp:90]   --->   Operation 37 'trunc' 'trunc_ln90' <Predicate = true> <Delay = 0.00>
ST_7 : Operation 38 [1/1] (0.00ns)   --->   "%lshr_ln1 = partselect i5 @_ssdm_op_PartSelect.i5.i7.i32.i32, i7 %select_ln90_1, i32 1, i32 5" [src/cnn_top.cpp:90]   --->   Operation 38 'partselect' 'lshr_ln1' <Predicate = true> <Delay = 0.00>
ST_7 : Operation 39 [1/1] (0.00ns)   --->   "%tmp = bitconcatenate i9 @_ssdm_op_BitConcatenate.i9.i5.i4, i5 %lshr_ln1, i4 0" [src/cnn_top.cpp:93]   --->   Operation 39 'bitconcatenate' 'tmp' <Predicate = true> <Delay = 0.00>
ST_7 : Operation 40 [1/1] (0.00ns)   --->   "%zext_ln93 = zext i9 %tmp" [src/cnn_top.cpp:93]   --->   Operation 40 'zext' 'zext_ln93' <Predicate = true> <Delay = 0.00>
ST_7 : Operation 41 [1/1] (0.00ns)   --->   "%tmp_2 = bitconcatenate i7 @_ssdm_op_BitConcatenate.i7.i5.i2, i5 %lshr_ln1, i2 0" [src/cnn_top.cpp:93]   --->   Operation 41 'bitconcatenate' 'tmp_2' <Predicate = true> <Delay = 0.00>
ST_7 : Operation 42 [1/1] (0.00ns)   --->   "%zext_ln93_1 = zext i7 %tmp_2" [src/cnn_top.cpp:93]   --->   Operation 42 'zext' 'zext_ln93_1' <Predicate = true> <Delay = 0.00>
ST_7 : Operation 43 [1/1] (0.92ns)   --->   "%add_ln93_1 = add i10 %zext_ln93, i10 %zext_ln93_1" [src/cnn_top.cpp:93]   --->   Operation 43 'add' 'add_ln93_1' <Predicate = true> <Delay = 0.92> <CoreInst = "Adder">   --->   Core 1 'Adder' <Latency = 0> <II = 1> <Delay = 0.92> <FuncUnit> <Opcode : 'add' 'sub'> <InPorts = 2> <OutPorts = 1>
ST_7 : Operation 44 [1/1] (0.00ns)   --->   "%zext_ln91 = zext i4 %select_ln90" [src/cnn_top.cpp:91]   --->   Operation 44 'zext' 'zext_ln91' <Predicate = true> <Delay = 0.00>
ST_7 : Operation 45 [1/1] (1.42ns)   --->   "%mul_ln91 = mul i9 %zext_ln91, i9 22" [src/cnn_top.cpp:91]   --->   Operation 45 'mul' 'mul_ln91' <Predicate = true> <Delay = 1.42> <CoreInst = "Multiplier">   --->   Core 3 'Multiplier' <Latency = 0> <II = 1> <Delay = 1.42> <FuncUnit> <Opcode : 'mul'> <InPorts = 2> <OutPorts = 1>
ST_7 : Operation 46 [1/1] (0.00ns)   --->   "%tmp_3 = partselect i3 @_ssdm_op_PartSelect.i3.i9.i32.i32, i9 %mul_ln91, i32 6, i32 8" [src/cnn_top.cpp:91]   --->   Operation 46 'partselect' 'tmp_3' <Predicate = true> <Delay = 0.00>
ST_7 : Operation 47 [1/1] (0.00ns)   --->   "%zext_ln95 = zext i3 %tmp_3" [src/cnn_top.cpp:95]   --->   Operation 47 'zext' 'zext_ln95' <Predicate = true> <Delay = 0.00>
ST_7 : Operation 48 [1/1] (0.89ns)   --->   "%add_ln95 = add i7 %tmp_2, i7 %zext_ln95" [src/cnn_top.cpp:95]   --->   Operation 48 'add' 'add_ln95' <Predicate = true> <Delay = 0.89> <CoreInst = "Adder">   --->   Core 1 'Adder' <Latency = 0> <II = 1> <Delay = 0.89> <FuncUnit> <Opcode : 'add' 'sub'> <InPorts = 2> <OutPorts = 1>
ST_7 : Operation 49 [2/8] (0.90ns)   --->   "%urem_ln91 = urem i4 %select_ln90, i4 3" [src/cnn_top.cpp:91]   --->   Operation 49 'urem' 'urem_ln91' <Predicate = true> <Delay = 0.90> <CoreInst = "Divider">   --->   Core 6 'Divider' <Latency = 7> <II = 1> <Delay = 0.90> <FuncUnit> <Opcode : 'udiv' 'sdiv' 'urem' 'srem'> <InPorts = 2> <OutPorts = 1>
ST_7 : Operation 50 [1/1] (0.00ns)   --->   "%shl_ln1 = bitconcatenate i5 @_ssdm_op_BitConcatenate.i5.i4.i1, i4 %select_ln90, i1 0" [src/cnn_top.cpp:93]   --->   Operation 50 'bitconcatenate' 'shl_ln1' <Predicate = true> <Delay = 0.00>
ST_7 : Operation 51 [1/1] (0.00ns)   --->   "%zext_ln93_2 = zext i5 %shl_ln1" [src/cnn_top.cpp:93]   --->   Operation 51 'zext' 'zext_ln93_2' <Predicate = true> <Delay = 0.00>
ST_7 : Operation 52 [1/1] (0.93ns)   --->   "%add_ln93 = add i10 %add_ln93_1, i10 %zext_ln93_2" [src/cnn_top.cpp:93]   --->   Operation 52 'add' 'add_ln93' <Predicate = true> <Delay = 0.93> <CoreInst = "Adder">   --->   Core 1 'Adder' <Latency = 0> <II = 1> <Delay = 0.93> <FuncUnit> <Opcode : 'add' 'sub'> <InPorts = 2> <OutPorts = 1>
ST_7 : Operation 53 [1/1] (0.00ns)   --->   "%zext_ln93_3 = zext i10 %add_ln93" [src/cnn_top.cpp:93]   --->   Operation 53 'zext' 'zext_ln93_3' <Predicate = true> <Delay = 0.00>
ST_7 : Operation 54 [1/1] (0.00ns)   --->   "%conv1_out_addr = getelementptr i15 %conv1_out, i64 0, i64 %zext_ln93_3" [src/cnn_top.cpp:93]   --->   Operation 54 'getelementptr' 'conv1_out_addr' <Predicate = true> <Delay = 0.00>
ST_7 : Operation 55 [1/1] (0.00ns)   --->   "%conv1_out_1_addr = getelementptr i15 %conv1_out_1, i64 0, i64 %zext_ln93_3" [src/cnn_top.cpp:93]   --->   Operation 55 'getelementptr' 'conv1_out_1_addr' <Predicate = true> <Delay = 0.00>
ST_7 : Operation 56 [2/2] (1.35ns)   --->   "%conv1_out_load = load i10 %conv1_out_addr" [src/cnn_top.cpp:93]   --->   Operation 56 'load' 'conv1_out_load' <Predicate = true> <Delay = 1.35> <CoreInst = "RAM">   --->   Core 82 'RAM' <Latency = 1> <II = 1> <Delay = 1.35> <Storage> <Opcode : 'load' 'store'> <Ports = 2> <Width = 15> <Depth = 640> <RAM>
ST_7 : Operation 57 [2/2] (1.35ns)   --->   "%conv1_out_1_load = load i10 %conv1_out_1_addr" [src/cnn_top.cpp:93]   --->   Operation 57 'load' 'conv1_out_1_load' <Predicate = true> <Delay = 1.35> <CoreInst = "RAM">   --->   Core 82 'RAM' <Latency = 1> <II = 1> <Delay = 1.35> <Storage> <Opcode : 'load' 'store'> <Ports = 2> <Width = 15> <Depth = 640> <RAM>
ST_7 : Operation 58 [1/1] (0.00ns)   --->   "%or_ln1 = bitconcatenate i5 @_ssdm_op_BitConcatenate.i5.i4.i1, i4 %select_ln90, i1 1" [src/cnn_top.cpp:94]   --->   Operation 58 'bitconcatenate' 'or_ln1' <Predicate = true> <Delay = 0.00>
ST_7 : Operation 59 [1/1] (0.00ns)   --->   "%zext_ln94 = zext i5 %or_ln1" [src/cnn_top.cpp:94]   --->   Operation 59 'zext' 'zext_ln94' <Predicate = true> <Delay = 0.00>
ST_7 : Operation 60 [1/1] (0.93ns)   --->   "%add_ln94 = add i10 %add_ln93_1, i10 %zext_ln94" [src/cnn_top.cpp:94]   --->   Operation 60 'add' 'add_ln94' <Predicate = true> <Delay = 0.93> <CoreInst = "Adder">   --->   Core 1 'Adder' <Latency = 0> <II = 1> <Delay = 0.93> <FuncUnit> <Opcode : 'add' 'sub'> <InPorts = 2> <OutPorts = 1>
ST_7 : Operation 61 [1/1] (0.00ns)   --->   "%zext_ln94_1 = zext i10 %add_ln94" [src/cnn_top.cpp:94]   --->   Operation 61 'zext' 'zext_ln94_1' <Predicate = true> <Delay = 0.00>
ST_7 : Operation 62 [1/1] (0.00ns)   --->   "%conv1_out_addr_1 = getelementptr i15 %conv1_out, i64 0, i64 %zext_ln94_1" [src/cnn_top.cpp:94]   --->   Operation 62 'getelementptr' 'conv1_out_addr_1' <Predicate = true> <Delay = 0.00>
ST_7 : Operation 63 [1/1] (0.00ns)   --->   "%conv1_out_1_addr_1 = getelementptr i15 %conv1_out_1, i64 0, i64 %zext_ln94_1" [src/cnn_top.cpp:94]   --->   Operation 63 'getelementptr' 'conv1_out_1_addr_1' <Predicate = true> <Delay = 0.00>
ST_7 : Operation 64 [2/2] (1.35ns)   --->   "%conv1_out_load_1 = load i10 %conv1_out_addr_1" [src/cnn_top.cpp:94]   --->   Operation 64 'load' 'conv1_out_load_1' <Predicate = true> <Delay = 1.35> <CoreInst = "RAM">   --->   Core 82 'RAM' <Latency = 1> <II = 1> <Delay = 1.35> <Storage> <Opcode : 'load' 'store'> <Ports = 2> <Width = 15> <Depth = 640> <RAM>
ST_7 : Operation 65 [2/2] (1.35ns)   --->   "%conv1_out_1_load_1 = load i10 %conv1_out_1_addr_1" [src/cnn_top.cpp:94]   --->   Operation 65 'load' 'conv1_out_1_load_1' <Predicate = true> <Delay = 1.35> <CoreInst = "RAM">   --->   Core 82 'RAM' <Latency = 1> <II = 1> <Delay = 1.35> <Storage> <Opcode : 'load' 'store'> <Ports = 2> <Width = 15> <Depth = 640> <RAM>
ST_7 : Operation 66 [1/1] (0.00ns)   --->   "%br_ln95 = br i1 %trunc_ln90, void %arrayidx8210.case.0, void %arrayidx8210.case.1" [src/cnn_top.cpp:95]   --->   Operation 66 'br' 'br_ln95' <Predicate = true> <Delay = 0.00>
ST_7 : Operation 67 [1/1] (0.00ns)   --->   "%br_ln95 = br void %arrayidx8210.exit" [src/cnn_top.cpp:95]   --->   Operation 67 'br' 'br_ln95' <Predicate = (!trunc_ln90)> <Delay = 0.00>
ST_7 : Operation 68 [1/1] (0.00ns)   --->   "%br_ln95 = br void %arrayidx8210.exit" [src/cnn_top.cpp:95]   --->   Operation 68 'br' 'br_ln95' <Predicate = (trunc_ln90)> <Delay = 0.00>
ST_7 : Operation 69 [1/1] (0.48ns)   --->   "%store_ln90 = store i7 %select_ln90_1, i7 %c" [src/cnn_top.cpp:90]   --->   Operation 69 'store' 'store_ln90' <Predicate = true> <Delay = 0.48>
ST_7 : Operation 70 [1/1] (0.00ns)   --->   "%br_ln91 = br void %for.body64" [src/cnn_top.cpp:91]   --->   Operation 70 'br' 'br_ln91' <Predicate = true> <Delay = 0.00>
ST_7 : Operation 105 [1/1] (0.48ns)   --->   "%ret_ln0 = ret"   --->   Operation 105 'ret' 'ret_ln0' <Predicate = (icmp_ln90)> <Delay = 0.48>

State 8 <SV = 7> <Delay = 4.67>
ST_8 : Operation 71 [1/1] (0.00ns)   --->   "%specloopname_ln0 = specloopname void @_ssdm_op_SpecLoopName, void @POOL1_VITIS_LOOP_91_3_str"   --->   Operation 71 'specloopname' 'specloopname_ln0' <Predicate = true> <Delay = 0.00>
ST_8 : Operation 72 [1/1] (0.00ns)   --->   "%speclooptripcount_ln0 = speclooptripcount void @_ssdm_op_SpecLoopTripCount, i64 640, i64 640, i64 640"   --->   Operation 72 'speclooptripcount' 'speclooptripcount_ln0' <Predicate = true> <Delay = 0.00>
ST_8 : Operation 73 [1/1] (0.00ns)   --->   "%specpipeline_ln92 = specpipeline void @_ssdm_op_SpecPipeline, i32 1, i32 0, i32 0, i32 0, i32 4294967295, void @empty_14" [src/cnn_top.cpp:92]   --->   Operation 73 'specpipeline' 'specpipeline_ln92' <Predicate = true> <Delay = 0.00>
ST_8 : Operation 74 [1/1] (0.00ns)   --->   "%zext_ln95_1 = zext i7 %add_ln95" [src/cnn_top.cpp:95]   --->   Operation 74 'zext' 'zext_ln95_1' <Predicate = true> <Delay = 0.00>
ST_8 : Operation 75 [1/1] (0.00ns)   --->   "%pool1_out_addr = getelementptr i15 %pool1_out, i64 0, i64 %zext_ln95_1" [src/cnn_top.cpp:95]   --->   Operation 75 'getelementptr' 'pool1_out_addr' <Predicate = true> <Delay = 0.00>
ST_8 : Operation 76 [1/1] (0.00ns)   --->   "%pool1_out_1_addr = getelementptr i15 %pool1_out_1, i64 0, i64 %zext_ln95_1" [src/cnn_top.cpp:95]   --->   Operation 76 'getelementptr' 'pool1_out_1_addr' <Predicate = true> <Delay = 0.00>
ST_8 : Operation 77 [1/1] (0.00ns)   --->   "%pool1_out_2_addr = getelementptr i15 %pool1_out_2, i64 0, i64 %zext_ln95_1" [src/cnn_top.cpp:95]   --->   Operation 77 'getelementptr' 'pool1_out_2_addr' <Predicate = true> <Delay = 0.00>
ST_8 : Operation 78 [1/1] (0.00ns)   --->   "%pool1_out_3_addr = getelementptr i15 %pool1_out_3, i64 0, i64 %zext_ln95_1" [src/cnn_top.cpp:95]   --->   Operation 78 'getelementptr' 'pool1_out_3_addr' <Predicate = true> <Delay = 0.00>
ST_8 : Operation 79 [1/1] (0.00ns)   --->   "%pool1_out_4_addr = getelementptr i15 %pool1_out_4, i64 0, i64 %zext_ln95_1" [src/cnn_top.cpp:95]   --->   Operation 79 'getelementptr' 'pool1_out_4_addr' <Predicate = true> <Delay = 0.00>
ST_8 : Operation 80 [1/1] (0.00ns)   --->   "%pool1_out_5_addr = getelementptr i15 %pool1_out_5, i64 0, i64 %zext_ln95_1" [src/cnn_top.cpp:95]   --->   Operation 80 'getelementptr' 'pool1_out_5_addr' <Predicate = true> <Delay = 0.00>
ST_8 : Operation 81 [1/8] (0.90ns)   --->   "%urem_ln91 = urem i4 %select_ln90, i4 3" [src/cnn_top.cpp:91]   --->   Operation 81 'urem' 'urem_ln91' <Predicate = true> <Delay = 0.90> <CoreInst = "Divider">   --->   Core 6 'Divider' <Latency = 7> <II = 1> <Delay = 0.90> <FuncUnit> <Opcode : 'udiv' 'sdiv' 'urem' 'srem'> <InPorts = 2> <OutPorts = 1>
ST_8 : Operation 82 [1/1] (0.00ns)   --->   "%trunc_ln91 = trunc i2 %urem_ln91" [src/cnn_top.cpp:91]   --->   Operation 82 'trunc' 'trunc_ln91' <Predicate = true> <Delay = 0.00>
ST_8 : Operation 83 [1/2] ( I:1.35ns O:1.35ns )   --->   "%conv1_out_load = load i10 %conv1_out_addr" [src/cnn_top.cpp:93]   --->   Operation 83 'load' 'conv1_out_load' <Predicate = true> <Delay = 1.35> <CoreInst = "RAM">   --->   Core 82 'RAM' <Latency = 1> <II = 1> <Delay = 1.35> <Storage> <Opcode : 'load' 'store'> <Ports = 2> <Width = 15> <Depth = 640> <RAM>
ST_8 : Operation 84 [1/2] ( I:1.35ns O:1.35ns )   --->   "%conv1_out_1_load = load i10 %conv1_out_1_addr" [src/cnn_top.cpp:93]   --->   Operation 84 'load' 'conv1_out_1_load' <Predicate = true> <Delay = 1.35> <CoreInst = "RAM">   --->   Core 82 'RAM' <Latency = 1> <II = 1> <Delay = 1.35> <Storage> <Opcode : 'load' 'store'> <Ports = 2> <Width = 15> <Depth = 640> <RAM>
ST_8 : Operation 85 [1/1] (0.48ns)   --->   "%a = select i1 %trunc_ln90, i15 %conv1_out_1_load, i15 %conv1_out_load" [src/cnn_top.cpp:93]   --->   Operation 85 'select' 'a' <Predicate = true> <Delay = 0.48> <CoreInst = "Sel">   --->   Core 73 'Sel' <Latency = 0> <II = 1> <Delay = 0.48> <FuncUnit> <Opcode : 'select'> <InPorts = 3> <OutPorts = 1>
ST_8 : Operation 86 [1/2] ( I:1.35ns O:1.35ns )   --->   "%conv1_out_load_1 = load i10 %conv1_out_addr_1" [src/cnn_top.cpp:94]   --->   Operation 86 'load' 'conv1_out_load_1' <Predicate = true> <Delay = 1.35> <CoreInst = "RAM">   --->   Core 82 'RAM' <Latency = 1> <II = 1> <Delay = 1.35> <Storage> <Opcode : 'load' 'store'> <Ports = 2> <Width = 15> <Depth = 640> <RAM>
ST_8 : Operation 87 [1/2] ( I:1.35ns O:1.35ns )   --->   "%conv1_out_1_load_1 = load i10 %conv1_out_1_addr_1" [src/cnn_top.cpp:94]   --->   Operation 87 'load' 'conv1_out_1_load_1' <Predicate = true> <Delay = 1.35> <CoreInst = "RAM">   --->   Core 82 'RAM' <Latency = 1> <II = 1> <Delay = 1.35> <Storage> <Opcode : 'load' 'store'> <Ports = 2> <Width = 15> <Depth = 640> <RAM>
ST_8 : Operation 88 [1/1] (0.48ns)   --->   "%b = select i1 %trunc_ln90, i15 %conv1_out_1_load_1, i15 %conv1_out_load_1" [src/cnn_top.cpp:94]   --->   Operation 88 'select' 'b' <Predicate = true> <Delay = 0.48> <CoreInst = "Sel">   --->   Core 73 'Sel' <Latency = 0> <II = 1> <Delay = 0.48> <FuncUnit> <Opcode : 'select'> <InPorts = 3> <OutPorts = 1>
ST_8 : Operation 89 [1/1] (1.00ns)   --->   "%icmp_ln95 = icmp_ugt  i15 %a, i15 %b" [src/cnn_top.cpp:95]   --->   Operation 89 'icmp' 'icmp_ln95' <Predicate = true> <Delay = 1.00> <CoreInst = "Cmp">   --->   Core 9 'Cmp' <Latency = 0> <II = 1> <Delay = 1.00> <FuncUnit> <Opcode : 'seteq' 'setne' 'setle' 'setge' 'setlt' 'setgt'> <InPorts = 2> <OutPorts = 1>
ST_8 : Operation 90 [1/1] (0.48ns)   --->   "%select_ln95 = select i1 %icmp_ln95, i15 %a, i15 %b" [src/cnn_top.cpp:95]   --->   Operation 90 'select' 'select_ln95' <Predicate = true> <Delay = 0.48> <CoreInst = "Sel">   --->   Core 73 'Sel' <Latency = 0> <II = 1> <Delay = 0.48> <FuncUnit> <Opcode : 'select'> <InPorts = 3> <OutPorts = 1>
ST_8 : Operation 91 [1/1] (0.62ns)   --->   "%switch_ln95 = switch i2 %trunc_ln91, void %arrayidx8210_0.case.2, i2 0, void %arrayidx8210_0.case.0, i2 1, void %arrayidx8210_0.case.1" [src/cnn_top.cpp:95]   --->   Operation 91 'switch' 'switch_ln95' <Predicate = (!trunc_ln90)> <Delay = 0.62>
ST_8 : Operation 92 [1/1] ( I:1.35ns O:1.35ns )   --->   "%store_ln95 = store i15 %select_ln95, i7 %pool1_out_1_addr" [src/cnn_top.cpp:95]   --->   Operation 92 'store' 'store_ln95' <Predicate = (!trunc_ln90 & trunc_ln91 == 1)> <Delay = 1.35> <CoreInst = "RAM_1WnR">   --->   Core 83 'RAM_1WnR' <Latency = 1> <II = 1> <Delay = 1.35> <Storage> <Opcode : 'load' 'store'> <Ports = 17> <Width = 15> <Depth = 128> <RAM>
ST_8 : Operation 93 [1/1] (0.00ns)   --->   "%br_ln95 = br void %arrayidx8210_0.exit" [src/cnn_top.cpp:95]   --->   Operation 93 'br' 'br_ln95' <Predicate = (!trunc_ln90 & trunc_ln91 == 1)> <Delay = 0.00>
ST_8 : Operation 94 [1/1] ( I:1.35ns O:1.35ns )   --->   "%store_ln95 = store i15 %select_ln95, i7 %pool1_out_addr" [src/cnn_top.cpp:95]   --->   Operation 94 'store' 'store_ln95' <Predicate = (!trunc_ln90 & trunc_ln91 == 0)> <Delay = 1.35> <CoreInst = "RAM_1WnR">   --->   Core 83 'RAM_1WnR' <Latency = 1> <II = 1> <Delay = 1.35> <Storage> <Opcode : 'load' 'store'> <Ports = 17> <Width = 15> <Depth = 128> <RAM>
ST_8 : Operation 95 [1/1] (0.00ns)   --->   "%br_ln95 = br void %arrayidx8210_0.exit" [src/cnn_top.cpp:95]   --->   Operation 95 'br' 'br_ln95' <Predicate = (!trunc_ln90 & trunc_ln91 == 0)> <Delay = 0.00>
ST_8 : Operation 96 [1/1] ( I:1.35ns O:1.35ns )   --->   "%store_ln95 = store i15 %select_ln95, i7 %pool1_out_2_addr" [src/cnn_top.cpp:95]   --->   Operation 96 'store' 'store_ln95' <Predicate = (!trunc_ln90 & trunc_ln91 != 0 & trunc_ln91 != 1)> <Delay = 1.35> <CoreInst = "RAM_1WnR">   --->   Core 83 'RAM_1WnR' <Latency = 1> <II = 1> <Delay = 1.35> <Storage> <Opcode : 'load' 'store'> <Ports = 17> <Width = 15> <Depth = 128> <RAM>
ST_8 : Operation 97 [1/1] (0.00ns)   --->   "%br_ln95 = br void %arrayidx8210_0.exit" [src/cnn_top.cpp:95]   --->   Operation 97 'br' 'br_ln95' <Predicate = (!trunc_ln90 & trunc_ln91 != 0 & trunc_ln91 != 1)> <Delay = 0.00>
ST_8 : Operation 98 [1/1] (0.62ns)   --->   "%switch_ln95 = switch i2 %trunc_ln91, void %arrayidx8210_1.case.2, i2 0, void %arrayidx8210_1.case.0, i2 1, void %arrayidx8210_1.case.1" [src/cnn_top.cpp:95]   --->   Operation 98 'switch' 'switch_ln95' <Predicate = (trunc_ln90)> <Delay = 0.62>
ST_8 : Operation 99 [1/1] ( I:1.35ns O:1.35ns )   --->   "%store_ln95 = store i15 %select_ln95, i7 %pool1_out_4_addr" [src/cnn_top.cpp:95]   --->   Operation 99 'store' 'store_ln95' <Predicate = (trunc_ln90 & trunc_ln91 == 1)> <Delay = 1.35> <CoreInst = "RAM_1WnR">   --->   Core 83 'RAM_1WnR' <Latency = 1> <II = 1> <Delay = 1.35> <Storage> <Opcode : 'load' 'store'> <Ports = 17> <Width = 15> <Depth = 128> <RAM>
ST_8 : Operation 100 [1/1] (0.00ns)   --->   "%br_ln95 = br void %arrayidx8210_1.exit" [src/cnn_top.cpp:95]   --->   Operation 100 'br' 'br_ln95' <Predicate = (trunc_ln90 & trunc_ln91 == 1)> <Delay = 0.00>
ST_8 : Operation 101 [1/1] ( I:1.35ns O:1.35ns )   --->   "%store_ln95 = store i15 %select_ln95, i7 %pool1_out_3_addr" [src/cnn_top.cpp:95]   --->   Operation 101 'store' 'store_ln95' <Predicate = (trunc_ln90 & trunc_ln91 == 0)> <Delay = 1.35> <CoreInst = "RAM_1WnR">   --->   Core 83 'RAM_1WnR' <Latency = 1> <II = 1> <Delay = 1.35> <Storage> <Opcode : 'load' 'store'> <Ports = 17> <Width = 15> <Depth = 128> <RAM>
ST_8 : Operation 102 [1/1] (0.00ns)   --->   "%br_ln95 = br void %arrayidx8210_1.exit" [src/cnn_top.cpp:95]   --->   Operation 102 'br' 'br_ln95' <Predicate = (trunc_ln90 & trunc_ln91 == 0)> <Delay = 0.00>
ST_8 : Operation 103 [1/1] ( I:1.35ns O:1.35ns )   --->   "%store_ln95 = store i15 %select_ln95, i7 %pool1_out_5_addr" [src/cnn_top.cpp:95]   --->   Operation 103 'store' 'store_ln95' <Predicate = (trunc_ln90 & trunc_ln91 != 0 & trunc_ln91 != 1)> <Delay = 1.35> <CoreInst = "RAM_1WnR">   --->   Core 83 'RAM_1WnR' <Latency = 1> <II = 1> <Delay = 1.35> <Storage> <Opcode : 'load' 'store'> <Ports = 17> <Width = 15> <Depth = 128> <RAM>
ST_8 : Operation 104 [1/1] (0.00ns)   --->   "%br_ln95 = br void %arrayidx8210_1.exit" [src/cnn_top.cpp:95]   --->   Operation 104 'br' 'br_ln95' <Predicate = (trunc_ln90 & trunc_ln91 != 0 & trunc_ln91 != 1)> <Delay = 0.00>


============================================================
+ Verbose Summary: Timing violations
============================================================
Target clock period: 10.000ns, clock uncertainty: 2.700ns.

 <State 1>: 3.164ns
The critical path consists of the following:
	'store' operation ('store_ln91', src/cnn_top.cpp:91) of constant 0 4 bit on local variable 't', src/cnn_top.cpp:91 [14]  (0.489 ns)
	'load' operation 4 bit ('t_load', src/cnn_top.cpp:91) on local variable 't', src/cnn_top.cpp:91 [22]  (0.000 ns)
	'icmp' operation 1 bit ('icmp_ln91', src/cnn_top.cpp:91) [27]  (0.868 ns)
	'select' operation 4 bit ('select_ln90', src/cnn_top.cpp:90) [28]  (0.450 ns)
	'add' operation 4 bit ('add_ln91', src/cnn_top.cpp:91) [100]  (0.868 ns)
	'store' operation ('store_ln91', src/cnn_top.cpp:91) of variable 'add_ln91', src/cnn_top.cpp:91 4 bit on local variable 't', src/cnn_top.cpp:91 [103]  (0.489 ns)

 <State 2>: 0.908ns
The critical path consists of the following:
	'urem' operation 2 bit ('urem_ln91', src/cnn_top.cpp:91) [50]  (0.908 ns)

 <State 3>: 0.908ns
The critical path consists of the following:
	'urem' operation 2 bit ('urem_ln91', src/cnn_top.cpp:91) [50]  (0.908 ns)

 <State 4>: 0.908ns
The critical path consists of the following:
	'urem' operation 2 bit ('urem_ln91', src/cnn_top.cpp:91) [50]  (0.908 ns)

 <State 5>: 0.908ns
The critical path consists of the following:
	'urem' operation 2 bit ('urem_ln91', src/cnn_top.cpp:91) [50]  (0.908 ns)

 <State 6>: 0.908ns
The critical path consists of the following:
	'urem' operation 2 bit ('urem_ln91', src/cnn_top.cpp:91) [50]  (0.908 ns)

 <State 7>: 4.524ns
The critical path consists of the following:
	'load' operation 7 bit ('c_load', src/cnn_top.cpp:90) on local variable 'c', src/cnn_top.cpp:90 [23]  (0.000 ns)
	'add' operation 7 bit ('add_ln90', src/cnn_top.cpp:90) [24]  (0.897 ns)
	'select' operation 7 bit ('select_ln90_1', src/cnn_top.cpp:90) [29]  (0.420 ns)
	'add' operation 10 bit ('add_ln93_1', src/cnn_top.cpp:93) [36]  (0.921 ns)
	'add' operation 10 bit ('add_ln93', src/cnn_top.cpp:93) [54]  (0.934 ns)
	'getelementptr' operation 10 bit ('conv1_out_addr', src/cnn_top.cpp:93) [56]  (0.000 ns)
	'load' operation 15 bit ('conv1_out_load', src/cnn_top.cpp:93) on array 'conv1_out' [58]  (1.352 ns)

 <State 8>: 4.674ns
The critical path consists of the following:
	'load' operation 15 bit ('conv1_out_load', src/cnn_top.cpp:93) on array 'conv1_out' [58]  (1.352 ns)
	'select' operation 15 bit ('a', src/cnn_top.cpp:93) [60]  (0.484 ns)
	'icmp' operation 1 bit ('icmp_ln95', src/cnn_top.cpp:95) [70]  (1.002 ns)
	'select' operation 15 bit ('select_ln95', src/cnn_top.cpp:95) [71]  (0.484 ns)
	'store' operation ('store_ln95', src/cnn_top.cpp:95) of variable 'select_ln95', src/cnn_top.cpp:95 15 bit on array 'pool1_out_1' [76]  (1.352 ns)


============================================================
+ Verbose Summary: Binding
============================================================
N/A
* FSMD analyzer results:
  - Output states:
 - Input state : 
  - Chain level:
	State 1
	State 2
	State 3
	State 4
	State 5
	State 6
	State 7
	State 8


============================================================
+ Verbose Summary: Datapath Resource usage 
============================================================
N/A
