

================================================================
== Vitis HLS Report for 'street_fighter_cnn_Pipeline_VITIS_LOOP_136_6'
================================================================
* Date:           Mon Apr  6 15:58:02 2026

* Version:        2025.2 (Build 6295257 on Nov 14 2025)
* Project:        streetfighter
* Solution:       hls (Vitis Kernel Flow Target)
* Product family: zynquplus
* Target device:  xczu3eg-sbva484-1-i


================================================================
== Performance Estimates
================================================================
+ Timing: 
    * Summary: 
    +--------+----------+----------+------------+
    |  Clock |  Target  | Estimated| Uncertainty|
    +--------+----------+----------+------------+
    |ap_clk  |  10.00 ns|  6.755 ns|     2.70 ns|
    +--------+----------+----------+------------+

+ Latency: 
    * Summary: 
    +---------+---------+----------+----------+-----+-----+-------------------+
    |  Latency (cycles) |  Latency (absolute) |  Interval |      Pipeline     |
    |   min   |   max   |    min   |    max   | min | max |        Type       |
    +---------+---------+----------+----------+-----+-----+-------------------+
    |       36|       36|  0.360 us|  0.360 us|    0|    0|  loop pipeline stp|
    +---------+---------+----------+----------+-----+-----+-------------------+

    + Detail: 
        * Instance: 
        N/A

        * Loop: 
        +--------------------+---------+---------+----------+-----------+-----------+------+----------+
        |                    |  Latency (cycles) | Iteration|  Initiation Interval  | Trip |          |
        |      Loop Name     |   min   |   max   |  Latency |  achieved |   target  | Count| Pipelined|
        +--------------------+---------+---------+----------+-----------+-----------+------+----------+
        |- VITIS_LOOP_136_6  |       34|       34|         4|          1|          1|    32|       yes|
        +--------------------+---------+---------+----------+-----------+-----------+------+----------+

============================================================
+ Verbose Summary: Synthesis Manager
============================================================
InlineROM: 1
ExposeGlobal: 0
============================================================
+ Verbose Summary: CDFG Model
============================================================
IsTopModel: 0
ResetActiveHigh: 1
IsCombinational: 0
IsDatapathOnly: 0
HasWiredReturn: 1
HasMFsm: 2
HasVarLatency: 1
IsPipeline: 0
IsRtlPipelined: 0
IsInstanceOverlapped: 0
IsDontTouch: 0
HasImplIP: 0
IsGatedGlobalClock: 0

+ Individual pipeline summary: 
  * Pipeline-0: initiation interval (II) = 1, depth = 4


============================================================
+ Verbose Summary: Schedule
============================================================
* Number of FSM states : 4
* Pipeline : 1
  Pipeline-0 : II = 1, D = 4, States = { 1 2 3 4 }
* Dataflow Pipeline: 0

* FSM state transitions: 
1 --> 2 
2 --> 3 
3 --> 4 
4 --> 

* FSM state operations: 

State 1 <SV = 0> <Delay = 1.86>
ST_1 : Operation 7 [1/1] (0.00ns)   --->   "%final_scores_9 = alloca i32 1"   --->   Operation 7 'alloca' 'final_scores_9' <Predicate = true> <Delay = 0.00>
ST_1 : Operation 8 [1/1] (0.00ns)   --->   "%score = alloca i32 1" [src/cnn_top.cpp:135]   --->   Operation 8 'alloca' 'score' <Predicate = true> <Delay = 0.00>
ST_1 : Operation 9 [1/1] (0.00ns)   --->   "%j = alloca i32 1" [src/cnn_top.cpp:136]   --->   Operation 9 'alloca' 'j' <Predicate = true> <Delay = 0.00>
ST_1 : Operation 10 [1/1] (0.00ns)   --->   "%i_1_read = read i4 @_ssdm_op_Read.ap_auto.i4, i4 %i_1"   --->   Operation 10 'read' 'i_1_read' <Predicate = true> <Delay = 0.00>
ST_1 : Operation 11 [1/1] (0.00ns)   --->   "%zext_ln144_read = read i9 @_ssdm_op_Read.ap_auto.i9, i9 %zext_ln144"   --->   Operation 11 'read' 'zext_ln144_read' <Predicate = true> <Delay = 0.00>
ST_1 : Operation 12 [1/1] (0.00ns)   --->   "%sext_ln135_read = read i24 @_ssdm_op_Read.ap_auto.i24, i24 %sext_ln135"   --->   Operation 12 'read' 'sext_ln135_read' <Predicate = true> <Delay = 0.00>
ST_1 : Operation 13 [1/1] (0.00ns)   --->   "%sext_ln135_cast = sext i24 %sext_ln135_read"   --->   Operation 13 'sext' 'sext_ln135_cast' <Predicate = true> <Delay = 0.00>
ST_1 : Operation 14 [1/1] (0.48ns)   --->   "%store_ln136 = store i6 0, i6 %j" [src/cnn_top.cpp:136]   --->   Operation 14 'store' 'store_ln136' <Predicate = true> <Delay = 0.48>
ST_1 : Operation 15 [1/1] (0.48ns)   --->   "%store_ln135 = store i32 %sext_ln135_cast, i32 %score" [src/cnn_top.cpp:135]   --->   Operation 15 'store' 'store_ln135' <Predicate = true> <Delay = 0.48>
ST_1 : Operation 16 [1/1] (0.48ns)   --->   "%store_ln0 = store i16 0, i16 %final_scores_9"   --->   Operation 16 'store' 'store_ln0' <Predicate = true> <Delay = 0.48>
ST_1 : Operation 17 [1/1] (0.00ns)   --->   "%br_ln0 = br void %for.body166"   --->   Operation 17 'br' 'br_ln0' <Predicate = true> <Delay = 0.00>
ST_1 : Operation 18 [1/1] (0.00ns)   --->   "%j_1 = load i6 %j" [src/cnn_top.cpp:136]   --->   Operation 18 'load' 'j_1' <Predicate = true> <Delay = 0.00>
ST_1 : Operation 19 [1/1] (0.88ns)   --->   "%icmp_ln136 = icmp_eq  i6 %j_1, i6 32" [src/cnn_top.cpp:136]   --->   Operation 19 'icmp' 'icmp_ln136' <Predicate = true> <Delay = 0.88> <CoreInst = "Cmp">   --->   Core 9 'Cmp' <Latency = 0> <II = 1> <Delay = 0.88> <FuncUnit> <Opcode : 'seteq' 'setne' 'setle' 'setge' 'setlt' 'setgt'> <InPorts = 2> <OutPorts = 1>
ST_1 : Operation 20 [1/1] (0.88ns)   --->   "%add_ln136 = add i6 %j_1, i6 1" [src/cnn_top.cpp:136]   --->   Operation 20 'add' 'add_ln136' <Predicate = true> <Delay = 0.88> <CoreInst = "Adder">   --->   Core 1 'Adder' <Latency = 0> <II = 1> <Delay = 0.88> <FuncUnit> <Opcode : 'add' 'sub'> <InPorts = 2> <OutPorts = 1>
ST_1 : Operation 21 [1/1] (0.00ns)   --->   "%br_ln136 = br i1 %icmp_ln136, void %for.body166.split, void %for.end198_ifconv.exitStub" [src/cnn_top.cpp:136]   --->   Operation 21 'br' 'br_ln136' <Predicate = true> <Delay = 0.00>
ST_1 : Operation 22 [1/1] (0.00ns)   --->   "%zext_ln136 = zext i6 %j_1" [src/cnn_top.cpp:136]   --->   Operation 22 'zext' 'zext_ln136' <Predicate = (!icmp_ln136)> <Delay = 0.00>
ST_1 : Operation 23 [1/1] (0.00ns)   --->   "%conv2_out_addr = getelementptr i15 %conv2_out, i64 0, i64 %zext_ln136" [src/cnn_top.cpp:141]   --->   Operation 23 'getelementptr' 'conv2_out_addr' <Predicate = (!icmp_ln136)> <Delay = 0.00>
ST_1 : Operation 24 [2/2] (0.79ns)   --->   "%conv2_out_load = load i5 %conv2_out_addr" [src/cnn_top.cpp:141]   --->   Operation 24 'load' 'conv2_out_load' <Predicate = (!icmp_ln136)> <Delay = 0.79> <CoreInst = "RAM">   --->   Core 82 'RAM' <Latency = 1> <II = 1> <Delay = 0.79> <Storage> <Opcode : 'load' 'store'> <Ports = 2> <Width = 15> <Depth = 32> <RAM>
ST_1 : Operation 25 [1/1] (0.00ns)   --->   "%conv2_out_1_addr = getelementptr i15 %conv2_out_1, i64 0, i64 %zext_ln136" [src/cnn_top.cpp:141]   --->   Operation 25 'getelementptr' 'conv2_out_1_addr' <Predicate = (!icmp_ln136)> <Delay = 0.00>
ST_1 : Operation 26 [2/2] (0.79ns)   --->   "%conv2_out_1_load = load i5 %conv2_out_1_addr" [src/cnn_top.cpp:141]   --->   Operation 26 'load' 'conv2_out_1_load' <Predicate = (!icmp_ln136)> <Delay = 0.79> <CoreInst = "RAM">   --->   Core 82 'RAM' <Latency = 1> <II = 1> <Delay = 0.79> <Storage> <Opcode : 'load' 'store'> <Ports = 2> <Width = 15> <Depth = 32> <RAM>
ST_1 : Operation 27 [1/1] (0.00ns)   --->   "%conv2_out_2_addr = getelementptr i15 %conv2_out_2, i64 0, i64 %zext_ln136" [src/cnn_top.cpp:141]   --->   Operation 27 'getelementptr' 'conv2_out_2_addr' <Predicate = (!icmp_ln136)> <Delay = 0.00>
ST_1 : Operation 28 [2/2] (0.79ns)   --->   "%conv2_out_2_load = load i5 %conv2_out_2_addr" [src/cnn_top.cpp:141]   --->   Operation 28 'load' 'conv2_out_2_load' <Predicate = (!icmp_ln136)> <Delay = 0.79> <CoreInst = "RAM">   --->   Core 82 'RAM' <Latency = 1> <II = 1> <Delay = 0.79> <Storage> <Opcode : 'load' 'store'> <Ports = 2> <Width = 15> <Depth = 32> <RAM>
ST_1 : Operation 29 [1/1] (0.00ns)   --->   "%conv2_out_3_addr = getelementptr i15 %conv2_out_3, i64 0, i64 %zext_ln136" [src/cnn_top.cpp:141]   --->   Operation 29 'getelementptr' 'conv2_out_3_addr' <Predicate = (!icmp_ln136)> <Delay = 0.00>
ST_1 : Operation 30 [2/2] (0.79ns)   --->   "%conv2_out_3_load = load i5 %conv2_out_3_addr" [src/cnn_top.cpp:141]   --->   Operation 30 'load' 'conv2_out_3_load' <Predicate = (!icmp_ln136)> <Delay = 0.79> <CoreInst = "RAM">   --->   Core 82 'RAM' <Latency = 1> <II = 1> <Delay = 0.79> <Storage> <Opcode : 'load' 'store'> <Ports = 2> <Width = 15> <Depth = 32> <RAM>
ST_1 : Operation 31 [1/1] (0.00ns)   --->   "%conv2_out_4_addr = getelementptr i15 %conv2_out_4, i64 0, i64 %zext_ln136" [src/cnn_top.cpp:141]   --->   Operation 31 'getelementptr' 'conv2_out_4_addr' <Predicate = (!icmp_ln136)> <Delay = 0.00>
ST_1 : Operation 32 [2/2] (0.79ns)   --->   "%conv2_out_4_load = load i5 %conv2_out_4_addr" [src/cnn_top.cpp:141]   --->   Operation 32 'load' 'conv2_out_4_load' <Predicate = (!icmp_ln136)> <Delay = 0.79> <CoreInst = "RAM">   --->   Core 82 'RAM' <Latency = 1> <II = 1> <Delay = 0.79> <Storage> <Opcode : 'load' 'store'> <Ports = 2> <Width = 15> <Depth = 32> <RAM>
ST_1 : Operation 33 [1/1] (0.00ns)   --->   "%conv2_out_5_addr = getelementptr i15 %conv2_out_5, i64 0, i64 %zext_ln136" [src/cnn_top.cpp:141]   --->   Operation 33 'getelementptr' 'conv2_out_5_addr' <Predicate = (!icmp_ln136)> <Delay = 0.00>
ST_1 : Operation 34 [2/2] (0.79ns)   --->   "%conv2_out_5_load = load i5 %conv2_out_5_addr" [src/cnn_top.cpp:141]   --->   Operation 34 'load' 'conv2_out_5_load' <Predicate = (!icmp_ln136)> <Delay = 0.79> <CoreInst = "RAM">   --->   Core 82 'RAM' <Latency = 1> <II = 1> <Delay = 0.79> <Storage> <Opcode : 'load' 'store'> <Ports = 2> <Width = 15> <Depth = 32> <RAM>
ST_1 : Operation 35 [1/1] (0.00ns)   --->   "%conv2_out_6_addr = getelementptr i15 %conv2_out_6, i64 0, i64 %zext_ln136" [src/cnn_top.cpp:141]   --->   Operation 35 'getelementptr' 'conv2_out_6_addr' <Predicate = (!icmp_ln136)> <Delay = 0.00>
ST_1 : Operation 36 [2/2] (0.79ns)   --->   "%conv2_out_6_load = load i5 %conv2_out_6_addr" [src/cnn_top.cpp:141]   --->   Operation 36 'load' 'conv2_out_6_load' <Predicate = (!icmp_ln136)> <Delay = 0.79> <CoreInst = "RAM">   --->   Core 82 'RAM' <Latency = 1> <II = 1> <Delay = 0.79> <Storage> <Opcode : 'load' 'store'> <Ports = 2> <Width = 15> <Depth = 32> <RAM>
ST_1 : Operation 37 [1/1] (0.00ns)   --->   "%conv2_out_7_addr = getelementptr i15 %conv2_out_7, i64 0, i64 %zext_ln136" [src/cnn_top.cpp:141]   --->   Operation 37 'getelementptr' 'conv2_out_7_addr' <Predicate = (!icmp_ln136)> <Delay = 0.00>
ST_1 : Operation 38 [2/2] (0.79ns)   --->   "%conv2_out_7_load = load i5 %conv2_out_7_addr" [src/cnn_top.cpp:141]   --->   Operation 38 'load' 'conv2_out_7_load' <Predicate = (!icmp_ln136)> <Delay = 0.79> <CoreInst = "RAM">   --->   Core 82 'RAM' <Latency = 1> <II = 1> <Delay = 0.79> <Storage> <Opcode : 'load' 'store'> <Ports = 2> <Width = 15> <Depth = 32> <RAM>
ST_1 : Operation 39 [1/1] (0.00ns)   --->   "%conv2_out_8_addr = getelementptr i15 %conv2_out_8, i64 0, i64 %zext_ln136" [src/cnn_top.cpp:141]   --->   Operation 39 'getelementptr' 'conv2_out_8_addr' <Predicate = (!icmp_ln136)> <Delay = 0.00>
ST_1 : Operation 40 [2/2] (0.79ns)   --->   "%conv2_out_8_load = load i5 %conv2_out_8_addr" [src/cnn_top.cpp:141]   --->   Operation 40 'load' 'conv2_out_8_load' <Predicate = (!icmp_ln136)> <Delay = 0.79> <CoreInst = "RAM">   --->   Core 82 'RAM' <Latency = 1> <II = 1> <Delay = 0.79> <Storage> <Opcode : 'load' 'store'> <Ports = 2> <Width = 15> <Depth = 32> <RAM>
ST_1 : Operation 41 [1/1] (0.00ns)   --->   "%conv2_out_9_addr = getelementptr i15 %conv2_out_9, i64 0, i64 %zext_ln136" [src/cnn_top.cpp:141]   --->   Operation 41 'getelementptr' 'conv2_out_9_addr' <Predicate = (!icmp_ln136)> <Delay = 0.00>
ST_1 : Operation 42 [2/2] (0.79ns)   --->   "%conv2_out_9_load = load i5 %conv2_out_9_addr" [src/cnn_top.cpp:141]   --->   Operation 42 'load' 'conv2_out_9_load' <Predicate = (!icmp_ln136)> <Delay = 0.79> <CoreInst = "RAM">   --->   Core 82 'RAM' <Latency = 1> <II = 1> <Delay = 0.79> <Storage> <Opcode : 'load' 'store'> <Ports = 2> <Width = 15> <Depth = 32> <RAM>
ST_1 : Operation 43 [1/1] (0.00ns) (grouped into LUT with out node icmp_ln145)   --->   "%trunc_ln145 = trunc i6 %j_1" [src/cnn_top.cpp:145]   --->   Operation 43 'trunc' 'trunc_ln145' <Predicate = (!icmp_ln136)> <Delay = 0.00>
ST_1 : Operation 44 [1/1] (0.00ns) (grouped into LUT with out node icmp_ln145)   --->   "%or_ln145 = or i4 %trunc_ln145, i4 %i_1_read" [src/cnn_top.cpp:145]   --->   Operation 44 'or' 'or_ln145' <Predicate = (!icmp_ln136)> <Delay = 0.00> <CoreInst = "LogicGate">   --->   Core 74 'LogicGate' <Latency = 0> <II = 1> <Delay = 0.40> <FuncUnit> <Opcode : 'and' 'or' 'xor'> <InPorts = 2> <OutPorts = 1>
ST_1 : Operation 45 [1/1] (0.00ns) (grouped into LUT with out node icmp_ln145)   --->   "%tmp_1 = bitselect i1 @_ssdm_op_BitSelect.i1.i6.i32, i6 %j_1, i32 4" [src/cnn_top.cpp:145]   --->   Operation 45 'bitselect' 'tmp_1' <Predicate = (!icmp_ln136)> <Delay = 0.00>
ST_1 : Operation 46 [1/1] (0.00ns) (grouped into LUT with out node icmp_ln145)   --->   "%or_ln = bitconcatenate i5 @_ssdm_op_BitConcatenate.i5.i1.i4, i1 %tmp_1, i4 %or_ln145" [src/cnn_top.cpp:145]   --->   Operation 46 'bitconcatenate' 'or_ln' <Predicate = (!icmp_ln136)> <Delay = 0.00>
ST_1 : Operation 47 [1/1] (0.87ns) (out node of the LUT)   --->   "%icmp_ln145 = icmp_eq  i5 %or_ln, i5 0" [src/cnn_top.cpp:145]   --->   Operation 47 'icmp' 'icmp_ln145' <Predicate = (!icmp_ln136)> <Delay = 0.87> <CoreInst = "Cmp">   --->   Core 9 'Cmp' <Latency = 0> <II = 1> <Delay = 0.87> <FuncUnit> <Opcode : 'seteq' 'setne' 'setle' 'setge' 'setlt' 'setgt'> <InPorts = 2> <OutPorts = 1>
ST_1 : Operation 48 [1/1] (0.00ns)   --->   "%br_ln145 = br i1 %icmp_ln145, void %for.inc196, void %if.then194" [src/cnn_top.cpp:145]   --->   Operation 48 'br' 'br_ln145' <Predicate = (!icmp_ln136)> <Delay = 0.00>
ST_1 : Operation 49 [1/1] (0.48ns)   --->   "%store_ln136 = store i6 %add_ln136, i6 %j" [src/cnn_top.cpp:136]   --->   Operation 49 'store' 'store_ln136' <Predicate = (!icmp_ln136)> <Delay = 0.48>

State 2 <SV = 1> <Delay = 4.87>
ST_2 : Operation 50 [1/2] ( I:0.79ns O:0.79ns )   --->   "%conv2_out_load = load i5 %conv2_out_addr" [src/cnn_top.cpp:141]   --->   Operation 50 'load' 'conv2_out_load' <Predicate = true> <Delay = 0.79> <CoreInst = "RAM">   --->   Core 82 'RAM' <Latency = 1> <II = 1> <Delay = 0.79> <Storage> <Opcode : 'load' 'store'> <Ports = 2> <Width = 15> <Depth = 32> <RAM>
ST_2 : Operation 51 [1/2] ( I:0.79ns O:0.79ns )   --->   "%conv2_out_1_load = load i5 %conv2_out_1_addr" [src/cnn_top.cpp:141]   --->   Operation 51 'load' 'conv2_out_1_load' <Predicate = true> <Delay = 0.79> <CoreInst = "RAM">   --->   Core 82 'RAM' <Latency = 1> <II = 1> <Delay = 0.79> <Storage> <Opcode : 'load' 'store'> <Ports = 2> <Width = 15> <Depth = 32> <RAM>
ST_2 : Operation 52 [1/2] ( I:0.79ns O:0.79ns )   --->   "%conv2_out_2_load = load i5 %conv2_out_2_addr" [src/cnn_top.cpp:141]   --->   Operation 52 'load' 'conv2_out_2_load' <Predicate = true> <Delay = 0.79> <CoreInst = "RAM">   --->   Core 82 'RAM' <Latency = 1> <II = 1> <Delay = 0.79> <Storage> <Opcode : 'load' 'store'> <Ports = 2> <Width = 15> <Depth = 32> <RAM>
ST_2 : Operation 53 [1/2] ( I:0.79ns O:0.79ns )   --->   "%conv2_out_3_load = load i5 %conv2_out_3_addr" [src/cnn_top.cpp:141]   --->   Operation 53 'load' 'conv2_out_3_load' <Predicate = true> <Delay = 0.79> <CoreInst = "RAM">   --->   Core 82 'RAM' <Latency = 1> <II = 1> <Delay = 0.79> <Storage> <Opcode : 'load' 'store'> <Ports = 2> <Width = 15> <Depth = 32> <RAM>
ST_2 : Operation 54 [1/2] ( I:0.79ns O:0.79ns )   --->   "%conv2_out_4_load = load i5 %conv2_out_4_addr" [src/cnn_top.cpp:141]   --->   Operation 54 'load' 'conv2_out_4_load' <Predicate = true> <Delay = 0.79> <CoreInst = "RAM">   --->   Core 82 'RAM' <Latency = 1> <II = 1> <Delay = 0.79> <Storage> <Opcode : 'load' 'store'> <Ports = 2> <Width = 15> <Depth = 32> <RAM>
ST_2 : Operation 55 [1/2] ( I:0.79ns O:0.79ns )   --->   "%conv2_out_5_load = load i5 %conv2_out_5_addr" [src/cnn_top.cpp:141]   --->   Operation 55 'load' 'conv2_out_5_load' <Predicate = true> <Delay = 0.79> <CoreInst = "RAM">   --->   Core 82 'RAM' <Latency = 1> <II = 1> <Delay = 0.79> <Storage> <Opcode : 'load' 'store'> <Ports = 2> <Width = 15> <Depth = 32> <RAM>
ST_2 : Operation 56 [1/2] ( I:0.79ns O:0.79ns )   --->   "%conv2_out_6_load = load i5 %conv2_out_6_addr" [src/cnn_top.cpp:141]   --->   Operation 56 'load' 'conv2_out_6_load' <Predicate = true> <Delay = 0.79> <CoreInst = "RAM">   --->   Core 82 'RAM' <Latency = 1> <II = 1> <Delay = 0.79> <Storage> <Opcode : 'load' 'store'> <Ports = 2> <Width = 15> <Depth = 32> <RAM>
ST_2 : Operation 57 [1/2] ( I:0.79ns O:0.79ns )   --->   "%conv2_out_7_load = load i5 %conv2_out_7_addr" [src/cnn_top.cpp:141]   --->   Operation 57 'load' 'conv2_out_7_load' <Predicate = true> <Delay = 0.79> <CoreInst = "RAM">   --->   Core 82 'RAM' <Latency = 1> <II = 1> <Delay = 0.79> <Storage> <Opcode : 'load' 'store'> <Ports = 2> <Width = 15> <Depth = 32> <RAM>
ST_2 : Operation 58 [1/2] ( I:0.79ns O:0.79ns )   --->   "%conv2_out_8_load = load i5 %conv2_out_8_addr" [src/cnn_top.cpp:141]   --->   Operation 58 'load' 'conv2_out_8_load' <Predicate = true> <Delay = 0.79> <CoreInst = "RAM">   --->   Core 82 'RAM' <Latency = 1> <II = 1> <Delay = 0.79> <Storage> <Opcode : 'load' 'store'> <Ports = 2> <Width = 15> <Depth = 32> <RAM>
ST_2 : Operation 59 [1/2] ( I:0.79ns O:0.79ns )   --->   "%conv2_out_9_load = load i5 %conv2_out_9_addr" [src/cnn_top.cpp:141]   --->   Operation 59 'load' 'conv2_out_9_load' <Predicate = true> <Delay = 0.79> <CoreInst = "RAM">   --->   Core 82 'RAM' <Latency = 1> <II = 1> <Delay = 0.79> <Storage> <Opcode : 'load' 'store'> <Ports = 2> <Width = 15> <Depth = 32> <RAM>
ST_2 : Operation 60 [1/1] (0.00ns)   --->   "%conv2_out_load_cast = zext i15 %conv2_out_load" [src/cnn_top.cpp:141]   --->   Operation 60 'zext' 'conv2_out_load_cast' <Predicate = true> <Delay = 0.00>
ST_2 : Operation 61 [1/1] (0.00ns)   --->   "%conv2_out_1_load_cast = zext i15 %conv2_out_1_load" [src/cnn_top.cpp:141]   --->   Operation 61 'zext' 'conv2_out_1_load_cast' <Predicate = true> <Delay = 0.00>
ST_2 : Operation 62 [1/1] (0.00ns)   --->   "%conv2_out_2_load_cast = zext i15 %conv2_out_2_load" [src/cnn_top.cpp:141]   --->   Operation 62 'zext' 'conv2_out_2_load_cast' <Predicate = true> <Delay = 0.00>
ST_2 : Operation 63 [1/1] (0.00ns)   --->   "%conv2_out_3_load_cast = zext i15 %conv2_out_3_load" [src/cnn_top.cpp:141]   --->   Operation 63 'zext' 'conv2_out_3_load_cast' <Predicate = true> <Delay = 0.00>
ST_2 : Operation 64 [1/1] (0.00ns)   --->   "%conv2_out_4_load_cast = zext i15 %conv2_out_4_load" [src/cnn_top.cpp:141]   --->   Operation 64 'zext' 'conv2_out_4_load_cast' <Predicate = true> <Delay = 0.00>
ST_2 : Operation 65 [1/1] (0.00ns)   --->   "%conv2_out_5_load_cast = zext i15 %conv2_out_5_load" [src/cnn_top.cpp:141]   --->   Operation 65 'zext' 'conv2_out_5_load_cast' <Predicate = true> <Delay = 0.00>
ST_2 : Operation 66 [1/1] (0.00ns)   --->   "%conv2_out_6_load_cast = zext i15 %conv2_out_6_load" [src/cnn_top.cpp:141]   --->   Operation 66 'zext' 'conv2_out_6_load_cast' <Predicate = true> <Delay = 0.00>
ST_2 : Operation 67 [1/1] (0.00ns)   --->   "%conv2_out_7_load_cast = zext i15 %conv2_out_7_load" [src/cnn_top.cpp:141]   --->   Operation 67 'zext' 'conv2_out_7_load_cast' <Predicate = true> <Delay = 0.00>
ST_2 : Operation 68 [1/1] (0.00ns)   --->   "%conv2_out_8_load_cast = zext i15 %conv2_out_8_load" [src/cnn_top.cpp:141]   --->   Operation 68 'zext' 'conv2_out_8_load_cast' <Predicate = true> <Delay = 0.00>
ST_2 : Operation 69 [1/1] (0.00ns)   --->   "%zext_ln141 = zext i15 %conv2_out_9_load" [src/cnn_top.cpp:141]   --->   Operation 69 'zext' 'zext_ln141' <Predicate = true> <Delay = 0.00>
ST_2 : Operation 70 [1/1] (1.00ns)   --->   "%add_ln141_1 = add i16 %conv2_out_1_load_cast, i16 %conv2_out_load_cast" [src/cnn_top.cpp:141]   --->   Operation 70 'add' 'add_ln141_1' <Predicate = true> <Delay = 1.00> <CoreInst = "Adder">   --->   Core 1 'Adder' <Latency = 0> <II = 1> <Delay = 1.00> <FuncUnit> <Opcode : 'add' 'sub'> <InPorts = 2> <OutPorts = 1>
ST_2 : Operation 71 [1/1] (0.00ns)   --->   "%zext_ln141_1 = zext i16 %add_ln141_1" [src/cnn_top.cpp:141]   --->   Operation 71 'zext' 'zext_ln141_1' <Predicate = true> <Delay = 0.00>
ST_2 : Operation 72 [1/1] (1.00ns)   --->   "%add_ln141_2 = add i16 %conv2_out_3_load_cast, i16 %conv2_out_4_load_cast" [src/cnn_top.cpp:141]   --->   Operation 72 'add' 'add_ln141_2' <Predicate = true> <Delay = 1.00> <CoreInst = "Adder">   --->   Core 1 'Adder' <Latency = 0> <II = 1> <Delay = 1.00> <FuncUnit> <Opcode : 'add' 'sub'> <InPorts = 2> <OutPorts = 1>
ST_2 : Operation 73 [1/1] (0.00ns)   --->   "%zext_ln141_2 = zext i16 %add_ln141_2" [src/cnn_top.cpp:141]   --->   Operation 73 'zext' 'zext_ln141_2' <Predicate = true> <Delay = 0.00>
ST_2 : Operation 74 [1/1] (1.01ns)   --->   "%add_ln141_3 = add i17 %zext_ln141_2, i17 %conv2_out_2_load_cast" [src/cnn_top.cpp:141]   --->   Operation 74 'add' 'add_ln141_3' <Predicate = true> <Delay = 1.01> <CoreInst = "Adder">   --->   Core 1 'Adder' <Latency = 0> <II = 1> <Delay = 1.01> <FuncUnit> <Opcode : 'add' 'sub'> <InPorts = 2> <OutPorts = 1>
ST_2 : Operation 75 [1/1] (0.00ns)   --->   "%zext_ln141_3 = zext i17 %add_ln141_3" [src/cnn_top.cpp:141]   --->   Operation 75 'zext' 'zext_ln141_3' <Predicate = true> <Delay = 0.00>
ST_2 : Operation 76 [1/1] (1.02ns)   --->   "%add_ln141_4 = add i18 %zext_ln141_3, i18 %zext_ln141_1" [src/cnn_top.cpp:141]   --->   Operation 76 'add' 'add_ln141_4' <Predicate = true> <Delay = 1.02> <CoreInst = "Adder">   --->   Core 1 'Adder' <Latency = 0> <II = 1> <Delay = 1.02> <FuncUnit> <Opcode : 'add' 'sub'> <InPorts = 2> <OutPorts = 1>
ST_2 : Operation 77 [1/1] (0.00ns)   --->   "%zext_ln141_4 = zext i18 %add_ln141_4" [src/cnn_top.cpp:141]   --->   Operation 77 'zext' 'zext_ln141_4' <Predicate = true> <Delay = 0.00>
ST_2 : Operation 78 [1/1] (1.00ns)   --->   "%add_ln141_5 = add i16 %conv2_out_5_load_cast, i16 %conv2_out_6_load_cast" [src/cnn_top.cpp:141]   --->   Operation 78 'add' 'add_ln141_5' <Predicate = true> <Delay = 1.00> <CoreInst = "Adder">   --->   Core 1 'Adder' <Latency = 0> <II = 1> <Delay = 1.00> <FuncUnit> <Opcode : 'add' 'sub'> <InPorts = 2> <OutPorts = 1>
ST_2 : Operation 79 [1/1] (0.00ns)   --->   "%zext_ln141_5 = zext i16 %add_ln141_5" [src/cnn_top.cpp:141]   --->   Operation 79 'zext' 'zext_ln141_5' <Predicate = true> <Delay = 0.00>
ST_2 : Operation 80 [1/1] (1.00ns)   --->   "%add_ln141_6 = add i16 %conv2_out_8_load_cast, i16 %zext_ln141" [src/cnn_top.cpp:141]   --->   Operation 80 'add' 'add_ln141_6' <Predicate = true> <Delay = 1.00> <CoreInst = "Adder">   --->   Core 1 'Adder' <Latency = 0> <II = 1> <Delay = 1.00> <FuncUnit> <Opcode : 'add' 'sub'> <InPorts = 2> <OutPorts = 1>
ST_2 : Operation 81 [1/1] (0.00ns)   --->   "%zext_ln141_6 = zext i16 %add_ln141_6" [src/cnn_top.cpp:141]   --->   Operation 81 'zext' 'zext_ln141_6' <Predicate = true> <Delay = 0.00>
ST_2 : Operation 82 [1/1] (1.01ns)   --->   "%add_ln141_7 = add i17 %zext_ln141_6, i17 %conv2_out_7_load_cast" [src/cnn_top.cpp:141]   --->   Operation 82 'add' 'add_ln141_7' <Predicate = true> <Delay = 1.01> <CoreInst = "Adder">   --->   Core 1 'Adder' <Latency = 0> <II = 1> <Delay = 1.01> <FuncUnit> <Opcode : 'add' 'sub'> <InPorts = 2> <OutPorts = 1>
ST_2 : Operation 83 [1/1] (0.00ns)   --->   "%zext_ln141_7 = zext i17 %add_ln141_7" [src/cnn_top.cpp:141]   --->   Operation 83 'zext' 'zext_ln141_7' <Predicate = true> <Delay = 0.00>
ST_2 : Operation 84 [1/1] (1.02ns)   --->   "%add_ln141_8 = add i18 %zext_ln141_7, i18 %zext_ln141_5" [src/cnn_top.cpp:141]   --->   Operation 84 'add' 'add_ln141_8' <Predicate = true> <Delay = 1.02> <CoreInst = "Adder">   --->   Core 1 'Adder' <Latency = 0> <II = 1> <Delay = 1.02> <FuncUnit> <Opcode : 'add' 'sub'> <InPorts = 2> <OutPorts = 1>
ST_2 : Operation 85 [1/1] (0.00ns)   --->   "%zext_ln141_8 = zext i18 %add_ln141_8" [src/cnn_top.cpp:141]   --->   Operation 85 'zext' 'zext_ln141_8' <Predicate = true> <Delay = 0.00>
ST_2 : Operation 86 [1/1] (1.03ns)   --->   "%add_ln141 = add i19 %zext_ln141_8, i19 %zext_ln141_4" [src/cnn_top.cpp:141]   --->   Operation 86 'add' 'add_ln141' <Predicate = true> <Delay = 1.03> <CoreInst = "Adder">   --->   Core 1 'Adder' <Latency = 0> <II = 1> <Delay = 1.03> <FuncUnit> <Opcode : 'add' 'sub'> <InPorts = 2> <OutPorts = 1>

State 3 <SV = 2> <Delay = 4.41>
ST_3 : Operation 87 [1/1] (0.00ns)   --->   "%zext_ln144_2 = zext i6 %j_1" [src/cnn_top.cpp:144]   --->   Operation 87 'zext' 'zext_ln144_2' <Predicate = true> <Delay = 0.00>
ST_3 : Operation 88 [1/1] (0.92ns)   --->   "%add_ln144_1 = add i9 %zext_ln144_read, i9 %zext_ln144_2" [src/cnn_top.cpp:144]   --->   Operation 88 'add' 'add_ln144_1' <Predicate = true> <Delay = 0.92> <CoreInst = "Adder">   --->   Core 1 'Adder' <Latency = 0> <II = 1> <Delay = 0.92> <FuncUnit> <Opcode : 'add' 'sub'> <InPorts = 2> <OutPorts = 1>
ST_3 : Operation 89 [1/1] (0.00ns)   --->   "%zext_ln144_3 = zext i9 %add_ln144_1" [src/cnn_top.cpp:144]   --->   Operation 89 'zext' 'zext_ln144_3' <Predicate = true> <Delay = 0.00>
ST_3 : Operation 90 [1/1] (0.00ns)   --->   "%FC_W_addr = getelementptr i13 %FC_W, i64 0, i64 %zext_ln144_3" [src/cnn_top.cpp:144]   --->   Operation 90 'getelementptr' 'FC_W_addr' <Predicate = true> <Delay = 0.00>
ST_3 : Operation 91 [1/1] (0.00ns)   --->   "%shl_ln3 = bitconcatenate i41 @_ssdm_op_BitConcatenate.i41.i19.i22, i19 %add_ln141, i22 0" [src/cnn_top.cpp:143]   --->   Operation 91 'bitconcatenate' 'shl_ln3' <Predicate = true> <Delay = 0.00>
ST_3 : Operation 92 [1/1] (0.00ns)   --->   "%zext_ln143 = zext i41 %shl_ln3" [src/cnn_top.cpp:143]   --->   Operation 92 'zext' 'zext_ln143' <Predicate = true> <Delay = 0.00>
ST_3 : Operation 93 [1/1] (4.41ns)   --->   "%mul_ln143 = mul i82 %zext_ln143, i82 3518437208884" [src/cnn_top.cpp:143]   --->   Operation 93 'mul' 'mul_ln143' <Predicate = true> <Delay = 4.41> <CoreInst = "Multiplier">   --->   Core 3 'Multiplier' <Latency = 0> <II = 1> <Delay = 4.41> <FuncUnit> <Opcode : 'mul'> <InPorts = 2> <OutPorts = 1>
ST_3 : Operation 94 [1/1] (0.00ns)   --->   "%tmp = partselect i15 @_ssdm_op_PartSelect.i15.i82.i32.i32, i82 %mul_ln143, i32 67, i32 81" [src/cnn_top.cpp:143]   --->   Operation 94 'partselect' 'tmp' <Predicate = true> <Delay = 0.00>
ST_3 : Operation 95 [1/1] (0.00ns)   --->   "%zext_ln143_1 = zext i15 %tmp" [src/cnn_top.cpp:143]   --->   Operation 95 'zext' 'zext_ln143_1' <Predicate = true> <Delay = 0.00>
ST_3 : Operation 96 [2/2] (1.35ns)   --->   "%FC_W_load = load i9 %FC_W_addr" [src/cnn_top.cpp:144]   --->   Operation 96 'load' 'FC_W_load' <Predicate = true> <Delay = 1.35> <CoreInst = "ROM">   --->   Core 100 'ROM' <Latency = 1> <II = 1> <Delay = 1.35> <Storage> <Opcode : 'load'> <Ports = 0> <Width = 13> <Depth = 320> <ROM>
ST_3 : Operation 97 [1/1] (0.00ns)   --->   "%write_ln145 = write void @_ssdm_op_Write.ap_auto.i16P0A, i16 %dbg_gap0, i16 %zext_ln143_1" [src/cnn_top.cpp:145]   --->   Operation 97 'write' 'write_ln145' <Predicate = (icmp_ln145)> <Delay = 0.00>
ST_3 : Operation 98 [1/1] (0.00ns)   --->   "%br_ln145 = br void %for.inc196" [src/cnn_top.cpp:145]   --->   Operation 98 'br' 'br_ln145' <Predicate = (icmp_ln145)> <Delay = 0.00>
ST_3 : Operation 117 [1/1] (0.00ns)   --->   "%final_scores_9_load = load i16 %final_scores_9"   --->   Operation 117 'load' 'final_scores_9_load' <Predicate = (icmp_ln136)> <Delay = 0.00>
ST_3 : Operation 118 [1/1] (0.00ns)   --->   "%write_ln0 = write void @_ssdm_op_Write.ap_auto.i16P0A, i16 %final_scores_9_out, i16 %final_scores_9_load"   --->   Operation 118 'write' 'write_ln0' <Predicate = (icmp_ln136)> <Delay = 0.00>
ST_3 : Operation 119 [1/1] (0.48ns)   --->   "%ret_ln0 = ret"   --->   Operation 119 'ret' 'ret_ln0' <Predicate = (icmp_ln136)> <Delay = 0.48>

State 4 <SV = 3> <Delay = 6.75>
ST_4 : Operation 99 [1/1] (0.00ns)   --->   "%score_load = load i32 %score" [src/cnn_top.cpp:144]   --->   Operation 99 'load' 'score_load' <Predicate = true> <Delay = 0.00>
ST_4 : Operation 100 [1/1] (0.00ns)   --->   "%specpipeline_ln137 = specpipeline void @_ssdm_op_SpecPipeline, i32 1, i32 0, i32 0, i32 0, i32 4294967295, void @empty_14" [src/cnn_top.cpp:137]   --->   Operation 100 'specpipeline' 'specpipeline_ln137' <Predicate = true> <Delay = 0.00>
ST_4 : Operation 101 [1/1] (0.00ns)   --->   "%speclooptripcount_ln135 = speclooptripcount void @_ssdm_op_SpecLoopTripCount, i64 32, i64 32, i64 32" [src/cnn_top.cpp:135]   --->   Operation 101 'speclooptripcount' 'speclooptripcount_ln135' <Predicate = true> <Delay = 0.00>
ST_4 : Operation 102 [1/1] (0.00ns)   --->   "%specloopname_ln136 = specloopname void @_ssdm_op_SpecLoopName, void @empty_16" [src/cnn_top.cpp:136]   --->   Operation 102 'specloopname' 'specloopname_ln136' <Predicate = true> <Delay = 0.00>
ST_4 : Operation 103 [1/1] (0.00ns)   --->   "%shl_ln4 = bitconcatenate i27 @_ssdm_op_BitConcatenate.i27.i15.i12, i15 %tmp, i12 0" [src/cnn_top.cpp:144]   --->   Operation 103 'bitconcatenate' 'shl_ln4' <Predicate = true> <Delay = 0.00>
ST_4 : Operation 104 [1/2] ( I:1.35ns O:1.35ns )   --->   "%FC_W_load = load i9 %FC_W_addr" [src/cnn_top.cpp:144]   --->   Operation 104 'load' 'FC_W_load' <Predicate = true> <Delay = 1.35> <CoreInst = "ROM">   --->   Core 100 'ROM' <Latency = 1> <II = 1> <Delay = 1.35> <Storage> <Opcode : 'load'> <Ports = 0> <Width = 13> <Depth = 320> <ROM>
ST_4 : Operation 105 [1/1] (0.00ns)   --->   "%shl_ln144_1 = bitconcatenate i25 @_ssdm_op_BitConcatenate.i25.i13.i12, i13 %FC_W_load, i12 0" [src/cnn_top.cpp:144]   --->   Operation 105 'bitconcatenate' 'shl_ln144_1' <Predicate = true> <Delay = 0.00>
ST_4 : Operation 106 [1/1] (0.00ns)   --->   "%zext_ln144_1 = zext i27 %shl_ln4" [src/cnn_top.cpp:144]   --->   Operation 106 'zext' 'zext_ln144_1' <Predicate = true> <Delay = 0.00>
ST_4 : Operation 107 [1/1] (0.00ns)   --->   "%sext_ln144 = sext i25 %shl_ln144_1" [src/cnn_top.cpp:144]   --->   Operation 107 'sext' 'sext_ln144' <Predicate = true> <Delay = 0.00>
ST_4 : Operation 108 [1/1] (3.58ns)   --->   "%mul_ln144 = mul i52 %zext_ln144_1, i52 %sext_ln144" [src/cnn_top.cpp:144]   --->   Operation 108 'mul' 'mul_ln144' <Predicate = true> <Delay = 3.58> <CoreInst = "Multiplier">   --->   Core 3 'Multiplier' <Latency = 0> <II = 1> <Delay = 3.58> <FuncUnit> <Opcode : 'mul'> <InPorts = 2> <OutPorts = 1>
ST_4 : Operation 109 [1/1] (0.00ns)   --->   "%shl_ln144_2 = bitconcatenate i54 @_ssdm_op_BitConcatenate.i54.i32.i22, i32 %score_load, i22 0" [src/cnn_top.cpp:144]   --->   Operation 109 'bitconcatenate' 'shl_ln144_2' <Predicate = true> <Delay = 0.00>
ST_4 : Operation 110 [1/1] (0.00ns)   --->   "%sext_ln144_1 = sext i52 %mul_ln144" [src/cnn_top.cpp:144]   --->   Operation 110 'sext' 'sext_ln144_1' <Predicate = true> <Delay = 0.00>
ST_4 : Operation 111 [1/1] (1.33ns)   --->   "%add_ln144 = add i54 %shl_ln144_2, i54 %sext_ln144_1" [src/cnn_top.cpp:144]   --->   Operation 111 'add' 'add_ln144' <Predicate = true> <Delay = 1.33> <CoreInst = "Adder">   --->   Core 1 'Adder' <Latency = 0> <II = 1> <Delay = 1.33> <FuncUnit> <Opcode : 'add' 'sub'> <InPorts = 2> <OutPorts = 1>
ST_4 : Operation 112 [1/1] (0.00ns)   --->   "%score_1 = partselect i32 @_ssdm_op_PartSelect.i32.i54.i32.i32, i54 %add_ln144, i32 22, i32 53" [src/cnn_top.cpp:144]   --->   Operation 112 'partselect' 'score_1' <Predicate = true> <Delay = 0.00>
ST_4 : Operation 113 [1/1] (0.00ns)   --->   "%trunc_ln = partselect i16 @_ssdm_op_PartSelect.i16.i54.i32.i32, i54 %add_ln144, i32 34, i32 49" [src/cnn_top.cpp:136]   --->   Operation 113 'partselect' 'trunc_ln' <Predicate = true> <Delay = 0.00>
ST_4 : Operation 114 [1/1] (0.48ns)   --->   "%store_ln135 = store i32 %score_1, i32 %score" [src/cnn_top.cpp:135]   --->   Operation 114 'store' 'store_ln135' <Predicate = true> <Delay = 0.48>
ST_4 : Operation 115 [1/1] (0.48ns)   --->   "%store_ln136 = store i16 %trunc_ln, i16 %final_scores_9" [src/cnn_top.cpp:136]   --->   Operation 115 'store' 'store_ln136' <Predicate = true> <Delay = 0.48>
ST_4 : Operation 116 [1/1] (0.00ns)   --->   "%br_ln136 = br void %for.body166" [src/cnn_top.cpp:136]   --->   Operation 116 'br' 'br_ln136' <Predicate = true> <Delay = 0.00>


============================================================
+ Verbose Summary: Timing violations
============================================================
Target clock period: 10.000ns, clock uncertainty: 2.700ns.

 <State 1>: 1.865ns
The critical path consists of the following:
	'store' operation ('store_ln136', src/cnn_top.cpp:136) of constant 0 6 bit on local variable 'j', src/cnn_top.cpp:136 [24]  (0.489 ns)
	'load' operation 6 bit ('j', src/cnn_top.cpp:136) on local variable 'j', src/cnn_top.cpp:136 [29]  (0.000 ns)
	'add' operation 6 bit ('add_ln136', src/cnn_top.cpp:136) [31]  (0.887 ns)
	'store' operation ('store_ln136', src/cnn_top.cpp:136) of variable 'add_ln136', src/cnn_top.cpp:136 6 bit on local variable 'j', src/cnn_top.cpp:136 [116]  (0.489 ns)

 <State 2>: 4.875ns
The critical path consists of the following:
	'load' operation 15 bit ('conv2_out_3_load', src/cnn_top.cpp:141) on array 'conv2_out_3' [50]  (0.790 ns)
	'add' operation 16 bit ('add_ln141_2', src/cnn_top.cpp:141) [75]  (1.002 ns)
	'add' operation 17 bit ('add_ln141_3', src/cnn_top.cpp:141) [77]  (1.016 ns)
	'add' operation 18 bit ('add_ln141_4', src/cnn_top.cpp:141) [79]  (1.028 ns)
	'add' operation 19 bit ('add_ln141', src/cnn_top.cpp:141) [89]  (1.039 ns)

 <State 3>: 4.416ns
The critical path consists of the following:
	'mul' operation 82 bit ('mul_ln143', src/cnn_top.cpp:143) [92]  (4.416 ns)
	wire write operation ('write_ln145', src/cnn_top.cpp:145) on port 'dbg_gap0' (src/cnn_top.cpp:145) [112]  (0.000 ns)

 <State 4>: 6.755ns
The critical path consists of the following:
	'load' operation 13 bit ('FC_W_load', src/cnn_top.cpp:144) on array 'FC_W' [96]  (1.352 ns)
	'mul' operation 52 bit ('mul_ln144', src/cnn_top.cpp:144) [100]  (3.580 ns)
	'add' operation 54 bit ('add_ln144', src/cnn_top.cpp:144) [103]  (1.334 ns)
	'store' operation ('store_ln135', src/cnn_top.cpp:135) of variable 'score', src/cnn_top.cpp:144 32 bit on local variable 'score', src/cnn_top.cpp:135 [117]  (0.489 ns)


============================================================
+ Verbose Summary: Binding
============================================================
N/A
* FSMD analyzer results:
  - Output states:
 - Input state : 
  - Chain level:
	State 1
	State 2
	State 3
	State 4


============================================================
+ Verbose Summary: Datapath Resource usage 
============================================================
N/A
