

================================================================
== Vitis HLS Report for 'street_fighter_cnn_Pipeline_ARGMAX'
================================================================
* Date:           Mon Apr  6 15:58:02 2026

* Version:        2025.2 (Build 6295257 on Nov 14 2025)
* Project:        streetfighter
* Solution:       hls (Vitis Kernel Flow Target)
* Product family: zynquplus
* Target device:  xczu3eg-sbva484-1-i


================================================================
== Performance Estimates
================================================================
+ Timing: 
    * Summary: 
    +--------+----------+----------+------------+
    |  Clock |  Target  | Estimated| Uncertainty|
    +--------+----------+----------+------------+
    |ap_clk  |  10.00 ns|  2.925 ns|     2.70 ns|
    +--------+----------+----------+------------+

+ Latency: 
    * Summary: 
    +---------+---------+----------+----------+-----+-----+-------------------+
    |  Latency (cycles) |  Latency (absolute) |  Interval |      Pipeline     |
    |   min   |   max   |    min   |    max   | min | max |        Type       |
    +---------+---------+----------+----------+-----+-----+-------------------+
    |       11|       11|  0.110 us|  0.110 us|    0|    0|  loop pipeline stp|
    +---------+---------+----------+----------+-----+-----+-------------------+

    + Detail: 
        * Instance: 
        N/A

        * Loop: 
        +----------+---------+---------+----------+-----------+-----------+------+----------+
        |          |  Latency (cycles) | Iteration|  Initiation Interval  | Trip |          |
        | Loop Name|   min   |   max   |  Latency |  achieved |   target  | Count| Pipelined|
        +----------+---------+---------+----------+-----------+-----------+------+----------+
        |- ARGMAX  |        9|        9|         1|          1|          1|     9|       yes|
        +----------+---------+---------+----------+-----------+-----------+------+----------+

============================================================
+ Verbose Summary: Synthesis Manager
============================================================
InlineROM: 1
ExposeGlobal: 0
============================================================
+ Verbose Summary: CDFG Model
============================================================
IsTopModel: 0
ResetActiveHigh: 1
IsCombinational: 0
IsDatapathOnly: 0
HasWiredReturn: 1
HasMFsm: 2
HasVarLatency: 1
IsPipeline: 0
IsRtlPipelined: 0
IsInstanceOverlapped: 0
IsDontTouch: 0
HasImplIP: 0
IsGatedGlobalClock: 0

+ Individual pipeline summary: 
  * Pipeline-0: initiation interval (II) = 1, depth = 2


============================================================
+ Verbose Summary: Schedule
============================================================
* Number of FSM states : 2
* Pipeline : 1
  Pipeline-0 : II = 1, D = 2, States = { 1 2 }
* Dataflow Pipeline: 0

* FSM state transitions: 
1 --> 2 
2 --> 

* FSM state operations: 

State 1 <SV = 0> <Delay = 0.48>
ST_1 : Operation 4 [1/1] (0.00ns)   --->   "%max_val = alloca i32 1" [src/cnn_top.cpp:155]   --->   Operation 4 'alloca' 'max_val' <Predicate = true> <Delay = 0.00>
ST_1 : Operation 5 [1/1] (0.00ns)   --->   "%best_class = alloca i32 1" [src/cnn_top.cpp:154]   --->   Operation 5 'alloca' 'best_class' <Predicate = true> <Delay = 0.00>
ST_1 : Operation 6 [1/1] (0.00ns)   --->   "%i = alloca i32 1" [src/cnn_top.cpp:157]   --->   Operation 6 'alloca' 'i' <Predicate = true> <Delay = 0.00>
ST_1 : Operation 7 [1/1] (0.00ns)   --->   "%final_scores_8_read = read i16 @_ssdm_op_Read.ap_auto.i16, i16 %final_scores_8"   --->   Operation 7 'read' 'final_scores_8_read' <Predicate = true> <Delay = 0.00>
ST_1 : Operation 8 [1/1] (0.00ns)   --->   "%final_scores_7_read = read i16 @_ssdm_op_Read.ap_auto.i16, i16 %final_scores_7"   --->   Operation 8 'read' 'final_scores_7_read' <Predicate = true> <Delay = 0.00>
ST_1 : Operation 9 [1/1] (0.00ns)   --->   "%final_scores_6_read = read i16 @_ssdm_op_Read.ap_auto.i16, i16 %final_scores_6"   --->   Operation 9 'read' 'final_scores_6_read' <Predicate = true> <Delay = 0.00>
ST_1 : Operation 10 [1/1] (0.00ns)   --->   "%final_scores_5_read = read i16 @_ssdm_op_Read.ap_auto.i16, i16 %final_scores_5"   --->   Operation 10 'read' 'final_scores_5_read' <Predicate = true> <Delay = 0.00>
ST_1 : Operation 11 [1/1] (0.00ns)   --->   "%final_scores_4_read = read i16 @_ssdm_op_Read.ap_auto.i16, i16 %final_scores_4"   --->   Operation 11 'read' 'final_scores_4_read' <Predicate = true> <Delay = 0.00>
ST_1 : Operation 12 [1/1] (0.00ns)   --->   "%final_scores_3_read = read i16 @_ssdm_op_Read.ap_auto.i16, i16 %final_scores_3"   --->   Operation 12 'read' 'final_scores_3_read' <Predicate = true> <Delay = 0.00>
ST_1 : Operation 13 [1/1] (0.00ns)   --->   "%final_scores_2_read = read i16 @_ssdm_op_Read.ap_auto.i16, i16 %final_scores_2"   --->   Operation 13 'read' 'final_scores_2_read' <Predicate = true> <Delay = 0.00>
ST_1 : Operation 14 [1/1] (0.00ns)   --->   "%final_scores_1_read = read i16 @_ssdm_op_Read.ap_auto.i16, i16 %final_scores_1"   --->   Operation 14 'read' 'final_scores_1_read' <Predicate = true> <Delay = 0.00>
ST_1 : Operation 15 [1/1] (0.00ns)   --->   "%final_scores_read = read i16 @_ssdm_op_Read.ap_auto.i16, i16 %final_scores"   --->   Operation 15 'read' 'final_scores_read' <Predicate = true> <Delay = 0.00>
ST_1 : Operation 16 [1/1] (0.00ns)   --->   "%p_0_0_080134_read = read i16 @_ssdm_op_Read.ap_auto.i16, i16 %p_0_0_080134"   --->   Operation 16 'read' 'p_0_0_080134_read' <Predicate = true> <Delay = 0.00>
ST_1 : Operation 17 [1/1] (0.48ns)   --->   "%store_ln157 = store i4 1, i4 %i" [src/cnn_top.cpp:157]   --->   Operation 17 'store' 'store_ln157' <Predicate = true> <Delay = 0.48>
ST_1 : Operation 18 [1/1] (0.48ns)   --->   "%store_ln154 = store i32 0, i32 %best_class" [src/cnn_top.cpp:154]   --->   Operation 18 'store' 'store_ln154' <Predicate = true> <Delay = 0.48>
ST_1 : Operation 19 [1/1] (0.48ns)   --->   "%store_ln155 = store i16 %p_0_0_080134_read, i16 %max_val" [src/cnn_top.cpp:155]   --->   Operation 19 'store' 'store_ln155' <Predicate = true> <Delay = 0.48>
ST_1 : Operation 20 [1/1] (0.00ns)   --->   "%br_ln0 = br void %for.body214"   --->   Operation 20 'br' 'br_ln0' <Predicate = true> <Delay = 0.00>

State 2 <SV = 1> <Delay = 2.92>
ST_2 : Operation 21 [1/1] (0.00ns)   --->   "%i_2 = load i4 %i" [src/cnn_top.cpp:157]   --->   Operation 21 'load' 'i_2' <Predicate = true> <Delay = 0.00>
ST_2 : Operation 22 [1/1] (0.86ns)   --->   "%icmp_ln157 = icmp_eq  i4 %i_2, i4 10" [src/cnn_top.cpp:157]   --->   Operation 22 'icmp' 'icmp_ln157' <Predicate = true> <Delay = 0.86> <CoreInst = "Cmp">   --->   Core 9 'Cmp' <Latency = 0> <II = 1> <Delay = 0.86> <FuncUnit> <Opcode : 'seteq' 'setne' 'setle' 'setge' 'setlt' 'setgt'> <InPorts = 2> <OutPorts = 1>
ST_2 : Operation 23 [1/1] (0.00ns)   --->   "%br_ln157 = br i1 %icmp_ln157, void %for.body214.split, void %for.end222_ifconv.exitStub" [src/cnn_top.cpp:157]   --->   Operation 23 'br' 'br_ln157' <Predicate = true> <Delay = 0.00>
ST_2 : Operation 24 [1/1] (0.00ns)   --->   "%max_val_load = load i16 %max_val" [src/cnn_top.cpp:160]   --->   Operation 24 'load' 'max_val_load' <Predicate = (!icmp_ln157)> <Delay = 0.00>
ST_2 : Operation 25 [1/1] (0.00ns)   --->   "%best_class_load_1 = load i32 %best_class" [src/cnn_top.cpp:160]   --->   Operation 25 'load' 'best_class_load_1' <Predicate = (!icmp_ln157)> <Delay = 0.00>
ST_2 : Operation 26 [1/1] (0.00ns)   --->   "%specpipeline_ln158 = specpipeline void @_ssdm_op_SpecPipeline, i32 1, i32 0, i32 0, i32 0, i32 4294967295, void @empty_14" [src/cnn_top.cpp:158]   --->   Operation 26 'specpipeline' 'specpipeline_ln158' <Predicate = (!icmp_ln157)> <Delay = 0.00>
ST_2 : Operation 27 [1/1] (0.00ns)   --->   "%speclooptripcount_ln155 = speclooptripcount void @_ssdm_op_SpecLoopTripCount, i64 9, i64 9, i64 9" [src/cnn_top.cpp:155]   --->   Operation 27 'speclooptripcount' 'speclooptripcount_ln155' <Predicate = (!icmp_ln157)> <Delay = 0.00>
ST_2 : Operation 28 [1/1] (0.00ns)   --->   "%specloopname_ln157 = specloopname void @_ssdm_op_SpecLoopName, void @empty_17" [src/cnn_top.cpp:157]   --->   Operation 28 'specloopname' 'specloopname_ln157' <Predicate = (!icmp_ln157)> <Delay = 0.00>
ST_2 : Operation 29 [1/1] (0.89ns)   --->   "%s = sparsemux i16 @_ssdm_op_SparseMux.ap_auto.9i16.i16.i4, i4 1, i16 %final_scores_read, i4 2, i16 %final_scores_1_read, i4 3, i16 %final_scores_2_read, i4 4, i16 %final_scores_3_read, i4 5, i16 %final_scores_4_read, i4 6, i16 %final_scores_5_read, i4 7, i16 %final_scores_6_read, i4 8, i16 %final_scores_7_read, i4 9, i16 %final_scores_8_read, i16 0, i4 %i_2" [src/cnn_top.cpp:159]   --->   Operation 29 'sparsemux' 's' <Predicate = (!icmp_ln157)> <Delay = 0.89> <CoreInst = "BinarySparseMux_DontCare">   --->   Core 149 'BinarySparseMux_DontCare' <Latency = 0> <II = 1> <Delay = 0.89> <FuncUnit> <Opcode : 'sparsemux'> <InPorts = 2> <OutPorts = 1>
ST_2 : Operation 30 [1/1] (1.01ns)   --->   "%icmp_ln160 = icmp_sgt  i16 %s, i16 %max_val_load" [src/cnn_top.cpp:160]   --->   Operation 30 'icmp' 'icmp_ln160' <Predicate = (!icmp_ln157)> <Delay = 1.01> <CoreInst = "Cmp">   --->   Core 9 'Cmp' <Latency = 0> <II = 1> <Delay = 1.01> <FuncUnit> <Opcode : 'seteq' 'setne' 'setle' 'setge' 'setlt' 'setgt'> <InPorts = 2> <OutPorts = 1>
ST_2 : Operation 31 [1/1] (0.42ns)   --->   "%max_val_1 = select i1 %icmp_ln160, i16 %s, i16 %max_val_load" [src/cnn_top.cpp:160]   --->   Operation 31 'select' 'max_val_1' <Predicate = (!icmp_ln157)> <Delay = 0.42> <CoreInst = "Sel">   --->   Core 73 'Sel' <Latency = 0> <II = 1> <Delay = 0.42> <FuncUnit> <Opcode : 'select'> <InPorts = 3> <OutPorts = 1>
ST_2 : Operation 32 [1/1] (0.00ns)   --->   "%zext_ln160 = zext i4 %i_2" [src/cnn_top.cpp:160]   --->   Operation 32 'zext' 'zext_ln160' <Predicate = (!icmp_ln157)> <Delay = 0.00>
ST_2 : Operation 33 [1/1] (0.52ns)   --->   "%best_class_1 = select i1 %icmp_ln160, i32 %zext_ln160, i32 %best_class_load_1" [src/cnn_top.cpp:160]   --->   Operation 33 'select' 'best_class_1' <Predicate = (!icmp_ln157)> <Delay = 0.52> <CoreInst = "Sel">   --->   Core 73 'Sel' <Latency = 0> <II = 1> <Delay = 0.52> <FuncUnit> <Opcode : 'select'> <InPorts = 3> <OutPorts = 1>
ST_2 : Operation 34 [1/1] (0.86ns)   --->   "%add_ln157 = add i4 %i_2, i4 1" [src/cnn_top.cpp:157]   --->   Operation 34 'add' 'add_ln157' <Predicate = (!icmp_ln157)> <Delay = 0.86> <CoreInst = "Adder">   --->   Core 1 'Adder' <Latency = 0> <II = 1> <Delay = 0.86> <FuncUnit> <Opcode : 'add' 'sub'> <InPorts = 2> <OutPorts = 1>
ST_2 : Operation 35 [1/1] (0.48ns)   --->   "%store_ln157 = store i4 %add_ln157, i4 %i" [src/cnn_top.cpp:157]   --->   Operation 35 'store' 'store_ln157' <Predicate = (!icmp_ln157)> <Delay = 0.48>
ST_2 : Operation 36 [1/1] (0.48ns)   --->   "%store_ln154 = store i32 %best_class_1, i32 %best_class" [src/cnn_top.cpp:154]   --->   Operation 36 'store' 'store_ln154' <Predicate = (!icmp_ln157)> <Delay = 0.48>
ST_2 : Operation 37 [1/1] (0.48ns)   --->   "%store_ln155 = store i16 %max_val_1, i16 %max_val" [src/cnn_top.cpp:155]   --->   Operation 37 'store' 'store_ln155' <Predicate = (!icmp_ln157)> <Delay = 0.48>
ST_2 : Operation 38 [1/1] (0.00ns)   --->   "%br_ln157 = br void %for.body214" [src/cnn_top.cpp:157]   --->   Operation 38 'br' 'br_ln157' <Predicate = (!icmp_ln157)> <Delay = 0.00>
ST_2 : Operation 39 [1/1] (0.00ns)   --->   "%best_class_load = load i32 %best_class"   --->   Operation 39 'load' 'best_class_load' <Predicate = (icmp_ln157)> <Delay = 0.00>
ST_2 : Operation 40 [1/1] (0.00ns)   --->   "%write_ln0 = write void @_ssdm_op_Write.ap_auto.i32P0A, i32 %best_class_out, i32 %best_class_load"   --->   Operation 40 'write' 'write_ln0' <Predicate = (icmp_ln157)> <Delay = 0.00>
ST_2 : Operation 41 [1/1] (0.48ns)   --->   "%ret_ln0 = ret"   --->   Operation 41 'ret' 'ret_ln0' <Predicate = (icmp_ln157)> <Delay = 0.48>


============================================================
+ Verbose Summary: Timing violations
============================================================
Target clock period: 10.000ns, clock uncertainty: 2.700ns.

 <State 1>: 0.489ns
The critical path consists of the following:
	'alloca' operation 4 bit ('i', src/cnn_top.cpp:157) [14]  (0.000 ns)
	'store' operation ('store_ln157', src/cnn_top.cpp:157) of constant 1 4 bit on local variable 'i', src/cnn_top.cpp:157 [25]  (0.489 ns)

 <State 2>: 2.925ns
The critical path consists of the following:
	'load' operation 4 bit ('i', src/cnn_top.cpp:157) on local variable 'i', src/cnn_top.cpp:157 [30]  (0.000 ns)
	'sparsemux' operation 16 bit ('s', src/cnn_top.cpp:159) [39]  (0.895 ns)
	'icmp' operation 1 bit ('icmp_ln160', src/cnn_top.cpp:160) [40]  (1.016 ns)
	'select' operation 32 bit ('best_class', src/cnn_top.cpp:160) [43]  (0.525 ns)
	'store' operation ('store_ln154', src/cnn_top.cpp:154) of variable 'best_class', src/cnn_top.cpp:160 32 bit on local variable 'best_class', src/cnn_top.cpp:154 [46]  (0.489 ns)


============================================================
+ Verbose Summary: Binding
============================================================
N/A
* FSMD analyzer results:
  - Output states:
 - Input state : 
  - Chain level:
	State 1
	State 2


============================================================
+ Verbose Summary: Datapath Resource usage 
============================================================
N/A
