

================================================================
== Vitis HLS Report for 'street_fighter_cnn_Pipeline_POOL1_VITIS_LOOP_91_3'
================================================================
* Date:           Mon Apr  6 15:57:45 2026

* Version:        2025.2 (Build 6295257 on Nov 14 2025)
* Project:        streetfighter
* Solution:       hls (Vitis Kernel Flow Target)
* Product family: zynquplus
* Target device:  xczu3eg-sbva484-1-i


================================================================
== Performance Estimates
================================================================
+ Timing: 
    * Summary: 
    +--------+----------+----------+------------+
    |  Clock |  Target  | Estimated| Uncertainty|
    +--------+----------+----------+------------+
    |ap_clk  |  10.00 ns|  4.674 ns|     2.70 ns|
    +--------+----------+----------+------------+

+ Latency: 
    * Summary: 
    +---------+---------+----------+----------+-----+-----+-------------------+
    |  Latency (cycles) |  Latency (absolute) |  Interval |      Pipeline     |
    |   min   |   max   |    min   |    max   | min | max |        Type       |
    +---------+---------+----------+----------+-----+-----+-------------------+
    |      648|      648|  6.480 us|  6.480 us|    0|    0|  loop pipeline stp|
    +---------+---------+----------+----------+-----+-----+-------------------+

    + Detail: 
        * Instance: 
        N/A

        * Loop: 
        +-------------------------+---------+---------+----------+-----------+-----------+------+----------+
        |                         |  Latency (cycles) | Iteration|  Initiation Interval  | Trip |          |
        |        Loop Name        |   min   |   max   |  Latency |  achieved |   target  | Count| Pipelined|
        +-------------------------+---------+---------+----------+-----------+-----------+------+----------+
        |- POOL1_VITIS_LOOP_91_3  |      646|      646|         8|          1|          1|   640|       yes|
        +-------------------------+---------+---------+----------+-----------+-----------+------+----------+

============================================================
+ Verbose Summary: Synthesis Manager
============================================================
InlineROM: 1
ExposeGlobal: 0
============================================================
+ Verbose Summary: CDFG Model
============================================================
IsTopModel: 0
ResetActiveHigh: 1
IsCombinational: 0
IsDatapathOnly: 0
HasWiredReturn: 1
HasMFsm: 2
HasVarLatency: 1
IsPipeline: 0
IsRtlPipelined: 0
IsInstanceOverlapped: 0
IsDontTouch: 0
HasImplIP: 0
IsGatedGlobalClock: 0

+ Individual pipeline summary: 
  * Pipeline-0: initiation interval (II) = 1, depth = 8


============================================================
+ Verbose Summary: Schedule
============================================================
* Number of FSM states : 8
* Pipeline : 1
  Pipeline-0 : II = 1, D = 8, States = { 1 2 3 4 5 6 7 8 }
* Dataflow Pipeline: 0

* FSM state transitions: 
1 --> 2 
2 --> 3 
3 --> 4 
4 --> 5 
5 --> 6 
6 --> 7 
7 --> 8 
8 --> 

* FSM state operations: 

State 1 <SV = 0> <Delay = 3.16>
ST_1 : Operation 11 [1/1] (0.00ns)   --->   "%t = alloca i32 1" [src/cnn_top.cpp:91]   --->   Operation 11 'alloca' 't' <Predicate = true> <Delay = 0.00>
ST_1 : Operation 12 [1/1] (0.00ns)   --->   "%c = alloca i32 1" [src/cnn_top.cpp:90]   --->   Operation 12 'alloca' 'c' <Predicate = true> <Delay = 0.00>
ST_1 : Operation 13 [1/1] (0.00ns)   --->   "%indvar_flatten6 = alloca i32 1"   --->   Operation 13 'alloca' 'indvar_flatten6' <Predicate = true> <Delay = 0.00>
ST_1 : Operation 14 [1/1] (0.48ns)   --->   "%store_ln0 = store i10 0, i10 %indvar_flatten6"   --->   Operation 14 'store' 'store_ln0' <Predicate = true> <Delay = 0.48>
ST_1 : Operation 15 [1/1] (0.48ns)   --->   "%store_ln90 = store i7 0, i7 %c" [src/cnn_top.cpp:90]   --->   Operation 15 'store' 'store_ln90' <Predicate = true> <Delay = 0.48>
ST_1 : Operation 16 [1/1] (0.48ns)   --->   "%store_ln91 = store i4 0, i4 %t" [src/cnn_top.cpp:91]   --->   Operation 16 'store' 'store_ln91' <Predicate = true> <Delay = 0.48>
ST_1 : Operation 17 [1/1] (0.00ns)   --->   "%br_ln0 = br void %for.body64"   --->   Operation 17 'br' 'br_ln0' <Predicate = true> <Delay = 0.00>
ST_1 : Operation 18 [1/1] (0.00ns)   --->   "%indvar_flatten6_load = load i10 %indvar_flatten6" [src/cnn_top.cpp:90]   --->   Operation 18 'load' 'indvar_flatten6_load' <Predicate = true> <Delay = 0.00>
ST_1 : Operation 19 [1/1] (0.93ns)   --->   "%icmp_ln90 = icmp_eq  i10 %indvar_flatten6_load, i10 640" [src/cnn_top.cpp:90]   --->   Operation 19 'icmp' 'icmp_ln90' <Predicate = true> <Delay = 0.93> <CoreInst = "Cmp">   --->   Core 9 'Cmp' <Latency = 0> <II = 1> <Delay = 0.93> <FuncUnit> <Opcode : 'seteq' 'setne' 'setle' 'setge' 'setlt' 'setgt'> <InPorts = 2> <OutPorts = 1>
ST_1 : Operation 20 [1/1] (0.93ns)   --->   "%add_ln90_1 = add i10 %indvar_flatten6_load, i10 1" [src/cnn_top.cpp:90]   --->   Operation 20 'add' 'add_ln90_1' <Predicate = true> <Delay = 0.93> <CoreInst = "Adder">   --->   Core 1 'Adder' <Latency = 0> <II = 1> <Delay = 0.93> <FuncUnit> <Opcode : 'add' 'sub'> <InPorts = 2> <OutPorts = 1>
ST_1 : Operation 21 [1/1] (0.00ns)   --->   "%br_ln90 = br i1 %icmp_ln90, void %for.inc86, void %for.end88.exitStub" [src/cnn_top.cpp:90]   --->   Operation 21 'br' 'br_ln90' <Predicate = true> <Delay = 0.00>
ST_1 : Operation 22 [1/1] (0.00ns)   --->   "%t_load = load i4 %t" [src/cnn_top.cpp:91]   --->   Operation 22 'load' 't_load' <Predicate = (!icmp_ln90)> <Delay = 0.00>
ST_1 : Operation 23 [1/1] (0.86ns)   --->   "%icmp_ln91 = icmp_eq  i4 %t_load, i4 10" [src/cnn_top.cpp:91]   --->   Operation 23 'icmp' 'icmp_ln91' <Predicate = (!icmp_ln90)> <Delay = 0.86> <CoreInst = "Cmp">   --->   Core 9 'Cmp' <Latency = 0> <II = 1> <Delay = 0.86> <FuncUnit> <Opcode : 'seteq' 'setne' 'setle' 'setge' 'setlt' 'setgt'> <InPorts = 2> <OutPorts = 1>
ST_1 : Operation 24 [1/1] (0.45ns)   --->   "%select_ln90 = select i1 %icmp_ln91, i4 0, i4 %t_load" [src/cnn_top.cpp:90]   --->   Operation 24 'select' 'select_ln90' <Predicate = (!icmp_ln90)> <Delay = 0.45> <CoreInst = "Sel">   --->   Core 73 'Sel' <Latency = 0> <II = 1> <Delay = 0.45> <FuncUnit> <Opcode : 'select'> <InPorts = 3> <OutPorts = 1>
ST_1 : Operation 25 [8/8] (0.90ns)   --->   "%urem_ln91 = urem i4 %select_ln90, i4 3" [src/cnn_top.cpp:91]   --->   Operation 25 'urem' 'urem_ln91' <Predicate = (!icmp_ln90)> <Delay = 0.90> <CoreInst = "Divider">   --->   Core 6 'Divider' <Latency = 7> <II = 1> <Delay = 0.90> <FuncUnit> <Opcode : 'udiv' 'sdiv' 'urem' 'srem'> <InPorts = 2> <OutPorts = 1>
ST_1 : Operation 26 [1/1] (0.86ns)   --->   "%add_ln91 = add i4 %select_ln90, i4 1" [src/cnn_top.cpp:91]   --->   Operation 26 'add' 'add_ln91' <Predicate = (!icmp_ln90)> <Delay = 0.86> <CoreInst = "Adder">   --->   Core 1 'Adder' <Latency = 0> <II = 1> <Delay = 0.86> <FuncUnit> <Opcode : 'add' 'sub'> <InPorts = 2> <OutPorts = 1>
ST_1 : Operation 27 [1/1] (0.48ns)   --->   "%store_ln90 = store i10 %add_ln90_1, i10 %indvar_flatten6" [src/cnn_top.cpp:90]   --->   Operation 27 'store' 'store_ln90' <Predicate = (!icmp_ln90)> <Delay = 0.48>
ST_1 : Operation 28 [1/1] (0.48ns)   --->   "%store_ln91 = store i4 %add_ln91, i4 %t" [src/cnn_top.cpp:91]   --->   Operation 28 'store' 'store_ln91' <Predicate = (!icmp_ln90)> <Delay = 0.48>

State 2 <SV = 1> <Delay = 0.90>
ST_2 : Operation 29 [7/8] (0.90ns)   --->   "%urem_ln91 = urem i4 %select_ln90, i4 3" [src/cnn_top.cpp:91]   --->   Operation 29 'urem' 'urem_ln91' <Predicate = true> <Delay = 0.90> <CoreInst = "Divider">   --->   Core 6 'Divider' <Latency = 7> <II = 1> <Delay = 0.90> <FuncUnit> <Opcode : 'udiv' 'sdiv' 'urem' 'srem'> <InPorts = 2> <OutPorts = 1>

State 3 <SV = 2> <Delay = 0.90>
ST_3 : Operation 30 [6/8] (0.90ns)   --->   "%urem_ln91 = urem i4 %select_ln90, i4 3" [src/cnn_top.cpp:91]   --->   Operation 30 'urem' 'urem_ln91' <Predicate = true> <Delay = 0.90> <CoreInst = "Divider">   --->   Core 6 'Divider' <Latency = 7> <II = 1> <Delay = 0.90> <FuncUnit> <Opcode : 'udiv' 'sdiv' 'urem' 'srem'> <InPorts = 2> <OutPorts = 1>

State 4 <SV = 3> <Delay = 0.90>
ST_4 : Operation 31 [5/8] (0.90ns)   --->   "%urem_ln91 = urem i4 %select_ln90, i4 3" [src/cnn_top.cpp:91]   --->   Operation 31 'urem' 'urem_ln91' <Predicate = true> <Delay = 0.90> <CoreInst = "Divider">   --->   Core 6 'Divider' <Latency = 7> <II = 1> <Delay = 0.90> <FuncUnit> <Opcode : 'udiv' 'sdiv' 'urem' 'srem'> <InPorts = 2> <OutPorts = 1>

State 5 <SV = 4> <Delay = 0.90>
ST_5 : Operation 32 [4/8] (0.90ns)   --->   "%urem_ln91 = urem i4 %select_ln90, i4 3" [src/cnn_top.cpp:91]   --->   Operation 32 'urem' 'urem_ln91' <Predicate = true> <Delay = 0.90> <CoreInst = "Divider">   --->   Core 6 'Divider' <Latency = 7> <II = 1> <Delay = 0.90> <FuncUnit> <Opcode : 'udiv' 'sdiv' 'urem' 'srem'> <InPorts = 2> <OutPorts = 1>

State 6 <SV = 5> <Delay = 0.90>
ST_6 : Operation 33 [3/8] (0.90ns)   --->   "%urem_ln91 = urem i4 %select_ln90, i4 3" [src/cnn_top.cpp:91]   --->   Operation 33 'urem' 'urem_ln91' <Predicate = true> <Delay = 0.90> <CoreInst = "Divider">   --->   Core 6 'Divider' <Latency = 7> <II = 1> <Delay = 0.90> <FuncUnit> <Opcode : 'udiv' 'sdiv' 'urem' 'srem'> <InPorts = 2> <OutPorts = 1>

State 7 <SV = 6> <Delay = 4.52>
ST_7 : Operation 34 [1/1] (0.00ns)   --->   "%c_load = load i7 %c" [src/cnn_top.cpp:90]   --->   Operation 34 'load' 'c_load' <Predicate = true> <Delay = 0.00>
ST_7 : Operation 35 [1/1] (0.89ns)   --->   "%add_ln90 = add i7 %c_load, i7 1" [src/cnn_top.cpp:90]   --->   Operation 35 'add' 'add_ln90' <Predicate = (icmp_ln91)> <Delay = 0.89> <CoreInst = "Adder">   --->   Core 1 'Adder' <Latency = 0> <II = 1> <Delay = 0.89> <FuncUnit> <Opcode : 'add' 'sub'> <InPorts = 2> <OutPorts = 1>
ST_7 : Operation 36 [1/1] (0.42ns)   --->   "%select_ln90_1 = select i1 %icmp_ln91, i7 %add_ln90, i7 %c_load" [src/cnn_top.cpp:90]   --->   Operation 36 'select' 'select_ln90_1' <Predicate = true> <Delay = 0.42> <CoreInst = "Sel">   --->   Core 73 'Sel' <Latency = 0> <II = 1> <Delay = 0.42> <FuncUnit> <Opcode : 'select'> <InPorts = 3> <OutPorts = 1>
ST_7 : Operation 37 [1/1] (0.00ns)   --->   "%trunc_ln90 = trunc i7 %select_ln90_1" [src/cnn_top.cpp:90]   --->   Operation 37 'trunc' 'trunc_ln90' <Predicate = true> <Delay = 0.00>
ST_7 : Operation 38 [1/1] (0.00ns)   --->   "%lshr_ln1 = partselect i5 @_ssdm_op_PartSelect.i5.i7.i32.i32, i7 %select_ln90_1, i32 1, i32 5" [src/cnn_top.cpp:90]   --->   Operation 38 'partselect' 'lshr_ln1' <Predicate = true> <Delay = 0.00>
ST_7 : Operation 39 [1/1] (0.00ns)   --->   "%tmp = bitconcatenate i9 @_ssdm_op_BitConcatenate.i9.i5.i4, i5 %lshr_ln1, i4 0" [src/cnn_top.cpp:93]   --->   Operation 39 'bitconcatenate' 'tmp' <Predicate = true> <Delay = 0.00>
ST_7 : Operation 40 [1/1] (0.00ns)   --->   "%zext_ln93 = zext i9 %tmp" [src/cnn_top.cpp:93]   --->   Operation 40 'zext' 'zext_ln93' <Predicate = true> <Delay = 0.00>
ST_7 : Operation 41 [1/1] (0.00ns)   --->   "%tmp_2 = bitconcatenate i7 @_ssdm_op_BitConcatenate.i7.i5.i2, i5 %lshr_ln1, i2 0" [src/cnn_top.cpp:93]   --->   Operation 41 'bitconcatenate' 'tmp_2' <Predicate = true> <Delay = 0.00>
ST_7 : Operation 42 [1/1] (0.00ns)   --->   "%zext_ln93_1 = zext i7 %tmp_2" [src/cnn_top.cpp:93]   --->   Operation 42 'zext' 'zext_ln93_1' <Predicate = true> <Delay = 0.00>
ST_7 : Operation 43 [1/1] (0.92ns)   --->   "%add_ln93_1 = add i10 %zext_ln93, i10 %zext_ln93_1" [src/cnn_top.cpp:93]   --->   Operation 43 'add' 'add_ln93_1' <Predicate = true> <Delay = 0.92> <CoreInst = "Adder">   --->   Core 1 'Adder' <Latency = 0> <II = 1> <Delay = 0.92> <FuncUnit> <Opcode : 'add' 'sub'> <InPorts = 2> <OutPorts = 1>
ST_7 : Operation 44 [1/1] (0.00ns)   --->   "%zext_ln91 = zext i4 %select_ln90" [src/cnn_top.cpp:91]   --->   Operation 44 'zext' 'zext_ln91' <Predicate = true> <Delay = 0.00>
ST_7 : Operation 45 [1/1] (1.42ns)   --->   "%mul_ln91 = mul i9 %zext_ln91, i9 22" [src/cnn_top.cpp:91]   --->   Operation 45 'mul' 'mul_ln91' <Predicate = true> <Delay = 1.42> <CoreInst = "Multiplier">   --->   Core 3 'Multiplier' <Latency = 0> <II = 1> <Delay = 1.42> <FuncUnit> <Opcode : 'mul'> <InPorts = 2> <OutPorts = 1>
ST_7 : Operation 46 [1/1] (0.00ns)   --->   "%tmp_3 = partselect i3 @_ssdm_op_PartSelect.i3.i9.i32.i32, i9 %mul_ln91, i32 6, i32 8" [src/cnn_top.cpp:91]   --->   Operation 46 'partselect' 'tmp_3' <Predicate = true> <Delay = 0.00>
ST_7 : Operation 47 [1/1] (0.00ns)   --->   "%zext_ln95 = zext i3 %tmp_3" [src/cnn_top.cpp:95]   --->   Operation 47 'zext' 'zext_ln95' <Predicate = true> <Delay = 0.00>
ST_7 : Operation 48 [1/1] (0.89ns)   --->   "%add_ln95 = add i7 %tmp_2, i7 %zext_ln95" [src/cnn_top.cpp:95]   --->   Operation 48 'add' 'add_ln95' <Predicate = true> <Delay = 0.89> <CoreInst = "Adder">   --->   Core 1 'Adder' <Latency = 0> <II = 1> <Delay = 0.89> <FuncUnit> <Opcode : 'add' 'sub'> <InPorts = 2> <OutPorts = 1>
ST_7 : Operation 49 [2/8] (0.90ns)   --->   "%urem_ln91 = urem i4 %select_ln90, i4 3" [src/cnn_top.cpp:91]   --->   Operation 49 'urem' 'urem_ln91' <Predicate = true> <Delay = 0.90> <CoreInst = "Divider">   --->   Core 6 'Divider' <Latency = 7> <II = 1> <Delay = 0.90> <FuncUnit> <Opcode : 'udiv' 'sdiv' 'urem' 'srem'> <InPorts = 2> <OutPorts = 1>
ST_7 : Operation 50 [1/1] (0.00ns)   --->   "%shl_ln1 = bitconcatenate i5 @_ssdm_op_BitConcatenate.i5.i4.i1, i4 %select_ln90, i1 0" [src/cnn_top.cpp:93]   --->   Operation 50 'bitconcatenate' 'shl_ln1' <Predicate = true> <Delay = 0.00>
ST_7 : Operation 51 [1/1] (0.00ns)   --->   "%zext_ln93_2 = zext i5 %shl_ln1" [src/cnn_top.cpp:93]   --->   Operation 51 'zext' 'zext_ln93_2' <Predicate = true> <Delay = 0.00>
ST_7 : Operation 52 [1/1] (0.93ns)   --->   "%add_ln93 = add i10 %add_ln93_1, i10 %zext_ln93_2" [src/cnn_top.cpp:93]   --->   Operation 52 'add' 'add_ln93' <Predicate = true> <Delay = 0.93> <CoreInst = "Adder">   --->   Core 1 'Adder' <Latency = 0> <II = 1> <Delay = 0.93> <FuncUnit> <Opcode : 'add' 'sub'> <InPorts = 2> <OutPorts = 1>
ST_7 : Operation 53 [1/1] (0.00ns)   --->   "%zext_ln93_3 = zext i10 %add_ln93" [src/cnn_top.cpp:93]   --->   Operation 53 'zext' 'zext_ln93_3' <Predicate = true> <Delay = 0.00>
ST_7 : Operation 54 [1/1] (0.00ns)   --->   "%conv1_out_addr = getelementptr i15 %conv1_out, i64 0, i64 %zext_ln93_3" [src/cnn_top.cpp:93]   --->   Operation 54 'getelementptr' 'conv1_out_addr' <Predicate = true> <Delay = 0.00>
ST_7 : Operation 55 [1/1] (0.00ns)   --->   "%conv1_out_1_addr = getelementptr i15 %conv1_out_1, i64 0, i64 %zext_ln93_3" [src/cnn_top.cpp:93]   --->   Operation 55 'getelementptr' 'conv1_out_1_addr' <Predicate = true> <Delay = 0.00>
ST_7 : Operation 56 [2/2] (1.35ns)   --->   "%conv1_out_load = load i10 %conv1_out_addr" [src/cnn_top.cpp:93]   --->   Operation 56 'load' 'conv1_out_load' <Predicate = true> <Delay = 1.35> <CoreInst = "RAM">   --->   Core 82 'RAM' <Latency = 1> <II = 1> <Delay = 1.35> <Storage> <Opcode : 'load' 'store'> <Ports = 2> <Width = 15> <Depth = 640> <RAM>
ST_7 : Operation 57 [2/2] (1.35ns)   --->   "%conv1_out_1_load = load i10 %conv1_out_1_addr" [src/cnn_top.cpp:93]   --->   Operation 57 'load' 'conv1_out_1_load' <Predicate = true> <Delay = 1.35> <CoreInst = "RAM">   --->   Core 82 'RAM' <Latency = 1> <II = 1> <Delay = 1.35> <Storage> <Opcode : 'load' 'store'> <Ports = 2> <Width = 15> <Depth = 640> <RAM>
ST_7 : Operation 58 [1/1] (0.00ns)   --->   "%or_ln1 = bitconcatenate i5 @_ssdm_op_BitConcatenate.i5.i4.i1, i4 %select_ln90, i1 1" [src/cnn_top.cpp:94]   --->   Operation 58 'bitconcatenate' 'or_ln1' <Predicate = true> <Delay = 0.00>
ST_7 : Operation 59 [1/1] (0.00ns)   --->   "%zext_ln94 = zext i5 %or_ln1" [src/cnn_top.cpp:94]   --->   Operation 59 'zext' 'zext_ln94' <Predicate = true> <Delay = 0.00>
ST_7 : Operation 60 [1/1] (0.93ns)   --->   "%add_ln94 = add i10 %add_ln93_1, i10 %zext_ln94" [src/cnn_top.cpp:94]   --->   Operation 60 'add' 'add_ln94' <Predicate = true> <Delay = 0.93> <CoreInst = "Adder">   --->   Core 1 'Adder' <Latency = 0> <II = 1> <Delay = 0.93> <FuncUnit> <Opcode : 'add' 'sub'> <InPorts = 2> <OutPorts = 1>
ST_7 : Operation 61 [1/1] (0.00ns)   --->   "%zext_ln94_1 = zext i10 %add_ln94" [src/cnn_top.cpp:94]   --->   Operation 61 'zext' 'zext_ln94_1' <Predicate = true> <Delay = 0.00>
ST_7 : Operation 62 [1/1] (0.00ns)   --->   "%conv1_out_addr_1 = getelementptr i15 %conv1_out, i64 0, i64 %zext_ln94_1" [src/cnn_top.cpp:94]   --->   Operation 62 'getelementptr' 'conv1_out_addr_1' <Predicate = true> <Delay = 0.00>
ST_7 : Operation 63 [1/1] (0.00ns)   --->   "%conv1_out_1_addr_1 = getelementptr i15 %conv1_out_1, i64 0, i64 %zext_ln94_1" [src/cnn_top.cpp:94]   --->   Operation 63 'getelementptr' 'conv1_out_1_addr_1' <Predicate = true> <Delay = 0.00>
ST_7 : Operation 64 [2/2] (1.35ns)   --->   "%conv1_out_load_1 = load i10 %conv1_out_addr_1" [src/cnn_top.cpp:94]   --->   Operation 64 'load' 'conv1_out_load_1' <Predicate = true> <Delay = 1.35> <CoreInst = "RAM">   --->   Core 82 'RAM' <Latency = 1> <II = 1> <Delay = 1.35> <Storage> <Opcode : 'load' 'store'> <Ports = 2> <Width = 15> <Depth = 640> <RAM>
ST_7 : Operation 65 [2/2] (1.35ns)   --->   "%conv1_out_1_load_1 = load i10 %conv1_out_1_addr_1" [src/cnn_top.cpp:94]   --->   Operation 65 'load' 'conv1_out_1_load_1' <Predicate = true> <Delay = 1.35> <CoreInst = "RAM">   --->   Core 82 'RAM' <Latency = 1> <II = 1> <Delay = 1.35> <Storage> <Opcode : 'load' 'store'> <Ports = 2> <Width = 15> <Depth = 640> <RAM>
ST_7 : Operation 66 [1/1] (0.00ns)   --->   "%br_ln95 = br i1 %trunc_ln90, void %arrayidx8210.case.0, void %arrayidx8210.case.1" [src/cnn_top.cpp:95]   --->   Operation 66 'br' 'br_ln95' <Predicate = true> <Delay = 0.00>
ST_7 : Operation 67 [1/1] (0.00ns)   --->   "%br_ln95 = br void %arrayidx8210.exit" [src/cnn_top.cpp:95]   --->   Operation 67 'br' 'br_ln95' <Predicate = (!trunc_ln90)> <Delay = 0.00>
ST_7 : Operation 68 [1/1] (0.00ns)   --->   "%br_ln95 = br void %arrayidx8210.exit" [src/cnn_top.cpp:95]   --->   Operation 68 'br' 'br_ln95' <Predicate = (trunc_ln90)> <Delay = 0.00>
ST_7 : Operation 69 [1/1] (0.48ns)   --->   "%store_ln90 = store i7 %select_ln90_1, i7 %c" [src/cnn_top.cpp:90]   --->   Operation 69 'store' 'store_ln90' <Predicate = true> <Delay = 0.48>
ST_7 : Operation 70 [1/1] (0.00ns)   --->   "%br_ln91 = br void %for.body64" [src/cnn_top.cpp:91]   --->   Operation 70 'br' 'br_ln91' <Predicate = true> <Delay = 0.00>
ST_7 : Operation 105 [1/1] (0.48ns)   --->   "%ret_ln0 = ret"   --->   Operation 105 'ret' 'ret_ln0' <Predicate = (icmp_ln90)> <Delay = 0.48>

State 8 <SV = 7> <Delay = 4.67>
ST_8 : Operation 71 [1/1] (0.00ns)   --->   "%specloopname_ln0 = specloopname void @_ssdm_op_SpecLoopName, void @POOL1_VITIS_LOOP_91_3_str"   --->   Operation 71 'specloopname' 'specloopname_ln0' <Predicate = true> <Delay = 0.00>
ST_8 : Operation 72 [1/1] (0.00ns)   --->   "%speclooptripcount_ln0 = speclooptripcount void @_ssdm_op_SpecLoopTripCount, i64 640, i64 640, i64 640"   --->   Operation 72 'speclooptripcount' 'speclooptripcount_ln0' <Predicate = true> <Delay = 0.00>
ST_8 : Operation 73 [1/1] (0.00ns)   --->   "%specpipeline_ln92 = specpipeline void @_ssdm_op_SpecPipeline, i32 1, i32 0, i32 0, i32 0, i32 4294967295, void @empty_14" [src/cnn_top.cpp:92]   --->   Operation 73 'specpipeline' 'specpipeline_ln92' <Predicate = true> <Delay = 0.00>
ST_8 : Operation 74 [1/1] (0.00ns)   --->   "%zext_ln95_1 = zext i7 %add_ln95" [src/cnn_top.cpp:95]   --->   Operation 74 'zext' 'zext_ln95_1' <Predicate = true> <Delay = 0.00>
ST_8 : Operation 75 [1/1] (0.00ns)   --->   "%pool1_out_addr = getelementptr i15 %pool1_out, i64 0, i64 %zext_ln95_1" [src/cnn_top.cpp:95]   --->   Operation 75 'getelementptr' 'pool1_out_addr' <Predicate = true> <Delay = 0.00>
ST_8 : Operation 76 [1/1] (0.00ns)   --->   "%pool1_out_1_addr = getelementptr i15 %pool1_out_1, i64 0, i64 %zext_ln95_1" [src/cnn_top.cpp:95]   --->   Operation 76 'getelementptr' 'pool1_out_1_addr' <Predicate = true> <Delay = 0.00>
ST_8 : Operation 77 [1/1] (0.00ns)   --->   "%pool1_out_2_addr = getelementptr i15 %pool1_out_2, i64 0, i64 %zext_ln95_1" [src/cnn_top.cpp:95]   --->   Operation 77 'getelementptr' 'pool1_out_2_addr' <Predicate = true> <Delay = 0.00>
ST_8 : Operation 78 [1/1] (0.00ns)   --->   "%pool1_out_3_addr = getelementptr i15 %pool1_out_3, i64 0, i64 %zext_ln95_1" [src/cnn_top.cpp:95]   --->   Operation 78 'getelementptr' 'pool1_out_3_addr' <Predicate = true> <Delay = 0.00>
ST_8 : Operation 79 [1/1] (0.00ns)   --->   "%pool1_out_4_addr = getelementptr i15 %pool1_out_4, i64 0, i64 %zext_ln95_1" [src/cnn_top.cpp:95]   --->   Operation 79 'getelementptr' 'pool1_out_4_addr' <Predicate = true> <Delay = 0.00>
ST_8 : Operation 80 [1/1] (0.00ns)   --->   "%pool1_out_5_addr = getelementptr i15 %pool1_out_5, i64 0, i64 %zext_ln95_1" [src/cnn_top.cpp:95]   --->   Operation 80 'getelementptr' 'pool1_out_5_addr' <Predicate = true> <Delay = 0.00>
ST_8 : Operation 81 [1/8] (0.90ns)   --->   "%urem_ln91 = urem i4 %select_ln90, i4 3" [src/cnn_top.cpp:91]   --->   Operation 81 'urem' 'urem_ln91' <Predicate = true> <Delay = 0.90> <CoreInst = "Divider">   --->   Core 6 'Divider' <Latency = 7> <II = 1> <Delay = 0.90> <FuncUnit> <Opcode : 'udiv' 'sdiv' 'urem' 'srem'> <InPorts = 2> <OutPorts = 1>
ST_8 : Operation 82 [1/1] (0.00ns)   --->   "%trunc_ln91 = trunc i2 %urem_ln91" [src/cnn_top.cpp:91]   --->   Operation 82 'trunc' 'trunc_ln91' <Predicate = true> <Delay = 0.00>
ST_8 : Operation 83 [1/2] ( I:1.35ns O:1.35ns )   --->   "%conv1_out_load = load i10 %conv1_out_addr" [src/cnn_top.cpp:93]   --->   Operation 83 'load' 'conv1_out_load' <Predicate = true> <Delay = 1.35> <CoreInst = "RAM">   --->   Core 82 'RAM' <Latency = 1> <II = 1> <Delay = 1.35> <Storage> <Opcode : 'load' 'store'> <Ports = 2> <Width = 15> <Depth = 640> <RAM>
ST_8 : Operation 84 [1/2] ( I:1.35ns O:1.35ns )   --->   "%conv1_out_1_load = load i10 %conv1_out_1_addr" [src/cnn_top.cpp:93]   --->   Operation 84 'load' 'conv1_out_1_load' <Predicate = true> <Delay = 1.35> <CoreInst = "RAM">   --->   Core 82 'RAM' <Latency = 1> <II = 1> <Delay = 1.35> <Storage> <Opcode : 'load' 'store'> <Ports = 2> <Width = 15> <Depth = 640> <RAM>
ST_8 : Operation 85 [1/1] (0.48ns)   --->   "%a = select i1 %trunc_ln90, i15 %conv1_out_1_load, i15 %conv1_out_load" [src/cnn_top.cpp:93]   --->   Operation 85 'select' 'a' <Predicate = true> <Delay = 0.48> <CoreInst = "Sel">   --->   Core 73 'Sel' <Latency = 0> <II = 1> <Delay = 0.48> <FuncUnit> <Opcode : 'select'> <InPorts = 3> <OutPorts = 1>
ST_8 : Operation 86 [1/2] ( I:1.35ns O:1.35ns )   --->   "%conv1_out_load_1 = load i10 %conv1_out_addr_1" [src/cnn_top.cpp:94]   --->   Operation 86 'load' 'conv1_out_load_1' <Predicate = true> <Delay = 1.35> <CoreInst = "RAM">   --->   Core 82 'RAM' <Latency = 1> <II = 1> <Delay = 1.35> <Storage> <Opcode : 'load' 'store'> <Ports = 2> <Width = 15> <Depth = 640> <RAM>
ST_8 : Operation 87 [1/2] ( I:1.35ns O:1.35ns )   --->   "%conv1_out_1_load_1 = load i10 %conv1_out_1_addr_1" [src/cnn_top.cpp:94]   --->   Operation 87 'load' 'conv1_out_1_load_1' <Predicate = true> <Delay = 1.35> <CoreInst = "RAM">   --->   Core 82 'RAM' <Latency = 1> <II = 1> <Delay = 1.35> <Storage> <Opcode : 'load' 'store'> <Ports = 2> <Width = 15> <Depth = 640> <RAM>
ST_8 : Operation 88 [1/1] (0.48ns)   --->   "%b = select i1 %trunc_ln90, i15 %conv1_out_1_load_1, i15 %conv1_out_load_1" [src/cnn_top.cpp:94]   --->   Operation 88 'select' 'b' <Predicate = true> <Delay = 0.48> <CoreInst = "Sel">   --->   Core 73 'Sel' <Latency = 0> <II = 1> <Delay = 0.48> <FuncUnit> <Opcode : 'select'> <InPorts = 3> <OutPorts = 1>
ST_8 : Operation 89 [1/1] (1.00ns)   --->   "%icmp_ln95 = icmp_ugt  i15 %a, i15 %b" [src/cnn_top.cpp:95]   --->   Operation 89 'icmp' 'icmp_ln95' <Predicate = true> <Delay = 1.00> <CoreInst = "Cmp">   --->   Core 9 'Cmp' <Latency = 0> <II = 1> <Delay = 1.00> <FuncUnit> <Opcode : 'seteq' 'setne' 'setle' 'setge' 'setlt' 'setgt'> <InPorts = 2> <OutPorts = 1>
ST_8 : Operation 90 [1/1] (0.48ns)   --->   "%select_ln95 = select i1 %icmp_ln95, i15 %a, i15 %b" [src/cnn_top.cpp:95]   --->   Operation 90 'select' 'select_ln95' <Predicate = true> <Delay = 0.48> <CoreInst = "Sel">   --->   Core 73 'Sel' <Latency = 0> <II = 1> <Delay = 0.48> <FuncUnit> <Opcode : 'select'> <InPorts = 3> <OutPorts = 1>
ST_8 : Operation 91 [1/1] (0.62ns)   --->   "%switch_ln95 = switch i2 %trunc_ln91, void %arrayidx8210_0.case.2, i2 0, void %arrayidx8210_0.case.0, i2 1, void %arrayidx8210_0.case.1" [src/cnn_top.cpp:95]   --->   Operation 91 'switch' 'switch_ln95' <Predicate = (!trunc_ln90)> <Delay = 0.62>
ST_8 : Operation 92 [1/1] ( I:1.35ns O:1.35ns )   --->   "%store_ln95 = store i15 %select_ln95, i7 %pool1_out_1_addr" [src/cnn_top.cpp:95]   --->   Operation 92 'store' 'store_ln95' <Predicate = (!trunc_ln90 & trunc_ln91 == 1)> <Delay = 1.35> <CoreInst = "RAM_1WnR">   --->   Core 83 'RAM_1WnR' <Latency = 1> <II = 1> <Delay = 1.35> <Storage> <Opcode : 'load' 'store'> <Ports = 17> <Width = 15> <Depth = 128> <RAM>
ST_8 : Operation 93 [1/1] (0.00ns)   --->   "%br_ln95 = br void %arrayidx8210_0.exit" [src/cnn_top.cpp:95]   --->   Operation 93 'br' 'br_ln95' <Predicate = (!trunc_ln90 & trunc_ln91 == 1)> <Delay = 0.00>
ST_8 : Operation 94 [1/1] ( I:1.35ns O:1.35ns )   --->   "%store_ln95 = store i15 %select_ln95, i7 %pool1_out_addr" [src/cnn_top.cpp:95]   --->   Operation 94 'store' 'store_ln95' <Predicate = (!trunc_ln90 & trunc_ln91 == 0)> <Delay = 1.35> <CoreInst = "RAM_1WnR">   --->   Core 83 'RAM_1WnR' <Latency = 1> <II = 1> <Delay = 1.35> <Storage> <Opcode : 'load' 'store'> <Ports = 17> <Width = 15> <Depth = 128> <RAM>
ST_8 : Operation 95 [1/1] (0.00ns)   --->   "%br_ln95 = br void %arrayidx8210_0.exit" [src/cnn_top.cpp:95]   --->   Operation 95 'br' 'br_ln95' <Predicate = (!trunc_ln90 & trunc_ln91 == 0)> <Delay = 0.00>
ST_8 : Operation 96 [1/1] ( I:1.35ns O:1.35ns )   --->   "%store_ln95 = store i15 %select_ln95, i7 %pool1_out_2_addr" [src/cnn_top.cpp:95]   --->   Operation 96 'store' 'store_ln95' <Predicate = (!trunc_ln90 & trunc_ln91 != 0 & trunc_ln91 != 1)> <Delay = 1.35> <CoreInst = "RAM_1WnR">   --->   Core 83 'RAM_1WnR' <Latency = 1> <II = 1> <Delay = 1.35> <Storage> <Opcode : 'load' 'store'> <Ports = 17> <Width = 15> <Depth = 128> <RAM>
ST_8 : Operation 97 [1/1] (0.00ns)   --->   "%br_ln95 = br void %arrayidx8210_0.exit" [src/cnn_top.cpp:95]   --->   Operation 97 'br' 'br_ln95' <Predicate = (!trunc_ln90 & trunc_ln91 != 0 & trunc_ln91 != 1)> <Delay = 0.00>
ST_8 : Operation 98 [1/1] (0.62ns)   --->   "%switch_ln95 = switch i2 %trunc_ln91, void %arrayidx8210_1.case.2, i2 0, void %arrayidx8210_1.case.0, i2 1, void %arrayidx8210_1.case.1" [src/cnn_top.cpp:95]   --->   Operation 98 'switch' 'switch_ln95' <Predicate = (trunc_ln90)> <Delay = 0.62>
ST_8 : Operation 99 [1/1] ( I:1.35ns O:1.35ns )   --->   "%store_ln95 = store i15 %select_ln95, i7 %pool1_out_4_addr" [src/cnn_top.cpp:95]   --->   Operation 99 'store' 'store_ln95' <Predicate = (trunc_ln90 & trunc_ln91 == 1)> <Delay = 1.35> <CoreInst = "RAM_1WnR">   --->   Core 83 'RAM_1WnR' <Latency = 1> <II = 1> <Delay = 1.35> <Storage> <Opcode : 'load' 'store'> <Ports = 17> <Width = 15> <Depth = 128> <RAM>
ST_8 : Operation 100 [1/1] (0.00ns)   --->   "%br_ln95 = br void %arrayidx8210_1.exit" [src/cnn_top.cpp:95]   --->   Operation 100 'br' 'br_ln95' <Predicate = (trunc_ln90 & trunc_ln91 == 1)> <Delay = 0.00>
ST_8 : Operation 101 [1/1] ( I:1.35ns O:1.35ns )   --->   "%store_ln95 = store i15 %select_ln95, i7 %pool1_out_3_addr" [src/cnn_top.cpp:95]   --->   Operation 101 'store' 'store_ln95' <Predicate = (trunc_ln90 & trunc_ln91 == 0)> <Delay = 1.35> <CoreInst = "RAM_1WnR">   --->   Core 83 'RAM_1WnR' <Latency = 1> <II = 1> <Delay = 1.35> <Storage> <Opcode : 'load' 'store'> <Ports = 17> <Width = 15> <Depth = 128> <RAM>
ST_8 : Operation 102 [1/1] (0.00ns)   --->   "%br_ln95 = br void %arrayidx8210_1.exit" [src/cnn_top.cpp:95]   --->   Operation 102 'br' 'br_ln95' <Predicate = (trunc_ln90 & trunc_ln91 == 0)> <Delay = 0.00>
ST_8 : Operation 103 [1/1] ( I:1.35ns O:1.35ns )   --->   "%store_ln95 = store i15 %select_ln95, i7 %pool1_out_5_addr" [src/cnn_top.cpp:95]   --->   Operation 103 'store' 'store_ln95' <Predicate = (trunc_ln90 & trunc_ln91 != 0 & trunc_ln91 != 1)> <Delay = 1.35> <CoreInst = "RAM_1WnR">   --->   Core 83 'RAM_1WnR' <Latency = 1> <II = 1> <Delay = 1.35> <Storage> <Opcode : 'load' 'store'> <Ports = 17> <Width = 15> <Depth = 128> <RAM>
ST_8 : Operation 104 [1/1] (0.00ns)   --->   "%br_ln95 = br void %arrayidx8210_1.exit" [src/cnn_top.cpp:95]   --->   Operation 104 'br' 'br_ln95' <Predicate = (trunc_ln90 & trunc_ln91 != 0 & trunc_ln91 != 1)> <Delay = 0.00>


============================================================
+ Verbose Summary: Binding
============================================================
STG Binding: 
---------------- STG Properties BEGIN ----------------
- Is combinational: 0
- Is one-state seq: 0
- Is datapath-only: 0
- Is pipelined: 0
- Is top level: 0
Port [ Return ] is wired: 1; IO mode=ap_ctrl_hs:ce=0
Port [ pool1_out]:  wired=1; compound=1; hidden=0; nouse=0; global=0; static=0; extern=0; dir=1; type=1; pingpong=0; private_global=0; MemPort=[03333333333333333]; IO mode=ap_memory:ce=0
Port [ pool1_out_1]:  wired=1; compound=1; hidden=0; nouse=0; global=0; static=0; extern=0; dir=1; type=1; pingpong=0; private_global=0; MemPort=[03333333333333333]; IO mode=ap_memory:ce=0
Port [ pool1_out_2]:  wired=1; compound=1; hidden=0; nouse=0; global=0; static=0; extern=0; dir=1; type=1; pingpong=0; private_global=0; MemPort=[03333333333333333]; IO mode=ap_memory:ce=0
Port [ pool1_out_3]:  wired=1; compound=1; hidden=0; nouse=0; global=0; static=0; extern=0; dir=1; type=1; pingpong=0; private_global=0; MemPort=[03333333333333333]; IO mode=ap_memory:ce=0
Port [ pool1_out_4]:  wired=1; compound=1; hidden=0; nouse=0; global=0; static=0; extern=0; dir=1; type=1; pingpong=0; private_global=0; MemPort=[03333333333333333]; IO mode=ap_memory:ce=0
Port [ pool1_out_5]:  wired=1; compound=1; hidden=0; nouse=0; global=0; static=0; extern=0; dir=1; type=1; pingpong=0; private_global=0; MemPort=[03333333333333333]; IO mode=ap_memory:ce=0
Port [ conv1_out]:  wired=1; compound=1; hidden=0; nouse=0; global=0; static=0; extern=0; dir=0; type=1; pingpong=0; private_global=0; MemPort=[11]; IO mode=ap_memory:ce=0
Port [ conv1_out_1]:  wired=1; compound=1; hidden=0; nouse=0; global=0; static=0; extern=0; dir=0; type=1; pingpong=0; private_global=0; MemPort=[11]; IO mode=ap_memory:ce=0
---------------- STG Properties END ------------------

---------------- Datapath Model BEGIN ----------------

<LifeTime>
<method=bitvector/>
t                     (alloca           ) [ 010000000]
c                     (alloca           ) [ 011111110]
indvar_flatten6       (alloca           ) [ 010000000]
store_ln0             (store            ) [ 000000000]
store_ln90            (store            ) [ 000000000]
store_ln91            (store            ) [ 000000000]
br_ln0                (br               ) [ 000000000]
indvar_flatten6_load  (load             ) [ 000000000]
icmp_ln90             (icmp             ) [ 011111110]
add_ln90_1            (add              ) [ 000000000]
br_ln90               (br               ) [ 000000000]
t_load                (load             ) [ 000000000]
icmp_ln91             (icmp             ) [ 011111110]
select_ln90           (select           ) [ 011111111]
add_ln91              (add              ) [ 000000000]
store_ln90            (store            ) [ 000000000]
store_ln91            (store            ) [ 000000000]
c_load                (load             ) [ 000000000]
add_ln90              (add              ) [ 000000000]
select_ln90_1         (select           ) [ 000000000]
trunc_ln90            (trunc            ) [ 010000011]
lshr_ln1              (partselect       ) [ 000000000]
tmp                   (bitconcatenate   ) [ 000000000]
zext_ln93             (zext             ) [ 000000000]
tmp_2                 (bitconcatenate   ) [ 000000000]
zext_ln93_1           (zext             ) [ 000000000]
add_ln93_1            (add              ) [ 000000000]
zext_ln91             (zext             ) [ 000000000]
mul_ln91              (mul              ) [ 000000000]
tmp_3                 (partselect       ) [ 000000000]
zext_ln95             (zext             ) [ 000000000]
add_ln95              (add              ) [ 010000001]
shl_ln1               (bitconcatenate   ) [ 000000000]
zext_ln93_2           (zext             ) [ 000000000]
add_ln93              (add              ) [ 000000000]
zext_ln93_3           (zext             ) [ 000000000]
conv1_out_addr        (getelementptr    ) [ 010000001]
conv1_out_1_addr      (getelementptr    ) [ 010000001]
or_ln1                (bitconcatenate   ) [ 000000000]
zext_ln94             (zext             ) [ 000000000]
add_ln94              (add              ) [ 000000000]
zext_ln94_1           (zext             ) [ 000000000]
conv1_out_addr_1      (getelementptr    ) [ 010000001]
conv1_out_1_addr_1    (getelementptr    ) [ 010000001]
br_ln95               (br               ) [ 000000000]
br_ln95               (br               ) [ 000000000]
br_ln95               (br               ) [ 000000000]
store_ln90            (store            ) [ 000000000]
br_ln91               (br               ) [ 000000000]
specloopname_ln0      (specloopname     ) [ 000000000]
speclooptripcount_ln0 (speclooptripcount) [ 000000000]
specpipeline_ln92     (specpipeline     ) [ 000000000]
zext_ln95_1           (zext             ) [ 000000000]
pool1_out_addr        (getelementptr    ) [ 000000000]
pool1_out_1_addr      (getelementptr    ) [ 000000000]
pool1_out_2_addr      (getelementptr    ) [ 000000000]
pool1_out_3_addr      (getelementptr    ) [ 000000000]
pool1_out_4_addr      (getelementptr    ) [ 000000000]
pool1_out_5_addr      (getelementptr    ) [ 000000000]
urem_ln91             (urem             ) [ 000000000]
trunc_ln91            (trunc            ) [ 010000001]
conv1_out_load        (load             ) [ 000000000]
conv1_out_1_load      (load             ) [ 000000000]
a                     (select           ) [ 000000000]
conv1_out_load_1      (load             ) [ 000000000]
conv1_out_1_load_1    (load             ) [ 000000000]
b                     (select           ) [ 000000000]
icmp_ln95             (icmp             ) [ 000000000]
select_ln95           (select           ) [ 000000000]
switch_ln95           (switch           ) [ 000000000]
store_ln95            (store            ) [ 000000000]
br_ln95               (br               ) [ 000000000]
store_ln95            (store            ) [ 000000000]
br_ln95               (br               ) [ 000000000]
store_ln95            (store            ) [ 000000000]
br_ln95               (br               ) [ 000000000]
switch_ln95           (switch           ) [ 000000000]
store_ln95            (store            ) [ 000000000]
br_ln95               (br               ) [ 000000000]
store_ln95            (store            ) [ 000000000]
br_ln95               (br               ) [ 000000000]
store_ln95            (store            ) [ 000000000]
br_ln95               (br               ) [ 000000000]
ret_ln0               (ret              ) [ 000000000]
</LifeTime>

<model>

<comp_list>
<comp id="0" class="1000" name="pool1_out">
<pin_list>
<pin id="1" dir="1" index="0" bw="1" slack="0"/>
</pin_list>
<bind>
<StgValue><ssdm name="pool1_out"/><MemPortTyVec>0 3 3 3 3 3 3 3 3 3 3 3 3 3 3 3 3 </MemPortTyVec>
</StgValue>
</bind>
</comp>

<comp id="2" class="1000" name="pool1_out_1">
<pin_list>
<pin id="3" dir="1" index="0" bw="1" slack="0"/>
</pin_list>
<bind>
<StgValue><ssdm name="pool1_out_1"/><MemPortTyVec>0 3 3 3 3 3 3 3 3 3 3 3 3 3 3 3 3 </MemPortTyVec>
</StgValue>
</bind>
</comp>

<comp id="4" class="1000" name="pool1_out_2">
<pin_list>
<pin id="5" dir="1" index="0" bw="1" slack="0"/>
</pin_list>
<bind>
<StgValue><ssdm name="pool1_out_2"/><MemPortTyVec>0 3 3 3 3 3 3 3 3 3 3 3 3 3 3 3 3 </MemPortTyVec>
</StgValue>
</bind>
</comp>

<comp id="6" class="1000" name="pool1_out_3">
<pin_list>
<pin id="7" dir="1" index="0" bw="1" slack="0"/>
</pin_list>
<bind>
<StgValue><ssdm name="pool1_out_3"/><MemPortTyVec>0 3 3 3 3 3 3 3 3 3 3 3 3 3 3 3 3 </MemPortTyVec>
</StgValue>
</bind>
</comp>

<comp id="8" class="1000" name="pool1_out_4">
<pin_list>
<pin id="9" dir="1" index="0" bw="1" slack="0"/>
</pin_list>
<bind>
<StgValue><ssdm name="pool1_out_4"/><MemPortTyVec>0 3 3 3 3 3 3 3 3 3 3 3 3 3 3 3 3 </MemPortTyVec>
</StgValue>
</bind>
</comp>

<comp id="10" class="1000" name="pool1_out_5">
<pin_list>
<pin id="11" dir="1" index="0" bw="1" slack="0"/>
</pin_list>
<bind>
<StgValue><ssdm name="pool1_out_5"/><MemPortTyVec>0 3 3 3 3 3 3 3 3 3 3 3 3 3 3 3 3 </MemPortTyVec>
</StgValue>
</bind>
</comp>

<comp id="12" class="1000" name="conv1_out">
<pin_list>
<pin id="13" dir="1" index="0" bw="1" slack="0"/>
</pin_list>
<bind>
<StgValue><ssdm name="conv1_out"/><MemPortTyVec>1 1 </MemPortTyVec>
</StgValue>
</bind>
</comp>

<comp id="14" class="1000" name="conv1_out_1">
<pin_list>
<pin id="15" dir="1" index="0" bw="1" slack="0"/>
</pin_list>
<bind>
<StgValue><ssdm name="conv1_out_1"/><MemPortTyVec>1 1 </MemPortTyVec>
</StgValue>
</bind>
</comp>

<comp id="16" class="1001" name="const_16">
<pin_list>
<pin id="17" dir="1" index="0" bw="1" slack="0"/>
</pin_list>
<bind>
<StgValue><ssdm name=""/></StgValue>
</bind>
</comp>

<comp id="18" class="1001" name="const_18">
<pin_list>
<pin id="19" dir="1" index="0" bw="1" slack="0"/>
</pin_list>
<bind>
<StgValue><ssdm name=""/></StgValue>
</bind>
</comp>

<comp id="20" class="1001" name="const_20">
<pin_list>
<pin id="21" dir="1" index="0" bw="1" slack="0"/>
</pin_list>
<bind>
<StgValue><ssdm name=""/></StgValue>
</bind>
</comp>

<comp id="22" class="1001" name="const_22">
<pin_list>
<pin id="23" dir="1" index="0" bw="1" slack="0"/>
</pin_list>
<bind>
<StgValue><ssdm name=""/></StgValue>
</bind>
</comp>

<comp id="24" class="1001" name="const_24">
<pin_list>
<pin id="25" dir="1" index="0" bw="1" slack="0"/>
</pin_list>
<bind>
<StgValue><ssdm name=""/></StgValue>
</bind>
</comp>

<comp id="26" class="1001" name="const_26">
<pin_list>
<pin id="27" dir="1" index="0" bw="1" slack="0"/>
</pin_list>
<bind>
<StgValue><ssdm name=""/></StgValue>
</bind>
</comp>

<comp id="28" class="1001" name="const_28">
<pin_list>
<pin id="29" dir="1" index="0" bw="1" slack="0"/>
</pin_list>
<bind>
<StgValue><ssdm name=""/></StgValue>
</bind>
</comp>

<comp id="30" class="1001" name="const_30">
<pin_list>
<pin id="31" dir="1" index="0" bw="1" slack="0"/>
</pin_list>
<bind>
<StgValue><ssdm name=""/></StgValue>
</bind>
</comp>

<comp id="32" class="1001" name="const_32">
<pin_list>
<pin id="33" dir="1" index="0" bw="1" slack="0"/>
</pin_list>
<bind>
<StgValue><ssdm name=""/></StgValue>
</bind>
</comp>

<comp id="34" class="1001" name="const_34">
<pin_list>
<pin id="35" dir="1" index="0" bw="1" slack="0"/>
</pin_list>
<bind>
<StgValue><ssdm name=""/></StgValue>
</bind>
</comp>

<comp id="36" class="1001" name="const_36">
<pin_list>
<pin id="37" dir="1" index="0" bw="1" slack="0"/>
</pin_list>
<bind>
<StgValue><ssdm name="_ssdm_op_PartSelect.i5.i7.i32.i32"/></StgValue>
</bind>
</comp>

<comp id="38" class="1001" name="const_38">
<pin_list>
<pin id="39" dir="1" index="0" bw="1" slack="0"/>
</pin_list>
<bind>
<StgValue><ssdm name=""/></StgValue>
</bind>
</comp>

<comp id="40" class="1001" name="const_40">
<pin_list>
<pin id="41" dir="1" index="0" bw="1" slack="0"/>
</pin_list>
<bind>
<StgValue><ssdm name="_ssdm_op_BitConcatenate.i9.i5.i4"/></StgValue>
</bind>
</comp>

<comp id="42" class="1001" name="const_42">
<pin_list>
<pin id="43" dir="1" index="0" bw="1" slack="0"/>
</pin_list>
<bind>
<StgValue><ssdm name="_ssdm_op_BitConcatenate.i7.i5.i2"/></StgValue>
</bind>
</comp>

<comp id="44" class="1001" name="const_44">
<pin_list>
<pin id="45" dir="1" index="0" bw="1" slack="0"/>
</pin_list>
<bind>
<StgValue><ssdm name=""/></StgValue>
</bind>
</comp>

<comp id="46" class="1001" name="const_46">
<pin_list>
<pin id="47" dir="1" index="0" bw="1" slack="0"/>
</pin_list>
<bind>
<StgValue><ssdm name=""/></StgValue>
</bind>
</comp>

<comp id="48" class="1001" name="const_48">
<pin_list>
<pin id="49" dir="1" index="0" bw="1" slack="0"/>
</pin_list>
<bind>
<StgValue><ssdm name="_ssdm_op_PartSelect.i3.i9.i32.i32"/></StgValue>
</bind>
</comp>

<comp id="50" class="1001" name="const_50">
<pin_list>
<pin id="51" dir="1" index="0" bw="1" slack="0"/>
</pin_list>
<bind>
<StgValue><ssdm name=""/></StgValue>
</bind>
</comp>

<comp id="52" class="1001" name="const_52">
<pin_list>
<pin id="53" dir="1" index="0" bw="1" slack="0"/>
</pin_list>
<bind>
<StgValue><ssdm name=""/></StgValue>
</bind>
</comp>

<comp id="54" class="1001" name="const_54">
<pin_list>
<pin id="55" dir="1" index="0" bw="1" slack="0"/>
</pin_list>
<bind>
<StgValue><ssdm name="_ssdm_op_BitConcatenate.i5.i4.i1"/></StgValue>
</bind>
</comp>

<comp id="56" class="1001" name="const_56">
<pin_list>
<pin id="57" dir="1" index="0" bw="1" slack="0"/>
</pin_list>
<bind>
<StgValue><ssdm name=""/></StgValue>
</bind>
</comp>

<comp id="58" class="1001" name="const_58">
<pin_list>
<pin id="59" dir="1" index="0" bw="1" slack="0"/>
</pin_list>
<bind>
<StgValue><ssdm name=""/></StgValue>
</bind>
</comp>

<comp id="60" class="1001" name="const_60">
<pin_list>
<pin id="61" dir="1" index="0" bw="1" slack="0"/>
</pin_list>
<bind>
<StgValue><ssdm name=""/></StgValue>
</bind>
</comp>

<comp id="62" class="1001" name="const_62">
<pin_list>
<pin id="63" dir="1" index="0" bw="1" slack="2147483647"/>
</pin_list>
<bind>
<StgValue><ssdm name="_ssdm_op_SpecLoopName"/></StgValue>
</bind>
</comp>

<comp id="64" class="1001" name="const_64">
<pin_list>
<pin id="65" dir="1" index="0" bw="1" slack="2147483647"/>
</pin_list>
<bind>
<StgValue><ssdm name="POOL1_VITIS_LOOP_91_3_str"/></StgValue>
</bind>
</comp>

<comp id="66" class="1001" name="const_66">
<pin_list>
<pin id="67" dir="1" index="0" bw="1" slack="2147483647"/>
</pin_list>
<bind>
<StgValue><ssdm name="_ssdm_op_SpecLoopTripCount"/></StgValue>
</bind>
</comp>

<comp id="68" class="1001" name="const_68">
<pin_list>
<pin id="69" dir="1" index="0" bw="1" slack="2147483647"/>
</pin_list>
<bind>
<StgValue><ssdm name=""/></StgValue>
</bind>
</comp>

<comp id="70" class="1001" name="const_70">
<pin_list>
<pin id="71" dir="1" index="0" bw="1" slack="2147483647"/>
</pin_list>
<bind>
<StgValue><ssdm name="_ssdm_op_SpecPipeline"/></StgValue>
</bind>
</comp>

<comp id="72" class="1001" name="const_72">
<pin_list>
<pin id="73" dir="1" index="0" bw="1" slack="2147483647"/>
</pin_list>
<bind>
<StgValue><ssdm name=""/></StgValue>
</bind>
</comp>

<comp id="74" class="1001" name="const_74">
<pin_list>
<pin id="75" dir="1" index="0" bw="1" slack="2147483647"/>
</pin_list>
<bind>
<StgValue><ssdm name=""/></StgValue>
</bind>
</comp>

<comp id="76" class="1001" name="const_76">
<pin_list>
<pin id="77" dir="1" index="0" bw="1" slack="2147483647"/>
</pin_list>
<bind>
<StgValue><ssdm name="empty_14"/></StgValue>
</bind>
</comp>

<comp id="78" class="1001" name="const_78">
<pin_list>
<pin id="79" dir="1" index="0" bw="1" slack="0"/>
</pin_list>
<bind>
<StgValue><ssdm name=""/></StgValue>
</bind>
</comp>

<comp id="80" class="1004" name="t_fu_80">
<pin_list>
<pin id="81" dir="0" index="0" bw="1" slack="0"/>
<pin id="82" dir="1" index="1" bw="4" slack="0"/>
</pin_list>
<bind>
<opcode="alloca(26) " fcode="alloca"/>
<opset="t/1 "/>
</bind>
</comp>

<comp id="84" class="1004" name="c_fu_84">
<pin_list>
<pin id="85" dir="0" index="0" bw="1" slack="0"/>
<pin id="86" dir="1" index="1" bw="7" slack="0"/>
</pin_list>
<bind>
<opcode="alloca(26) " fcode="alloca"/>
<opset="c/1 "/>
</bind>
</comp>

<comp id="88" class="1004" name="indvar_flatten6_fu_88">
<pin_list>
<pin id="89" dir="0" index="0" bw="1" slack="0"/>
<pin id="90" dir="1" index="1" bw="10" slack="0"/>
</pin_list>
<bind>
<opcode="alloca(26) " fcode="alloca"/>
<opset="indvar_flatten6/1 "/>
</bind>
</comp>

<comp id="92" class="1004" name="conv1_out_addr_gep_fu_92">
<pin_list>
<pin id="93" dir="0" index="0" bw="15" slack="0"/>
<pin id="94" dir="0" index="1" bw="1" slack="0"/>
<pin id="95" dir="0" index="2" bw="10" slack="0"/>
<pin id="96" dir="1" index="3" bw="10" slack="0"/>
</pin_list>
<bind>
<opcode="getelementptr(29) " fcode="getelementptr"/>
<opset="conv1_out_addr/7 "/>
</bind>
</comp>

<comp id="99" class="1004" name="conv1_out_1_addr_gep_fu_99">
<pin_list>
<pin id="100" dir="0" index="0" bw="15" slack="0"/>
<pin id="101" dir="0" index="1" bw="1" slack="0"/>
<pin id="102" dir="0" index="2" bw="10" slack="0"/>
<pin id="103" dir="1" index="3" bw="10" slack="0"/>
</pin_list>
<bind>
<opcode="getelementptr(29) " fcode="getelementptr"/>
<opset="conv1_out_1_addr/7 "/>
</bind>
</comp>

<comp id="106" class="1004" name="grp_access_fu_106">
<pin_list>
<pin id="107" dir="0" index="0" bw="10" slack="0"/>
<pin id="108" dir="0" index="1" bw="15" slack="2147483647"/>
<pin id="109" dir="0" index="2" bw="0" slack="0"/>
<pin id="111" dir="0" index="4" bw="10" slack="2147483647"/>
<pin id="112" dir="0" index="5" bw="15" slack="2147483647"/>
<pin id="113" dir="0" index="6" bw="0" slack="2147483647"/>
<pin id="110" dir="1" index="3" bw="15" slack="0"/>
<pin id="114" dir="1" index="7" bw="15" slack="0"/>
</pin_list>
<bind>
<opcode="load(27) " fcode="load"/>
<opset="conv1_out_load/7 conv1_out_load_1/7 "/>
</bind>
</comp>

<comp id="116" class="1004" name="grp_access_fu_116">
<pin_list>
<pin id="117" dir="0" index="0" bw="10" slack="0"/>
<pin id="118" dir="0" index="1" bw="15" slack="2147483647"/>
<pin id="119" dir="0" index="2" bw="0" slack="0"/>
<pin id="121" dir="0" index="4" bw="10" slack="2147483647"/>
<pin id="122" dir="0" index="5" bw="15" slack="2147483647"/>
<pin id="123" dir="0" index="6" bw="0" slack="2147483647"/>
<pin id="120" dir="1" index="3" bw="15" slack="0"/>
<pin id="124" dir="1" index="7" bw="15" slack="0"/>
</pin_list>
<bind>
<opcode="load(27) " fcode="load"/>
<opset="conv1_out_1_load/7 conv1_out_1_load_1/7 "/>
</bind>
</comp>

<comp id="126" class="1004" name="conv1_out_addr_1_gep_fu_126">
<pin_list>
<pin id="127" dir="0" index="0" bw="15" slack="0"/>
<pin id="128" dir="0" index="1" bw="1" slack="0"/>
<pin id="129" dir="0" index="2" bw="10" slack="0"/>
<pin id="130" dir="1" index="3" bw="10" slack="0"/>
</pin_list>
<bind>
<opcode="getelementptr(29) " fcode="getelementptr"/>
<opset="conv1_out_addr_1/7 "/>
</bind>
</comp>

<comp id="133" class="1004" name="conv1_out_1_addr_1_gep_fu_133">
<pin_list>
<pin id="134" dir="0" index="0" bw="15" slack="0"/>
<pin id="135" dir="0" index="1" bw="1" slack="0"/>
<pin id="136" dir="0" index="2" bw="10" slack="0"/>
<pin id="137" dir="1" index="3" bw="10" slack="0"/>
</pin_list>
<bind>
<opcode="getelementptr(29) " fcode="getelementptr"/>
<opset="conv1_out_1_addr_1/7 "/>
</bind>
</comp>

<comp id="142" class="1004" name="pool1_out_addr_gep_fu_142">
<pin_list>
<pin id="143" dir="0" index="0" bw="15" slack="0"/>
<pin id="144" dir="0" index="1" bw="1" slack="0"/>
<pin id="145" dir="0" index="2" bw="7" slack="0"/>
<pin id="146" dir="1" index="3" bw="7" slack="0"/>
</pin_list>
<bind>
<opcode="getelementptr(29) " fcode="getelementptr"/>
<opset="pool1_out_addr/8 "/>
</bind>
</comp>

<comp id="149" class="1004" name="pool1_out_1_addr_gep_fu_149">
<pin_list>
<pin id="150" dir="0" index="0" bw="15" slack="0"/>
<pin id="151" dir="0" index="1" bw="1" slack="0"/>
<pin id="152" dir="0" index="2" bw="7" slack="0"/>
<pin id="153" dir="1" index="3" bw="7" slack="0"/>
</pin_list>
<bind>
<opcode="getelementptr(29) " fcode="getelementptr"/>
<opset="pool1_out_1_addr/8 "/>
</bind>
</comp>

<comp id="156" class="1004" name="pool1_out_2_addr_gep_fu_156">
<pin_list>
<pin id="157" dir="0" index="0" bw="15" slack="0"/>
<pin id="158" dir="0" index="1" bw="1" slack="0"/>
<pin id="159" dir="0" index="2" bw="7" slack="0"/>
<pin id="160" dir="1" index="3" bw="7" slack="0"/>
</pin_list>
<bind>
<opcode="getelementptr(29) " fcode="getelementptr"/>
<opset="pool1_out_2_addr/8 "/>
</bind>
</comp>

<comp id="163" class="1004" name="pool1_out_3_addr_gep_fu_163">
<pin_list>
<pin id="164" dir="0" index="0" bw="15" slack="0"/>
<pin id="165" dir="0" index="1" bw="1" slack="0"/>
<pin id="166" dir="0" index="2" bw="7" slack="0"/>
<pin id="167" dir="1" index="3" bw="7" slack="0"/>
</pin_list>
<bind>
<opcode="getelementptr(29) " fcode="getelementptr"/>
<opset="pool1_out_3_addr/8 "/>
</bind>
</comp>

<comp id="170" class="1004" name="pool1_out_4_addr_gep_fu_170">
<pin_list>
<pin id="171" dir="0" index="0" bw="15" slack="0"/>
<pin id="172" dir="0" index="1" bw="1" slack="0"/>
<pin id="173" dir="0" index="2" bw="7" slack="0"/>
<pin id="174" dir="1" index="3" bw="7" slack="0"/>
</pin_list>
<bind>
<opcode="getelementptr(29) " fcode="getelementptr"/>
<opset="pool1_out_4_addr/8 "/>
</bind>
</comp>

<comp id="177" class="1004" name="pool1_out_5_addr_gep_fu_177">
<pin_list>
<pin id="178" dir="0" index="0" bw="15" slack="0"/>
<pin id="179" dir="0" index="1" bw="1" slack="0"/>
<pin id="180" dir="0" index="2" bw="7" slack="0"/>
<pin id="181" dir="1" index="3" bw="7" slack="0"/>
</pin_list>
<bind>
<opcode="getelementptr(29) " fcode="getelementptr"/>
<opset="pool1_out_5_addr/8 "/>
</bind>
</comp>

<comp id="184" class="1004" name="store_ln95_access_fu_184">
<pin_list>
<pin id="185" dir="0" index="0" bw="7" slack="0"/>
<pin id="186" dir="0" index="1" bw="15" slack="0"/>
<pin id="187" dir="0" index="2" bw="0" slack="2147483647"/>
<pin id="188" dir="1" index="3" bw="15" slack="2147483647"/>
</pin_list>
<bind>
<opcode="store(28) " fcode="store"/>
<opset="store_ln95/8 "/>
</bind>
</comp>

<comp id="190" class="1004" name="store_ln95_access_fu_190">
<pin_list>
<pin id="191" dir="0" index="0" bw="7" slack="0"/>
<pin id="192" dir="0" index="1" bw="15" slack="0"/>
<pin id="193" dir="0" index="2" bw="0" slack="2147483647"/>
<pin id="194" dir="1" index="3" bw="15" slack="2147483647"/>
</pin_list>
<bind>
<opcode="store(28) " fcode="store"/>
<opset="store_ln95/8 "/>
</bind>
</comp>

<comp id="196" class="1004" name="store_ln95_access_fu_196">
<pin_list>
<pin id="197" dir="0" index="0" bw="7" slack="0"/>
<pin id="198" dir="0" index="1" bw="15" slack="0"/>
<pin id="199" dir="0" index="2" bw="0" slack="2147483647"/>
<pin id="200" dir="1" index="3" bw="15" slack="2147483647"/>
</pin_list>
<bind>
<opcode="store(28) " fcode="store"/>
<opset="store_ln95/8 "/>
</bind>
</comp>

<comp id="202" class="1004" name="store_ln95_access_fu_202">
<pin_list>
<pin id="203" dir="0" index="0" bw="7" slack="0"/>
<pin id="204" dir="0" index="1" bw="15" slack="0"/>
<pin id="205" dir="0" index="2" bw="0" slack="2147483647"/>
<pin id="206" dir="1" index="3" bw="15" slack="2147483647"/>
</pin_list>
<bind>
<opcode="store(28) " fcode="store"/>
<opset="store_ln95/8 "/>
</bind>
</comp>

<comp id="208" class="1004" name="store_ln95_access_fu_208">
<pin_list>
<pin id="209" dir="0" index="0" bw="7" slack="0"/>
<pin id="210" dir="0" index="1" bw="15" slack="0"/>
<pin id="211" dir="0" index="2" bw="0" slack="2147483647"/>
<pin id="212" dir="1" index="3" bw="15" slack="2147483647"/>
</pin_list>
<bind>
<opcode="store(28) " fcode="store"/>
<opset="store_ln95/8 "/>
</bind>
</comp>

<comp id="214" class="1004" name="store_ln95_access_fu_214">
<pin_list>
<pin id="215" dir="0" index="0" bw="7" slack="0"/>
<pin id="216" dir="0" index="1" bw="15" slack="0"/>
<pin id="217" dir="0" index="2" bw="0" slack="2147483647"/>
<pin id="218" dir="1" index="3" bw="15" slack="2147483647"/>
</pin_list>
<bind>
<opcode="store(28) " fcode="store"/>
<opset="store_ln95/8 "/>
</bind>
</comp>

<comp id="220" class="1004" name="grp_fu_220">
<pin_list>
<pin id="221" dir="0" index="0" bw="2" slack="0"/>
<pin id="222" dir="0" index="1" bw="1" slack="0"/>
<pin id="223" dir="0" index="2" bw="1" slack="0"/>
<pin id="224" dir="1" index="3" bw="0" slack="2147483647"/>
</pin_list>
<bind>
<opcode="switch(3) " fcode="switch"/>
<opset="switch_ln95/8 switch_ln95/8 "/>
</bind>
</comp>

<comp id="227" class="1004" name="store_ln0_store_fu_227">
<pin_list>
<pin id="228" dir="0" index="0" bw="1" slack="0"/>
<pin id="229" dir="0" index="1" bw="10" slack="0"/>
<pin id="230" dir="1" index="2" bw="0" slack="2147483647"/>
</pin_list>
<bind>
<opcode="store(28) " fcode="store"/>
<opset="store_ln0/1 "/>
</bind>
</comp>

<comp id="232" class="1004" name="store_ln90_store_fu_232">
<pin_list>
<pin id="233" dir="0" index="0" bw="1" slack="0"/>
<pin id="234" dir="0" index="1" bw="7" slack="0"/>
<pin id="235" dir="1" index="2" bw="0" slack="2147483647"/>
</pin_list>
<bind>
<opcode="store(28) " fcode="store"/>
<opset="store_ln90/1 "/>
</bind>
</comp>

<comp id="237" class="1004" name="store_ln91_store_fu_237">
<pin_list>
<pin id="238" dir="0" index="0" bw="1" slack="0"/>
<pin id="239" dir="0" index="1" bw="4" slack="0"/>
<pin id="240" dir="1" index="2" bw="0" slack="2147483647"/>
</pin_list>
<bind>
<opcode="store(28) " fcode="store"/>
<opset="store_ln91/1 "/>
</bind>
</comp>

<comp id="242" class="1004" name="indvar_flatten6_load_load_fu_242">
<pin_list>
<pin id="243" dir="0" index="0" bw="10" slack="0"/>
<pin id="244" dir="1" index="1" bw="10" slack="0"/>
</pin_list>
<bind>
<opcode="load(27) " fcode="load"/>
<opset="indvar_flatten6_load/1 "/>
</bind>
</comp>

<comp id="245" class="1004" name="icmp_ln90_fu_245">
<pin_list>
<pin id="246" dir="0" index="0" bw="10" slack="0"/>
<pin id="247" dir="0" index="1" bw="10" slack="0"/>
<pin id="248" dir="1" index="2" bw="1" slack="6"/>
</pin_list>
<bind>
<opcode="icmp(45) " fcode="icmp"/>
<opset="icmp_ln90/1 "/>
</bind>
</comp>

<comp id="251" class="1004" name="add_ln90_1_fu_251">
<pin_list>
<pin id="252" dir="0" index="0" bw="10" slack="0"/>
<pin id="253" dir="0" index="1" bw="1" slack="0"/>
<pin id="254" dir="1" index="2" bw="10" slack="0"/>
</pin_list>
<bind>
<opcode="add(8) " fcode="add"/>
<opset="add_ln90_1/1 "/>
</bind>
</comp>

<comp id="257" class="1004" name="t_load_load_fu_257">
<pin_list>
<pin id="258" dir="0" index="0" bw="4" slack="0"/>
<pin id="259" dir="1" index="1" bw="4" slack="0"/>
</pin_list>
<bind>
<opcode="load(27) " fcode="load"/>
<opset="t_load/1 "/>
</bind>
</comp>

<comp id="260" class="1004" name="icmp_ln91_fu_260">
<pin_list>
<pin id="261" dir="0" index="0" bw="4" slack="0"/>
<pin id="262" dir="0" index="1" bw="4" slack="0"/>
<pin id="263" dir="1" index="2" bw="1" slack="0"/>
</pin_list>
<bind>
<opcode="icmp(45) " fcode="icmp"/>
<opset="icmp_ln91/1 "/>
</bind>
</comp>

<comp id="266" class="1004" name="select_ln90_fu_266">
<pin_list>
<pin id="267" dir="0" index="0" bw="1" slack="0"/>
<pin id="268" dir="0" index="1" bw="1" slack="0"/>
<pin id="269" dir="0" index="2" bw="4" slack="0"/>
<pin id="270" dir="1" index="3" bw="4" slack="0"/>
</pin_list>
<bind>
<opcode="select(49) " fcode="select"/>
<opset="select_ln90/1 "/>
</bind>
</comp>

<comp id="274" class="1004" name="grp_fu_274">
<pin_list>
<pin id="275" dir="0" index="0" bw="4" slack="0"/>
<pin id="276" dir="0" index="1" bw="3" slack="0"/>
<pin id="277" dir="1" index="2" bw="2" slack="0"/>
</pin_list>
<bind>
<opcode="urem(17) " fcode="urem"/>
<opset="urem_ln91/1 "/>
</bind>
</comp>

<comp id="280" class="1004" name="add_ln91_fu_280">
<pin_list>
<pin id="281" dir="0" index="0" bw="4" slack="0"/>
<pin id="282" dir="0" index="1" bw="1" slack="0"/>
<pin id="283" dir="1" index="2" bw="4" slack="0"/>
</pin_list>
<bind>
<opcode="add(8) " fcode="add"/>
<opset="add_ln91/1 "/>
</bind>
</comp>

<comp id="286" class="1004" name="store_ln90_store_fu_286">
<pin_list>
<pin id="287" dir="0" index="0" bw="10" slack="0"/>
<pin id="288" dir="0" index="1" bw="10" slack="0"/>
<pin id="289" dir="1" index="2" bw="0" slack="2147483647"/>
</pin_list>
<bind>
<opcode="store(28) " fcode="store"/>
<opset="store_ln90/1 "/>
</bind>
</comp>

<comp id="291" class="1004" name="store_ln91_store_fu_291">
<pin_list>
<pin id="292" dir="0" index="0" bw="4" slack="0"/>
<pin id="293" dir="0" index="1" bw="4" slack="0"/>
<pin id="294" dir="1" index="2" bw="0" slack="2147483647"/>
</pin_list>
<bind>
<opcode="store(28) " fcode="store"/>
<opset="store_ln91/1 "/>
</bind>
</comp>

<comp id="296" class="1004" name="c_load_load_fu_296">
<pin_list>
<pin id="297" dir="0" index="0" bw="7" slack="6"/>
<pin id="298" dir="1" index="1" bw="7" slack="0"/>
</pin_list>
<bind>
<opcode="load(27) " fcode="load"/>
<opset="c_load/7 "/>
</bind>
</comp>

<comp id="299" class="1004" name="add_ln90_fu_299">
<pin_list>
<pin id="300" dir="0" index="0" bw="7" slack="0"/>
<pin id="301" dir="0" index="1" bw="1" slack="0"/>
<pin id="302" dir="1" index="2" bw="7" slack="0"/>
</pin_list>
<bind>
<opcode="add(8) " fcode="add"/>
<opset="add_ln90/7 "/>
</bind>
</comp>

<comp id="305" class="1004" name="select_ln90_1_fu_305">
<pin_list>
<pin id="306" dir="0" index="0" bw="1" slack="6"/>
<pin id="307" dir="0" index="1" bw="7" slack="0"/>
<pin id="308" dir="0" index="2" bw="7" slack="0"/>
<pin id="309" dir="1" index="3" bw="7" slack="0"/>
</pin_list>
<bind>
<opcode="select(49) " fcode="select"/>
<opset="select_ln90_1/7 "/>
</bind>
</comp>

<comp id="312" class="1004" name="trunc_ln90_fu_312">
<pin_list>
<pin id="313" dir="0" index="0" bw="7" slack="0"/>
<pin id="314" dir="1" index="1" bw="1" slack="1"/>
</pin_list>
<bind>
<opcode="trunc(33) " fcode="trunc"/>
<opset="trunc_ln90/7 "/>
</bind>
</comp>

<comp id="316" class="1004" name="lshr_ln1_fu_316">
<pin_list>
<pin id="317" dir="0" index="0" bw="5" slack="0"/>
<pin id="318" dir="0" index="1" bw="7" slack="0"/>
<pin id="319" dir="0" index="2" bw="1" slack="0"/>
<pin id="320" dir="0" index="3" bw="4" slack="0"/>
<pin id="321" dir="1" index="4" bw="5" slack="0"/>
</pin_list>
<bind>
<opcode="partselect(1002) " fcode="partselect"/>
<opset="lshr_ln1/7 "/>
</bind>
</comp>

<comp id="326" class="1004" name="tmp_fu_326">
<pin_list>
<pin id="327" dir="0" index="0" bw="9" slack="0"/>
<pin id="328" dir="0" index="1" bw="5" slack="0"/>
<pin id="329" dir="0" index="2" bw="1" slack="0"/>
<pin id="330" dir="1" index="3" bw="9" slack="0"/>
</pin_list>
<bind>
<opcode="bitconcatenate(1004) " fcode="bitconcatenate"/>
<opset="tmp/7 "/>
</bind>
</comp>

<comp id="334" class="1004" name="zext_ln93_fu_334">
<pin_list>
<pin id="335" dir="0" index="0" bw="9" slack="0"/>
<pin id="336" dir="1" index="1" bw="10" slack="0"/>
</pin_list>
<bind>
<opcode="zext(34) " fcode="zext"/>
<opset="zext_ln93/7 "/>
</bind>
</comp>

<comp id="338" class="1004" name="tmp_2_fu_338">
<pin_list>
<pin id="339" dir="0" index="0" bw="7" slack="0"/>
<pin id="340" dir="0" index="1" bw="5" slack="0"/>
<pin id="341" dir="0" index="2" bw="1" slack="0"/>
<pin id="342" dir="1" index="3" bw="7" slack="0"/>
</pin_list>
<bind>
<opcode="bitconcatenate(1004) " fcode="bitconcatenate"/>
<opset="tmp_2/7 "/>
</bind>
</comp>

<comp id="346" class="1004" name="zext_ln93_1_fu_346">
<pin_list>
<pin id="347" dir="0" index="0" bw="7" slack="0"/>
<pin id="348" dir="1" index="1" bw="10" slack="0"/>
</pin_list>
<bind>
<opcode="zext(34) " fcode="zext"/>
<opset="zext_ln93_1/7 "/>
</bind>
</comp>

<comp id="350" class="1004" name="add_ln93_1_fu_350">
<pin_list>
<pin id="351" dir="0" index="0" bw="9" slack="0"/>
<pin id="352" dir="0" index="1" bw="7" slack="0"/>
<pin id="353" dir="1" index="2" bw="10" slack="0"/>
</pin_list>
<bind>
<opcode="add(8) " fcode="add"/>
<opset="add_ln93_1/7 "/>
</bind>
</comp>

<comp id="356" class="1004" name="zext_ln91_fu_356">
<pin_list>
<pin id="357" dir="0" index="0" bw="4" slack="6"/>
<pin id="358" dir="1" index="1" bw="9" slack="0"/>
</pin_list>
<bind>
<opcode="zext(34) " fcode="zext"/>
<opset="zext_ln91/7 "/>
</bind>
</comp>

<comp id="359" class="1004" name="mul_ln91_fu_359">
<pin_list>
<pin id="360" dir="0" index="0" bw="4" slack="0"/>
<pin id="361" dir="0" index="1" bw="6" slack="0"/>
<pin id="362" dir="1" index="2" bw="9" slack="0"/>
</pin_list>
<bind>
<opcode="mul(12) " fcode="mul"/>
<opset="mul_ln91/7 "/>
</bind>
</comp>

<comp id="365" class="1004" name="tmp_3_fu_365">
<pin_list>
<pin id="366" dir="0" index="0" bw="3" slack="0"/>
<pin id="367" dir="0" index="1" bw="9" slack="0"/>
<pin id="368" dir="0" index="2" bw="4" slack="0"/>
<pin id="369" dir="0" index="3" bw="5" slack="0"/>
<pin id="370" dir="1" index="4" bw="3" slack="0"/>
</pin_list>
<bind>
<opcode="partselect(1002) " fcode="partselect"/>
<opset="tmp_3/7 "/>
</bind>
</comp>

<comp id="375" class="1004" name="zext_ln95_fu_375">
<pin_list>
<pin id="376" dir="0" index="0" bw="3" slack="0"/>
<pin id="377" dir="1" index="1" bw="7" slack="0"/>
</pin_list>
<bind>
<opcode="zext(34) " fcode="zext"/>
<opset="zext_ln95/7 "/>
</bind>
</comp>

<comp id="379" class="1004" name="add_ln95_fu_379">
<pin_list>
<pin id="380" dir="0" index="0" bw="7" slack="0"/>
<pin id="381" dir="0" index="1" bw="3" slack="0"/>
<pin id="382" dir="1" index="2" bw="7" slack="1"/>
</pin_list>
<bind>
<opcode="add(8) " fcode="add"/>
<opset="add_ln95/7 "/>
</bind>
</comp>

<comp id="385" class="1004" name="shl_ln1_fu_385">
<pin_list>
<pin id="386" dir="0" index="0" bw="5" slack="0"/>
<pin id="387" dir="0" index="1" bw="4" slack="6"/>
<pin id="388" dir="0" index="2" bw="1" slack="0"/>
<pin id="389" dir="1" index="3" bw="5" slack="0"/>
</pin_list>
<bind>
<opcode="bitconcatenate(1004) " fcode="bitconcatenate"/>
<opset="shl_ln1/7 "/>
</bind>
</comp>

<comp id="392" class="1004" name="zext_ln93_2_fu_392">
<pin_list>
<pin id="393" dir="0" index="0" bw="5" slack="0"/>
<pin id="394" dir="1" index="1" bw="10" slack="0"/>
</pin_list>
<bind>
<opcode="zext(34) " fcode="zext"/>
<opset="zext_ln93_2/7 "/>
</bind>
</comp>

<comp id="396" class="1004" name="add_ln93_fu_396">
<pin_list>
<pin id="397" dir="0" index="0" bw="10" slack="0"/>
<pin id="398" dir="0" index="1" bw="5" slack="0"/>
<pin id="399" dir="1" index="2" bw="10" slack="0"/>
</pin_list>
<bind>
<opcode="add(8) " fcode="add"/>
<opset="add_ln93/7 "/>
</bind>
</comp>

<comp id="402" class="1004" name="zext_ln93_3_fu_402">
<pin_list>
<pin id="403" dir="0" index="0" bw="10" slack="0"/>
<pin id="404" dir="1" index="1" bw="64" slack="0"/>
</pin_list>
<bind>
<opcode="zext(34) " fcode="zext"/>
<opset="zext_ln93_3/7 "/>
</bind>
</comp>

<comp id="408" class="1004" name="or_ln1_fu_408">
<pin_list>
<pin id="409" dir="0" index="0" bw="5" slack="0"/>
<pin id="410" dir="0" index="1" bw="4" slack="6"/>
<pin id="411" dir="0" index="2" bw="1" slack="0"/>
<pin id="412" dir="1" index="3" bw="5" slack="0"/>
</pin_list>
<bind>
<opcode="bitconcatenate(1004) " fcode="bitconcatenate"/>
<opset="or_ln1/7 "/>
</bind>
</comp>

<comp id="415" class="1004" name="zext_ln94_fu_415">
<pin_list>
<pin id="416" dir="0" index="0" bw="5" slack="0"/>
<pin id="417" dir="1" index="1" bw="10" slack="0"/>
</pin_list>
<bind>
<opcode="zext(34) " fcode="zext"/>
<opset="zext_ln94/7 "/>
</bind>
</comp>

<comp id="419" class="1004" name="add_ln94_fu_419">
<pin_list>
<pin id="420" dir="0" index="0" bw="10" slack="0"/>
<pin id="421" dir="0" index="1" bw="5" slack="0"/>
<pin id="422" dir="1" index="2" bw="10" slack="0"/>
</pin_list>
<bind>
<opcode="add(8) " fcode="add"/>
<opset="add_ln94/7 "/>
</bind>
</comp>

<comp id="425" class="1004" name="zext_ln94_1_fu_425">
<pin_list>
<pin id="426" dir="0" index="0" bw="10" slack="0"/>
<pin id="427" dir="1" index="1" bw="64" slack="0"/>
</pin_list>
<bind>
<opcode="zext(34) " fcode="zext"/>
<opset="zext_ln94_1/7 "/>
</bind>
</comp>

<comp id="431" class="1004" name="store_ln90_store_fu_431">
<pin_list>
<pin id="432" dir="0" index="0" bw="7" slack="0"/>
<pin id="433" dir="0" index="1" bw="7" slack="6"/>
<pin id="434" dir="1" index="2" bw="0" slack="2147483647"/>
</pin_list>
<bind>
<opcode="store(28) " fcode="store"/>
<opset="store_ln90/7 "/>
</bind>
</comp>

<comp id="436" class="1004" name="zext_ln95_1_fu_436">
<pin_list>
<pin id="437" dir="0" index="0" bw="7" slack="1"/>
<pin id="438" dir="1" index="1" bw="64" slack="0"/>
</pin_list>
<bind>
<opcode="zext(34) " fcode="zext"/>
<opset="zext_ln95_1/8 "/>
</bind>
</comp>

<comp id="445" class="1004" name="trunc_ln91_fu_445">
<pin_list>
<pin id="446" dir="0" index="0" bw="2" slack="0"/>
<pin id="447" dir="1" index="1" bw="2" slack="0"/>
</pin_list>
<bind>
<opcode="trunc(33) " fcode="trunc"/>
<opset="trunc_ln91/8 "/>
</bind>
</comp>

<comp id="450" class="1004" name="a_fu_450">
<pin_list>
<pin id="451" dir="0" index="0" bw="1" slack="1"/>
<pin id="452" dir="0" index="1" bw="15" slack="0"/>
<pin id="453" dir="0" index="2" bw="15" slack="0"/>
<pin id="454" dir="1" index="3" bw="15" slack="0"/>
</pin_list>
<bind>
<opcode="select(49) " fcode="select"/>
<opset="a/8 "/>
</bind>
</comp>

<comp id="457" class="1004" name="b_fu_457">
<pin_list>
<pin id="458" dir="0" index="0" bw="1" slack="1"/>
<pin id="459" dir="0" index="1" bw="15" slack="0"/>
<pin id="460" dir="0" index="2" bw="15" slack="0"/>
<pin id="461" dir="1" index="3" bw="15" slack="0"/>
</pin_list>
<bind>
<opcode="select(49) " fcode="select"/>
<opset="b/8 "/>
</bind>
</comp>

<comp id="464" class="1004" name="icmp_ln95_fu_464">
<pin_list>
<pin id="465" dir="0" index="0" bw="15" slack="0"/>
<pin id="466" dir="0" index="1" bw="15" slack="0"/>
<pin id="467" dir="1" index="2" bw="1" slack="0"/>
</pin_list>
<bind>
<opcode="icmp(45) " fcode="icmp"/>
<opset="icmp_ln95/8 "/>
</bind>
</comp>

<comp id="470" class="1004" name="select_ln95_fu_470">
<pin_list>
<pin id="471" dir="0" index="0" bw="1" slack="0"/>
<pin id="472" dir="0" index="1" bw="15" slack="0"/>
<pin id="473" dir="0" index="2" bw="15" slack="0"/>
<pin id="474" dir="1" index="3" bw="15" slack="0"/>
</pin_list>
<bind>
<opcode="select(49) " fcode="select"/>
<opset="select_ln95/8 "/>
</bind>
</comp>

<comp id="484" class="1005" name="t_reg_484">
<pin_list>
<pin id="485" dir="0" index="0" bw="4" slack="0"/>
<pin id="486" dir="1" index="1" bw="4" slack="0"/>
</pin_list>
<bind>
<opset="t "/>
</bind>
</comp>

<comp id="491" class="1005" name="c_reg_491">
<pin_list>
<pin id="492" dir="0" index="0" bw="7" slack="0"/>
<pin id="493" dir="1" index="1" bw="7" slack="0"/>
</pin_list>
<bind>
<opset="c "/>
</bind>
</comp>

<comp id="498" class="1005" name="indvar_flatten6_reg_498">
<pin_list>
<pin id="499" dir="0" index="0" bw="10" slack="0"/>
<pin id="500" dir="1" index="1" bw="10" slack="0"/>
</pin_list>
<bind>
<opset="indvar_flatten6 "/>
</bind>
</comp>

<comp id="505" class="1005" name="icmp_ln90_reg_505">
<pin_list>
<pin id="506" dir="0" index="0" bw="1" slack="6"/>
<pin id="507" dir="1" index="1" bw="1" slack="2147483647"/>
</pin_list>
<bind>
<opset="icmp_ln90 "/>
</bind>
</comp>

<comp id="509" class="1005" name="icmp_ln91_reg_509">
<pin_list>
<pin id="510" dir="0" index="0" bw="1" slack="6"/>
<pin id="511" dir="1" index="1" bw="1" slack="6"/>
</pin_list>
<bind>
<opset="icmp_ln91 "/>
</bind>
</comp>

<comp id="514" class="1005" name="select_ln90_reg_514">
<pin_list>
<pin id="515" dir="0" index="0" bw="4" slack="1"/>
<pin id="516" dir="1" index="1" bw="4" slack="1"/>
</pin_list>
<bind>
<opset="select_ln90 "/>
</bind>
</comp>

<comp id="522" class="1005" name="trunc_ln90_reg_522">
<pin_list>
<pin id="523" dir="0" index="0" bw="1" slack="1"/>
<pin id="524" dir="1" index="1" bw="1" slack="1"/>
</pin_list>
<bind>
<opset="trunc_ln90 "/>
</bind>
</comp>

<comp id="528" class="1005" name="add_ln95_reg_528">
<pin_list>
<pin id="529" dir="0" index="0" bw="7" slack="1"/>
<pin id="530" dir="1" index="1" bw="7" slack="1"/>
</pin_list>
<bind>
<opset="add_ln95 "/>
</bind>
</comp>

<comp id="533" class="1005" name="conv1_out_addr_reg_533">
<pin_list>
<pin id="534" dir="0" index="0" bw="10" slack="1"/>
<pin id="535" dir="1" index="1" bw="10" slack="1"/>
</pin_list>
<bind>
<opset="conv1_out_addr "/>
</bind>
</comp>

<comp id="538" class="1005" name="conv1_out_1_addr_reg_538">
<pin_list>
<pin id="539" dir="0" index="0" bw="10" slack="1"/>
<pin id="540" dir="1" index="1" bw="10" slack="1"/>
</pin_list>
<bind>
<opset="conv1_out_1_addr "/>
</bind>
</comp>

<comp id="543" class="1005" name="conv1_out_addr_1_reg_543">
<pin_list>
<pin id="544" dir="0" index="0" bw="10" slack="1"/>
<pin id="545" dir="1" index="1" bw="10" slack="1"/>
</pin_list>
<bind>
<opset="conv1_out_addr_1 "/>
</bind>
</comp>

<comp id="548" class="1005" name="conv1_out_1_addr_1_reg_548">
<pin_list>
<pin id="549" dir="0" index="0" bw="10" slack="1"/>
<pin id="550" dir="1" index="1" bw="10" slack="1"/>
</pin_list>
<bind>
<opset="conv1_out_1_addr_1 "/>
</bind>
</comp>

</comp_list>

<net_list>
<net id="83"><net_src comp="16" pin="0"/><net_sink comp="80" pin=0"/></net>

<net id="87"><net_src comp="16" pin="0"/><net_sink comp="84" pin=0"/></net>

<net id="91"><net_src comp="16" pin="0"/><net_sink comp="88" pin=0"/></net>

<net id="97"><net_src comp="12" pin="0"/><net_sink comp="92" pin=0"/></net>

<net id="98"><net_src comp="58" pin="0"/><net_sink comp="92" pin=1"/></net>

<net id="104"><net_src comp="14" pin="0"/><net_sink comp="99" pin=0"/></net>

<net id="105"><net_src comp="58" pin="0"/><net_sink comp="99" pin=1"/></net>

<net id="115"><net_src comp="92" pin="3"/><net_sink comp="106" pin=2"/></net>

<net id="125"><net_src comp="99" pin="3"/><net_sink comp="116" pin=2"/></net>

<net id="131"><net_src comp="12" pin="0"/><net_sink comp="126" pin=0"/></net>

<net id="132"><net_src comp="58" pin="0"/><net_sink comp="126" pin=1"/></net>

<net id="138"><net_src comp="14" pin="0"/><net_sink comp="133" pin=0"/></net>

<net id="139"><net_src comp="58" pin="0"/><net_sink comp="133" pin=1"/></net>

<net id="140"><net_src comp="126" pin="3"/><net_sink comp="106" pin=0"/></net>

<net id="141"><net_src comp="133" pin="3"/><net_sink comp="116" pin=0"/></net>

<net id="147"><net_src comp="0" pin="0"/><net_sink comp="142" pin=0"/></net>

<net id="148"><net_src comp="58" pin="0"/><net_sink comp="142" pin=1"/></net>

<net id="154"><net_src comp="2" pin="0"/><net_sink comp="149" pin=0"/></net>

<net id="155"><net_src comp="58" pin="0"/><net_sink comp="149" pin=1"/></net>

<net id="161"><net_src comp="4" pin="0"/><net_sink comp="156" pin=0"/></net>

<net id="162"><net_src comp="58" pin="0"/><net_sink comp="156" pin=1"/></net>

<net id="168"><net_src comp="6" pin="0"/><net_sink comp="163" pin=0"/></net>

<net id="169"><net_src comp="58" pin="0"/><net_sink comp="163" pin=1"/></net>

<net id="175"><net_src comp="8" pin="0"/><net_sink comp="170" pin=0"/></net>

<net id="176"><net_src comp="58" pin="0"/><net_sink comp="170" pin=1"/></net>

<net id="182"><net_src comp="10" pin="0"/><net_sink comp="177" pin=0"/></net>

<net id="183"><net_src comp="58" pin="0"/><net_sink comp="177" pin=1"/></net>

<net id="189"><net_src comp="149" pin="3"/><net_sink comp="184" pin=0"/></net>

<net id="195"><net_src comp="142" pin="3"/><net_sink comp="190" pin=0"/></net>

<net id="201"><net_src comp="156" pin="3"/><net_sink comp="196" pin=0"/></net>

<net id="207"><net_src comp="170" pin="3"/><net_sink comp="202" pin=0"/></net>

<net id="213"><net_src comp="163" pin="3"/><net_sink comp="208" pin=0"/></net>

<net id="219"><net_src comp="177" pin="3"/><net_sink comp="214" pin=0"/></net>

<net id="225"><net_src comp="44" pin="0"/><net_sink comp="220" pin=1"/></net>

<net id="226"><net_src comp="78" pin="0"/><net_sink comp="220" pin=2"/></net>

<net id="231"><net_src comp="18" pin="0"/><net_sink comp="227" pin=0"/></net>

<net id="236"><net_src comp="20" pin="0"/><net_sink comp="232" pin=0"/></net>

<net id="241"><net_src comp="22" pin="0"/><net_sink comp="237" pin=0"/></net>

<net id="249"><net_src comp="242" pin="1"/><net_sink comp="245" pin=0"/></net>

<net id="250"><net_src comp="24" pin="0"/><net_sink comp="245" pin=1"/></net>

<net id="255"><net_src comp="242" pin="1"/><net_sink comp="251" pin=0"/></net>

<net id="256"><net_src comp="26" pin="0"/><net_sink comp="251" pin=1"/></net>

<net id="264"><net_src comp="257" pin="1"/><net_sink comp="260" pin=0"/></net>

<net id="265"><net_src comp="28" pin="0"/><net_sink comp="260" pin=1"/></net>

<net id="271"><net_src comp="260" pin="2"/><net_sink comp="266" pin=0"/></net>

<net id="272"><net_src comp="22" pin="0"/><net_sink comp="266" pin=1"/></net>

<net id="273"><net_src comp="257" pin="1"/><net_sink comp="266" pin=2"/></net>

<net id="278"><net_src comp="266" pin="3"/><net_sink comp="274" pin=0"/></net>

<net id="279"><net_src comp="30" pin="0"/><net_sink comp="274" pin=1"/></net>

<net id="284"><net_src comp="266" pin="3"/><net_sink comp="280" pin=0"/></net>

<net id="285"><net_src comp="32" pin="0"/><net_sink comp="280" pin=1"/></net>

<net id="290"><net_src comp="251" pin="2"/><net_sink comp="286" pin=0"/></net>

<net id="295"><net_src comp="280" pin="2"/><net_sink comp="291" pin=0"/></net>

<net id="303"><net_src comp="296" pin="1"/><net_sink comp="299" pin=0"/></net>

<net id="304"><net_src comp="34" pin="0"/><net_sink comp="299" pin=1"/></net>

<net id="310"><net_src comp="299" pin="2"/><net_sink comp="305" pin=1"/></net>

<net id="311"><net_src comp="296" pin="1"/><net_sink comp="305" pin=2"/></net>

<net id="315"><net_src comp="305" pin="3"/><net_sink comp="312" pin=0"/></net>

<net id="322"><net_src comp="36" pin="0"/><net_sink comp="316" pin=0"/></net>

<net id="323"><net_src comp="305" pin="3"/><net_sink comp="316" pin=1"/></net>

<net id="324"><net_src comp="16" pin="0"/><net_sink comp="316" pin=2"/></net>

<net id="325"><net_src comp="38" pin="0"/><net_sink comp="316" pin=3"/></net>

<net id="331"><net_src comp="40" pin="0"/><net_sink comp="326" pin=0"/></net>

<net id="332"><net_src comp="316" pin="4"/><net_sink comp="326" pin=1"/></net>

<net id="333"><net_src comp="22" pin="0"/><net_sink comp="326" pin=2"/></net>

<net id="337"><net_src comp="326" pin="3"/><net_sink comp="334" pin=0"/></net>

<net id="343"><net_src comp="42" pin="0"/><net_sink comp="338" pin=0"/></net>

<net id="344"><net_src comp="316" pin="4"/><net_sink comp="338" pin=1"/></net>

<net id="345"><net_src comp="44" pin="0"/><net_sink comp="338" pin=2"/></net>

<net id="349"><net_src comp="338" pin="3"/><net_sink comp="346" pin=0"/></net>

<net id="354"><net_src comp="334" pin="1"/><net_sink comp="350" pin=0"/></net>

<net id="355"><net_src comp="346" pin="1"/><net_sink comp="350" pin=1"/></net>

<net id="363"><net_src comp="356" pin="1"/><net_sink comp="359" pin=0"/></net>

<net id="364"><net_src comp="46" pin="0"/><net_sink comp="359" pin=1"/></net>

<net id="371"><net_src comp="48" pin="0"/><net_sink comp="365" pin=0"/></net>

<net id="372"><net_src comp="359" pin="2"/><net_sink comp="365" pin=1"/></net>

<net id="373"><net_src comp="50" pin="0"/><net_sink comp="365" pin=2"/></net>

<net id="374"><net_src comp="52" pin="0"/><net_sink comp="365" pin=3"/></net>

<net id="378"><net_src comp="365" pin="4"/><net_sink comp="375" pin=0"/></net>

<net id="383"><net_src comp="338" pin="3"/><net_sink comp="379" pin=0"/></net>

<net id="384"><net_src comp="375" pin="1"/><net_sink comp="379" pin=1"/></net>

<net id="390"><net_src comp="54" pin="0"/><net_sink comp="385" pin=0"/></net>

<net id="391"><net_src comp="56" pin="0"/><net_sink comp="385" pin=2"/></net>

<net id="395"><net_src comp="385" pin="3"/><net_sink comp="392" pin=0"/></net>

<net id="400"><net_src comp="350" pin="2"/><net_sink comp="396" pin=0"/></net>

<net id="401"><net_src comp="392" pin="1"/><net_sink comp="396" pin=1"/></net>

<net id="405"><net_src comp="396" pin="2"/><net_sink comp="402" pin=0"/></net>

<net id="406"><net_src comp="402" pin="1"/><net_sink comp="92" pin=2"/></net>

<net id="407"><net_src comp="402" pin="1"/><net_sink comp="99" pin=2"/></net>

<net id="413"><net_src comp="54" pin="0"/><net_sink comp="408" pin=0"/></net>

<net id="414"><net_src comp="60" pin="0"/><net_sink comp="408" pin=2"/></net>

<net id="418"><net_src comp="408" pin="3"/><net_sink comp="415" pin=0"/></net>

<net id="423"><net_src comp="350" pin="2"/><net_sink comp="419" pin=0"/></net>

<net id="424"><net_src comp="415" pin="1"/><net_sink comp="419" pin=1"/></net>

<net id="428"><net_src comp="419" pin="2"/><net_sink comp="425" pin=0"/></net>

<net id="429"><net_src comp="425" pin="1"/><net_sink comp="126" pin=2"/></net>

<net id="430"><net_src comp="425" pin="1"/><net_sink comp="133" pin=2"/></net>

<net id="435"><net_src comp="305" pin="3"/><net_sink comp="431" pin=0"/></net>

<net id="439"><net_src comp="436" pin="1"/><net_sink comp="142" pin=2"/></net>

<net id="440"><net_src comp="436" pin="1"/><net_sink comp="149" pin=2"/></net>

<net id="441"><net_src comp="436" pin="1"/><net_sink comp="156" pin=2"/></net>

<net id="442"><net_src comp="436" pin="1"/><net_sink comp="163" pin=2"/></net>

<net id="443"><net_src comp="436" pin="1"/><net_sink comp="170" pin=2"/></net>

<net id="444"><net_src comp="436" pin="1"/><net_sink comp="177" pin=2"/></net>

<net id="448"><net_src comp="274" pin="2"/><net_sink comp="445" pin=0"/></net>

<net id="449"><net_src comp="445" pin="1"/><net_sink comp="220" pin=0"/></net>

<net id="455"><net_src comp="116" pin="7"/><net_sink comp="450" pin=1"/></net>

<net id="456"><net_src comp="106" pin="7"/><net_sink comp="450" pin=2"/></net>

<net id="462"><net_src comp="116" pin="3"/><net_sink comp="457" pin=1"/></net>

<net id="463"><net_src comp="106" pin="3"/><net_sink comp="457" pin=2"/></net>

<net id="468"><net_src comp="450" pin="3"/><net_sink comp="464" pin=0"/></net>

<net id="469"><net_src comp="457" pin="3"/><net_sink comp="464" pin=1"/></net>

<net id="475"><net_src comp="464" pin="2"/><net_sink comp="470" pin=0"/></net>

<net id="476"><net_src comp="450" pin="3"/><net_sink comp="470" pin=1"/></net>

<net id="477"><net_src comp="457" pin="3"/><net_sink comp="470" pin=2"/></net>

<net id="478"><net_src comp="470" pin="3"/><net_sink comp="184" pin=1"/></net>

<net id="479"><net_src comp="470" pin="3"/><net_sink comp="190" pin=1"/></net>

<net id="480"><net_src comp="470" pin="3"/><net_sink comp="196" pin=1"/></net>

<net id="481"><net_src comp="470" pin="3"/><net_sink comp="202" pin=1"/></net>

<net id="482"><net_src comp="470" pin="3"/><net_sink comp="208" pin=1"/></net>

<net id="483"><net_src comp="470" pin="3"/><net_sink comp="214" pin=1"/></net>

<net id="487"><net_src comp="80" pin="1"/><net_sink comp="484" pin=0"/></net>

<net id="488"><net_src comp="484" pin="1"/><net_sink comp="237" pin=1"/></net>

<net id="489"><net_src comp="484" pin="1"/><net_sink comp="257" pin=0"/></net>

<net id="490"><net_src comp="484" pin="1"/><net_sink comp="291" pin=1"/></net>

<net id="494"><net_src comp="84" pin="1"/><net_sink comp="491" pin=0"/></net>

<net id="495"><net_src comp="491" pin="1"/><net_sink comp="232" pin=1"/></net>

<net id="496"><net_src comp="491" pin="1"/><net_sink comp="296" pin=0"/></net>

<net id="497"><net_src comp="491" pin="1"/><net_sink comp="431" pin=1"/></net>

<net id="501"><net_src comp="88" pin="1"/><net_sink comp="498" pin=0"/></net>

<net id="502"><net_src comp="498" pin="1"/><net_sink comp="227" pin=1"/></net>

<net id="503"><net_src comp="498" pin="1"/><net_sink comp="242" pin=0"/></net>

<net id="504"><net_src comp="498" pin="1"/><net_sink comp="286" pin=1"/></net>

<net id="508"><net_src comp="245" pin="2"/><net_sink comp="505" pin=0"/></net>

<net id="512"><net_src comp="260" pin="2"/><net_sink comp="509" pin=0"/></net>

<net id="513"><net_src comp="509" pin="1"/><net_sink comp="305" pin=0"/></net>

<net id="517"><net_src comp="266" pin="3"/><net_sink comp="514" pin=0"/></net>

<net id="518"><net_src comp="514" pin="1"/><net_sink comp="274" pin=0"/></net>

<net id="519"><net_src comp="514" pin="1"/><net_sink comp="356" pin=0"/></net>

<net id="520"><net_src comp="514" pin="1"/><net_sink comp="385" pin=1"/></net>

<net id="521"><net_src comp="514" pin="1"/><net_sink comp="408" pin=1"/></net>

<net id="525"><net_src comp="312" pin="1"/><net_sink comp="522" pin=0"/></net>

<net id="526"><net_src comp="522" pin="1"/><net_sink comp="450" pin=0"/></net>

<net id="527"><net_src comp="522" pin="1"/><net_sink comp="457" pin=0"/></net>

<net id="531"><net_src comp="379" pin="2"/><net_sink comp="528" pin=0"/></net>

<net id="532"><net_src comp="528" pin="1"/><net_sink comp="436" pin=0"/></net>

<net id="536"><net_src comp="92" pin="3"/><net_sink comp="533" pin=0"/></net>

<net id="537"><net_src comp="533" pin="1"/><net_sink comp="106" pin=2"/></net>

<net id="541"><net_src comp="99" pin="3"/><net_sink comp="538" pin=0"/></net>

<net id="542"><net_src comp="538" pin="1"/><net_sink comp="116" pin=2"/></net>

<net id="546"><net_src comp="126" pin="3"/><net_sink comp="543" pin=0"/></net>

<net id="547"><net_src comp="543" pin="1"/><net_sink comp="106" pin=0"/></net>

<net id="551"><net_src comp="133" pin="3"/><net_sink comp="548" pin=0"/></net>

<net id="552"><net_src comp="548" pin="1"/><net_sink comp="116" pin=0"/></net>

</net_list>

</model> 
---------------- Datapath Model END ------------------

* FSMD analyzer results:
  - Output states:
	Port: pool1_out | {8 }
	Port: pool1_out_1 | {8 }
	Port: pool1_out_2 | {8 }
	Port: pool1_out_3 | {8 }
	Port: pool1_out_4 | {8 }
	Port: pool1_out_5 | {8 }
 - Input state : 
	Port: street_fighter_cnn_Pipeline_POOL1_VITIS_LOOP_91_3 : conv1_out | {7 8 }
	Port: street_fighter_cnn_Pipeline_POOL1_VITIS_LOOP_91_3 : conv1_out_1 | {7 8 }
  - Chain level:
	State 1
		store_ln0 : 1
		store_ln90 : 1
		store_ln91 : 1
		indvar_flatten6_load : 1
		icmp_ln90 : 2
		add_ln90_1 : 2
		br_ln90 : 3
		t_load : 1
		icmp_ln91 : 2
		select_ln90 : 3
		urem_ln91 : 4
		add_ln91 : 4
		store_ln90 : 3
		store_ln91 : 5
	State 2
	State 3
	State 4
	State 5
	State 6
	State 7
		add_ln90 : 1
		select_ln90_1 : 2
		trunc_ln90 : 3
		lshr_ln1 : 3
		tmp : 4
		zext_ln93 : 5
		tmp_2 : 4
		zext_ln93_1 : 5
		add_ln93_1 : 6
		mul_ln91 : 1
		tmp_3 : 2
		zext_ln95 : 3
		add_ln95 : 5
		zext_ln93_2 : 1
		add_ln93 : 7
		zext_ln93_3 : 8
		conv1_out_addr : 9
		conv1_out_1_addr : 9
		conv1_out_load : 10
		conv1_out_1_load : 10
		zext_ln94 : 1
		add_ln94 : 7
		zext_ln94_1 : 8
		conv1_out_addr_1 : 9
		conv1_out_1_addr_1 : 9
		conv1_out_load_1 : 10
		conv1_out_1_load_1 : 10
		br_ln95 : 4
		store_ln90 : 3
	State 8
		pool1_out_addr : 1
		pool1_out_1_addr : 1
		pool1_out_2_addr : 1
		pool1_out_3_addr : 1
		pool1_out_4_addr : 1
		pool1_out_5_addr : 1
		trunc_ln91 : 1
		a : 1
		b : 1
		icmp_ln95 : 2
		select_ln95 : 3
		switch_ln95 : 2
		store_ln95 : 4
		store_ln95 : 4
		store_ln95 : 4
		switch_ln95 : 2
		store_ln95 : 4
		store_ln95 : 4
		store_ln95 : 4


============================================================
+ Verbose Summary: Datapath Resource usage 
============================================================

* Functional unit list:
|----------|----------------------|---------|---------|---------|
| Operation|    Functional Unit   |   DSP   |    FF   |   LUT   |
|----------|----------------------|---------|---------|---------|
|          |   add_ln90_1_fu_251  |    0    |    0    |    17   |
|          |    add_ln91_fu_280   |    0    |    0    |    12   |
|          |    add_ln90_fu_299   |    0    |    0    |    14   |
|    add   |   add_ln93_1_fu_350  |    0    |    0    |    16   |
|          |    add_ln95_fu_379   |    0    |    0    |    14   |
|          |    add_ln93_fu_396   |    0    |    0    |    17   |
|          |    add_ln94_fu_419   |    0    |    0    |    17   |
|----------|----------------------|---------|---------|---------|
|   urem   |      grp_fu_274      |    0    |    68   |    31   |
|----------|----------------------|---------|---------|---------|
|          |  select_ln90_fu_266  |    0    |    0    |    4    |
|          | select_ln90_1_fu_305 |    0    |    0    |    7    |
|  select  |       a_fu_450       |    0    |    0    |    15   |
|          |       b_fu_457       |    0    |    0    |    15   |
|          |  select_ln95_fu_470  |    0    |    0    |    15   |
|----------|----------------------|---------|---------|---------|
|          |   icmp_ln90_fu_245   |    0    |    0    |    17   |
|   icmp   |   icmp_ln91_fu_260   |    0    |    0    |    12   |
|          |   icmp_ln95_fu_464   |    0    |    0    |    22   |
|----------|----------------------|---------|---------|---------|
|    mul   |    mul_ln91_fu_359   |    0    |    0    |    23   |
|----------|----------------------|---------|---------|---------|
|  switch  |      grp_fu_220      |    0    |    0    |    0    |
|----------|----------------------|---------|---------|---------|
|   trunc  |   trunc_ln90_fu_312  |    0    |    0    |    0    |
|          |   trunc_ln91_fu_445  |    0    |    0    |    0    |
|----------|----------------------|---------|---------|---------|
|partselect|    lshr_ln1_fu_316   |    0    |    0    |    0    |
|          |     tmp_3_fu_365     |    0    |    0    |    0    |
|----------|----------------------|---------|---------|---------|
|          |      tmp_fu_326      |    0    |    0    |    0    |
|bitconcatenate|     tmp_2_fu_338     |    0    |    0    |    0    |
|          |    shl_ln1_fu_385    |    0    |    0    |    0    |
|          |     or_ln1_fu_408    |    0    |    0    |    0    |
|----------|----------------------|---------|---------|---------|
|          |   zext_ln93_fu_334   |    0    |    0    |    0    |
|          |  zext_ln93_1_fu_346  |    0    |    0    |    0    |
|          |   zext_ln91_fu_356   |    0    |    0    |    0    |
|          |   zext_ln95_fu_375   |    0    |    0    |    0    |
|   zext   |  zext_ln93_2_fu_392  |    0    |    0    |    0    |
|          |  zext_ln93_3_fu_402  |    0    |    0    |    0    |
|          |   zext_ln94_fu_415   |    0    |    0    |    0    |
|          |  zext_ln94_1_fu_425  |    0    |    0    |    0    |
|          |  zext_ln95_1_fu_436  |    0    |    0    |    0    |
|----------|----------------------|---------|---------|---------|
|   Total  |                      |    0    |    68   |   268   |
|----------|----------------------|---------|---------|---------|

Memories:
N/A

* Register list:
+--------------------------+--------+
|                          |   FF   |
+--------------------------+--------+
|     add_ln95_reg_528     |    7   |
|         c_reg_491        |    7   |
|conv1_out_1_addr_1_reg_548|   10   |
| conv1_out_1_addr_reg_538 |   10   |
| conv1_out_addr_1_reg_543 |   10   |
|  conv1_out_addr_reg_533  |   10   |
|     icmp_ln90_reg_505    |    1   |
|     icmp_ln91_reg_509    |    1   |
|  indvar_flatten6_reg_498 |   10   |
|    select_ln90_reg_514   |    4   |
|         t_reg_484        |    4   |
|    trunc_ln90_reg_522    |    1   |
+--------------------------+--------+
|           Total          |   75   |
+--------------------------+--------+

* Multiplexer (MUX) list: 
|-------------------|------|------|------|--------||---------||---------||---------|
|        Comp       |  Pin | Size |  BW  | S x BW ||  Delay  ||    FF   ||   LUT   |
|-------------------|------|------|------|--------||---------||---------||---------|
| grp_access_fu_106 |  p0  |   2  |  10  |   20   ||    0    ||    9    |
| grp_access_fu_106 |  p2  |   2  |   0  |    0   ||    0    ||    9    |
| grp_access_fu_116 |  p0  |   2  |  10  |   20   ||    0    ||    9    |
| grp_access_fu_116 |  p2  |   2  |   0  |    0   ||    0    ||    9    |
|     grp_fu_274    |  p0  |   2  |   4  |    8   ||    0    ||    9    |
|-------------------|------|------|------|--------||---------||---------||---------|
|       Total       |      |      |      |   48   ||  2.445  ||    0    ||    45   |
|-------------------|------|------|------|--------||---------||---------||---------|



* Summary:
+-----------+--------+--------+--------+--------+
|           |   DSP  |  Delay |   FF   |   LUT  |
+-----------+--------+--------+--------+--------+
|  Function |    0   |    -   |   68   |   268  |
|   Memory  |    -   |    -   |    -   |    -   |
|Multiplexer|    -   |    2   |    0   |   45   |
|  Register |    -   |    -   |   75   |    -   |
+-----------+--------+--------+--------+--------+
|   Total   |    0   |    2   |   143  |   313  |
+-----------+--------+--------+--------+--------+
