

================================================================
== Vitis HLS Report for 'street_fighter_cnn_Pipeline_ARGMAX'
================================================================
* Date:           Mon Apr  6 15:58:53 2026

* Version:        2025.2 (Build 6295257 on Nov 14 2025)
* Project:        streetfighter
* Solution:       hls (Vitis Kernel Flow Target)
* Product family: zynquplus
* Target device:  xczu3eg-sbva484-1-i


================================================================
== Performance Estimates
================================================================
+ Timing: 
    * Summary: 
    +--------+----------+----------+------------+
    |  Clock |  Target  | Estimated| Uncertainty|
    +--------+----------+----------+------------+
    |ap_clk  |  10.00 ns|  2.925 ns|     2.70 ns|
    +--------+----------+----------+------------+

+ Latency: 
    * Summary: 
    +---------+---------+----------+----------+-----+-----+-------------------+
    |  Latency (cycles) |  Latency (absolute) |  Interval |      Pipeline     |
    |   min   |   max   |    min   |    max   | min | max |        Type       |
    +---------+---------+----------+----------+-----+-----+-------------------+
    |       11|       11|  0.110 us|  0.110 us|    0|    0|  loop pipeline stp|
    +---------+---------+----------+----------+-----+-----+-------------------+

    + Detail: 
        * Instance: 
        N/A

        * Loop: 
        +----------+---------+---------+----------+-----------+-----------+------+----------+
        |          |  Latency (cycles) | Iteration|  Initiation Interval  | Trip |          |
        | Loop Name|   min   |   max   |  Latency |  achieved |   target  | Count| Pipelined|
        +----------+---------+---------+----------+-----------+-----------+------+----------+
        |- ARGMAX  |        9|        9|         1|          1|          1|     9|       yes|
        +----------+---------+---------+----------+-----------+-----------+------+----------+



================================================================
== Utilization Estimates
================================================================
* Summary: 
+-----------------+---------+-----+--------+-------+-----+
|       Name      | BRAM_18K| DSP |   FF   |  LUT  | URAM|
+-----------------+---------+-----+--------+-------+-----+
|DSP              |        -|    -|       -|      -|    -|
|Expression       |        -|    -|       0|     97|    -|
|FIFO             |        -|    -|       -|      -|    -|
|Instance         |        -|    -|       0|     49|    -|
|Memory           |        -|    -|       -|      -|    -|
|Multiplexer      |        -|    -|       0|     45|    -|
|Register         |        -|    -|      55|      -|    -|
+-----------------+---------+-----+--------+-------+-----+
|Total            |        0|    0|      55|    191|    0|
+-----------------+---------+-----+--------+-------+-----+
|Available        |      432|  360|  141120|  70560|    0|
+-----------------+---------+-----+--------+-------+-----+
|Utilization (%)  |        0|    0|      ~0|     ~0|    0|
+-----------------+---------+-----+--------+-------+-----+

+ Detail: 
    * Instance: 
    +----------------------------+-----------------------+---------+----+---+----+-----+
    |          Instance          |         Module        | BRAM_18K| DSP| FF| LUT| URAM|
    +----------------------------+-----------------------+---------+----+---+----+-----+
    |sparsemux_19_4_16_1_1_U621  |sparsemux_19_4_16_1_1  |        0|   0|  0|  49|    0|
    +----------------------------+-----------------------+---------+----+---+----+-----+
    |Total                       |                       |        0|   0|  0|  49|    0|
    +----------------------------+-----------------------+---------+----+---+----+-----+

    * DSP: 
    N/A

    * Memory: 
    N/A

    * FIFO: 
    N/A

    * Expression: 
    +------------------------+----------+----+---+----+------------+------------+
    |      Variable Name     | Operation| DSP| FF| LUT| Bitwidth P0| Bitwidth P1|
    +------------------------+----------+----+---+----+------------+------------+
    |add_ln157_fu_238_p2     |         +|   0|  0|  12|           4|           1|
    |icmp_ln157_fu_165_p2    |      icmp|   0|  0|  12|           4|           4|
    |icmp_ln160_fu_212_p2    |      icmp|   0|  0|  23|          16|          16|
    |best_class_1_fu_230_p3  |    select|   0|  0|  32|           1|          32|
    |max_val_1_fu_218_p3     |    select|   0|  0|  16|           1|          16|
    |ap_enable_pp0           |       xor|   0|  0|   2|           1|           2|
    +------------------------+----------+----+---+----+------------+------------+
    |Total                   |          |   0|  0|  97|          27|          71|
    +------------------------+----------+----+---+----+------------+------------+

    * Multiplexer: 
    +-------------------------+----+-----------+-----+-----------+
    |           Name          | LUT| Input Size| Bits| Total Bits|
    +-------------------------+----+-----------+-----+-----------+
    |ap_done_int              |   9|          2|    1|          2|
    |ap_enable_reg_pp0_iter1  |   9|          2|    1|          2|
    |best_class_fu_72         |   9|          2|   32|         64|
    |i_fu_76                  |   9|          2|    4|          8|
    |max_val_fu_68            |   9|          2|   16|         32|
    +-------------------------+----+-----------+-----+-----------+
    |Total                    |  45|         10|   54|        108|
    +-------------------------+----+-----------+-----+-----------+

    * Register: 
    +-------------------------+----+----+-----+-----------+
    |           Name          | FF | LUT| Bits| Const Bits|
    +-------------------------+----+----+-----+-----------+
    |ap_CS_fsm                |   1|   0|    1|          0|
    |ap_done_reg              |   1|   0|    1|          0|
    |ap_enable_reg_pp0_iter1  |   1|   0|    1|          0|
    |best_class_fu_72         |  32|   0|   32|          0|
    |i_fu_76                  |   4|   0|    4|          0|
    |max_val_fu_68            |  16|   0|   16|          0|
    +-------------------------+----+----+-----+-----------+
    |Total                    |  55|   0|   55|          0|
    +-------------------------+----+----+-----+-----------+



================================================================
== Interface
================================================================
* Summary: 
+-----------------------+-----+-----+------------+------------------------------------+--------------+
|       RTL Ports       | Dir | Bits|  Protocol  |            Source Object           |    C Type    |
+-----------------------+-----+-----+------------+------------------------------------+--------------+
|ap_clk                 |   in|    1|  ap_ctrl_hs|  street_fighter_cnn_Pipeline_ARGMAX|  return value|
|ap_rst                 |   in|    1|  ap_ctrl_hs|  street_fighter_cnn_Pipeline_ARGMAX|  return value|
|ap_start               |   in|    1|  ap_ctrl_hs|  street_fighter_cnn_Pipeline_ARGMAX|  return value|
|ap_done                |  out|    1|  ap_ctrl_hs|  street_fighter_cnn_Pipeline_ARGMAX|  return value|
|ap_idle                |  out|    1|  ap_ctrl_hs|  street_fighter_cnn_Pipeline_ARGMAX|  return value|
|ap_ready               |  out|    1|  ap_ctrl_hs|  street_fighter_cnn_Pipeline_ARGMAX|  return value|
|p_0_0_080134           |   in|   16|     ap_none|                        p_0_0_080134|        scalar|
|final_scores           |   in|   16|     ap_none|                        final_scores|        scalar|
|final_scores_1         |   in|   16|     ap_none|                      final_scores_1|        scalar|
|final_scores_2         |   in|   16|     ap_none|                      final_scores_2|        scalar|
|final_scores_3         |   in|   16|     ap_none|                      final_scores_3|        scalar|
|final_scores_4         |   in|   16|     ap_none|                      final_scores_4|        scalar|
|final_scores_5         |   in|   16|     ap_none|                      final_scores_5|        scalar|
|final_scores_6         |   in|   16|     ap_none|                      final_scores_6|        scalar|
|final_scores_7         |   in|   16|     ap_none|                      final_scores_7|        scalar|
|final_scores_8         |   in|   16|     ap_none|                      final_scores_8|        scalar|
|best_class_out         |  out|   32|      ap_vld|                      best_class_out|       pointer|
|best_class_out_ap_vld  |  out|    1|      ap_vld|                      best_class_out|       pointer|
+-----------------------+-----+-----+------------+------------------------------------+--------------+

============================================================
+ Verbose Summary: Synthesis Manager
============================================================
InlineROM: 1
ExposeGlobal: 0
============================================================
+ Verbose Summary: CDFG Model
============================================================
IsTopModel: 0
ResetActiveHigh: 1
IsCombinational: 2
IsDatapathOnly: 2
HasWiredReturn: 1
HasMFsm: 2
HasVarLatency: 1
IsPipeline: 0
IsRtlPipelined: 0
IsInstanceOverlapped: 0
IsDontTouch: 0
HasImplIP: 0
IsGatedGlobalClock: 0

+ Individual pipeline summary: 
  * Pipeline-0: initiation interval (II) = 1, depth = 2


============================================================
+ Verbose Summary: Schedule
============================================================
* Number of FSM states : 2
* Pipeline : 1
  Pipeline-0 : II = 1, D = 2, States = { 1 2 }
* Dataflow Pipeline: 0

* FSM state transitions: 
1 --> 2 
2 --> 

* FSM state operations: 

State 1 <SV = 0> <Delay = 0.48>
ST_1 : Operation 4 [1/1] (0.00ns)   --->   "%max_val = alloca i32 1" [src/cnn_top.cpp:155]   --->   Operation 4 'alloca' 'max_val' <Predicate = true> <Delay = 0.00>
ST_1 : Operation 5 [1/1] (0.00ns)   --->   "%best_class = alloca i32 1" [src/cnn_top.cpp:154]   --->   Operation 5 'alloca' 'best_class' <Predicate = true> <Delay = 0.00>
ST_1 : Operation 6 [1/1] (0.00ns)   --->   "%i = alloca i32 1" [src/cnn_top.cpp:157]   --->   Operation 6 'alloca' 'i' <Predicate = true> <Delay = 0.00>
ST_1 : Operation 7 [1/1] (0.00ns)   --->   "%final_scores_8_read = read i16 @_ssdm_op_Read.ap_auto.i16, i16 %final_scores_8"   --->   Operation 7 'read' 'final_scores_8_read' <Predicate = true> <Delay = 0.00>
ST_1 : Operation 8 [1/1] (0.00ns)   --->   "%final_scores_7_read = read i16 @_ssdm_op_Read.ap_auto.i16, i16 %final_scores_7"   --->   Operation 8 'read' 'final_scores_7_read' <Predicate = true> <Delay = 0.00>
ST_1 : Operation 9 [1/1] (0.00ns)   --->   "%final_scores_6_read = read i16 @_ssdm_op_Read.ap_auto.i16, i16 %final_scores_6"   --->   Operation 9 'read' 'final_scores_6_read' <Predicate = true> <Delay = 0.00>
ST_1 : Operation 10 [1/1] (0.00ns)   --->   "%final_scores_5_read = read i16 @_ssdm_op_Read.ap_auto.i16, i16 %final_scores_5"   --->   Operation 10 'read' 'final_scores_5_read' <Predicate = true> <Delay = 0.00>
ST_1 : Operation 11 [1/1] (0.00ns)   --->   "%final_scores_4_read = read i16 @_ssdm_op_Read.ap_auto.i16, i16 %final_scores_4"   --->   Operation 11 'read' 'final_scores_4_read' <Predicate = true> <Delay = 0.00>
ST_1 : Operation 12 [1/1] (0.00ns)   --->   "%final_scores_3_read = read i16 @_ssdm_op_Read.ap_auto.i16, i16 %final_scores_3"   --->   Operation 12 'read' 'final_scores_3_read' <Predicate = true> <Delay = 0.00>
ST_1 : Operation 13 [1/1] (0.00ns)   --->   "%final_scores_2_read = read i16 @_ssdm_op_Read.ap_auto.i16, i16 %final_scores_2"   --->   Operation 13 'read' 'final_scores_2_read' <Predicate = true> <Delay = 0.00>
ST_1 : Operation 14 [1/1] (0.00ns)   --->   "%final_scores_1_read = read i16 @_ssdm_op_Read.ap_auto.i16, i16 %final_scores_1"   --->   Operation 14 'read' 'final_scores_1_read' <Predicate = true> <Delay = 0.00>
ST_1 : Operation 15 [1/1] (0.00ns)   --->   "%final_scores_read = read i16 @_ssdm_op_Read.ap_auto.i16, i16 %final_scores"   --->   Operation 15 'read' 'final_scores_read' <Predicate = true> <Delay = 0.00>
ST_1 : Operation 16 [1/1] (0.00ns)   --->   "%p_0_0_080134_read = read i16 @_ssdm_op_Read.ap_auto.i16, i16 %p_0_0_080134"   --->   Operation 16 'read' 'p_0_0_080134_read' <Predicate = true> <Delay = 0.00>
ST_1 : Operation 17 [1/1] (0.48ns)   --->   "%store_ln157 = store i4 1, i4 %i" [src/cnn_top.cpp:157]   --->   Operation 17 'store' 'store_ln157' <Predicate = true> <Delay = 0.48>
ST_1 : Operation 18 [1/1] (0.48ns)   --->   "%store_ln154 = store i32 0, i32 %best_class" [src/cnn_top.cpp:154]   --->   Operation 18 'store' 'store_ln154' <Predicate = true> <Delay = 0.48>
ST_1 : Operation 19 [1/1] (0.48ns)   --->   "%store_ln155 = store i16 %p_0_0_080134_read, i16 %max_val" [src/cnn_top.cpp:155]   --->   Operation 19 'store' 'store_ln155' <Predicate = true> <Delay = 0.48>
ST_1 : Operation 20 [1/1] (0.00ns)   --->   "%br_ln0 = br void %for.body214"   --->   Operation 20 'br' 'br_ln0' <Predicate = true> <Delay = 0.00>

State 2 <SV = 1> <Delay = 2.92>
ST_2 : Operation 21 [1/1] (0.00ns)   --->   "%i_2 = load i4 %i" [src/cnn_top.cpp:157]   --->   Operation 21 'load' 'i_2' <Predicate = true> <Delay = 0.00>
ST_2 : Operation 22 [1/1] (0.86ns)   --->   "%icmp_ln157 = icmp_eq  i4 %i_2, i4 10" [src/cnn_top.cpp:157]   --->   Operation 22 'icmp' 'icmp_ln157' <Predicate = true> <Delay = 0.86> <CoreInst = "Cmp">   --->   Core 9 'Cmp' <Latency = 0> <II = 1> <Delay = 0.86> <FuncUnit> <Opcode : 'seteq' 'setne' 'setle' 'setge' 'setlt' 'setgt'> <InPorts = 2> <OutPorts = 1>
ST_2 : Operation 23 [1/1] (0.00ns)   --->   "%br_ln157 = br i1 %icmp_ln157, void %for.body214.split, void %for.end222_ifconv.exitStub" [src/cnn_top.cpp:157]   --->   Operation 23 'br' 'br_ln157' <Predicate = true> <Delay = 0.00>
ST_2 : Operation 24 [1/1] (0.00ns)   --->   "%max_val_load = load i16 %max_val" [src/cnn_top.cpp:160]   --->   Operation 24 'load' 'max_val_load' <Predicate = (!icmp_ln157)> <Delay = 0.00>
ST_2 : Operation 25 [1/1] (0.00ns)   --->   "%best_class_load_1 = load i32 %best_class" [src/cnn_top.cpp:160]   --->   Operation 25 'load' 'best_class_load_1' <Predicate = (!icmp_ln157)> <Delay = 0.00>
ST_2 : Operation 26 [1/1] (0.00ns)   --->   "%specpipeline_ln158 = specpipeline void @_ssdm_op_SpecPipeline, i32 1, i32 0, i32 0, i32 0, i32 4294967295, void @empty_14" [src/cnn_top.cpp:158]   --->   Operation 26 'specpipeline' 'specpipeline_ln158' <Predicate = (!icmp_ln157)> <Delay = 0.00>
ST_2 : Operation 27 [1/1] (0.00ns)   --->   "%speclooptripcount_ln155 = speclooptripcount void @_ssdm_op_SpecLoopTripCount, i64 9, i64 9, i64 9" [src/cnn_top.cpp:155]   --->   Operation 27 'speclooptripcount' 'speclooptripcount_ln155' <Predicate = (!icmp_ln157)> <Delay = 0.00>
ST_2 : Operation 28 [1/1] (0.00ns)   --->   "%specloopname_ln157 = specloopname void @_ssdm_op_SpecLoopName, void @empty_17" [src/cnn_top.cpp:157]   --->   Operation 28 'specloopname' 'specloopname_ln157' <Predicate = (!icmp_ln157)> <Delay = 0.00>
ST_2 : Operation 29 [1/1] (0.89ns)   --->   "%s = sparsemux i16 @_ssdm_op_SparseMux.ap_auto.9i16.i16.i4, i4 1, i16 %final_scores_read, i4 2, i16 %final_scores_1_read, i4 3, i16 %final_scores_2_read, i4 4, i16 %final_scores_3_read, i4 5, i16 %final_scores_4_read, i4 6, i16 %final_scores_5_read, i4 7, i16 %final_scores_6_read, i4 8, i16 %final_scores_7_read, i4 9, i16 %final_scores_8_read, i16 0, i4 %i_2" [src/cnn_top.cpp:159]   --->   Operation 29 'sparsemux' 's' <Predicate = (!icmp_ln157)> <Delay = 0.89> <CoreInst = "BinarySparseMux_DontCare">   --->   Core 149 'BinarySparseMux_DontCare' <Latency = 0> <II = 1> <Delay = 0.89> <FuncUnit> <Opcode : 'sparsemux'> <InPorts = 2> <OutPorts = 1>
ST_2 : Operation 30 [1/1] (1.01ns)   --->   "%icmp_ln160 = icmp_sgt  i16 %s, i16 %max_val_load" [src/cnn_top.cpp:160]   --->   Operation 30 'icmp' 'icmp_ln160' <Predicate = (!icmp_ln157)> <Delay = 1.01> <CoreInst = "Cmp">   --->   Core 9 'Cmp' <Latency = 0> <II = 1> <Delay = 1.01> <FuncUnit> <Opcode : 'seteq' 'setne' 'setle' 'setge' 'setlt' 'setgt'> <InPorts = 2> <OutPorts = 1>
ST_2 : Operation 31 [1/1] (0.42ns)   --->   "%max_val_1 = select i1 %icmp_ln160, i16 %s, i16 %max_val_load" [src/cnn_top.cpp:160]   --->   Operation 31 'select' 'max_val_1' <Predicate = (!icmp_ln157)> <Delay = 0.42> <CoreInst = "Sel">   --->   Core 73 'Sel' <Latency = 0> <II = 1> <Delay = 0.42> <FuncUnit> <Opcode : 'select'> <InPorts = 3> <OutPorts = 1>
ST_2 : Operation 32 [1/1] (0.00ns)   --->   "%zext_ln160 = zext i4 %i_2" [src/cnn_top.cpp:160]   --->   Operation 32 'zext' 'zext_ln160' <Predicate = (!icmp_ln157)> <Delay = 0.00>
ST_2 : Operation 33 [1/1] (0.52ns)   --->   "%best_class_1 = select i1 %icmp_ln160, i32 %zext_ln160, i32 %best_class_load_1" [src/cnn_top.cpp:160]   --->   Operation 33 'select' 'best_class_1' <Predicate = (!icmp_ln157)> <Delay = 0.52> <CoreInst = "Sel">   --->   Core 73 'Sel' <Latency = 0> <II = 1> <Delay = 0.52> <FuncUnit> <Opcode : 'select'> <InPorts = 3> <OutPorts = 1>
ST_2 : Operation 34 [1/1] (0.86ns)   --->   "%add_ln157 = add i4 %i_2, i4 1" [src/cnn_top.cpp:157]   --->   Operation 34 'add' 'add_ln157' <Predicate = (!icmp_ln157)> <Delay = 0.86> <CoreInst = "Adder">   --->   Core 1 'Adder' <Latency = 0> <II = 1> <Delay = 0.86> <FuncUnit> <Opcode : 'add' 'sub'> <InPorts = 2> <OutPorts = 1>
ST_2 : Operation 35 [1/1] (0.48ns)   --->   "%store_ln157 = store i4 %add_ln157, i4 %i" [src/cnn_top.cpp:157]   --->   Operation 35 'store' 'store_ln157' <Predicate = (!icmp_ln157)> <Delay = 0.48>
ST_2 : Operation 36 [1/1] (0.48ns)   --->   "%store_ln154 = store i32 %best_class_1, i32 %best_class" [src/cnn_top.cpp:154]   --->   Operation 36 'store' 'store_ln154' <Predicate = (!icmp_ln157)> <Delay = 0.48>
ST_2 : Operation 37 [1/1] (0.48ns)   --->   "%store_ln155 = store i16 %max_val_1, i16 %max_val" [src/cnn_top.cpp:155]   --->   Operation 37 'store' 'store_ln155' <Predicate = (!icmp_ln157)> <Delay = 0.48>
ST_2 : Operation 38 [1/1] (0.00ns)   --->   "%br_ln157 = br void %for.body214" [src/cnn_top.cpp:157]   --->   Operation 38 'br' 'br_ln157' <Predicate = (!icmp_ln157)> <Delay = 0.00>
ST_2 : Operation 39 [1/1] (0.00ns)   --->   "%best_class_load = load i32 %best_class"   --->   Operation 39 'load' 'best_class_load' <Predicate = (icmp_ln157)> <Delay = 0.00>
ST_2 : Operation 40 [1/1] (0.00ns)   --->   "%write_ln0 = write void @_ssdm_op_Write.ap_auto.i32P0A, i32 %best_class_out, i32 %best_class_load"   --->   Operation 40 'write' 'write_ln0' <Predicate = (icmp_ln157)> <Delay = 0.00>
ST_2 : Operation 41 [1/1] (0.48ns)   --->   "%ret_ln0 = ret"   --->   Operation 41 'ret' 'ret_ln0' <Predicate = (icmp_ln157)> <Delay = 0.48>


============================================================
+ Verbose Summary: Binding
============================================================
STG Binding: 
---------------- STG Properties BEGIN ----------------
- Is combinational: 0
- Is one-state seq: 0
- Is datapath-only: 0
- Is pipelined: 0
- Is top level: 0
Port [ Return ] is wired: 1; IO mode=ap_ctrl_hs:ce=0
Port [ p_0_0_080134]:  wired=1; compound=0; hidden=0; nouse=0; global=0; static=0; extern=0; dir=0; type=0; pingpong=0; private_global=0; IO mode=ap_none:ce=0
Port [ final_scores]:  wired=1; compound=0; hidden=0; nouse=0; global=0; static=0; extern=0; dir=0; type=0; pingpong=0; private_global=0; IO mode=ap_none:ce=0
Port [ final_scores_1]:  wired=1; compound=0; hidden=0; nouse=0; global=0; static=0; extern=0; dir=0; type=0; pingpong=0; private_global=0; IO mode=ap_none:ce=0
Port [ final_scores_2]:  wired=1; compound=0; hidden=0; nouse=0; global=0; static=0; extern=0; dir=0; type=0; pingpong=0; private_global=0; IO mode=ap_none:ce=0
Port [ final_scores_3]:  wired=1; compound=0; hidden=0; nouse=0; global=0; static=0; extern=0; dir=0; type=0; pingpong=0; private_global=0; IO mode=ap_none:ce=0
Port [ final_scores_4]:  wired=1; compound=0; hidden=0; nouse=0; global=0; static=0; extern=0; dir=0; type=0; pingpong=0; private_global=0; IO mode=ap_none:ce=0
Port [ final_scores_5]:  wired=1; compound=0; hidden=0; nouse=0; global=0; static=0; extern=0; dir=0; type=0; pingpong=0; private_global=0; IO mode=ap_none:ce=0
Port [ final_scores_6]:  wired=1; compound=0; hidden=0; nouse=0; global=0; static=0; extern=0; dir=0; type=0; pingpong=0; private_global=0; IO mode=ap_none:ce=0
Port [ final_scores_7]:  wired=1; compound=0; hidden=0; nouse=0; global=0; static=0; extern=0; dir=0; type=0; pingpong=0; private_global=0; IO mode=ap_none:ce=0
Port [ final_scores_8]:  wired=1; compound=0; hidden=0; nouse=0; global=0; static=0; extern=0; dir=0; type=0; pingpong=0; private_global=0; IO mode=ap_none:ce=0
Port [ best_class_out]:  wired=1; compound=0; hidden=0; nouse=0; global=0; static=0; extern=0; dir=1; type=0; pingpong=0; private_global=0; IO mode=ap_vld:ce=0
---------------- STG Properties END ------------------

---------------- Datapath Model BEGIN ----------------

<LifeTime>
<method=bitvector/>
max_val                 (alloca           ) [ 011]
best_class              (alloca           ) [ 011]
i                       (alloca           ) [ 011]
final_scores_8_read     (read             ) [ 011]
final_scores_7_read     (read             ) [ 011]
final_scores_6_read     (read             ) [ 011]
final_scores_5_read     (read             ) [ 011]
final_scores_4_read     (read             ) [ 011]
final_scores_3_read     (read             ) [ 011]
final_scores_2_read     (read             ) [ 011]
final_scores_1_read     (read             ) [ 011]
final_scores_read       (read             ) [ 011]
p_0_0_080134_read       (read             ) [ 000]
store_ln157             (store            ) [ 000]
store_ln154             (store            ) [ 000]
store_ln155             (store            ) [ 000]
br_ln0                  (br               ) [ 000]
i_2                     (load             ) [ 000]
icmp_ln157              (icmp             ) [ 011]
br_ln157                (br               ) [ 000]
max_val_load            (load             ) [ 000]
best_class_load_1       (load             ) [ 000]
specpipeline_ln158      (specpipeline     ) [ 000]
speclooptripcount_ln155 (speclooptripcount) [ 000]
specloopname_ln157      (specloopname     ) [ 000]
s                       (sparsemux        ) [ 000]
icmp_ln160              (icmp             ) [ 000]
max_val_1               (select           ) [ 000]
zext_ln160              (zext             ) [ 000]
best_class_1            (select           ) [ 000]
add_ln157               (add              ) [ 000]
store_ln157             (store            ) [ 000]
store_ln154             (store            ) [ 000]
store_ln155             (store            ) [ 000]
br_ln157                (br               ) [ 000]
best_class_load         (load             ) [ 000]
write_ln0               (write            ) [ 000]
ret_ln0                 (ret              ) [ 000]
</LifeTime>

<model>

<comp_list>
<comp id="0" class="1000" name="p_0_0_080134">
<pin_list>
<pin id="1" dir="1" index="0" bw="1" slack="0"/>
</pin_list>
<bind>
<StgValue><ssdm name="p_0_0_080134"/></StgValue>
</bind>
</comp>

<comp id="2" class="1000" name="final_scores">
<pin_list>
<pin id="3" dir="1" index="0" bw="1" slack="0"/>
</pin_list>
<bind>
<StgValue><ssdm name="final_scores"/></StgValue>
</bind>
</comp>

<comp id="4" class="1000" name="final_scores_1">
<pin_list>
<pin id="5" dir="1" index="0" bw="1" slack="0"/>
</pin_list>
<bind>
<StgValue><ssdm name="final_scores_1"/></StgValue>
</bind>
</comp>

<comp id="6" class="1000" name="final_scores_2">
<pin_list>
<pin id="7" dir="1" index="0" bw="1" slack="0"/>
</pin_list>
<bind>
<StgValue><ssdm name="final_scores_2"/></StgValue>
</bind>
</comp>

<comp id="8" class="1000" name="final_scores_3">
<pin_list>
<pin id="9" dir="1" index="0" bw="1" slack="0"/>
</pin_list>
<bind>
<StgValue><ssdm name="final_scores_3"/></StgValue>
</bind>
</comp>

<comp id="10" class="1000" name="final_scores_4">
<pin_list>
<pin id="11" dir="1" index="0" bw="1" slack="0"/>
</pin_list>
<bind>
<StgValue><ssdm name="final_scores_4"/></StgValue>
</bind>
</comp>

<comp id="12" class="1000" name="final_scores_5">
<pin_list>
<pin id="13" dir="1" index="0" bw="1" slack="0"/>
</pin_list>
<bind>
<StgValue><ssdm name="final_scores_5"/></StgValue>
</bind>
</comp>

<comp id="14" class="1000" name="final_scores_6">
<pin_list>
<pin id="15" dir="1" index="0" bw="1" slack="0"/>
</pin_list>
<bind>
<StgValue><ssdm name="final_scores_6"/></StgValue>
</bind>
</comp>

<comp id="16" class="1000" name="final_scores_7">
<pin_list>
<pin id="17" dir="1" index="0" bw="1" slack="0"/>
</pin_list>
<bind>
<StgValue><ssdm name="final_scores_7"/></StgValue>
</bind>
</comp>

<comp id="18" class="1000" name="final_scores_8">
<pin_list>
<pin id="19" dir="1" index="0" bw="1" slack="0"/>
</pin_list>
<bind>
<StgValue><ssdm name="final_scores_8"/></StgValue>
</bind>
</comp>

<comp id="20" class="1000" name="best_class_out">
<pin_list>
<pin id="21" dir="1" index="0" bw="1" slack="0"/>
</pin_list>
<bind>
<StgValue><ssdm name="best_class_out"/></StgValue>
</bind>
</comp>

<comp id="22" class="1001" name="const_22">
<pin_list>
<pin id="23" dir="1" index="0" bw="1" slack="0"/>
</pin_list>
<bind>
<StgValue><ssdm name=""/></StgValue>
</bind>
</comp>

<comp id="24" class="1001" name="const_24">
<pin_list>
<pin id="25" dir="1" index="0" bw="1" slack="0"/>
</pin_list>
<bind>
<StgValue><ssdm name="_ssdm_op_Read.ap_auto.i16"/></StgValue>
</bind>
</comp>

<comp id="26" class="1001" name="const_26">
<pin_list>
<pin id="27" dir="1" index="0" bw="1" slack="0"/>
</pin_list>
<bind>
<StgValue><ssdm name=""/></StgValue>
</bind>
</comp>

<comp id="28" class="1001" name="const_28">
<pin_list>
<pin id="29" dir="1" index="0" bw="1" slack="0"/>
</pin_list>
<bind>
<StgValue><ssdm name=""/></StgValue>
</bind>
</comp>

<comp id="30" class="1001" name="const_30">
<pin_list>
<pin id="31" dir="1" index="0" bw="1" slack="0"/>
</pin_list>
<bind>
<StgValue><ssdm name=""/></StgValue>
</bind>
</comp>

<comp id="32" class="1001" name="const_32">
<pin_list>
<pin id="33" dir="1" index="0" bw="1" slack="2147483647"/>
</pin_list>
<bind>
<StgValue><ssdm name="_ssdm_op_SpecPipeline"/></StgValue>
</bind>
</comp>

<comp id="34" class="1001" name="const_34">
<pin_list>
<pin id="35" dir="1" index="0" bw="1" slack="2147483647"/>
</pin_list>
<bind>
<StgValue><ssdm name=""/></StgValue>
</bind>
</comp>

<comp id="36" class="1001" name="const_36">
<pin_list>
<pin id="37" dir="1" index="0" bw="1" slack="2147483647"/>
</pin_list>
<bind>
<StgValue><ssdm name="empty_14"/></StgValue>
</bind>
</comp>

<comp id="38" class="1001" name="const_38">
<pin_list>
<pin id="39" dir="1" index="0" bw="1" slack="2147483647"/>
</pin_list>
<bind>
<StgValue><ssdm name="_ssdm_op_SpecLoopTripCount"/></StgValue>
</bind>
</comp>

<comp id="40" class="1001" name="const_40">
<pin_list>
<pin id="41" dir="1" index="0" bw="1" slack="2147483647"/>
</pin_list>
<bind>
<StgValue><ssdm name=""/></StgValue>
</bind>
</comp>

<comp id="42" class="1001" name="const_42">
<pin_list>
<pin id="43" dir="1" index="0" bw="1" slack="2147483647"/>
</pin_list>
<bind>
<StgValue><ssdm name="_ssdm_op_SpecLoopName"/></StgValue>
</bind>
</comp>

<comp id="44" class="1001" name="const_44">
<pin_list>
<pin id="45" dir="1" index="0" bw="1" slack="2147483647"/>
</pin_list>
<bind>
<StgValue><ssdm name="empty_17"/></StgValue>
</bind>
</comp>

<comp id="46" class="1001" name="const_46">
<pin_list>
<pin id="47" dir="1" index="0" bw="1" slack="0"/>
</pin_list>
<bind>
<StgValue><ssdm name="_ssdm_op_SparseMux.ap_auto.9i16.i16.i4"/></StgValue>
</bind>
</comp>

<comp id="48" class="1001" name="const_48">
<pin_list>
<pin id="49" dir="1" index="0" bw="1" slack="0"/>
</pin_list>
<bind>
<StgValue><ssdm name=""/></StgValue>
</bind>
</comp>

<comp id="50" class="1001" name="const_50">
<pin_list>
<pin id="51" dir="1" index="0" bw="1" slack="0"/>
</pin_list>
<bind>
<StgValue><ssdm name=""/></StgValue>
</bind>
</comp>

<comp id="52" class="1001" name="const_52">
<pin_list>
<pin id="53" dir="1" index="0" bw="1" slack="0"/>
</pin_list>
<bind>
<StgValue><ssdm name=""/></StgValue>
</bind>
</comp>

<comp id="54" class="1001" name="const_54">
<pin_list>
<pin id="55" dir="1" index="0" bw="1" slack="0"/>
</pin_list>
<bind>
<StgValue><ssdm name=""/></StgValue>
</bind>
</comp>

<comp id="56" class="1001" name="const_56">
<pin_list>
<pin id="57" dir="1" index="0" bw="1" slack="0"/>
</pin_list>
<bind>
<StgValue><ssdm name=""/></StgValue>
</bind>
</comp>

<comp id="58" class="1001" name="const_58">
<pin_list>
<pin id="59" dir="1" index="0" bw="1" slack="0"/>
</pin_list>
<bind>
<StgValue><ssdm name=""/></StgValue>
</bind>
</comp>

<comp id="60" class="1001" name="const_60">
<pin_list>
<pin id="61" dir="1" index="0" bw="1" slack="0"/>
</pin_list>
<bind>
<StgValue><ssdm name=""/></StgValue>
</bind>
</comp>

<comp id="62" class="1001" name="const_62">
<pin_list>
<pin id="63" dir="1" index="0" bw="1" slack="0"/>
</pin_list>
<bind>
<StgValue><ssdm name=""/></StgValue>
</bind>
</comp>

<comp id="64" class="1001" name="const_64">
<pin_list>
<pin id="65" dir="1" index="0" bw="1" slack="0"/>
</pin_list>
<bind>
<StgValue><ssdm name=""/></StgValue>
</bind>
</comp>

<comp id="66" class="1001" name="const_66">
<pin_list>
<pin id="67" dir="1" index="0" bw="1" slack="0"/>
</pin_list>
<bind>
<StgValue><ssdm name="_ssdm_op_Write.ap_auto.i32P0A"/></StgValue>
</bind>
</comp>

<comp id="68" class="1004" name="max_val_fu_68">
<pin_list>
<pin id="69" dir="0" index="0" bw="1" slack="0"/>
<pin id="70" dir="1" index="1" bw="16" slack="0"/>
</pin_list>
<bind>
<opcode="alloca(26) " fcode="alloca"/>
<opset="max_val/1 "/>
</bind>
</comp>

<comp id="72" class="1004" name="best_class_fu_72">
<pin_list>
<pin id="73" dir="0" index="0" bw="1" slack="0"/>
<pin id="74" dir="1" index="1" bw="32" slack="0"/>
</pin_list>
<bind>
<opcode="alloca(26) " fcode="alloca"/>
<opset="best_class/1 "/>
</bind>
</comp>

<comp id="76" class="1004" name="i_fu_76">
<pin_list>
<pin id="77" dir="0" index="0" bw="1" slack="0"/>
<pin id="78" dir="1" index="1" bw="4" slack="0"/>
</pin_list>
<bind>
<opcode="alloca(26) " fcode="alloca"/>
<opset="i/1 "/>
</bind>
</comp>

<comp id="80" class="1004" name="final_scores_8_read_read_fu_80">
<pin_list>
<pin id="81" dir="0" index="0" bw="16" slack="0"/>
<pin id="82" dir="0" index="1" bw="16" slack="0"/>
<pin id="83" dir="1" index="2" bw="16" slack="1"/>
</pin_list>
<bind>
<opcode="read(1150) " fcode="read"/>
<opset="final_scores_8_read/1 "/>
</bind>
</comp>

<comp id="86" class="1004" name="final_scores_7_read_read_fu_86">
<pin_list>
<pin id="87" dir="0" index="0" bw="16" slack="0"/>
<pin id="88" dir="0" index="1" bw="16" slack="0"/>
<pin id="89" dir="1" index="2" bw="16" slack="1"/>
</pin_list>
<bind>
<opcode="read(1150) " fcode="read"/>
<opset="final_scores_7_read/1 "/>
</bind>
</comp>

<comp id="92" class="1004" name="final_scores_6_read_read_fu_92">
<pin_list>
<pin id="93" dir="0" index="0" bw="16" slack="0"/>
<pin id="94" dir="0" index="1" bw="16" slack="0"/>
<pin id="95" dir="1" index="2" bw="16" slack="1"/>
</pin_list>
<bind>
<opcode="read(1150) " fcode="read"/>
<opset="final_scores_6_read/1 "/>
</bind>
</comp>

<comp id="98" class="1004" name="final_scores_5_read_read_fu_98">
<pin_list>
<pin id="99" dir="0" index="0" bw="16" slack="0"/>
<pin id="100" dir="0" index="1" bw="16" slack="0"/>
<pin id="101" dir="1" index="2" bw="16" slack="1"/>
</pin_list>
<bind>
<opcode="read(1150) " fcode="read"/>
<opset="final_scores_5_read/1 "/>
</bind>
</comp>

<comp id="104" class="1004" name="final_scores_4_read_read_fu_104">
<pin_list>
<pin id="105" dir="0" index="0" bw="16" slack="0"/>
<pin id="106" dir="0" index="1" bw="16" slack="0"/>
<pin id="107" dir="1" index="2" bw="16" slack="1"/>
</pin_list>
<bind>
<opcode="read(1150) " fcode="read"/>
<opset="final_scores_4_read/1 "/>
</bind>
</comp>

<comp id="110" class="1004" name="final_scores_3_read_read_fu_110">
<pin_list>
<pin id="111" dir="0" index="0" bw="16" slack="0"/>
<pin id="112" dir="0" index="1" bw="16" slack="0"/>
<pin id="113" dir="1" index="2" bw="16" slack="1"/>
</pin_list>
<bind>
<opcode="read(1150) " fcode="read"/>
<opset="final_scores_3_read/1 "/>
</bind>
</comp>

<comp id="116" class="1004" name="final_scores_2_read_read_fu_116">
<pin_list>
<pin id="117" dir="0" index="0" bw="16" slack="0"/>
<pin id="118" dir="0" index="1" bw="16" slack="0"/>
<pin id="119" dir="1" index="2" bw="16" slack="1"/>
</pin_list>
<bind>
<opcode="read(1150) " fcode="read"/>
<opset="final_scores_2_read/1 "/>
</bind>
</comp>

<comp id="122" class="1004" name="final_scores_1_read_read_fu_122">
<pin_list>
<pin id="123" dir="0" index="0" bw="16" slack="0"/>
<pin id="124" dir="0" index="1" bw="16" slack="0"/>
<pin id="125" dir="1" index="2" bw="16" slack="1"/>
</pin_list>
<bind>
<opcode="read(1150) " fcode="read"/>
<opset="final_scores_1_read/1 "/>
</bind>
</comp>

<comp id="128" class="1004" name="final_scores_read_read_fu_128">
<pin_list>
<pin id="129" dir="0" index="0" bw="16" slack="0"/>
<pin id="130" dir="0" index="1" bw="16" slack="0"/>
<pin id="131" dir="1" index="2" bw="16" slack="1"/>
</pin_list>
<bind>
<opcode="read(1150) " fcode="read"/>
<opset="final_scores_read/1 "/>
</bind>
</comp>

<comp id="134" class="1004" name="p_0_0_080134_read_read_fu_134">
<pin_list>
<pin id="135" dir="0" index="0" bw="16" slack="0"/>
<pin id="136" dir="0" index="1" bw="16" slack="0"/>
<pin id="137" dir="1" index="2" bw="16" slack="0"/>
</pin_list>
<bind>
<opcode="read(1150) " fcode="read"/>
<opset="p_0_0_080134_read/1 "/>
</bind>
</comp>

<comp id="140" class="1004" name="write_ln0_write_fu_140">
<pin_list>
<pin id="141" dir="0" index="0" bw="0" slack="0"/>
<pin id="142" dir="0" index="1" bw="32" slack="0"/>
<pin id="143" dir="0" index="2" bw="32" slack="0"/>
<pin id="144" dir="1" index="3" bw="0" slack="2147483647"/>
</pin_list>
<bind>
<opcode="write(1151) " fcode="write"/>
<opset="write_ln0/2 "/>
</bind>
</comp>

<comp id="147" class="1004" name="store_ln157_store_fu_147">
<pin_list>
<pin id="148" dir="0" index="0" bw="1" slack="0"/>
<pin id="149" dir="0" index="1" bw="4" slack="0"/>
<pin id="150" dir="1" index="2" bw="0" slack="2147483647"/>
</pin_list>
<bind>
<opcode="store(28) " fcode="store"/>
<opset="store_ln157/1 "/>
</bind>
</comp>

<comp id="152" class="1004" name="store_ln154_store_fu_152">
<pin_list>
<pin id="153" dir="0" index="0" bw="1" slack="0"/>
<pin id="154" dir="0" index="1" bw="32" slack="0"/>
<pin id="155" dir="1" index="2" bw="0" slack="2147483647"/>
</pin_list>
<bind>
<opcode="store(28) " fcode="store"/>
<opset="store_ln154/1 "/>
</bind>
</comp>

<comp id="157" class="1004" name="store_ln155_store_fu_157">
<pin_list>
<pin id="158" dir="0" index="0" bw="16" slack="0"/>
<pin id="159" dir="0" index="1" bw="16" slack="0"/>
<pin id="160" dir="1" index="2" bw="0" slack="2147483647"/>
</pin_list>
<bind>
<opcode="store(28) " fcode="store"/>
<opset="store_ln155/1 "/>
</bind>
</comp>

<comp id="162" class="1004" name="i_2_load_fu_162">
<pin_list>
<pin id="163" dir="0" index="0" bw="4" slack="1"/>
<pin id="164" dir="1" index="1" bw="4" slack="0"/>
</pin_list>
<bind>
<opcode="load(27) " fcode="load"/>
<opset="i_2/2 "/>
</bind>
</comp>

<comp id="165" class="1004" name="icmp_ln157_fu_165">
<pin_list>
<pin id="166" dir="0" index="0" bw="4" slack="0"/>
<pin id="167" dir="0" index="1" bw="4" slack="0"/>
<pin id="168" dir="1" index="2" bw="1" slack="2147483647"/>
</pin_list>
<bind>
<opcode="icmp(45) " fcode="icmp"/>
<opset="icmp_ln157/2 "/>
</bind>
</comp>

<comp id="171" class="1004" name="max_val_load_load_fu_171">
<pin_list>
<pin id="172" dir="0" index="0" bw="16" slack="1"/>
<pin id="173" dir="1" index="1" bw="16" slack="0"/>
</pin_list>
<bind>
<opcode="load(27) " fcode="load"/>
<opset="max_val_load/2 "/>
</bind>
</comp>

<comp id="174" class="1004" name="best_class_load_1_load_fu_174">
<pin_list>
<pin id="175" dir="0" index="0" bw="32" slack="1"/>
<pin id="176" dir="1" index="1" bw="32" slack="0"/>
</pin_list>
<bind>
<opcode="load(27) " fcode="load"/>
<opset="best_class_load_1/2 "/>
</bind>
</comp>

<comp id="177" class="1004" name="s_fu_177">
<pin_list>
<pin id="178" dir="0" index="0" bw="16" slack="0"/>
<pin id="179" dir="0" index="1" bw="4" slack="0"/>
<pin id="180" dir="0" index="2" bw="16" slack="1"/>
<pin id="181" dir="0" index="3" bw="4" slack="0"/>
<pin id="182" dir="0" index="4" bw="16" slack="1"/>
<pin id="183" dir="0" index="5" bw="4" slack="0"/>
<pin id="184" dir="0" index="6" bw="16" slack="1"/>
<pin id="185" dir="0" index="7" bw="4" slack="0"/>
<pin id="186" dir="0" index="8" bw="16" slack="1"/>
<pin id="187" dir="0" index="9" bw="4" slack="0"/>
<pin id="188" dir="0" index="10" bw="16" slack="1"/>
<pin id="189" dir="0" index="11" bw="4" slack="0"/>
<pin id="190" dir="0" index="12" bw="16" slack="1"/>
<pin id="191" dir="0" index="13" bw="4" slack="0"/>
<pin id="192" dir="0" index="14" bw="16" slack="1"/>
<pin id="193" dir="0" index="15" bw="4" slack="0"/>
<pin id="194" dir="0" index="16" bw="16" slack="1"/>
<pin id="195" dir="0" index="17" bw="4" slack="0"/>
<pin id="196" dir="0" index="18" bw="16" slack="1"/>
<pin id="197" dir="0" index="19" bw="16" slack="0"/>
<pin id="198" dir="0" index="20" bw="4" slack="0"/>
<pin id="199" dir="1" index="21" bw="16" slack="0"/>
</pin_list>
<bind>
<opcode="sparsemux(1197) " fcode="sparsemux"/>
<opset="s/2 "/>
</bind>
</comp>

<comp id="212" class="1004" name="icmp_ln160_fu_212">
<pin_list>
<pin id="213" dir="0" index="0" bw="16" slack="0"/>
<pin id="214" dir="0" index="1" bw="16" slack="0"/>
<pin id="215" dir="1" index="2" bw="1" slack="0"/>
</pin_list>
<bind>
<opcode="icmp(45) " fcode="icmp"/>
<opset="icmp_ln160/2 "/>
</bind>
</comp>

<comp id="218" class="1004" name="max_val_1_fu_218">
<pin_list>
<pin id="219" dir="0" index="0" bw="1" slack="0"/>
<pin id="220" dir="0" index="1" bw="16" slack="0"/>
<pin id="221" dir="0" index="2" bw="16" slack="0"/>
<pin id="222" dir="1" index="3" bw="16" slack="0"/>
</pin_list>
<bind>
<opcode="select(49) " fcode="select"/>
<opset="max_val_1/2 "/>
</bind>
</comp>

<comp id="226" class="1004" name="zext_ln160_fu_226">
<pin_list>
<pin id="227" dir="0" index="0" bw="4" slack="0"/>
<pin id="228" dir="1" index="1" bw="32" slack="0"/>
</pin_list>
<bind>
<opcode="zext(34) " fcode="zext"/>
<opset="zext_ln160/2 "/>
</bind>
</comp>

<comp id="230" class="1004" name="best_class_1_fu_230">
<pin_list>
<pin id="231" dir="0" index="0" bw="1" slack="0"/>
<pin id="232" dir="0" index="1" bw="32" slack="0"/>
<pin id="233" dir="0" index="2" bw="32" slack="0"/>
<pin id="234" dir="1" index="3" bw="32" slack="0"/>
</pin_list>
<bind>
<opcode="select(49) " fcode="select"/>
<opset="best_class_1/2 "/>
</bind>
</comp>

<comp id="238" class="1004" name="add_ln157_fu_238">
<pin_list>
<pin id="239" dir="0" index="0" bw="4" slack="0"/>
<pin id="240" dir="0" index="1" bw="1" slack="0"/>
<pin id="241" dir="1" index="2" bw="4" slack="0"/>
</pin_list>
<bind>
<opcode="add(8) " fcode="add"/>
<opset="add_ln157/2 "/>
</bind>
</comp>

<comp id="244" class="1004" name="store_ln157_store_fu_244">
<pin_list>
<pin id="245" dir="0" index="0" bw="4" slack="0"/>
<pin id="246" dir="0" index="1" bw="4" slack="1"/>
<pin id="247" dir="1" index="2" bw="0" slack="2147483647"/>
</pin_list>
<bind>
<opcode="store(28) " fcode="store"/>
<opset="store_ln157/2 "/>
</bind>
</comp>

<comp id="249" class="1004" name="store_ln154_store_fu_249">
<pin_list>
<pin id="250" dir="0" index="0" bw="32" slack="0"/>
<pin id="251" dir="0" index="1" bw="32" slack="1"/>
<pin id="252" dir="1" index="2" bw="0" slack="2147483647"/>
</pin_list>
<bind>
<opcode="store(28) " fcode="store"/>
<opset="store_ln154/2 "/>
</bind>
</comp>

<comp id="254" class="1004" name="store_ln155_store_fu_254">
<pin_list>
<pin id="255" dir="0" index="0" bw="16" slack="0"/>
<pin id="256" dir="0" index="1" bw="16" slack="1"/>
<pin id="257" dir="1" index="2" bw="0" slack="2147483647"/>
</pin_list>
<bind>
<opcode="store(28) " fcode="store"/>
<opset="store_ln155/2 "/>
</bind>
</comp>

<comp id="259" class="1004" name="best_class_load_load_fu_259">
<pin_list>
<pin id="260" dir="0" index="0" bw="32" slack="1"/>
<pin id="261" dir="1" index="1" bw="32" slack="0"/>
</pin_list>
<bind>
<opcode="load(27) " fcode="load"/>
<opset="best_class_load/2 "/>
</bind>
</comp>

<comp id="263" class="1005" name="max_val_reg_263">
<pin_list>
<pin id="264" dir="0" index="0" bw="16" slack="0"/>
<pin id="265" dir="1" index="1" bw="16" slack="0"/>
</pin_list>
<bind>
<opset="max_val "/>
</bind>
</comp>

<comp id="270" class="1005" name="best_class_reg_270">
<pin_list>
<pin id="271" dir="0" index="0" bw="32" slack="0"/>
<pin id="272" dir="1" index="1" bw="32" slack="0"/>
</pin_list>
<bind>
<opset="best_class "/>
</bind>
</comp>

<comp id="278" class="1005" name="i_reg_278">
<pin_list>
<pin id="279" dir="0" index="0" bw="4" slack="0"/>
<pin id="280" dir="1" index="1" bw="4" slack="0"/>
</pin_list>
<bind>
<opset="i "/>
</bind>
</comp>

<comp id="285" class="1005" name="final_scores_8_read_reg_285">
<pin_list>
<pin id="286" dir="0" index="0" bw="16" slack="1"/>
<pin id="287" dir="1" index="1" bw="16" slack="1"/>
</pin_list>
<bind>
<opset="final_scores_8_read "/>
</bind>
</comp>

<comp id="290" class="1005" name="final_scores_7_read_reg_290">
<pin_list>
<pin id="291" dir="0" index="0" bw="16" slack="1"/>
<pin id="292" dir="1" index="1" bw="16" slack="1"/>
</pin_list>
<bind>
<opset="final_scores_7_read "/>
</bind>
</comp>

<comp id="295" class="1005" name="final_scores_6_read_reg_295">
<pin_list>
<pin id="296" dir="0" index="0" bw="16" slack="1"/>
<pin id="297" dir="1" index="1" bw="16" slack="1"/>
</pin_list>
<bind>
<opset="final_scores_6_read "/>
</bind>
</comp>

<comp id="300" class="1005" name="final_scores_5_read_reg_300">
<pin_list>
<pin id="301" dir="0" index="0" bw="16" slack="1"/>
<pin id="302" dir="1" index="1" bw="16" slack="1"/>
</pin_list>
<bind>
<opset="final_scores_5_read "/>
</bind>
</comp>

<comp id="305" class="1005" name="final_scores_4_read_reg_305">
<pin_list>
<pin id="306" dir="0" index="0" bw="16" slack="1"/>
<pin id="307" dir="1" index="1" bw="16" slack="1"/>
</pin_list>
<bind>
<opset="final_scores_4_read "/>
</bind>
</comp>

<comp id="310" class="1005" name="final_scores_3_read_reg_310">
<pin_list>
<pin id="311" dir="0" index="0" bw="16" slack="1"/>
<pin id="312" dir="1" index="1" bw="16" slack="1"/>
</pin_list>
<bind>
<opset="final_scores_3_read "/>
</bind>
</comp>

<comp id="315" class="1005" name="final_scores_2_read_reg_315">
<pin_list>
<pin id="316" dir="0" index="0" bw="16" slack="1"/>
<pin id="317" dir="1" index="1" bw="16" slack="1"/>
</pin_list>
<bind>
<opset="final_scores_2_read "/>
</bind>
</comp>

<comp id="320" class="1005" name="final_scores_1_read_reg_320">
<pin_list>
<pin id="321" dir="0" index="0" bw="16" slack="1"/>
<pin id="322" dir="1" index="1" bw="16" slack="1"/>
</pin_list>
<bind>
<opset="final_scores_1_read "/>
</bind>
</comp>

<comp id="325" class="1005" name="final_scores_read_reg_325">
<pin_list>
<pin id="326" dir="0" index="0" bw="16" slack="1"/>
<pin id="327" dir="1" index="1" bw="16" slack="1"/>
</pin_list>
<bind>
<opset="final_scores_read "/>
</bind>
</comp>

</comp_list>

<net_list>
<net id="71"><net_src comp="22" pin="0"/><net_sink comp="68" pin=0"/></net>

<net id="75"><net_src comp="22" pin="0"/><net_sink comp="72" pin=0"/></net>

<net id="79"><net_src comp="22" pin="0"/><net_sink comp="76" pin=0"/></net>

<net id="84"><net_src comp="24" pin="0"/><net_sink comp="80" pin=0"/></net>

<net id="85"><net_src comp="18" pin="0"/><net_sink comp="80" pin=1"/></net>

<net id="90"><net_src comp="24" pin="0"/><net_sink comp="86" pin=0"/></net>

<net id="91"><net_src comp="16" pin="0"/><net_sink comp="86" pin=1"/></net>

<net id="96"><net_src comp="24" pin="0"/><net_sink comp="92" pin=0"/></net>

<net id="97"><net_src comp="14" pin="0"/><net_sink comp="92" pin=1"/></net>

<net id="102"><net_src comp="24" pin="0"/><net_sink comp="98" pin=0"/></net>

<net id="103"><net_src comp="12" pin="0"/><net_sink comp="98" pin=1"/></net>

<net id="108"><net_src comp="24" pin="0"/><net_sink comp="104" pin=0"/></net>

<net id="109"><net_src comp="10" pin="0"/><net_sink comp="104" pin=1"/></net>

<net id="114"><net_src comp="24" pin="0"/><net_sink comp="110" pin=0"/></net>

<net id="115"><net_src comp="8" pin="0"/><net_sink comp="110" pin=1"/></net>

<net id="120"><net_src comp="24" pin="0"/><net_sink comp="116" pin=0"/></net>

<net id="121"><net_src comp="6" pin="0"/><net_sink comp="116" pin=1"/></net>

<net id="126"><net_src comp="24" pin="0"/><net_sink comp="122" pin=0"/></net>

<net id="127"><net_src comp="4" pin="0"/><net_sink comp="122" pin=1"/></net>

<net id="132"><net_src comp="24" pin="0"/><net_sink comp="128" pin=0"/></net>

<net id="133"><net_src comp="2" pin="0"/><net_sink comp="128" pin=1"/></net>

<net id="138"><net_src comp="24" pin="0"/><net_sink comp="134" pin=0"/></net>

<net id="139"><net_src comp="0" pin="0"/><net_sink comp="134" pin=1"/></net>

<net id="145"><net_src comp="66" pin="0"/><net_sink comp="140" pin=0"/></net>

<net id="146"><net_src comp="20" pin="0"/><net_sink comp="140" pin=1"/></net>

<net id="151"><net_src comp="26" pin="0"/><net_sink comp="147" pin=0"/></net>

<net id="156"><net_src comp="28" pin="0"/><net_sink comp="152" pin=0"/></net>

<net id="161"><net_src comp="134" pin="2"/><net_sink comp="157" pin=0"/></net>

<net id="169"><net_src comp="162" pin="1"/><net_sink comp="165" pin=0"/></net>

<net id="170"><net_src comp="30" pin="0"/><net_sink comp="165" pin=1"/></net>

<net id="200"><net_src comp="46" pin="0"/><net_sink comp="177" pin=0"/></net>

<net id="201"><net_src comp="26" pin="0"/><net_sink comp="177" pin=1"/></net>

<net id="202"><net_src comp="48" pin="0"/><net_sink comp="177" pin=3"/></net>

<net id="203"><net_src comp="50" pin="0"/><net_sink comp="177" pin=5"/></net>

<net id="204"><net_src comp="52" pin="0"/><net_sink comp="177" pin=7"/></net>

<net id="205"><net_src comp="54" pin="0"/><net_sink comp="177" pin=9"/></net>

<net id="206"><net_src comp="56" pin="0"/><net_sink comp="177" pin=11"/></net>

<net id="207"><net_src comp="58" pin="0"/><net_sink comp="177" pin=13"/></net>

<net id="208"><net_src comp="60" pin="0"/><net_sink comp="177" pin=15"/></net>

<net id="209"><net_src comp="62" pin="0"/><net_sink comp="177" pin=17"/></net>

<net id="210"><net_src comp="64" pin="0"/><net_sink comp="177" pin=19"/></net>

<net id="211"><net_src comp="162" pin="1"/><net_sink comp="177" pin=20"/></net>

<net id="216"><net_src comp="177" pin="21"/><net_sink comp="212" pin=0"/></net>

<net id="217"><net_src comp="171" pin="1"/><net_sink comp="212" pin=1"/></net>

<net id="223"><net_src comp="212" pin="2"/><net_sink comp="218" pin=0"/></net>

<net id="224"><net_src comp="177" pin="21"/><net_sink comp="218" pin=1"/></net>

<net id="225"><net_src comp="171" pin="1"/><net_sink comp="218" pin=2"/></net>

<net id="229"><net_src comp="162" pin="1"/><net_sink comp="226" pin=0"/></net>

<net id="235"><net_src comp="212" pin="2"/><net_sink comp="230" pin=0"/></net>

<net id="236"><net_src comp="226" pin="1"/><net_sink comp="230" pin=1"/></net>

<net id="237"><net_src comp="174" pin="1"/><net_sink comp="230" pin=2"/></net>

<net id="242"><net_src comp="162" pin="1"/><net_sink comp="238" pin=0"/></net>

<net id="243"><net_src comp="26" pin="0"/><net_sink comp="238" pin=1"/></net>

<net id="248"><net_src comp="238" pin="2"/><net_sink comp="244" pin=0"/></net>

<net id="253"><net_src comp="230" pin="3"/><net_sink comp="249" pin=0"/></net>

<net id="258"><net_src comp="218" pin="3"/><net_sink comp="254" pin=0"/></net>

<net id="262"><net_src comp="259" pin="1"/><net_sink comp="140" pin=2"/></net>

<net id="266"><net_src comp="68" pin="1"/><net_sink comp="263" pin=0"/></net>

<net id="267"><net_src comp="263" pin="1"/><net_sink comp="157" pin=1"/></net>

<net id="268"><net_src comp="263" pin="1"/><net_sink comp="171" pin=0"/></net>

<net id="269"><net_src comp="263" pin="1"/><net_sink comp="254" pin=1"/></net>

<net id="273"><net_src comp="72" pin="1"/><net_sink comp="270" pin=0"/></net>

<net id="274"><net_src comp="270" pin="1"/><net_sink comp="152" pin=1"/></net>

<net id="275"><net_src comp="270" pin="1"/><net_sink comp="174" pin=0"/></net>

<net id="276"><net_src comp="270" pin="1"/><net_sink comp="249" pin=1"/></net>

<net id="277"><net_src comp="270" pin="1"/><net_sink comp="259" pin=0"/></net>

<net id="281"><net_src comp="76" pin="1"/><net_sink comp="278" pin=0"/></net>

<net id="282"><net_src comp="278" pin="1"/><net_sink comp="147" pin=1"/></net>

<net id="283"><net_src comp="278" pin="1"/><net_sink comp="162" pin=0"/></net>

<net id="284"><net_src comp="278" pin="1"/><net_sink comp="244" pin=1"/></net>

<net id="288"><net_src comp="80" pin="2"/><net_sink comp="285" pin=0"/></net>

<net id="289"><net_src comp="285" pin="1"/><net_sink comp="177" pin=18"/></net>

<net id="293"><net_src comp="86" pin="2"/><net_sink comp="290" pin=0"/></net>

<net id="294"><net_src comp="290" pin="1"/><net_sink comp="177" pin=16"/></net>

<net id="298"><net_src comp="92" pin="2"/><net_sink comp="295" pin=0"/></net>

<net id="299"><net_src comp="295" pin="1"/><net_sink comp="177" pin=14"/></net>

<net id="303"><net_src comp="98" pin="2"/><net_sink comp="300" pin=0"/></net>

<net id="304"><net_src comp="300" pin="1"/><net_sink comp="177" pin=12"/></net>

<net id="308"><net_src comp="104" pin="2"/><net_sink comp="305" pin=0"/></net>

<net id="309"><net_src comp="305" pin="1"/><net_sink comp="177" pin=10"/></net>

<net id="313"><net_src comp="110" pin="2"/><net_sink comp="310" pin=0"/></net>

<net id="314"><net_src comp="310" pin="1"/><net_sink comp="177" pin=8"/></net>

<net id="318"><net_src comp="116" pin="2"/><net_sink comp="315" pin=0"/></net>

<net id="319"><net_src comp="315" pin="1"/><net_sink comp="177" pin=6"/></net>

<net id="323"><net_src comp="122" pin="2"/><net_sink comp="320" pin=0"/></net>

<net id="324"><net_src comp="320" pin="1"/><net_sink comp="177" pin=4"/></net>

<net id="328"><net_src comp="128" pin="2"/><net_sink comp="325" pin=0"/></net>

<net id="329"><net_src comp="325" pin="1"/><net_sink comp="177" pin=2"/></net>

</net_list>

</model> 
---------------- Datapath Model END ------------------

* FSMD analyzer results:
  - Output states:
	Port: best_class_out | {2 }
 - Input state : 
	Port: street_fighter_cnn_Pipeline_ARGMAX : p_0_0_080134 | {1 }
	Port: street_fighter_cnn_Pipeline_ARGMAX : final_scores | {1 }
	Port: street_fighter_cnn_Pipeline_ARGMAX : final_scores_1 | {1 }
	Port: street_fighter_cnn_Pipeline_ARGMAX : final_scores_2 | {1 }
	Port: street_fighter_cnn_Pipeline_ARGMAX : final_scores_3 | {1 }
	Port: street_fighter_cnn_Pipeline_ARGMAX : final_scores_4 | {1 }
	Port: street_fighter_cnn_Pipeline_ARGMAX : final_scores_5 | {1 }
	Port: street_fighter_cnn_Pipeline_ARGMAX : final_scores_6 | {1 }
	Port: street_fighter_cnn_Pipeline_ARGMAX : final_scores_7 | {1 }
	Port: street_fighter_cnn_Pipeline_ARGMAX : final_scores_8 | {1 }
  - Chain level:
	State 1
		store_ln157 : 1
		store_ln154 : 1
	State 2
		icmp_ln157 : 1
		br_ln157 : 2
		s : 1
		icmp_ln160 : 2
		max_val_1 : 3
		zext_ln160 : 1
		best_class_1 : 3
		add_ln157 : 1
		store_ln157 : 2
		store_ln154 : 4
		store_ln155 : 4
		write_ln0 : 1


============================================================
+ Verbose Summary: Datapath Resource usage 
============================================================

* Functional unit list:
|----------|---------------------------------|---------|---------|
| Operation|         Functional Unit         |    FF   |   LUT   |
|----------|---------------------------------|---------|---------|
| sparsemux|             s_fu_177            |    0    |    49   |
|----------|---------------------------------|---------|---------|
|  select  |         max_val_1_fu_218        |    0    |    16   |
|          |       best_class_1_fu_230       |    0    |    32   |
|----------|---------------------------------|---------|---------|
|   icmp   |        icmp_ln157_fu_165        |    0    |    12   |
|          |        icmp_ln160_fu_212        |    0    |    23   |
|----------|---------------------------------|---------|---------|
|    add   |         add_ln157_fu_238        |    0    |    12   |
|----------|---------------------------------|---------|---------|
|          |  final_scores_8_read_read_fu_80 |    0    |    0    |
|          |  final_scores_7_read_read_fu_86 |    0    |    0    |
|          |  final_scores_6_read_read_fu_92 |    0    |    0    |
|          |  final_scores_5_read_read_fu_98 |    0    |    0    |
|   read   | final_scores_4_read_read_fu_104 |    0    |    0    |
|          | final_scores_3_read_read_fu_110 |    0    |    0    |
|          | final_scores_2_read_read_fu_116 |    0    |    0    |
|          | final_scores_1_read_read_fu_122 |    0    |    0    |
|          |  final_scores_read_read_fu_128  |    0    |    0    |
|          |  p_0_0_080134_read_read_fu_134  |    0    |    0    |
|----------|---------------------------------|---------|---------|
|   write  |      write_ln0_write_fu_140     |    0    |    0    |
|----------|---------------------------------|---------|---------|
|   zext   |        zext_ln160_fu_226        |    0    |    0    |
|----------|---------------------------------|---------|---------|
|   Total  |                                 |    0    |   144   |
|----------|---------------------------------|---------|---------|

Memories:
N/A

* Register list:
+---------------------------+--------+
|                           |   FF   |
+---------------------------+--------+
|     best_class_reg_270    |   32   |
|final_scores_1_read_reg_320|   16   |
|final_scores_2_read_reg_315|   16   |
|final_scores_3_read_reg_310|   16   |
|final_scores_4_read_reg_305|   16   |
|final_scores_5_read_reg_300|   16   |
|final_scores_6_read_reg_295|   16   |
|final_scores_7_read_reg_290|   16   |
|final_scores_8_read_reg_285|   16   |
| final_scores_read_reg_325 |   16   |
|         i_reg_278         |    4   |
|      max_val_reg_263      |   16   |
+---------------------------+--------+
|           Total           |   196  |
+---------------------------+--------+

* Multiplexer (MUX) list: 
|--------|------|------|------|--------|
|  Comp  |  Pin | Size |  BW  | S x BW |
|--------|------|------|------|--------|
|  Total |      |      |      |    0   |
|--------|------|------|------|--------|



* Summary:
+-----------+--------+--------+
|           |   FF   |   LUT  |
+-----------+--------+--------+
|  Function |    0   |   144  |
|   Memory  |    -   |    -   |
|Multiplexer|    -   |    -   |
|  Register |   196  |    -   |
+-----------+--------+--------+
|   Total   |   196  |   144  |
+-----------+--------+--------+
