

================================================================
== Vitis HLS Report for 'street_fighter_cnn_Pipeline_LOAD_INPUT'
================================================================
* Date:           Mon Apr  6 15:57:44 2026

* Version:        2025.2 (Build 6295257 on Nov 14 2025)
* Project:        streetfighter
* Solution:       hls (Vitis Kernel Flow Target)
* Product family: zynquplus
* Target device:  xczu3eg-sbva484-1-i


================================================================
== Performance Estimates
================================================================
+ Timing: 
    * Summary: 
    +--------+----------+----------+------------+
    |  Clock |  Target  | Estimated| Uncertainty|
    +--------+----------+----------+------------+
    |ap_clk  |  10.00 ns|  7.300 ns|     2.70 ns|
    +--------+----------+----------+------------+

+ Latency: 
    * Summary: 
    +---------+---------+----------+----------+-----+-----+-------------------+
    |  Latency (cycles) |  Latency (absolute) |  Interval |      Pipeline     |
    |   min   |   max   |    min   |    max   | min | max |        Type       |
    +---------+---------+----------+----------+-----+-----+-------------------+
    |      123|      123|  1.230 us|  1.230 us|    0|    0|  loop pipeline stp|
    +---------+---------+----------+----------+-----+-----+-------------------+

    + Detail: 
        * Instance: 
        N/A

        * Loop: 
        +--------------+---------+---------+----------+-----------+-----------+------+----------+
        |              |  Latency (cycles) | Iteration|  Initiation Interval  | Trip |          |
        |   Loop Name  |   min   |   max   |  Latency |  achieved |   target  | Count| Pipelined|
        +--------------+---------+---------+----------+-----------+-----------+------+----------+
        |- LOAD_INPUT  |      121|      121|         3|          1|          1|   120|       yes|
        +--------------+---------+---------+----------+-----------+-----------+------+----------+

============================================================
+ Verbose Summary: Synthesis Manager
============================================================
InlineROM: 1
ExposeGlobal: 0
============================================================
+ Verbose Summary: CDFG Model
============================================================
IsTopModel: 0
ResetActiveHigh: 1
IsCombinational: 0
IsDatapathOnly: 0
HasWiredReturn: 1
HasMFsm: 2
HasVarLatency: 1
IsPipeline: 0
IsRtlPipelined: 0
IsInstanceOverlapped: 0
IsDontTouch: 0
HasImplIP: 0
IsGatedGlobalClock: 0

+ Individual pipeline summary: 
  * Pipeline-0: initiation interval (II) = 1, depth = 3


============================================================
+ Verbose Summary: Schedule
============================================================
* Number of FSM states : 3
* Pipeline : 1
  Pipeline-0 : II = 1, D = 3, States = { 1 2 3 }
* Dataflow Pipeline: 0

* FSM state transitions: 
1 --> 2 
2 --> 3 
3 --> 

* FSM state operations: 

State 1 <SV = 0> <Delay = 2.29>
ST_1 : Operation 6 [1/1] (0.00ns)   --->   "%phi_urem45 = alloca i32 1"   --->   Operation 6 'alloca' 'phi_urem45' <Predicate = true> <Delay = 0.00>
ST_1 : Operation 7 [1/1] (0.00ns)   --->   "%phi_urem = alloca i32 1"   --->   Operation 7 'alloca' 'phi_urem' <Predicate = true> <Delay = 0.00>
ST_1 : Operation 8 [1/1] (0.00ns)   --->   "%phi_mul = alloca i32 1"   --->   Operation 8 'alloca' 'phi_mul' <Predicate = true> <Delay = 0.00>
ST_1 : Operation 9 [1/1] (0.00ns)   --->   "%shiftreg = alloca i32 1"   --->   Operation 9 'alloca' 'shiftreg' <Predicate = true> <Delay = 0.00>
ST_1 : Operation 10 [1/1] (0.00ns)   --->   "%i = alloca i32 1" [src/cnn_top.cpp:59]   --->   Operation 10 'alloca' 'i' <Predicate = true> <Delay = 0.00>
ST_1 : Operation 11 [1/1] (0.00ns)   --->   "%sext_ln59_read = read i60 @_ssdm_op_Read.ap_auto.i60, i60 %sext_ln59"   --->   Operation 11 'read' 'sext_ln59_read' <Predicate = true> <Delay = 0.00>
ST_1 : Operation 12 [1/1] (0.00ns)   --->   "%sext_ln59_cast = sext i60 %sext_ln59_read"   --->   Operation 12 'sext' 'sext_ln59_cast' <Predicate = true> <Delay = 0.00>
ST_1 : Operation 13 [1/1] (0.00ns)   --->   "%specinterface_ln0 = specinterface void @_ssdm_op_SpecInterface, i128 %gmem0, void @empty_11, i32 0, i32 0, void @empty_14, i32 64, i32 15, void @empty_10, void @empty_9, void @empty_14, i32 16, i32 16, i32 16, i32 16, void @empty_14, void @empty_14, i32 4294967295, i32 0, i32 0, i32 16"   --->   Operation 13 'specinterface' 'specinterface_ln0' <Predicate = true> <Delay = 0.00>
ST_1 : Operation 14 [1/1] (0.48ns)   --->   "%store_ln59 = store i7 0, i7 %i" [src/cnn_top.cpp:59]   --->   Operation 14 'store' 'store_ln59' <Predicate = true> <Delay = 0.48>
ST_1 : Operation 15 [1/1] (0.48ns)   --->   "%store_ln0 = store i112 0, i112 %shiftreg"   --->   Operation 15 'store' 'store_ln0' <Predicate = true> <Delay = 0.48>
ST_1 : Operation 16 [1/1] (0.48ns)   --->   "%store_ln0 = store i15 0, i15 %phi_mul"   --->   Operation 16 'store' 'store_ln0' <Predicate = true> <Delay = 0.48>
ST_1 : Operation 17 [1/1] (0.48ns)   --->   "%store_ln0 = store i7 0, i7 %phi_urem"   --->   Operation 17 'store' 'store_ln0' <Predicate = true> <Delay = 0.48>
ST_1 : Operation 18 [1/1] (0.48ns)   --->   "%store_ln0 = store i7 0, i7 %phi_urem45"   --->   Operation 18 'store' 'store_ln0' <Predicate = true> <Delay = 0.48>
ST_1 : Operation 19 [1/1] (0.00ns)   --->   "%br_ln0 = br void %for.body"   --->   Operation 19 'br' 'br_ln0' <Predicate = true> <Delay = 0.00>
ST_1 : Operation 20 [1/1] (0.00ns)   --->   "%phi_urem45_load = load i7 %phi_urem45" [src/cnn_top.cpp:59]   --->   Operation 20 'load' 'phi_urem45_load' <Predicate = true> <Delay = 0.00>
ST_1 : Operation 21 [1/1] (0.00ns)   --->   "%i_1 = load i7 %i" [src/cnn_top.cpp:59]   --->   Operation 21 'load' 'i_1' <Predicate = true> <Delay = 0.00>
ST_1 : Operation 22 [1/1] (0.00ns)   --->   "%specbitsmap_ln0 = specbitsmap void @_ssdm_op_SpecBitsMap, i128 %gmem0"   --->   Operation 22 'specbitsmap' 'specbitsmap_ln0' <Predicate = true> <Delay = 0.00>
ST_1 : Operation 23 [1/1] (0.89ns)   --->   "%icmp_ln59 = icmp_eq  i7 %i_1, i7 120" [src/cnn_top.cpp:59]   --->   Operation 23 'icmp' 'icmp_ln59' <Predicate = true> <Delay = 0.89> <CoreInst = "Cmp">   --->   Core 9 'Cmp' <Latency = 0> <II = 1> <Delay = 0.89> <FuncUnit> <Opcode : 'seteq' 'setne' 'setle' 'setge' 'setlt' 'setgt'> <InPorts = 2> <OutPorts = 1>
ST_1 : Operation 24 [1/1] (0.89ns)   --->   "%add_ln59 = add i7 %i_1, i7 1" [src/cnn_top.cpp:59]   --->   Operation 24 'add' 'add_ln59' <Predicate = true> <Delay = 0.89> <CoreInst = "Adder">   --->   Core 1 'Adder' <Latency = 0> <II = 1> <Delay = 0.89> <FuncUnit> <Opcode : 'add' 'sub'> <InPorts = 2> <OutPorts = 1>
ST_1 : Operation 25 [1/1] (0.00ns)   --->   "%br_ln59 = br i1 %icmp_ln59, void %for.body.split, void %for.body13.preheader.exitStub" [src/cnn_top.cpp:59]   --->   Operation 25 'br' 'br_ln59' <Predicate = true> <Delay = 0.00>
ST_1 : Operation 26 [1/1] (0.00ns)   --->   "%trunc_ln59 = trunc i7 %i_1" [src/cnn_top.cpp:59]   --->   Operation 26 'trunc' 'trunc_ln59' <Predicate = (!icmp_ln59)> <Delay = 0.00>
ST_1 : Operation 27 [1/1] (0.74ns)   --->   "%icmp_ln61 = icmp_eq  i3 %trunc_ln59, i3 0" [src/cnn_top.cpp:61]   --->   Operation 27 'icmp' 'icmp_ln61' <Predicate = (!icmp_ln59)> <Delay = 0.74> <CoreInst = "Cmp">   --->   Core 9 'Cmp' <Latency = 0> <II = 1> <Delay = 0.74> <FuncUnit> <Opcode : 'seteq' 'setne' 'setle' 'setge' 'setlt' 'setgt'> <InPorts = 2> <OutPorts = 1>
ST_1 : Operation 28 [1/1] (0.48ns)   --->   "%br_ln61 = br i1 %icmp_ln61, void %for.body.split._crit_edge, void" [src/cnn_top.cpp:61]   --->   Operation 28 'br' 'br_ln61' <Predicate = (!icmp_ln59)> <Delay = 0.48>
ST_1 : Operation 29 [1/1] (0.00ns)   --->   "%phi_mul_load = load i15 %phi_mul" [src/cnn_top.cpp:62]   --->   Operation 29 'load' 'phi_mul_load' <Predicate = (!icmp_ln59)> <Delay = 0.00>
ST_1 : Operation 30 [1/1] (1.00ns)   --->   "%add_ln62_1 = add i15 %phi_mul_load, i15 205" [src/cnn_top.cpp:62]   --->   Operation 30 'add' 'add_ln62_1' <Predicate = (!icmp_ln59)> <Delay = 1.00> <CoreInst = "Adder">   --->   Core 1 'Adder' <Latency = 0> <II = 1> <Delay = 1.00> <FuncUnit> <Opcode : 'add' 'sub'> <InPorts = 2> <OutPorts = 1>
ST_1 : Operation 31 [1/1] (0.00ns)   --->   "%trunc_ln62_1 = partselect i3 @_ssdm_op_PartSelect.i3.i15.i32.i32, i15 %phi_mul_load, i32 12, i32 14" [src/cnn_top.cpp:62]   --->   Operation 31 'partselect' 'trunc_ln62_1' <Predicate = (!icmp_ln59)> <Delay = 0.00>
ST_1 : Operation 32 [1/1] (0.00ns)   --->   "%trunc_ln62_3 = trunc i7 %phi_urem45_load" [src/cnn_top.cpp:62]   --->   Operation 32 'trunc' 'trunc_ln62_3' <Predicate = (!icmp_ln59)> <Delay = 0.00>
ST_1 : Operation 33 [1/1] (0.74ns)   --->   "%switch_ln62 = switch i3 %trunc_ln62_1, void %arrayidx415.case.5, i3 0, void %arrayidx415.case.0, i3 1, void %arrayidx415.case.1, i3 2, void %arrayidx415.case.2, i3 3, void %arrayidx415.case.3, i3 4, void %arrayidx415.case.4" [src/cnn_top.cpp:62]   --->   Operation 33 'switch' 'switch_ln62' <Predicate = (!icmp_ln59)> <Delay = 0.74>
ST_1 : Operation 34 [1/1] (0.74ns)   --->   "%switch_ln62 = switch i3 %trunc_ln62_3, void %arrayidx415_4.case.4, i3 0, void %arrayidx415_4.case.0, i3 1, void %arrayidx415_4.case.1, i3 2, void %arrayidx415_4.case.2, i3 3, void %arrayidx415_4.case.3" [src/cnn_top.cpp:62]   --->   Operation 34 'switch' 'switch_ln62' <Predicate = (!icmp_ln59 & trunc_ln62_1 == 4)> <Delay = 0.74>
ST_1 : Operation 35 [1/1] (0.00ns)   --->   "%br_ln62 = br void %arrayidx415.exit" [src/cnn_top.cpp:62]   --->   Operation 35 'br' 'br_ln62' <Predicate = (!icmp_ln59 & trunc_ln62_1 == 4)> <Delay = 0.00>
ST_1 : Operation 36 [1/1] (0.74ns)   --->   "%switch_ln62 = switch i3 %trunc_ln62_3, void %arrayidx415_3.case.4, i3 0, void %arrayidx415_3.case.0, i3 1, void %arrayidx415_3.case.1, i3 2, void %arrayidx415_3.case.2, i3 3, void %arrayidx415_3.case.3" [src/cnn_top.cpp:62]   --->   Operation 36 'switch' 'switch_ln62' <Predicate = (!icmp_ln59 & trunc_ln62_1 == 3)> <Delay = 0.74>
ST_1 : Operation 37 [1/1] (0.00ns)   --->   "%br_ln62 = br void %arrayidx415.exit" [src/cnn_top.cpp:62]   --->   Operation 37 'br' 'br_ln62' <Predicate = (!icmp_ln59 & trunc_ln62_1 == 3)> <Delay = 0.00>
ST_1 : Operation 38 [1/1] (0.74ns)   --->   "%switch_ln62 = switch i3 %trunc_ln62_3, void %arrayidx415_2.case.4, i3 0, void %arrayidx415_2.case.0, i3 1, void %arrayidx415_2.case.1, i3 2, void %arrayidx415_2.case.2, i3 3, void %arrayidx415_2.case.3" [src/cnn_top.cpp:62]   --->   Operation 38 'switch' 'switch_ln62' <Predicate = (!icmp_ln59 & trunc_ln62_1 == 2)> <Delay = 0.74>
ST_1 : Operation 39 [1/1] (0.00ns)   --->   "%br_ln62 = br void %arrayidx415.exit" [src/cnn_top.cpp:62]   --->   Operation 39 'br' 'br_ln62' <Predicate = (!icmp_ln59 & trunc_ln62_1 == 2)> <Delay = 0.00>
ST_1 : Operation 40 [1/1] (0.74ns)   --->   "%switch_ln62 = switch i3 %trunc_ln62_3, void %arrayidx415_1.case.4, i3 0, void %arrayidx415_1.case.0, i3 1, void %arrayidx415_1.case.1, i3 2, void %arrayidx415_1.case.2, i3 3, void %arrayidx415_1.case.3" [src/cnn_top.cpp:62]   --->   Operation 40 'switch' 'switch_ln62' <Predicate = (!icmp_ln59 & trunc_ln62_1 == 1)> <Delay = 0.74>
ST_1 : Operation 41 [1/1] (0.00ns)   --->   "%br_ln62 = br void %arrayidx415.exit" [src/cnn_top.cpp:62]   --->   Operation 41 'br' 'br_ln62' <Predicate = (!icmp_ln59 & trunc_ln62_1 == 1)> <Delay = 0.00>
ST_1 : Operation 42 [1/1] (0.74ns)   --->   "%switch_ln62 = switch i3 %trunc_ln62_3, void %arrayidx415_0.case.4, i3 0, void %arrayidx415_0.case.0, i3 1, void %arrayidx415_0.case.1, i3 2, void %arrayidx415_0.case.2, i3 3, void %arrayidx415_0.case.3" [src/cnn_top.cpp:62]   --->   Operation 42 'switch' 'switch_ln62' <Predicate = (!icmp_ln59 & trunc_ln62_1 == 0)> <Delay = 0.74>
ST_1 : Operation 43 [1/1] (0.00ns)   --->   "%br_ln62 = br void %arrayidx415.exit" [src/cnn_top.cpp:62]   --->   Operation 43 'br' 'br_ln62' <Predicate = (!icmp_ln59 & trunc_ln62_1 == 0)> <Delay = 0.00>
ST_1 : Operation 44 [1/1] (0.74ns)   --->   "%switch_ln62 = switch i3 %trunc_ln62_3, void %arrayidx415_5.case.4, i3 0, void %arrayidx415_5.case.0, i3 1, void %arrayidx415_5.case.1, i3 2, void %arrayidx415_5.case.2, i3 3, void %arrayidx415_5.case.3" [src/cnn_top.cpp:62]   --->   Operation 44 'switch' 'switch_ln62' <Predicate = (!icmp_ln59 & trunc_ln62_1 != 0 & trunc_ln62_1 != 1 & trunc_ln62_1 != 2 & trunc_ln62_1 != 3 & trunc_ln62_1 != 4)> <Delay = 0.74>
ST_1 : Operation 45 [1/1] (0.00ns)   --->   "%br_ln62 = br void %arrayidx415.exit" [src/cnn_top.cpp:62]   --->   Operation 45 'br' 'br_ln62' <Predicate = (!icmp_ln59 & trunc_ln62_1 != 0 & trunc_ln62_1 != 1 & trunc_ln62_1 != 2 & trunc_ln62_1 != 3 & trunc_ln62_1 != 4)> <Delay = 0.00>
ST_1 : Operation 46 [1/1] (0.89ns)   --->   "%icmp_ln63 = icmp_eq  i7 %i_1, i7 0" [src/cnn_top.cpp:63]   --->   Operation 46 'icmp' 'icmp_ln63' <Predicate = (!icmp_ln59)> <Delay = 0.89> <CoreInst = "Cmp">   --->   Core 9 'Cmp' <Latency = 0> <II = 1> <Delay = 0.89> <FuncUnit> <Opcode : 'seteq' 'setne' 'setle' 'setge' 'setlt' 'setgt'> <InPorts = 2> <OutPorts = 1>
ST_1 : Operation 47 [1/1] (0.00ns)   --->   "%br_ln63 = br i1 %icmp_ln63, void %for.inc, void %if.then" [src/cnn_top.cpp:63]   --->   Operation 47 'br' 'br_ln63' <Predicate = (!icmp_ln59)> <Delay = 0.00>
ST_1 : Operation 48 [1/1] (0.89ns)   --->   "%add_ln59_1 = add i7 %phi_urem45_load, i7 1" [src/cnn_top.cpp:59]   --->   Operation 48 'add' 'add_ln59_1' <Predicate = (!icmp_ln59)> <Delay = 0.89> <CoreInst = "Adder">   --->   Core 1 'Adder' <Latency = 0> <II = 1> <Delay = 0.89> <FuncUnit> <Opcode : 'add' 'sub'> <InPorts = 2> <OutPorts = 1>
ST_1 : Operation 49 [1/1] (0.89ns)   --->   "%icmp_ln59_1 = icmp_eq  i7 %phi_urem45_load, i7 4" [src/cnn_top.cpp:59]   --->   Operation 49 'icmp' 'icmp_ln59_1' <Predicate = (!icmp_ln59)> <Delay = 0.89> <CoreInst = "Cmp">   --->   Core 9 'Cmp' <Latency = 0> <II = 1> <Delay = 0.89> <FuncUnit> <Opcode : 'seteq' 'setne' 'setle' 'setge' 'setlt' 'setgt'> <InPorts = 2> <OutPorts = 1>
ST_1 : Operation 50 [1/1] (0.42ns)   --->   "%select_ln59 = select i1 %icmp_ln59_1, i7 0, i7 %add_ln59_1" [src/cnn_top.cpp:59]   --->   Operation 50 'select' 'select_ln59' <Predicate = (!icmp_ln59)> <Delay = 0.42> <CoreInst = "Sel">   --->   Core 73 'Sel' <Latency = 0> <II = 1> <Delay = 0.42> <FuncUnit> <Opcode : 'select'> <InPorts = 3> <OutPorts = 1>
ST_1 : Operation 51 [1/1] (0.48ns)   --->   "%store_ln59 = store i7 %add_ln59, i7 %i" [src/cnn_top.cpp:59]   --->   Operation 51 'store' 'store_ln59' <Predicate = (!icmp_ln59)> <Delay = 0.48>
ST_1 : Operation 52 [1/1] (0.48ns)   --->   "%store_ln62 = store i15 %add_ln62_1, i15 %phi_mul" [src/cnn_top.cpp:62]   --->   Operation 52 'store' 'store_ln62' <Predicate = (!icmp_ln59)> <Delay = 0.48>
ST_1 : Operation 53 [1/1] (0.48ns)   --->   "%store_ln59 = store i7 %select_ln59, i7 %phi_urem45" [src/cnn_top.cpp:59]   --->   Operation 53 'store' 'store_ln59' <Predicate = (!icmp_ln59)> <Delay = 0.48>

State 2 <SV = 1> <Delay = 7.30>
ST_2 : Operation 54 [1/1] (0.00ns)   --->   "%gmem0_addr = getelementptr i128 %gmem0, i64 %sext_ln59_cast" [src/cnn_top.cpp:59]   --->   Operation 54 'getelementptr' 'gmem0_addr' <Predicate = (!icmp_ln59)> <Delay = 0.00>
ST_2 : Operation 55 [1/1] ( I:7.30ns O:7.30ns )   --->   "%gmem0_addr_read = read i128 @_ssdm_op_Read.m_axi.i128.p1i128, i128 %gmem0_addr" [src/cnn_top.cpp:61]   --->   Operation 55 'read' 'gmem0_addr_read' <Predicate = (!icmp_ln59 & icmp_ln61)> <Delay = 7.30> <CoreInst = "m_axi">   --->   Core 119 'm_axi' <Latency = 3> <II = 1> <Delay = 1.00> <Adapter> <Opcode : 'readrequnaligned' 'writerequnaligned' 'read' 'write' 'readreq' 'writereq' 'writeresp'>
ST_2 : Operation 170 [1/1] (0.48ns)   --->   "%ret_ln0 = ret"   --->   Operation 170 'ret' 'ret_ln0' <Predicate = (icmp_ln59)> <Delay = 0.48>

State 3 <SV = 2> <Delay = 2.61>
ST_3 : Operation 56 [1/1] (0.00ns)   --->   "%shiftreg_load = load i112 %shiftreg" [src/cnn_top.cpp:59]   --->   Operation 56 'load' 'shiftreg_load' <Predicate = (!icmp_ln59)> <Delay = 0.00>
ST_3 : Operation 57 [1/1] (0.00ns)   --->   "%zext_ln59 = zext i112 %shiftreg_load" [src/cnn_top.cpp:59]   --->   Operation 57 'zext' 'zext_ln59' <Predicate = (!icmp_ln59)> <Delay = 0.00>
ST_3 : Operation 58 [1/1] (0.00ns)   --->   "%specpipeline_ln60 = specpipeline void @_ssdm_op_SpecPipeline, i32 1, i32 0, i32 0, i32 0, i32 4294967295, void @empty_14" [src/cnn_top.cpp:60]   --->   Operation 58 'specpipeline' 'specpipeline_ln60' <Predicate = (!icmp_ln59)> <Delay = 0.00>
ST_3 : Operation 59 [1/1] (0.00ns)   --->   "%speclooptripcount_ln59 = speclooptripcount void @_ssdm_op_SpecLoopTripCount, i64 120, i64 120, i64 120" [src/cnn_top.cpp:59]   --->   Operation 59 'speclooptripcount' 'speclooptripcount_ln59' <Predicate = (!icmp_ln59)> <Delay = 0.00>
ST_3 : Operation 60 [1/1] (0.00ns)   --->   "%specloopname_ln59 = specloopname void @_ssdm_op_SpecLoopName, void @empty_15" [src/cnn_top.cpp:59]   --->   Operation 60 'specloopname' 'specloopname_ln59' <Predicate = (!icmp_ln59)> <Delay = 0.00>
ST_3 : Operation 61 [1/1] (0.48ns)   --->   "%br_ln61 = br void %for.body.split._crit_edge" [src/cnn_top.cpp:61]   --->   Operation 61 'br' 'br_ln61' <Predicate = (!icmp_ln59 & icmp_ln61)> <Delay = 0.48>
ST_3 : Operation 62 [1/1] (0.00ns)   --->   "%empty = phi i128 %gmem0_addr_read, void, i128 %zext_ln59, void %for.body.split" [src/cnn_top.cpp:61]   --->   Operation 62 'phi' 'empty' <Predicate = true> <Delay = 0.00>
ST_3 : Operation 63 [1/1] (0.00ns)   --->   "%phi_urem_load_1 = load i7 %phi_urem" [src/cnn_top.cpp:62]   --->   Operation 63 'load' 'phi_urem_load_1' <Predicate = true> <Delay = 0.00>
ST_3 : Operation 64 [1/1] (0.00ns)   --->   "%val = trunc i128 %empty" [src/cnn_top.cpp:61]   --->   Operation 64 'trunc' 'val' <Predicate = true> <Delay = 0.00>
ST_3 : Operation 65 [1/1] (0.00ns)   --->   "%trunc_ln61_1 = partselect i112 @_ssdm_op_PartSelect.i112.i128.i32.i32, i128 %empty, i32 16, i32 127" [src/cnn_top.cpp:61]   --->   Operation 65 'partselect' 'trunc_ln61_1' <Predicate = true> <Delay = 0.00>
ST_3 : Operation 66 [1/1] (0.00ns)   --->   "%trunc_ln62_2 = trunc i7 %phi_urem_load_1" [src/cnn_top.cpp:62]   --->   Operation 66 'trunc' 'trunc_ln62_2' <Predicate = true> <Delay = 0.00>
ST_3 : Operation 67 [1/1] (0.00ns)   --->   "%zext_ln62_1 = zext i5 %trunc_ln62_2" [src/cnn_top.cpp:62]   --->   Operation 67 'zext' 'zext_ln62_1' <Predicate = true> <Delay = 0.00>
ST_3 : Operation 68 [1/1] (1.82ns)   --->   "%mul_ln62 = mul i11 %zext_ln62_1, i11 52" [src/cnn_top.cpp:62]   --->   Operation 68 'mul' 'mul_ln62' <Predicate = true> <Delay = 1.82> <CoreInst = "Multiplier">   --->   Core 3 'Multiplier' <Latency = 0> <II = 1> <Delay = 1.82> <FuncUnit> <Opcode : 'mul'> <InPorts = 2> <OutPorts = 1>
ST_3 : Operation 69 [1/1] (0.00ns)   --->   "%tmp = partselect i3 @_ssdm_op_PartSelect.i3.i11.i32.i32, i11 %mul_ln62, i32 8, i32 10" [src/cnn_top.cpp:62]   --->   Operation 69 'partselect' 'tmp' <Predicate = true> <Delay = 0.00>
ST_3 : Operation 70 [1/1] (0.00ns)   --->   "%zext_ln62 = zext i3 %tmp" [src/cnn_top.cpp:62]   --->   Operation 70 'zext' 'zext_ln62' <Predicate = true> <Delay = 0.00>
ST_3 : Operation 71 [1/1] (0.00ns)   --->   "%local_input_addr = getelementptr i16 %local_input, i64 0, i64 %zext_ln62" [src/cnn_top.cpp:62]   --->   Operation 71 'getelementptr' 'local_input_addr' <Predicate = true> <Delay = 0.00>
ST_3 : Operation 72 [1/1] (0.00ns)   --->   "%local_input_1_addr = getelementptr i16 %local_input_1, i64 0, i64 %zext_ln62" [src/cnn_top.cpp:62]   --->   Operation 72 'getelementptr' 'local_input_1_addr' <Predicate = true> <Delay = 0.00>
ST_3 : Operation 73 [1/1] (0.00ns)   --->   "%local_input_2_addr = getelementptr i16 %local_input_2, i64 0, i64 %zext_ln62" [src/cnn_top.cpp:62]   --->   Operation 73 'getelementptr' 'local_input_2_addr' <Predicate = true> <Delay = 0.00>
ST_3 : Operation 74 [1/1] (0.00ns)   --->   "%local_input_3_addr = getelementptr i16 %local_input_3, i64 0, i64 %zext_ln62" [src/cnn_top.cpp:62]   --->   Operation 74 'getelementptr' 'local_input_3_addr' <Predicate = true> <Delay = 0.00>
ST_3 : Operation 75 [1/1] (0.00ns)   --->   "%local_input_4_addr = getelementptr i16 %local_input_4, i64 0, i64 %zext_ln62" [src/cnn_top.cpp:62]   --->   Operation 75 'getelementptr' 'local_input_4_addr' <Predicate = true> <Delay = 0.00>
ST_3 : Operation 76 [1/1] (0.00ns)   --->   "%local_input_5_addr = getelementptr i16 %local_input_5, i64 0, i64 %zext_ln62" [src/cnn_top.cpp:62]   --->   Operation 76 'getelementptr' 'local_input_5_addr' <Predicate = true> <Delay = 0.00>
ST_3 : Operation 77 [1/1] (0.00ns)   --->   "%local_input_6_addr = getelementptr i16 %local_input_6, i64 0, i64 %zext_ln62" [src/cnn_top.cpp:62]   --->   Operation 77 'getelementptr' 'local_input_6_addr' <Predicate = true> <Delay = 0.00>
ST_3 : Operation 78 [1/1] (0.00ns)   --->   "%local_input_7_addr = getelementptr i16 %local_input_7, i64 0, i64 %zext_ln62" [src/cnn_top.cpp:62]   --->   Operation 78 'getelementptr' 'local_input_7_addr' <Predicate = true> <Delay = 0.00>
ST_3 : Operation 79 [1/1] (0.00ns)   --->   "%local_input_8_addr = getelementptr i16 %local_input_8, i64 0, i64 %zext_ln62" [src/cnn_top.cpp:62]   --->   Operation 79 'getelementptr' 'local_input_8_addr' <Predicate = true> <Delay = 0.00>
ST_3 : Operation 80 [1/1] (0.00ns)   --->   "%local_input_9_addr = getelementptr i16 %local_input_9, i64 0, i64 %zext_ln62" [src/cnn_top.cpp:62]   --->   Operation 80 'getelementptr' 'local_input_9_addr' <Predicate = true> <Delay = 0.00>
ST_3 : Operation 81 [1/1] (0.00ns)   --->   "%local_input_10_addr = getelementptr i16 %local_input_10, i64 0, i64 %zext_ln62" [src/cnn_top.cpp:62]   --->   Operation 81 'getelementptr' 'local_input_10_addr' <Predicate = true> <Delay = 0.00>
ST_3 : Operation 82 [1/1] (0.00ns)   --->   "%local_input_11_addr = getelementptr i16 %local_input_11, i64 0, i64 %zext_ln62" [src/cnn_top.cpp:62]   --->   Operation 82 'getelementptr' 'local_input_11_addr' <Predicate = true> <Delay = 0.00>
ST_3 : Operation 83 [1/1] (0.00ns)   --->   "%local_input_12_addr = getelementptr i16 %local_input_12, i64 0, i64 %zext_ln62" [src/cnn_top.cpp:62]   --->   Operation 83 'getelementptr' 'local_input_12_addr' <Predicate = true> <Delay = 0.00>
ST_3 : Operation 84 [1/1] (0.00ns)   --->   "%local_input_13_addr = getelementptr i16 %local_input_13, i64 0, i64 %zext_ln62" [src/cnn_top.cpp:62]   --->   Operation 84 'getelementptr' 'local_input_13_addr' <Predicate = true> <Delay = 0.00>
ST_3 : Operation 85 [1/1] (0.00ns)   --->   "%local_input_14_addr = getelementptr i16 %local_input_14, i64 0, i64 %zext_ln62" [src/cnn_top.cpp:62]   --->   Operation 85 'getelementptr' 'local_input_14_addr' <Predicate = true> <Delay = 0.00>
ST_3 : Operation 86 [1/1] (0.00ns)   --->   "%local_input_15_addr = getelementptr i16 %local_input_15, i64 0, i64 %zext_ln62" [src/cnn_top.cpp:62]   --->   Operation 86 'getelementptr' 'local_input_15_addr' <Predicate = true> <Delay = 0.00>
ST_3 : Operation 87 [1/1] (0.00ns)   --->   "%local_input_16_addr = getelementptr i16 %local_input_16, i64 0, i64 %zext_ln62" [src/cnn_top.cpp:62]   --->   Operation 87 'getelementptr' 'local_input_16_addr' <Predicate = true> <Delay = 0.00>
ST_3 : Operation 88 [1/1] (0.00ns)   --->   "%local_input_17_addr = getelementptr i16 %local_input_17, i64 0, i64 %zext_ln62" [src/cnn_top.cpp:62]   --->   Operation 88 'getelementptr' 'local_input_17_addr' <Predicate = true> <Delay = 0.00>
ST_3 : Operation 89 [1/1] (0.00ns)   --->   "%local_input_18_addr = getelementptr i16 %local_input_18, i64 0, i64 %zext_ln62" [src/cnn_top.cpp:62]   --->   Operation 89 'getelementptr' 'local_input_18_addr' <Predicate = true> <Delay = 0.00>
ST_3 : Operation 90 [1/1] (0.00ns)   --->   "%local_input_19_addr = getelementptr i16 %local_input_19, i64 0, i64 %zext_ln62" [src/cnn_top.cpp:62]   --->   Operation 90 'getelementptr' 'local_input_19_addr' <Predicate = true> <Delay = 0.00>
ST_3 : Operation 91 [1/1] (0.00ns)   --->   "%local_input_20_addr = getelementptr i16 %local_input_20, i64 0, i64 %zext_ln62" [src/cnn_top.cpp:62]   --->   Operation 91 'getelementptr' 'local_input_20_addr' <Predicate = true> <Delay = 0.00>
ST_3 : Operation 92 [1/1] (0.00ns)   --->   "%local_input_21_addr = getelementptr i16 %local_input_21, i64 0, i64 %zext_ln62" [src/cnn_top.cpp:62]   --->   Operation 92 'getelementptr' 'local_input_21_addr' <Predicate = true> <Delay = 0.00>
ST_3 : Operation 93 [1/1] (0.00ns)   --->   "%local_input_22_addr = getelementptr i16 %local_input_22, i64 0, i64 %zext_ln62" [src/cnn_top.cpp:62]   --->   Operation 93 'getelementptr' 'local_input_22_addr' <Predicate = true> <Delay = 0.00>
ST_3 : Operation 94 [1/1] (0.00ns)   --->   "%local_input_23_addr = getelementptr i16 %local_input_23, i64 0, i64 %zext_ln62" [src/cnn_top.cpp:62]   --->   Operation 94 'getelementptr' 'local_input_23_addr' <Predicate = true> <Delay = 0.00>
ST_3 : Operation 95 [1/1] (0.00ns)   --->   "%local_input_24_addr = getelementptr i16 %local_input_24, i64 0, i64 %zext_ln62" [src/cnn_top.cpp:62]   --->   Operation 95 'getelementptr' 'local_input_24_addr' <Predicate = true> <Delay = 0.00>
ST_3 : Operation 96 [1/1] (0.00ns)   --->   "%local_input_25_addr = getelementptr i16 %local_input_25, i64 0, i64 %zext_ln62" [src/cnn_top.cpp:62]   --->   Operation 96 'getelementptr' 'local_input_25_addr' <Predicate = true> <Delay = 0.00>
ST_3 : Operation 97 [1/1] (0.00ns)   --->   "%local_input_26_addr = getelementptr i16 %local_input_26, i64 0, i64 %zext_ln62" [src/cnn_top.cpp:62]   --->   Operation 97 'getelementptr' 'local_input_26_addr' <Predicate = true> <Delay = 0.00>
ST_3 : Operation 98 [1/1] (0.00ns)   --->   "%local_input_27_addr = getelementptr i16 %local_input_27, i64 0, i64 %zext_ln62" [src/cnn_top.cpp:62]   --->   Operation 98 'getelementptr' 'local_input_27_addr' <Predicate = true> <Delay = 0.00>
ST_3 : Operation 99 [1/1] (0.00ns)   --->   "%local_input_28_addr = getelementptr i16 %local_input_28, i64 0, i64 %zext_ln62" [src/cnn_top.cpp:62]   --->   Operation 99 'getelementptr' 'local_input_28_addr' <Predicate = true> <Delay = 0.00>
ST_3 : Operation 100 [1/1] (0.00ns)   --->   "%local_input_29_addr = getelementptr i16 %local_input_29, i64 0, i64 %zext_ln62" [src/cnn_top.cpp:62]   --->   Operation 100 'getelementptr' 'local_input_29_addr' <Predicate = true> <Delay = 0.00>
ST_3 : Operation 101 [1/1] ( I:0.79ns O:0.79ns )   --->   "%store_ln62 = store i16 %val, i2 %local_input_23_addr" [src/cnn_top.cpp:62]   --->   Operation 101 'store' 'store_ln62' <Predicate = (trunc_ln62_1 == 4 & trunc_ln62_3 == 3)> <Delay = 0.79> <CoreInst = "RAM">   --->   Core 82 'RAM' <Latency = 1> <II = 1> <Delay = 0.79> <Storage> <Opcode : 'load' 'store'> <Ports = 2> <Width = 16> <Depth = 4> <RAM>
ST_3 : Operation 102 [1/1] (0.00ns)   --->   "%br_ln62 = br void %arrayidx415_4.exit" [src/cnn_top.cpp:62]   --->   Operation 102 'br' 'br_ln62' <Predicate = (trunc_ln62_1 == 4 & trunc_ln62_3 == 3)> <Delay = 0.00>
ST_3 : Operation 103 [1/1] ( I:0.79ns O:0.79ns )   --->   "%store_ln62 = store i16 %val, i2 %local_input_22_addr" [src/cnn_top.cpp:62]   --->   Operation 103 'store' 'store_ln62' <Predicate = (trunc_ln62_1 == 4 & trunc_ln62_3 == 2)> <Delay = 0.79> <CoreInst = "RAM">   --->   Core 82 'RAM' <Latency = 1> <II = 1> <Delay = 0.79> <Storage> <Opcode : 'load' 'store'> <Ports = 2> <Width = 16> <Depth = 4> <RAM>
ST_3 : Operation 104 [1/1] (0.00ns)   --->   "%br_ln62 = br void %arrayidx415_4.exit" [src/cnn_top.cpp:62]   --->   Operation 104 'br' 'br_ln62' <Predicate = (trunc_ln62_1 == 4 & trunc_ln62_3 == 2)> <Delay = 0.00>
ST_3 : Operation 105 [1/1] ( I:0.79ns O:0.79ns )   --->   "%store_ln62 = store i16 %val, i2 %local_input_21_addr" [src/cnn_top.cpp:62]   --->   Operation 105 'store' 'store_ln62' <Predicate = (trunc_ln62_1 == 4 & trunc_ln62_3 == 1)> <Delay = 0.79> <CoreInst = "RAM">   --->   Core 82 'RAM' <Latency = 1> <II = 1> <Delay = 0.79> <Storage> <Opcode : 'load' 'store'> <Ports = 2> <Width = 16> <Depth = 4> <RAM>
ST_3 : Operation 106 [1/1] (0.00ns)   --->   "%br_ln62 = br void %arrayidx415_4.exit" [src/cnn_top.cpp:62]   --->   Operation 106 'br' 'br_ln62' <Predicate = (trunc_ln62_1 == 4 & trunc_ln62_3 == 1)> <Delay = 0.00>
ST_3 : Operation 107 [1/1] ( I:0.79ns O:0.79ns )   --->   "%store_ln62 = store i16 %val, i2 %local_input_20_addr" [src/cnn_top.cpp:62]   --->   Operation 107 'store' 'store_ln62' <Predicate = (trunc_ln62_1 == 4 & trunc_ln62_3 == 0)> <Delay = 0.79> <CoreInst = "RAM">   --->   Core 82 'RAM' <Latency = 1> <II = 1> <Delay = 0.79> <Storage> <Opcode : 'load' 'store'> <Ports = 2> <Width = 16> <Depth = 4> <RAM>
ST_3 : Operation 108 [1/1] (0.00ns)   --->   "%br_ln62 = br void %arrayidx415_4.exit" [src/cnn_top.cpp:62]   --->   Operation 108 'br' 'br_ln62' <Predicate = (trunc_ln62_1 == 4 & trunc_ln62_3 == 0)> <Delay = 0.00>
ST_3 : Operation 109 [1/1] ( I:0.79ns O:0.79ns )   --->   "%store_ln62 = store i16 %val, i2 %local_input_24_addr" [src/cnn_top.cpp:62]   --->   Operation 109 'store' 'store_ln62' <Predicate = (trunc_ln62_1 == 4 & trunc_ln62_3 != 0 & trunc_ln62_3 != 1 & trunc_ln62_3 != 2 & trunc_ln62_3 != 3)> <Delay = 0.79> <CoreInst = "RAM">   --->   Core 82 'RAM' <Latency = 1> <II = 1> <Delay = 0.79> <Storage> <Opcode : 'load' 'store'> <Ports = 2> <Width = 16> <Depth = 4> <RAM>
ST_3 : Operation 110 [1/1] (0.00ns)   --->   "%br_ln62 = br void %arrayidx415_4.exit" [src/cnn_top.cpp:62]   --->   Operation 110 'br' 'br_ln62' <Predicate = (trunc_ln62_1 == 4 & trunc_ln62_3 != 0 & trunc_ln62_3 != 1 & trunc_ln62_3 != 2 & trunc_ln62_3 != 3)> <Delay = 0.00>
ST_3 : Operation 111 [1/1] ( I:0.79ns O:0.79ns )   --->   "%store_ln62 = store i16 %val, i2 %local_input_18_addr" [src/cnn_top.cpp:62]   --->   Operation 111 'store' 'store_ln62' <Predicate = (trunc_ln62_1 == 3 & trunc_ln62_3 == 3)> <Delay = 0.79> <CoreInst = "RAM">   --->   Core 82 'RAM' <Latency = 1> <II = 1> <Delay = 0.79> <Storage> <Opcode : 'load' 'store'> <Ports = 2> <Width = 16> <Depth = 4> <RAM>
ST_3 : Operation 112 [1/1] (0.00ns)   --->   "%br_ln62 = br void %arrayidx415_3.exit" [src/cnn_top.cpp:62]   --->   Operation 112 'br' 'br_ln62' <Predicate = (trunc_ln62_1 == 3 & trunc_ln62_3 == 3)> <Delay = 0.00>
ST_3 : Operation 113 [1/1] ( I:0.79ns O:0.79ns )   --->   "%store_ln62 = store i16 %val, i2 %local_input_17_addr" [src/cnn_top.cpp:62]   --->   Operation 113 'store' 'store_ln62' <Predicate = (trunc_ln62_1 == 3 & trunc_ln62_3 == 2)> <Delay = 0.79> <CoreInst = "RAM">   --->   Core 82 'RAM' <Latency = 1> <II = 1> <Delay = 0.79> <Storage> <Opcode : 'load' 'store'> <Ports = 2> <Width = 16> <Depth = 4> <RAM>
ST_3 : Operation 114 [1/1] (0.00ns)   --->   "%br_ln62 = br void %arrayidx415_3.exit" [src/cnn_top.cpp:62]   --->   Operation 114 'br' 'br_ln62' <Predicate = (trunc_ln62_1 == 3 & trunc_ln62_3 == 2)> <Delay = 0.00>
ST_3 : Operation 115 [1/1] ( I:0.79ns O:0.79ns )   --->   "%store_ln62 = store i16 %val, i2 %local_input_16_addr" [src/cnn_top.cpp:62]   --->   Operation 115 'store' 'store_ln62' <Predicate = (trunc_ln62_1 == 3 & trunc_ln62_3 == 1)> <Delay = 0.79> <CoreInst = "RAM">   --->   Core 82 'RAM' <Latency = 1> <II = 1> <Delay = 0.79> <Storage> <Opcode : 'load' 'store'> <Ports = 2> <Width = 16> <Depth = 4> <RAM>
ST_3 : Operation 116 [1/1] (0.00ns)   --->   "%br_ln62 = br void %arrayidx415_3.exit" [src/cnn_top.cpp:62]   --->   Operation 116 'br' 'br_ln62' <Predicate = (trunc_ln62_1 == 3 & trunc_ln62_3 == 1)> <Delay = 0.00>
ST_3 : Operation 117 [1/1] ( I:0.79ns O:0.79ns )   --->   "%store_ln62 = store i16 %val, i2 %local_input_15_addr" [src/cnn_top.cpp:62]   --->   Operation 117 'store' 'store_ln62' <Predicate = (trunc_ln62_1 == 3 & trunc_ln62_3 == 0)> <Delay = 0.79> <CoreInst = "RAM">   --->   Core 82 'RAM' <Latency = 1> <II = 1> <Delay = 0.79> <Storage> <Opcode : 'load' 'store'> <Ports = 2> <Width = 16> <Depth = 4> <RAM>
ST_3 : Operation 118 [1/1] (0.00ns)   --->   "%br_ln62 = br void %arrayidx415_3.exit" [src/cnn_top.cpp:62]   --->   Operation 118 'br' 'br_ln62' <Predicate = (trunc_ln62_1 == 3 & trunc_ln62_3 == 0)> <Delay = 0.00>
ST_3 : Operation 119 [1/1] ( I:0.79ns O:0.79ns )   --->   "%store_ln62 = store i16 %val, i2 %local_input_19_addr" [src/cnn_top.cpp:62]   --->   Operation 119 'store' 'store_ln62' <Predicate = (trunc_ln62_1 == 3 & trunc_ln62_3 != 0 & trunc_ln62_3 != 1 & trunc_ln62_3 != 2 & trunc_ln62_3 != 3)> <Delay = 0.79> <CoreInst = "RAM">   --->   Core 82 'RAM' <Latency = 1> <II = 1> <Delay = 0.79> <Storage> <Opcode : 'load' 'store'> <Ports = 2> <Width = 16> <Depth = 4> <RAM>
ST_3 : Operation 120 [1/1] (0.00ns)   --->   "%br_ln62 = br void %arrayidx415_3.exit" [src/cnn_top.cpp:62]   --->   Operation 120 'br' 'br_ln62' <Predicate = (trunc_ln62_1 == 3 & trunc_ln62_3 != 0 & trunc_ln62_3 != 1 & trunc_ln62_3 != 2 & trunc_ln62_3 != 3)> <Delay = 0.00>
ST_3 : Operation 121 [1/1] ( I:0.79ns O:0.79ns )   --->   "%store_ln62 = store i16 %val, i2 %local_input_13_addr" [src/cnn_top.cpp:62]   --->   Operation 121 'store' 'store_ln62' <Predicate = (trunc_ln62_1 == 2 & trunc_ln62_3 == 3)> <Delay = 0.79> <CoreInst = "RAM">   --->   Core 82 'RAM' <Latency = 1> <II = 1> <Delay = 0.79> <Storage> <Opcode : 'load' 'store'> <Ports = 2> <Width = 16> <Depth = 4> <RAM>
ST_3 : Operation 122 [1/1] (0.00ns)   --->   "%br_ln62 = br void %arrayidx415_2.exit" [src/cnn_top.cpp:62]   --->   Operation 122 'br' 'br_ln62' <Predicate = (trunc_ln62_1 == 2 & trunc_ln62_3 == 3)> <Delay = 0.00>
ST_3 : Operation 123 [1/1] ( I:0.79ns O:0.79ns )   --->   "%store_ln62 = store i16 %val, i2 %local_input_12_addr" [src/cnn_top.cpp:62]   --->   Operation 123 'store' 'store_ln62' <Predicate = (trunc_ln62_1 == 2 & trunc_ln62_3 == 2)> <Delay = 0.79> <CoreInst = "RAM">   --->   Core 82 'RAM' <Latency = 1> <II = 1> <Delay = 0.79> <Storage> <Opcode : 'load' 'store'> <Ports = 2> <Width = 16> <Depth = 4> <RAM>
ST_3 : Operation 124 [1/1] (0.00ns)   --->   "%br_ln62 = br void %arrayidx415_2.exit" [src/cnn_top.cpp:62]   --->   Operation 124 'br' 'br_ln62' <Predicate = (trunc_ln62_1 == 2 & trunc_ln62_3 == 2)> <Delay = 0.00>
ST_3 : Operation 125 [1/1] ( I:0.79ns O:0.79ns )   --->   "%store_ln62 = store i16 %val, i2 %local_input_11_addr" [src/cnn_top.cpp:62]   --->   Operation 125 'store' 'store_ln62' <Predicate = (trunc_ln62_1 == 2 & trunc_ln62_3 == 1)> <Delay = 0.79> <CoreInst = "RAM">   --->   Core 82 'RAM' <Latency = 1> <II = 1> <Delay = 0.79> <Storage> <Opcode : 'load' 'store'> <Ports = 2> <Width = 16> <Depth = 4> <RAM>
ST_3 : Operation 126 [1/1] (0.00ns)   --->   "%br_ln62 = br void %arrayidx415_2.exit" [src/cnn_top.cpp:62]   --->   Operation 126 'br' 'br_ln62' <Predicate = (trunc_ln62_1 == 2 & trunc_ln62_3 == 1)> <Delay = 0.00>
ST_3 : Operation 127 [1/1] ( I:0.79ns O:0.79ns )   --->   "%store_ln62 = store i16 %val, i2 %local_input_10_addr" [src/cnn_top.cpp:62]   --->   Operation 127 'store' 'store_ln62' <Predicate = (trunc_ln62_1 == 2 & trunc_ln62_3 == 0)> <Delay = 0.79> <CoreInst = "RAM">   --->   Core 82 'RAM' <Latency = 1> <II = 1> <Delay = 0.79> <Storage> <Opcode : 'load' 'store'> <Ports = 2> <Width = 16> <Depth = 4> <RAM>
ST_3 : Operation 128 [1/1] (0.00ns)   --->   "%br_ln62 = br void %arrayidx415_2.exit" [src/cnn_top.cpp:62]   --->   Operation 128 'br' 'br_ln62' <Predicate = (trunc_ln62_1 == 2 & trunc_ln62_3 == 0)> <Delay = 0.00>
ST_3 : Operation 129 [1/1] ( I:0.79ns O:0.79ns )   --->   "%store_ln62 = store i16 %val, i2 %local_input_14_addr" [src/cnn_top.cpp:62]   --->   Operation 129 'store' 'store_ln62' <Predicate = (trunc_ln62_1 == 2 & trunc_ln62_3 != 0 & trunc_ln62_3 != 1 & trunc_ln62_3 != 2 & trunc_ln62_3 != 3)> <Delay = 0.79> <CoreInst = "RAM">   --->   Core 82 'RAM' <Latency = 1> <II = 1> <Delay = 0.79> <Storage> <Opcode : 'load' 'store'> <Ports = 2> <Width = 16> <Depth = 4> <RAM>
ST_3 : Operation 130 [1/1] (0.00ns)   --->   "%br_ln62 = br void %arrayidx415_2.exit" [src/cnn_top.cpp:62]   --->   Operation 130 'br' 'br_ln62' <Predicate = (trunc_ln62_1 == 2 & trunc_ln62_3 != 0 & trunc_ln62_3 != 1 & trunc_ln62_3 != 2 & trunc_ln62_3 != 3)> <Delay = 0.00>
ST_3 : Operation 131 [1/1] ( I:0.79ns O:0.79ns )   --->   "%store_ln62 = store i16 %val, i2 %local_input_8_addr" [src/cnn_top.cpp:62]   --->   Operation 131 'store' 'store_ln62' <Predicate = (trunc_ln62_1 == 1 & trunc_ln62_3 == 3)> <Delay = 0.79> <CoreInst = "RAM">   --->   Core 82 'RAM' <Latency = 1> <II = 1> <Delay = 0.79> <Storage> <Opcode : 'load' 'store'> <Ports = 2> <Width = 16> <Depth = 4> <RAM>
ST_3 : Operation 132 [1/1] (0.00ns)   --->   "%br_ln62 = br void %arrayidx415_1.exit" [src/cnn_top.cpp:62]   --->   Operation 132 'br' 'br_ln62' <Predicate = (trunc_ln62_1 == 1 & trunc_ln62_3 == 3)> <Delay = 0.00>
ST_3 : Operation 133 [1/1] ( I:0.79ns O:0.79ns )   --->   "%store_ln62 = store i16 %val, i2 %local_input_7_addr" [src/cnn_top.cpp:62]   --->   Operation 133 'store' 'store_ln62' <Predicate = (trunc_ln62_1 == 1 & trunc_ln62_3 == 2)> <Delay = 0.79> <CoreInst = "RAM">   --->   Core 82 'RAM' <Latency = 1> <II = 1> <Delay = 0.79> <Storage> <Opcode : 'load' 'store'> <Ports = 2> <Width = 16> <Depth = 4> <RAM>
ST_3 : Operation 134 [1/1] (0.00ns)   --->   "%br_ln62 = br void %arrayidx415_1.exit" [src/cnn_top.cpp:62]   --->   Operation 134 'br' 'br_ln62' <Predicate = (trunc_ln62_1 == 1 & trunc_ln62_3 == 2)> <Delay = 0.00>
ST_3 : Operation 135 [1/1] ( I:0.79ns O:0.79ns )   --->   "%store_ln62 = store i16 %val, i2 %local_input_6_addr" [src/cnn_top.cpp:62]   --->   Operation 135 'store' 'store_ln62' <Predicate = (trunc_ln62_1 == 1 & trunc_ln62_3 == 1)> <Delay = 0.79> <CoreInst = "RAM">   --->   Core 82 'RAM' <Latency = 1> <II = 1> <Delay = 0.79> <Storage> <Opcode : 'load' 'store'> <Ports = 2> <Width = 16> <Depth = 4> <RAM>
ST_3 : Operation 136 [1/1] (0.00ns)   --->   "%br_ln62 = br void %arrayidx415_1.exit" [src/cnn_top.cpp:62]   --->   Operation 136 'br' 'br_ln62' <Predicate = (trunc_ln62_1 == 1 & trunc_ln62_3 == 1)> <Delay = 0.00>
ST_3 : Operation 137 [1/1] ( I:0.79ns O:0.79ns )   --->   "%store_ln62 = store i16 %val, i2 %local_input_5_addr" [src/cnn_top.cpp:62]   --->   Operation 137 'store' 'store_ln62' <Predicate = (trunc_ln62_1 == 1 & trunc_ln62_3 == 0)> <Delay = 0.79> <CoreInst = "RAM">   --->   Core 82 'RAM' <Latency = 1> <II = 1> <Delay = 0.79> <Storage> <Opcode : 'load' 'store'> <Ports = 2> <Width = 16> <Depth = 4> <RAM>
ST_3 : Operation 138 [1/1] (0.00ns)   --->   "%br_ln62 = br void %arrayidx415_1.exit" [src/cnn_top.cpp:62]   --->   Operation 138 'br' 'br_ln62' <Predicate = (trunc_ln62_1 == 1 & trunc_ln62_3 == 0)> <Delay = 0.00>
ST_3 : Operation 139 [1/1] ( I:0.79ns O:0.79ns )   --->   "%store_ln62 = store i16 %val, i2 %local_input_9_addr" [src/cnn_top.cpp:62]   --->   Operation 139 'store' 'store_ln62' <Predicate = (trunc_ln62_1 == 1 & trunc_ln62_3 != 0 & trunc_ln62_3 != 1 & trunc_ln62_3 != 2 & trunc_ln62_3 != 3)> <Delay = 0.79> <CoreInst = "RAM">   --->   Core 82 'RAM' <Latency = 1> <II = 1> <Delay = 0.79> <Storage> <Opcode : 'load' 'store'> <Ports = 2> <Width = 16> <Depth = 4> <RAM>
ST_3 : Operation 140 [1/1] (0.00ns)   --->   "%br_ln62 = br void %arrayidx415_1.exit" [src/cnn_top.cpp:62]   --->   Operation 140 'br' 'br_ln62' <Predicate = (trunc_ln62_1 == 1 & trunc_ln62_3 != 0 & trunc_ln62_3 != 1 & trunc_ln62_3 != 2 & trunc_ln62_3 != 3)> <Delay = 0.00>
ST_3 : Operation 141 [1/1] ( I:0.79ns O:0.79ns )   --->   "%store_ln62 = store i16 %val, i2 %local_input_3_addr" [src/cnn_top.cpp:62]   --->   Operation 141 'store' 'store_ln62' <Predicate = (trunc_ln62_1 == 0 & trunc_ln62_3 == 3)> <Delay = 0.79> <CoreInst = "RAM">   --->   Core 82 'RAM' <Latency = 1> <II = 1> <Delay = 0.79> <Storage> <Opcode : 'load' 'store'> <Ports = 2> <Width = 16> <Depth = 4> <RAM>
ST_3 : Operation 142 [1/1] (0.00ns)   --->   "%br_ln62 = br void %arrayidx415_0.exit" [src/cnn_top.cpp:62]   --->   Operation 142 'br' 'br_ln62' <Predicate = (trunc_ln62_1 == 0 & trunc_ln62_3 == 3)> <Delay = 0.00>
ST_3 : Operation 143 [1/1] ( I:0.79ns O:0.79ns )   --->   "%store_ln62 = store i16 %val, i2 %local_input_2_addr" [src/cnn_top.cpp:62]   --->   Operation 143 'store' 'store_ln62' <Predicate = (trunc_ln62_1 == 0 & trunc_ln62_3 == 2)> <Delay = 0.79> <CoreInst = "RAM">   --->   Core 82 'RAM' <Latency = 1> <II = 1> <Delay = 0.79> <Storage> <Opcode : 'load' 'store'> <Ports = 2> <Width = 16> <Depth = 4> <RAM>
ST_3 : Operation 144 [1/1] (0.00ns)   --->   "%br_ln62 = br void %arrayidx415_0.exit" [src/cnn_top.cpp:62]   --->   Operation 144 'br' 'br_ln62' <Predicate = (trunc_ln62_1 == 0 & trunc_ln62_3 == 2)> <Delay = 0.00>
ST_3 : Operation 145 [1/1] ( I:0.79ns O:0.79ns )   --->   "%store_ln62 = store i16 %val, i2 %local_input_1_addr" [src/cnn_top.cpp:62]   --->   Operation 145 'store' 'store_ln62' <Predicate = (trunc_ln62_1 == 0 & trunc_ln62_3 == 1)> <Delay = 0.79> <CoreInst = "RAM">   --->   Core 82 'RAM' <Latency = 1> <II = 1> <Delay = 0.79> <Storage> <Opcode : 'load' 'store'> <Ports = 2> <Width = 16> <Depth = 4> <RAM>
ST_3 : Operation 146 [1/1] (0.00ns)   --->   "%br_ln62 = br void %arrayidx415_0.exit" [src/cnn_top.cpp:62]   --->   Operation 146 'br' 'br_ln62' <Predicate = (trunc_ln62_1 == 0 & trunc_ln62_3 == 1)> <Delay = 0.00>
ST_3 : Operation 147 [1/1] ( I:0.79ns O:0.79ns )   --->   "%store_ln62 = store i16 %val, i2 %local_input_addr" [src/cnn_top.cpp:62]   --->   Operation 147 'store' 'store_ln62' <Predicate = (trunc_ln62_1 == 0 & trunc_ln62_3 == 0)> <Delay = 0.79> <CoreInst = "RAM">   --->   Core 82 'RAM' <Latency = 1> <II = 1> <Delay = 0.79> <Storage> <Opcode : 'load' 'store'> <Ports = 2> <Width = 16> <Depth = 4> <RAM>
ST_3 : Operation 148 [1/1] (0.00ns)   --->   "%br_ln62 = br void %arrayidx415_0.exit" [src/cnn_top.cpp:62]   --->   Operation 148 'br' 'br_ln62' <Predicate = (trunc_ln62_1 == 0 & trunc_ln62_3 == 0)> <Delay = 0.00>
ST_3 : Operation 149 [1/1] ( I:0.79ns O:0.79ns )   --->   "%store_ln62 = store i16 %val, i2 %local_input_4_addr" [src/cnn_top.cpp:62]   --->   Operation 149 'store' 'store_ln62' <Predicate = (trunc_ln62_1 == 0 & trunc_ln62_3 != 0 & trunc_ln62_3 != 1 & trunc_ln62_3 != 2 & trunc_ln62_3 != 3)> <Delay = 0.79> <CoreInst = "RAM">   --->   Core 82 'RAM' <Latency = 1> <II = 1> <Delay = 0.79> <Storage> <Opcode : 'load' 'store'> <Ports = 2> <Width = 16> <Depth = 4> <RAM>
ST_3 : Operation 150 [1/1] (0.00ns)   --->   "%br_ln62 = br void %arrayidx415_0.exit" [src/cnn_top.cpp:62]   --->   Operation 150 'br' 'br_ln62' <Predicate = (trunc_ln62_1 == 0 & trunc_ln62_3 != 0 & trunc_ln62_3 != 1 & trunc_ln62_3 != 2 & trunc_ln62_3 != 3)> <Delay = 0.00>
ST_3 : Operation 151 [1/1] ( I:0.79ns O:0.79ns )   --->   "%store_ln62 = store i16 %val, i2 %local_input_28_addr" [src/cnn_top.cpp:62]   --->   Operation 151 'store' 'store_ln62' <Predicate = (trunc_ln62_1 != 0 & trunc_ln62_1 != 1 & trunc_ln62_1 != 2 & trunc_ln62_1 != 3 & trunc_ln62_1 != 4 & trunc_ln62_3 == 3)> <Delay = 0.79> <CoreInst = "RAM">   --->   Core 82 'RAM' <Latency = 1> <II = 1> <Delay = 0.79> <Storage> <Opcode : 'load' 'store'> <Ports = 2> <Width = 16> <Depth = 4> <RAM>
ST_3 : Operation 152 [1/1] (0.00ns)   --->   "%br_ln62 = br void %arrayidx415_5.exit" [src/cnn_top.cpp:62]   --->   Operation 152 'br' 'br_ln62' <Predicate = (trunc_ln62_1 != 0 & trunc_ln62_1 != 1 & trunc_ln62_1 != 2 & trunc_ln62_1 != 3 & trunc_ln62_1 != 4 & trunc_ln62_3 == 3)> <Delay = 0.00>
ST_3 : Operation 153 [1/1] ( I:0.79ns O:0.79ns )   --->   "%store_ln62 = store i16 %val, i2 %local_input_27_addr" [src/cnn_top.cpp:62]   --->   Operation 153 'store' 'store_ln62' <Predicate = (trunc_ln62_1 != 0 & trunc_ln62_1 != 1 & trunc_ln62_1 != 2 & trunc_ln62_1 != 3 & trunc_ln62_1 != 4 & trunc_ln62_3 == 2)> <Delay = 0.79> <CoreInst = "RAM">   --->   Core 82 'RAM' <Latency = 1> <II = 1> <Delay = 0.79> <Storage> <Opcode : 'load' 'store'> <Ports = 2> <Width = 16> <Depth = 4> <RAM>
ST_3 : Operation 154 [1/1] (0.00ns)   --->   "%br_ln62 = br void %arrayidx415_5.exit" [src/cnn_top.cpp:62]   --->   Operation 154 'br' 'br_ln62' <Predicate = (trunc_ln62_1 != 0 & trunc_ln62_1 != 1 & trunc_ln62_1 != 2 & trunc_ln62_1 != 3 & trunc_ln62_1 != 4 & trunc_ln62_3 == 2)> <Delay = 0.00>
ST_3 : Operation 155 [1/1] ( I:0.79ns O:0.79ns )   --->   "%store_ln62 = store i16 %val, i2 %local_input_26_addr" [src/cnn_top.cpp:62]   --->   Operation 155 'store' 'store_ln62' <Predicate = (trunc_ln62_1 != 0 & trunc_ln62_1 != 1 & trunc_ln62_1 != 2 & trunc_ln62_1 != 3 & trunc_ln62_1 != 4 & trunc_ln62_3 == 1)> <Delay = 0.79> <CoreInst = "RAM">   --->   Core 82 'RAM' <Latency = 1> <II = 1> <Delay = 0.79> <Storage> <Opcode : 'load' 'store'> <Ports = 2> <Width = 16> <Depth = 4> <RAM>
ST_3 : Operation 156 [1/1] (0.00ns)   --->   "%br_ln62 = br void %arrayidx415_5.exit" [src/cnn_top.cpp:62]   --->   Operation 156 'br' 'br_ln62' <Predicate = (trunc_ln62_1 != 0 & trunc_ln62_1 != 1 & trunc_ln62_1 != 2 & trunc_ln62_1 != 3 & trunc_ln62_1 != 4 & trunc_ln62_3 == 1)> <Delay = 0.00>
ST_3 : Operation 157 [1/1] ( I:0.79ns O:0.79ns )   --->   "%store_ln62 = store i16 %val, i2 %local_input_25_addr" [src/cnn_top.cpp:62]   --->   Operation 157 'store' 'store_ln62' <Predicate = (trunc_ln62_1 != 0 & trunc_ln62_1 != 1 & trunc_ln62_1 != 2 & trunc_ln62_1 != 3 & trunc_ln62_1 != 4 & trunc_ln62_3 == 0)> <Delay = 0.79> <CoreInst = "RAM">   --->   Core 82 'RAM' <Latency = 1> <II = 1> <Delay = 0.79> <Storage> <Opcode : 'load' 'store'> <Ports = 2> <Width = 16> <Depth = 4> <RAM>
ST_3 : Operation 158 [1/1] (0.00ns)   --->   "%br_ln62 = br void %arrayidx415_5.exit" [src/cnn_top.cpp:62]   --->   Operation 158 'br' 'br_ln62' <Predicate = (trunc_ln62_1 != 0 & trunc_ln62_1 != 1 & trunc_ln62_1 != 2 & trunc_ln62_1 != 3 & trunc_ln62_1 != 4 & trunc_ln62_3 == 0)> <Delay = 0.00>
ST_3 : Operation 159 [1/1] ( I:0.79ns O:0.79ns )   --->   "%store_ln62 = store i16 %val, i2 %local_input_29_addr" [src/cnn_top.cpp:62]   --->   Operation 159 'store' 'store_ln62' <Predicate = (trunc_ln62_1 != 0 & trunc_ln62_1 != 1 & trunc_ln62_1 != 2 & trunc_ln62_1 != 3 & trunc_ln62_1 != 4 & trunc_ln62_3 != 0 & trunc_ln62_3 != 1 & trunc_ln62_3 != 2 & trunc_ln62_3 != 3)> <Delay = 0.79> <CoreInst = "RAM">   --->   Core 82 'RAM' <Latency = 1> <II = 1> <Delay = 0.79> <Storage> <Opcode : 'load' 'store'> <Ports = 2> <Width = 16> <Depth = 4> <RAM>
ST_3 : Operation 160 [1/1] (0.00ns)   --->   "%br_ln62 = br void %arrayidx415_5.exit" [src/cnn_top.cpp:62]   --->   Operation 160 'br' 'br_ln62' <Predicate = (trunc_ln62_1 != 0 & trunc_ln62_1 != 1 & trunc_ln62_1 != 2 & trunc_ln62_1 != 3 & trunc_ln62_1 != 4 & trunc_ln62_3 != 0 & trunc_ln62_3 != 1 & trunc_ln62_3 != 2 & trunc_ln62_3 != 3)> <Delay = 0.00>
ST_3 : Operation 161 [1/1] (0.00ns)   --->   "%write_ln63 = write void @_ssdm_op_Write.ap_auto.i16P0A, i16 %dbg_in0, i16 %val" [src/cnn_top.cpp:63]   --->   Operation 161 'write' 'write_ln63' <Predicate = (icmp_ln63)> <Delay = 0.00>
ST_3 : Operation 162 [1/1] (0.00ns)   --->   "%br_ln63 = br void %for.inc" [src/cnn_top.cpp:63]   --->   Operation 162 'br' 'br_ln63' <Predicate = (icmp_ln63)> <Delay = 0.00>
ST_3 : Operation 163 [1/1] (0.00ns)   --->   "%phi_urem_load = load i7 %phi_urem" [src/cnn_top.cpp:59]   --->   Operation 163 'load' 'phi_urem_load' <Predicate = true> <Delay = 0.00>
ST_3 : Operation 164 [1/1] (0.89ns)   --->   "%add_ln59_2 = add i7 %phi_urem_load, i7 1" [src/cnn_top.cpp:59]   --->   Operation 164 'add' 'add_ln59_2' <Predicate = true> <Delay = 0.89> <CoreInst = "Adder">   --->   Core 1 'Adder' <Latency = 0> <II = 1> <Delay = 0.89> <FuncUnit> <Opcode : 'add' 'sub'> <InPorts = 2> <OutPorts = 1>
ST_3 : Operation 165 [1/1] (0.89ns)   --->   "%icmp_ln59_2 = icmp_eq  i7 %phi_urem_load, i7 19" [src/cnn_top.cpp:59]   --->   Operation 165 'icmp' 'icmp_ln59_2' <Predicate = true> <Delay = 0.89> <CoreInst = "Cmp">   --->   Core 9 'Cmp' <Latency = 0> <II = 1> <Delay = 0.89> <FuncUnit> <Opcode : 'seteq' 'setne' 'setle' 'setge' 'setlt' 'setgt'> <InPorts = 2> <OutPorts = 1>
ST_3 : Operation 166 [1/1] (0.42ns)   --->   "%select_ln59_1 = select i1 %icmp_ln59_2, i7 0, i7 %add_ln59_2" [src/cnn_top.cpp:59]   --->   Operation 166 'select' 'select_ln59_1' <Predicate = true> <Delay = 0.42> <CoreInst = "Sel">   --->   Core 73 'Sel' <Latency = 0> <II = 1> <Delay = 0.42> <FuncUnit> <Opcode : 'select'> <InPorts = 3> <OutPorts = 1>
ST_3 : Operation 167 [1/1] (0.48ns)   --->   "%store_ln61 = store i112 %trunc_ln61_1, i112 %shiftreg" [src/cnn_top.cpp:61]   --->   Operation 167 'store' 'store_ln61' <Predicate = true> <Delay = 0.48>
ST_3 : Operation 168 [1/1] (0.48ns)   --->   "%store_ln59 = store i7 %select_ln59_1, i7 %phi_urem" [src/cnn_top.cpp:59]   --->   Operation 168 'store' 'store_ln59' <Predicate = true> <Delay = 0.48>
ST_3 : Operation 169 [1/1] (0.00ns)   --->   "%br_ln59 = br void %for.body" [src/cnn_top.cpp:59]   --->   Operation 169 'br' 'br_ln59' <Predicate = true> <Delay = 0.00>


============================================================
+ Verbose Summary: Timing violations
============================================================
Target clock period: 10.000ns, clock uncertainty: 2.700ns.

 <State 1>: 2.295ns
The critical path consists of the following:
	'store' operation ('store_ln0') of constant 0 7 bit on local variable 'phi_urem45' [46]  (0.489 ns)
	'load' operation 7 bit ('phi_urem45_load', src/cnn_top.cpp:59) on local variable 'phi_urem45' [49]  (0.000 ns)
	'add' operation 7 bit ('add_ln59_1', src/cnn_top.cpp:59) [235]  (0.897 ns)
	'select' operation 7 bit ('select_ln59', src/cnn_top.cpp:59) [237]  (0.420 ns)
	'store' operation ('store_ln59', src/cnn_top.cpp:59) of variable 'select_ln59', src/cnn_top.cpp:59 7 bit on local variable 'phi_urem45' [245]  (0.489 ns)

 <State 2>: 7.300ns
The critical path consists of the following:
	'getelementptr' operation 128 bit ('gmem0_addr', src/cnn_top.cpp:59) [57]  (0.000 ns)
	bus read operation ('gmem0_addr_read', src/cnn_top.cpp:61) on port 'gmem0' (src/cnn_top.cpp:61) [66]  (7.300 ns)

 <State 3>: 2.610ns
The critical path consists of the following:
	'load' operation 7 bit ('phi_urem_load_1', src/cnn_top.cpp:62) on local variable 'phi_urem' [70]  (0.000 ns)
	'mul' operation 11 bit ('mul_ln62', src/cnn_top.cpp:62) [78]  (1.820 ns)
	'getelementptr' operation 2 bit ('local_input_23_addr', src/cnn_top.cpp:62) [105]  (0.000 ns)
	'store' operation ('store_ln62', src/cnn_top.cpp:62) of variable 'val', src/cnn_top.cpp:61 16 bit on array 'local_input_23' [116]  (0.790 ns)


============================================================
+ Verbose Summary: Binding
============================================================
N/A
* FSMD analyzer results:
  - Output states:
 - Input state : 
  - Chain level:
	State 1
	State 2
	State 3


============================================================
+ Verbose Summary: Datapath Resource usage 
============================================================
N/A
