# 
# Steps log generated by v++
# This log file contains a collection of steps that describe the kernel compilation flow
# Note: Some steps are tagged as internal, these steps are for debugging purposes and 
#       are not expected to be able to run independently.
# 

# The following environment variables are set when running v++
Environment variables :
------------------------------------------
ALLUSERSPROFILE=C:\ProgramData
APPDATA=C:\Users\eswar\AppData\Roaming
arr.length=0
arr.Ubound=-1
CHARPOP=1
CMAKE_OBJECT_PATH_MAX=4096
CommonProgramFiles=C:\Program Files\Common Files
CommonProgramFiles(x86)=C:\Program Files (x86)\Common Files
CommonProgramW6432=C:\Program Files\Common Files
COMPUTERNAME=TRAVISSSSSS
ComSpec=C:\WINDOWS\system32\cmd.exe
DriverData=C:\Windows\System32\Drivers\DriverData
EFC_7948_1262719628=1
EFC_7948_1592913036=1
EFC_7948_2283032206=1
EFC_7948_2775293581=1
EFC_7948_3789132940=1
HDI_APPROOT=C:/Users/eswar/OneDrive/Desktop/2025.2/Vitis
HDI_PROCESSOR=i686
HOMEDRIVE=C:
HOMEPATH=\Users\eswar
HW_SERVER_DJTG_DISABLE=1
HW_SERVER_FTDIMGR_DISABLE=1
IDE_SKIP_SERVER_LICENSE=1
INT_VARIABLE_NAME=XILINX_PATH
ISL_IOSTREAMS_RSA=C:/Users/eswar/OneDrive/Desktop/2025.2/Vitis/tps/isl
JAVA_EXE=C:/Users/eswar/OneDrive/Desktop/2025.2/Vitis\tps\win64\jre21.0.5_11\bin\java.exe
JAVA_HOME=C:/Users/eswar/OneDrive/Desktop/2025.2/Vitis\tps\win64\jre21.0.5_11
LC_NUMERIC=C
LOCALAPPDATA=C:\Users\eswar\AppData\Local
LOGONSERVER=\\TRAVISSSSSS
LOPPER_DTC_FLAGS=-b 0 -@
NOSPLASH=false
NUMBER_OF_PROCESSORS=16
OneDrive=C:\Users\eswar\OneDrive
OneDriveConsumer=C:\Users\eswar\OneDrive
ORIGINAL_XDG_CURRENT_DESKTOP=undefined
OS=Windows_NT
PATH=C:/Users/eswar/OneDrive/Desktop/2025.2/Vivado/tps/win64/binutils-2.26/bin;C:/Users/eswar/OneDrive/Desktop/2025.2/Vitis/bin/../gnu/aarch64/nt/aarch64-linux/bin;C:/Users/eswar/OneDrive/Desktop/2025.2/Vitis/bin/../gnu/ppc64le/4.9.3/win64/bin;C:/Users/eswar/OneDrive/Desktop/2025.2/Vitis/bin/../gnu/aarch32/nt/gcc-arm-linux-gnueabi/bin;C:/Users/eswar/OneDrive/Desktop/2025.2/Vitis/tps/mingw/6.2.0/win64.o/nt/bin;C:/Users/eswar/OneDrive/Desktop/2025.2/Vivado\gnuwin\bin;C:/Users/eswar/OneDrive/Desktop/2025.2/Vivado\gnu\microblaze\nt\bin;C:/Users/eswar/OneDrive/Desktop/2025.2/Vitis/bin;C:/Users/eswar/OneDrive/Desktop/2025.2/Vitis\tps\win64;C:/Users/eswar/OneDrive/Desktop/2025.2/Vitis/tps/win64/java-cef-95.0.4638.69/bin/lib/win64;C:/Users/eswar/OneDrive/Desktop/2025.2/Vitis/tps/win64/javafx-sdk-11.0.2/lib;C:/Users/eswar/OneDrive/Desktop/2025.2/Vitis/tps/win64/javafx-sdk-11.0.2/bin;C:/Users/eswar/OneDrive/Desktop/2025.2/Vitis/lib/win64.o;C:/Users/eswar/OneDrive/Desktop/2025.2/Vitis/tps/win64/jre11.0.16_1/bin/server;C:/Users/eswar/OneDrive/Desktop/2025.2/Vitis/tps/win64/jre11.0.16_1/bin;C:/Users/eswar/OneDrive/Desktop/2025.2/Vitis\tps\win64\cmake-3.24.2\bin;C:/Users/eswar/OneDrive/Desktop/2025.2/Vitis\gnu\microblaze\nt\bin;C:/Users/eswar/OneDrive/Desktop/2025.2/Vitis\gnu\microblaze\linux_toolchain\nt64_le\bin;C:/Users/eswar/OneDrive/Desktop/2025.2/Vitis\gnu\aarch32\nt\gcc-arm-linux-gnueabi\bin;C:/Users/eswar/OneDrive/Desktop/2025.2/Vitis\gnu\aarch32\nt\gcc-arm-none-eabi\bin;C:/Users/eswar/OneDrive/Desktop/2025.2/Vitis\gnu\aarch64\nt\aarch64-linux\bin;C:/Users/eswar/OneDrive/Desktop/2025.2/Vitis\gnu\aarch64\nt\aarch64-none\bin;C:/Users/eswar/OneDrive/Desktop/2025.2/Vitis\gnu\armr5\nt\gcc-arm-none-eabi\bin;C:/Users/eswar/OneDrive/Desktop/2025.2/Vitis\gnuwin\bin;C:/Users/eswar/OneDrive/Desktop/2025.2/Vitis\tps\win64\python-3.13.0;C:/Users/eswar/OneDrive/Desktop/2025.2/Vitis\tps\win64\jre21.0.5_11\bin;C:/Users/eswar/OneDrive/Desktop/2025.2/Vitis\tps\win64\libxslt\bin;C:/Users/eswar/OneDrive/Desktop/2025.2/Vitis\gnu\arm\nt\bin;C:/Users/eswar/OneDrive/Desktop/2025.2/Vitis\gnu\microblaze\linux_toolchain\nt64_be\bin;C:/Users/eswar/OneDrive/Desktop/2025.2/Vitis\gnu\riscv\nt\bin;C:/Users/eswar/OneDrive/Desktop/2025.2/Vitis\gnu\riscv\linux_toolchain\nt64\bin;C:/Users/eswar/OneDrive/Desktop/2025.2/Vitis\gnu\riscv\linux_toolchain\nt32\bin;C:/Users/eswar/OneDrive/Desktop/2025.2/Vivado\tps\win64\python-3.13.0;C:/Users/eswar/OneDrive/Desktop/2025.2/Vivado\tps\win64\git-2.50.0\bin;C:/Users/eswar/OneDrive/Desktop/2025.2/Vivado\tps\win64\cmake-3.24.2\bin;C:/Users/eswar/OneDrive/Desktop/2025.2/Vitis/win64/tools/vcxx\libexec;C:/Users/eswar/OneDrive/Desktop/2025.2/Vivado\tps\win64\jre21.0.5_11\bin;C:/Users/eswar/OneDrive/Desktop/2025.2/Vivado\tps\win64\libxslt/bin;C:\WINDOWS\system32;C:\WINDOWS;C:\WINDOWS\System32\Wbem;C:\WINDOWS\System32\WindowsPowerShell\v1.0\;C:\WINDOWS\System32\OpenSSH\;C:\Program Files\Git\cmd;C:\Program Files\CMake\bin;C:\Program Files\Docker\Docker\resources\bin;C:\Program Files\PowerShell\7\;C:\Users\eswar\AppData\Local\Programs\Python\Launcher\;C:\Users\eswar\AppData\Local\Microsoft\WindowsApps;C:\Users\eswar\AppData\Local\Programs\Microsoft VS Code\bin;C:/Users/eswar/OneDrive/Desktop/2025.2/Vitis\tps\mingw\6.2.0\win64.o\nt\bin;C:/Users/eswar/OneDrive/Desktop/2025.2/Vitis\tps\mingw\6.2.0\win64.o\nt\libexec\gcc\x86_64-w64-mingw32\6.2.0
PATHEXT=.COM;.EXE;.BAT;.CMD;.VBS;.VBE;.JS;.JSE;.WSF;.WSH;.MSC
POWERSHELL_DISTRIBUTION_CHANNEL=MSI:Windows 10 Home
PROCESSOR_ARCHITECTURE=AMD64
PROCESSOR_IDENTIFIER=AMD64 Family 25 Model 80 Stepping 0, AuthenticAMD
PROCESSOR_LEVEL=25
PROCESSOR_REVISION=5000
PRODVERSION_EXE=C:/Users/eswar/OneDrive/Desktop/2025.2/Vitis/bin/unwrapped/win64.o/prodversion.exe
ProgramData=C:\ProgramData
ProgramFiles=C:\Program Files
ProgramFiles(x86)=C:\Program Files (x86)
ProgramW6432=C:\Program Files
PROMPT=$P$G
PSModulePath=C:\Program Files\WindowsPowerShell\Modules;C:\WINDOWS\system32\WindowsPowerShell\v1.0\Modules
PUBLIC=C:\Users\Public
PYTHONPATH=C:/Users/eswar/OneDrive/Desktop/2025.2/Vitis\cli;C:/Users/eswar/OneDrive/Desktop/2025.2/Vitis\cli\python-packages\win64;C:/Users/eswar/OneDrive/Desktop/2025.2/Vitis\cli\python-packages\site-packages;C:/Users/eswar/OneDrive/Desktop/2025.2/Vitis\cli\proto;C:/Users/eswar/OneDrive/Desktop/2025.2/Vitis\scripts\python_pkg;
python_path=C:/Users/eswar/OneDrive/Desktop/2025.2/Vitis\cli;C:/Users/eswar/OneDrive/Desktop/2025.2/Vitis\cli\python-packages\win64;C:/Users/eswar/OneDrive/Desktop/2025.2/Vitis\cli\python-packages\site-packages;C:/Users/eswar/OneDrive/Desktop/2025.2/Vitis\cli\proto;C:/Users/eswar/OneDrive/Desktop/2025.2/Vitis\scripts\python_pkg;
RDI_APPROOT=C:/Users/eswar/OneDrive/Desktop/2025.2/Vitis
RDI_ARGS= -c --mode hls --config C:\Users\eswar\OneDrive\Desktop\streetfighter\hls_config.cfg --work_dir streetfighter
RDI_ARGS_FUNCTION=RDI_EXEC_DEFAULT
RDI_BASEROOT=C:/Users/eswar/OneDrive/Desktop/2025.2
RDI_BINDIR=C:/Users/eswar/OneDrive/Desktop/2025.2/Vitis/bin
RDI_BINROOT=C:/Users/eswar/OneDrive/Desktop/2025.2/Vitis/bin
RDI_BUILD=yes
RDI_CHECK_PROG=True
RDI_DATADIR=C:/Users/eswar/OneDrive/Desktop/2025.2/Vitis/data
RDI_INSTALLROOT=C:/Users/eswar/OneDrive/Desktop
RDI_INSTALLVER=Vitis
RDI_INSTALLVERSION=2025.2
RDI_JAVACEFROOT=C:/Users/eswar/OneDrive/Desktop/2025.2/Vitis/tps/win64/java-cef-95.0.4638.69
RDI_JAVAFXROOT=C:/Users/eswar/OneDrive/Desktop/2025.2/Vitis/tps/win64/javafx-sdk-11.0.2
RDI_JAVAROOT=C:/Users/eswar/OneDrive/Desktop/2025.2/Vitis/tps/win64/jre11.0.16_1
RDI_JAVA_VERSION=11.0.16_1
RDI_LIBDIR=C:/Users/eswar/OneDrive/Desktop/2025.2/Vitis/lib/win64.o
RDI_MINGW_LIB=C:/Users/eswar/OneDrive/Desktop/2025.2/Vitis\tps\mingw\6.2.0\win64.o\nt\bin;C:/Users/eswar/OneDrive/Desktop/2025.2/Vitis\tps\mingw\6.2.0\win64.o\nt\libexec\gcc\x86_64-w64-mingw32\6.2.0
RDI_OPT_EXT=.o
RDI_OS_ARCH=64
RDI_PLATFORM=win64
RDI_PREPEND_PATH=C:/Users/eswar/OneDrive/Desktop/2025.2/Vitis/bin
RDI_PROG=C:/Users/eswar/OneDrive/Desktop/2025.2/Vitis/bin/unwrapped/win64.o/v++.exe
RDI_PROGNAME=v++.exe
RDI_SESSION_INFO=C:\Users\eswar\OneDrive\Desktop\2025.2\Vitis\bin:TRAVISSSSSS-Mon06-04-2026_10-47-53.42
RDI_SHARED_DATA=C:/Users/eswar/OneDrive/Desktop/SharedData/2025.2/data
RDI_TEMPINSTALL=C:\Users\eswar\OneDrive\Desktop\2025.2
RDI_TPS_ROOT=C:/Users/eswar/OneDrive/Desktop/2025.2/Vivado/tps/win64
RDI_USE_JDK11=1
RDI_VERBOSE=False
RT_LIBPATH=C:/Users/eswar/OneDrive/Desktop/2025.2/Vitis/scripts/rt/data
RT_TCL_PATH=C:/Users/eswar/OneDrive/Desktop/2025.2/Vitis/scripts/rt/base_tcl/tcl
SESSIONNAME=Console
session_string=C:\Users\eswar\OneDrive\Desktop\streetfighter:TRAVISSSSSS-Mon06-04-2026_15-56-41.74
supports_classic_ide=true
SYNTH_COMMON=C:/Users/eswar/OneDrive/Desktop/2025.2/Vitis/scripts/rt/data
SystemDrive=C:
SystemRoot=C:\WINDOWS
TCL_LIBRARY=C:/Users/eswar/OneDrive/Desktop/2025.2/Vitis/tps/tcl/tcl8.6
TCMALLOC_LARGE_ALLOC_REPORT_THRESHOLD=4294967296
TEMP=C:\Users\eswar\AppData\Local\Temp
THEIA_APP_PROJECT_PATH=C:\Users\eswar\OneDrive\Desktop\2025.2\Vitis\ide\electron-app\win64\resources\app
THEIA_DEFAULT_PLUGINS=local-dir:C:\Users\eswar\OneDrive\Desktop\2025.2\Vitis\ide\electron-app\win64\resources\app\plugins
THEIA_ELECTRON_TOKEN={"value":"a67f91a4-8ce6-432e-bd5a-0b6868623f92"}
THEIA_ELECTRON_VERSION=30.1.2
THEIA_PLUGINS=local-dir:C:\Users\eswar\.theia\plugins
TMP=C:\Users\eswar\AppData\Local\Temp
tooldir=tps\win64\git-2.50.0
TOOLS_CLANGD=C:/Users/eswar/OneDrive/Desktop/2025.2/Vitis/win64/tools/vcxx\libexec
TPS_CMAKE=C:/Users/eswar/OneDrive/Desktop/2025.2/Vivado\tps\win64\cmake-3.24.2
TPS_GIT=C:/Users/eswar/OneDrive/Desktop/2025.2/Vivado\tps\win64\git-2.50.0
TPS_LIBXSLT=C:/Users/eswar/OneDrive/Desktop/2025.2/Vivado\tps\win64\libxslt
TPS_PYTHON=C:/Users/eswar/OneDrive/Desktop/2025.2/Vivado\tps\win64\python-3.13.0
USERDOMAIN=TRAVISSSSSS
USERDOMAIN_ROAMINGPROFILE=TRAVISSSSSS
USERNAME=eswar
USERPROFILE=C:\Users\eswar
VALIDATE_ARGS="False"
VITISNEW=true
VSCODE_API_VERSION=1.99.3
windir=C:\WINDOWS
XILINX_HLS=C:/Users/eswar/OneDrive/Desktop/2025.2/Vitis
XILINX_PLANAHEAD=C:/Users/eswar/OneDrive/Desktop/2025.2/Vitis
XILINX_SDK=C:/Users/eswar/OneDrive/Desktop/2025.2/Vitis
XILINX_VCXX=C:/Users/eswar/OneDrive/Desktop/2025.2/Vitis/win64/tools/vcxx
XILINX_VERSION_DEFAULT=2025.2
XILINX_VERSION_VITIS=2025.2
XILINX_VITIS=C:/Users/eswar/OneDrive/Desktop/2025.2/Vitis
XILINX_VITIS_GIT=C:/Users/eswar/OneDrive/Desktop/2025.2/Vivado\tps\win64\git-2.50.0\bin
XILINX_VITIS_VERSION=Vitis v2025.2 (64-bit)
XILINX_VIVADO=C:/Users/eswar/OneDrive/Desktop/2025.2/Vivado
XIL_CHECK_TCL_DEBUG=False
XIL_NO_OVERRIDE=0
XIL_SUPPRESS_OVERRIDE_WARNINGS=1
XVREDIST=C:/Users/eswar/OneDrive/Desktop/2025.2/Vitis\tps\win64\xvcredist.exe
_RDI_BINROOT=C:\Users\eswar\OneDrive\Desktop\2025.2\Vitis\bin
_RDI_CWD=C:\Users\eswar\OneDrive\Desktop\streetfighter
_RDI_DONT_SET_XILINX_AS_PATH=True
_RDI_VERSION_PROG=v++
_valid=False
XILINX_CD_CONNECT_ID=65257
XILINX_CD_SESSION=5d6723e4-cafe-4fab-bc5e-a801fca8fcd8


V++ command line:
------------------------------------------
C:/Users/eswar/OneDrive/Desktop/2025.2/Vitis/bin/unwrapped/win64.o/v++.exe -c --mode hls --config C:\Users\eswar\OneDrive\Desktop\streetfighter\hls_config.cfg --work_dir streetfighter 

FINAL PROGRAM OPTIONS
--compile
--config C:\Users\eswar\OneDrive\Desktop\streetfighter\hls_config.cfg
--hls.clock 100MHz
--hls.csim.clean 1
--hls.csim.profile_tripcount 1
--hls.flow_target vitis
--hls.package.output.format ip_catalog
--hls.package.output.syn false
--hls.sim.O 1
--hls.syn.cflags -I./src -I./data
--hls.syn.dataflow.default_channel fifo
--hls.syn.file ./src/cnn_top.cpp
--hls.syn.file weights.h
--hls.syn.file cnn_top.h
--hls.syn.interface.m_axi_alignment_byte_size 16
--hls.syn.interface.m_axi_latency 64
--hls.syn.interface.m_axi_max_bitwidth 128
--hls.syn.top street_fighter_cnn
--hls.tb.cflags -I./src -I./data
--hls.tb.file ./tb/main.cpp
--mode hls
--part xczu3eg-sbva484-1-i
--target hw
--work_dir streetfighter

PARSED COMMAND LINE OPTIONS
-c 
--mode hls 
--config C:\Users\eswar\OneDrive\Desktop\streetfighter\hls_config.cfg 
--work_dir streetfighter 

PARSED CONFIG FILE (1) OPTIONS
file: C:\Users\eswar\OneDrive\Desktop\streetfighter\hls_config.cfg
part xczu3eg-sbva484-1-i 
hls.flow_target vitis 
hls.package.output.format ip_catalog 
hls.package.output.syn false 
hls.clock 100MHz 
hls.syn.top street_fighter_cnn 
hls.syn.dataflow.default_channel fifo 
hls.csim.clean 1 
hls.sim.O 1 
hls.csim.profile_tripcount 1 
hls.tb.file ./tb/main.cpp 
hls.syn.cflags -I./src -I./data 
hls.tb.cflags -I./src -I./data 
hls.syn.file ./src/cnn_top.cpp 
hls.syn.file weights.h 
hls.syn.file cnn_top.h 
hls.syn.interface.m_axi_latency 64 
hls.syn.interface.m_axi_max_bitwidth 128 
hls.syn.interface.m_axi_alignment_byte_size 16 


==========================================
new:  steps log generated by v++ for new launch 
timestamp: 06 Apr 2026 15:56:45

------------------------------------------
VITIS-RUN command line :
------------------------------------------
C:/Users/eswar/OneDrive/Desktop/2025.2/Vitis/bin/unwrapped/win64.o/vitis-run.exe --mode hls --cosim --config C:\Users\eswar\OneDrive\Desktop\streetfighter\hls_config.cfg --work_dir streetfighter 
  Options from -O    : 
  Options from *.ini : 
  Options from Hw Platform : 

==========================================
new:  steps log generated by v++ for new launch 
timestamp: 06 Apr 2026 16:07:53

------------------------------------------
VITIS-RUN command line :
------------------------------------------
C:/Users/eswar/OneDrive/Desktop/2025.2/Vitis/bin/unwrapped/win64.o/vitis-run.exe --mode hls --cosim --config C:\Users\eswar\OneDrive\Desktop\streetfighter\hls_config.cfg --work_dir streetfighter 
  Options from -O    : 
  Options from *.ini : 
  Options from Hw Platform : 

==========================================
new:  steps log generated by v++ for new launch 
timestamp: 06 Apr 2026 16:07:58

------------------------------------------
VITIS-RUN command line :
------------------------------------------
C:/Users/eswar/OneDrive/Desktop/2025.2/Vitis/bin/unwrapped/win64.o/vitis-run.exe --mode hls --cosim --config C:\Users\eswar\OneDrive\Desktop\streetfighter\hls_config.cfg --work_dir streetfighter 
  Options from -O    : 
  Options from *.ini : 
  Options from Hw Platform : 

==========================================
new:  steps log generated by v++ for new launch 
timestamp: 06 Apr 2026 16:20:54

------------------------------------------
VITIS-RUN command line :
------------------------------------------
C:/Users/eswar/OneDrive/Desktop/2025.2/Vitis/bin/unwrapped/win64.o/vitis-run.exe --mode hls --package --config C:\Users\eswar\OneDrive\Desktop\streetfighter\hls_config.cfg --work_dir streetfighter 
  Options from -O    : 
  Options from *.ini : 
  Options from Hw Platform : 

==========================================
new:  steps log generated by v++ for new launch 
timestamp: 06 Apr 2026 16:21:01

------------------------------------------
VITIS-RUN command line :
------------------------------------------
C:/Users/eswar/OneDrive/Desktop/2025.2/Vitis/bin/unwrapped/win64.o/vitis-run.exe --mode hls --package --config C:\Users\eswar\OneDrive\Desktop\streetfighter\hls_config.cfg --work_dir streetfighter 
  Options from -O    : 
  Options from *.ini : 
  Options from Hw Platform : 

==========================================
new:  steps log generated by v++ for new launch 
timestamp: 06 Apr 2026 16:33:01

------------------------------------------
VITIS-RUN command line :
------------------------------------------
C:/Users/eswar/OneDrive/Desktop/2025.2/Vitis/bin/unwrapped/win64.o/vitis-run.exe --mode hls --package --config C:\Users\eswar\OneDrive\Desktop\streetfighter\hls_config.cfg --work_dir streetfighter 
  Options from -O    : 
  Options from *.ini : 
  Options from Hw Platform : 

==========================================
new:  steps log generated by v++ for new launch 
timestamp: 06 Apr 2026 16:33:04
