Copyright 1986-2022 Xilinx, Inc. All Rights Reserved. Copyright 2022-2025 Advanced Micro Devices, Inc. All Rights Reserved.
---------------------------------------------------------------------------------------------------------------------------------------------
| Tool Version : Vivado v.2025.2 (win64) Build 6299465 Fri Nov 14 19:35:11 GMT 2025
| Date         : Mon Apr  6 20:52:48 2026
| Host         : Travissssss running 64-bit major release  (build 9200)
| Command      : report_utilization -file design_1_wrapper_utilization_placed.rpt -pb design_1_wrapper_utilization_placed.pb
| Design       : design_1_wrapper
| Device       : xczu3eg-sbva484-1-i
| Speed File   : -1
| Design State : Fully Placed
---------------------------------------------------------------------------------------------------------------------------------------------

Utilization Design Information

Table of Contents
-----------------
1. CLB Logic
1.1 Summary of Registers by Type
2. CLB Logic Distribution
3. BLOCKRAM
4. ARITHMETIC
5. I/O
6. CLOCK
7. ADVANCED
8. CONFIGURATION
9. Primitives
10. Black Boxes
11. Instantiated Netlists

1. CLB Logic
------------

+----------------------------+-------+-------+------------+-----------+-------+
|          Site Type         |  Used | Fixed | Prohibited | Available | Util% |
+----------------------------+-------+-------+------------+-----------+-------+
| CLB LUTs                   | 28058 |     0 |          0 |     70560 | 39.76 |
|   LUT as Logic             | 19732 |     0 |          0 |     70560 | 27.96 |
|   LUT as Memory            |  8326 |     0 |          0 |     28800 | 28.91 |
|     LUT as Distributed RAM |  4096 |     0 |            |           |       |
|     LUT as Shift Register  |  4230 |     0 |            |           |       |
| CLB Registers              | 32954 |     0 |          0 |    141120 | 23.35 |
|   Register as Flip Flop    | 32954 |     0 |          0 |    141120 | 23.35 |
|   Register as Latch        |     0 |     0 |          0 |    141120 |  0.00 |
| CARRY8                     |   932 |     0 |          0 |      8820 | 10.57 |
| F7 Muxes                   |   440 |     0 |          0 |     35280 |  1.25 |
| F8 Muxes                   |     3 |     0 |          0 |     17640 |  0.02 |
| F9 Muxes                   |     0 |     0 |          0 |      8820 |  0.00 |
| Unique Control Sets        |   325 |       |          0 |     17640 |  1.84 |
+----------------------------+-------+-------+------------+-----------+-------+
* Warning! LUT value is adjusted to account for LUT combining.
** Note: Available Control Sets calculated as Slices * 2, Review the Control Sets Report for more information regarding control sets.


1.1 Summary of Registers by Type
--------------------------------

+-------+--------------+-------------+--------------+
| Total | Clock Enable | Synchronous | Asynchronous |
+-------+--------------+-------------+--------------+
| 0     |            _ |           - |            - |
| 0     |            _ |           - |          Set |
| 0     |            _ |           - |        Reset |
| 0     |            _ |         Set |            - |
| 0     |            _ |       Reset |            - |
| 0     |          Yes |           - |            - |
| 0     |          Yes |           - |          Set |
| 45    |          Yes |           - |        Reset |
| 127   |          Yes |         Set |            - |
| 32782 |          Yes |       Reset |            - |
+-------+--------------+-------------+--------------+


2. CLB Logic Distribution
-------------------------

+--------------------------------------------+-------+-------+------------+-----------+-------+
|                  Site Type                 |  Used | Fixed | Prohibited | Available | Util% |
+--------------------------------------------+-------+-------+------------+-----------+-------+
| CLB                                        |  5706 |     0 |          0 |      8820 | 64.69 |
|   CLBL                                     |  3177 |     0 |            |           |       |
|   CLBM                                     |  2529 |     0 |            |           |       |
| LUT as Logic                               | 19732 |     0 |          0 |     70560 | 27.96 |
|   using O5 output only                     |    95 |       |            |           |       |
|   using O6 output only                     | 11097 |       |            |           |       |
|   using O5 and O6                          |  8540 |       |            |           |       |
| LUT as Memory                              |  8326 |     0 |          0 |     28800 | 28.91 |
|   LUT as Distributed RAM                   |  4096 |     0 |            |           |       |
|     using O5 output only                   |     0 |       |            |           |       |
|     using O6 output only                   |  3610 |       |            |           |       |
|     using O5 and O6                        |   486 |       |            |           |       |
|   LUT as Shift Register                    |  4230 |     0 |            |           |       |
|     using O5 output only                   |     0 |       |            |           |       |
|     using O6 output only                   |  1521 |       |            |           |       |
|     using O5 and O6                        |  2709 |       |            |           |       |
| CLB Registers                              | 32954 |     0 |          0 |    141120 | 23.35 |
|   Register driven from within the CLB      | 15569 |       |            |           |       |
|   Register driven from outside the CLB     | 17385 |       |            |           |       |
|     LUT in front of the register is unused | 12672 |       |            |           |       |
|     LUT in front of the register is used   |  4713 |       |            |           |       |
+--------------------------------------------+-------+-------+------------+-----------+-------+


3. BLOCKRAM
-----------

+-------------------+------+-------+------------+-----------+-------+
|     Site Type     | Used | Fixed | Prohibited | Available | Util% |
+-------------------+------+-------+------------+-----------+-------+
| Block RAM Tile    |  3.5 |     0 |          0 |       216 |  1.62 |
|   RAMB36/FIFO*    |    2 |     0 |          0 |       216 |  0.93 |
|     RAMB36E2 only |    2 |       |            |           |       |
|   RAMB18          |    3 |     0 |          0 |       432 |  0.69 |
|     RAMB18E2 only |    3 |       |            |           |       |
+-------------------+------+-------+------------+-----------+-------+
* Note: Each Block RAM Tile only has one FIFO logic available and therefore can accommodate only one FIFO36E2 or one FIFO18E2. However, if a FIFO18E2 occupies a Block RAM Tile, that tile can still accommodate a RAMB18E2


4. ARITHMETIC
-------------

+----------------+------+-------+------------+-----------+-------+
|    Site Type   | Used | Fixed | Prohibited | Available | Util% |
+----------------+------+-------+------------+-----------+-------+
| DSPs           |  326 |     0 |          0 |       360 | 90.56 |
|   DSP48E2 only |  326 |       |            |           |       |
+----------------+------+-------+------------+-----------+-------+


5. I/O
------

+------------------+------+-------+------------+-----------+-------+
|     Site Type    | Used | Fixed | Prohibited | Available | Util% |
+------------------+------+-------+------------+-----------+-------+
| Bonded IOB       |    0 |     0 |          0 |        82 |  0.00 |
|   HPIOB_M        |    0 |     0 |          0 |        26 |  0.00 |
|   HPIOB_S        |    0 |     0 |          0 |        26 |  0.00 |
|   HDIOB_M        |    0 |     0 |          0 |        12 |  0.00 |
|   HDIOB_S        |    0 |     0 |          0 |        12 |  0.00 |
|   HPIOB_SNGL     |    0 |     0 |          0 |         6 |  0.00 |
| HPIOBDIFFINBUF   |    0 |     0 |          0 |        72 |  0.00 |
| HPIOBDIFFOUTBUF  |    0 |     0 |          0 |        72 |  0.00 |
| HDIOBDIFFINBUF   |    0 |     0 |          0 |        48 |  0.00 |
| BITSLICE_CONTROL |    0 |     0 |          0 |        24 |  0.00 |
| BITSLICE_RX_TX   |    0 |     0 |          0 |       936 |  0.00 |
| BITSLICE_TX      |    0 |     0 |          0 |        24 |  0.00 |
| RIU_OR           |    0 |     0 |          0 |        12 |  0.00 |
+------------------+------+-------+------------+-----------+-------+


6. CLOCK
--------

+------------+------+-------+------------+-----------+-------+
|  Site Type | Used | Fixed | Prohibited | Available | Util% |
+------------+------+-------+------------+-----------+-------+
| BUFGCE     |    4 |     0 |          0 |        88 |  4.55 |
| BUFGCE_DIV |    0 |     0 |          0 |        12 |  0.00 |
| BUFG_PS    |    1 |     0 |          0 |        72 |  1.39 |
| BUFGCTRL*  |    0 |     0 |          0 |        24 |  0.00 |
| PLL        |    0 |     0 |          0 |         6 |  0.00 |
| MMCM       |    0 |     0 |          0 |         3 |  0.00 |
+------------+------+-------+------------+-----------+-------+
* Note: Each used BUFGCTRL counts as two GLOBAL CLOCK BUFFERs. This table does not include global clocking resources, only buffer cell usage. See the Clock Utilization Report (report_clock_utilization) for detailed accounting of global clocking resource availability.


7. ADVANCED
-----------

+-----------+------+-------+------------+-----------+--------+
| Site Type | Used | Fixed | Prohibited | Available |  Util% |
+-----------+------+-------+------------+-----------+--------+
| PS8       |    1 |     0 |          0 |         1 | 100.00 |
| SYSMONE4  |    0 |     0 |          0 |         1 |   0.00 |
+-----------+------+-------+------------+-----------+--------+


8. CONFIGURATION
----------------

+-------------+------+-------+------------+-----------+-------+
|  Site Type  | Used | Fixed | Prohibited | Available | Util% |
+-------------+------+-------+------------+-----------+-------+
| BSCANE2     |    0 |     0 |          0 |         4 |  0.00 |
| DNA_PORTE2  |    0 |     0 |          0 |         1 |  0.00 |
| EFUSE_USR   |    0 |     0 |          0 |         1 |  0.00 |
| FRAME_ECCE4 |    0 |     0 |          0 |         1 |  0.00 |
| ICAPE3      |    0 |     0 |          0 |         2 |  0.00 |
| MASTER_JTAG |    0 |     0 |          0 |         1 |  0.00 |
| STARTUPE3   |    0 |     0 |          0 |         1 |  0.00 |
+-------------+------+-------+------------+-----------+-------+


9. Primitives
-------------

+----------+-------+---------------------+
| Ref Name |  Used | Functional Category |
+----------+-------+---------------------+
| FDRE     | 32782 |            Register |
| LUT3     | 10178 |                 CLB |
| SRL16E   |  6747 |                 CLB |
| LUT6     |  6098 |                 CLB |
| LUT5     |  5330 |                 CLB |
| LUT4     |  4685 |                 CLB |
| RAMD64E  |  3600 |                 CLB |
| LUT2     |  1818 |                 CLB |
| CARRY8   |   932 |                 CLB |
| RAMS32   |   584 |                 CLB |
| MUXF7    |   440 |                 CLB |
| RAMD32   |   398 |                 CLB |
| DSP48E2  |   326 |          Arithmetic |
| SRLC32E  |   192 |                 CLB |
| LUT1     |   163 |                 CLB |
| FDSE     |   127 |            Register |
| FDCE     |    45 |            Register |
| BUFGCE   |     4 |               Clock |
| RAMB18E2 |     3 |            BLOCKRAM |
| MUXF8    |     3 |                 CLB |
| RAMB36E2 |     2 |            BLOCKRAM |
| PS8      |     1 |            Advanced |
| BUFG_PS  |     1 |               Clock |
+----------+-------+---------------------+


10. Black Boxes
---------------

+----------+------+
| Ref Name | Used |
+----------+------+


11. Instantiated Netlists
-------------------------

+---------------------------------+------+
|             Ref Name            | Used |
+---------------------------------+------+
| design_1_zynq_ultra_ps_e_0_0    |    1 |
| design_1_street_fighter_cnn_0_0 |    1 |
| design_1_rst_ps8_0_99M_0        |    1 |
| design_1_axi_smc_1_0            |    1 |
| design_1_axi_smc_0              |    1 |
+---------------------------------+------+


